<?xml version="1.0" encoding="utf-8"?>
<TestRun id="e94b8161-f141-4076-abd7-86d1980ad56a" name="marku@MARKUSPC 2026-09-10 09:56:48" runUser="MARKUSPC\marku" xmlns="http://microsoft.com/schemas/VisualStudio/TeamTest/2010">
  <Times creation="2026-09-10T09:56:48.1907643+02:00" queuing="2026-09-10T09:56:48.1907644+02:00" start="2026-09-10T09:56:47.7819795+02:00" finish="2026-09-10T09:56:48.2390637+02:00" />
  <TestSettings name="default" id="ab2744bf-9263-4c51-928a-c0e18f3cdb20">
    <Deployment runDeploymentRoot="marku_MARKUSPC_2026-09-10_09_56_48" />
  </TestSettings>
  <Results>
    <UnitTestResult executionId="1685d109-25b4-49fc-aab1-c9acb1317ec5" testId="ce1ea1f4-a5ce-1b6d-7d8c-70883b6ba64c" testName="BdoGrindTracker.Core.Tests.TrackedCompanionReconciliationTests.QuantityBoundsAndFixedUnitsStillApplyPerDrop" computerName="MARKUSPC" duration="00:00:00.0002454" startTime="2026-09-10T09:56:48.2038999+02:00" endTime="2026-09-10T09:56:48.2039482+02:00" testType="13cdc9d9-ddb5-4fa4-a97d-d965ccfc6d4b" outcome="Passed" testListId="8c84fa94-04c1-424b-9868-57a2d4851a1d" relativeResultsDirectory="1685d109-25b4-49fc-aab1-c9acb1317ec5" />
    <UnitTestResult executionId="234e3400-da30-4a21-92c5-89de3aacfe3c" testId="17dc6851-58b9-93c5-f680-c5e9b2951f92" testName="BdoGrindTracker.Core.Tests.AutomaticLootSpotLockTests.GlobalDropsDoNotUnlockForeignTrashOrKnownWrongItems(trash: &quot;Branch of Abundance&quot;, foreignTrash: &quot;Black Crystal Fragment&quot;, otherForeignTrash: &quot;Elion Follower's Helmet&quot;)" computerName="MARKUSPC" duration="00:00:00.0000596" startTime="2026-09-10T09:56:48.1853758+02:00" endTime="2026-09-10T09:56:48.1854355+02:00" testType="13cdc9d9-ddb5-4fa4-a97d-d965ccfc6d4b" outcome="Passed" testListId="8c84fa94-04c1-424b-9868-57a2d4851a1d" relativeResultsDirectory="234e3400-da30-4a21-92c5-89de3aacfe3c" />
    <UnitTestResult executionId="b39ba66b-e217-4914-9612-da749df1215e" testId="fcfd5a04-e20f-b153-ba2c-9bdbade77afd" testName="BdoGrindTracker.Core.Tests.CompanionMinimumQuantityTests.AnEmptyTableRetainsTheLegacyFallbackAndNeighborOrder" computerName="MARKUSPC" duration="00:00:00.0002285" startTime="2026-09-10T09:56:48.1946418+02:00" endTime="2026-09-10T09:56:48.1951024+02:00" testType="13cdc9d9-ddb5-4fa4-a97d-d965ccfc6d4b" outcome="Passed" testListId="8c84fa94-04c1-424b-9868-57a2d4851a1d" relativeResultsDirectory="b39ba66b-e217-4914-9612-da749df1215e" />
    <UnitTestResult executionId="37774e42-eed0-4737-9756-b6f1103171c4" testId="429fd636-ca36-eb20-ba2e-1ccc63a2fe33" testName="BdoGrindTracker.Core.Tests.GermanItemMatcherTests.EveryGermanNameAndItsNormalizedOcrFormResolveToTheSameCanonicalItem(canonical: &quot;Fusion Shard&quot;, german: &quot;Juwel der Fusion&quot;, rare: False)" computerName="MARKUSPC" duration="00:00:00.0001026" startTime="2026-09-10T09:56:48.1935787+02:00" endTime="2026-09-10T09:56:48.1935926+02:00" testType="13cdc9d9-ddb5-4fa4-a97d-d965ccfc6d4b" outcome="Passed" testListId="8c84fa94-04c1-424b-9868-57a2d4851a1d" relativeResultsDirectory="37774e42-eed0-4737-9756-b6f1103171c4" />
    <UnitTestResult executionId="b906e7df-748d-4639-b520-506a5e19a507" testId="8915df0d-053c-7d22-919f-1334ef2ae230" testName="BdoGrindTracker.Core.Tests.AutomaticLootSpotLockTests.EveryGlobalDropRemainsAllowedAfterAnySpotLocksWithoutEventOptIn(trash: &quot;Broken Gloves of the Void&quot;, item: &quot;Black Stone&quot;)" computerName="MARKUSPC" duration="00:00:00.0000008" startTime="2026-09-10T09:56:48.1842572+02:00" endTime="2026-09-10T09:56:48.1842707+02:00" testType="13cdc9d9-ddb5-4fa4-a97d-d965ccfc6d4b" outcome="Passed" testListId="8c84fa94-04c1-424b-9868-57a2d4851a1d" relativeResultsDirectory="b906e7df-748d-4639-b520-506a5e19a507" />
    <UnitTestResult executionId="03aa05c2-03f6-4fbf-830e-f465f2bef028" testId="8270a611-1a53-7d0b-f61d-37732f7f5c77" testName="BdoGrindTracker.Core.Tests.GermanItemMatcherTests.EveryGermanNameAndItsNormalizedOcrFormResolveToTheSameCanonicalItem(canonical: &quot;Fusion Shard&quot;, german: &quot;Juwel der Fusion&quot;, rare: True)" computerName="MARKUSPC" duration="00:00:00.0000950" startTime="2026-09-10T09:56:48.1999378+02:00" endTime="2026-09-10T09:56:48.1999605+02:00" testType="13cdc9d9-ddb5-4fa4-a97d-d965ccfc6d4b" outcome="Passed" testListId="8c84fa94-04c1-424b-9868-57a2d4851a1d" relativeResultsDirectory="03aa05c2-03f6-4fbf-830e-f465f2bef028" />
    <UnitTestResult executionId="9532d5e7-df18-478e-9222-ecb588093ea9" testId="f1676827-9e4f-00a1-61e1-d0c8118c78d5" testName="BdoGrindTracker.Core.Tests.DropQuantityBoundsTests.RejectsInvalidBounds(minimum: 1, maximum: 4294967295)" computerName="MARKUSPC" duration="00:00:00.0000025" startTime="2026-09-10T09:56:48.1829311+02:00" endTime="2026-09-10T09:56:48.1829996+02:00" testType="13cdc9d9-ddb5-4fa4-a97d-d965ccfc6d4b" outcome="Passed" testListId="8c84fa94-04c1-424b-9868-57a2d4851a1d" relativeResultsDirectory="9532d5e7-df18-478e-9222-ecb588093ea9" />
    <UnitTestResult executionId="e71756f3-4fc1-4b0d-b3b4-a609d3553a83" testId="436a3a78-c106-7481-cb7f-b2a687660c2f" testName="BdoGrindTracker.Core.Tests.DropQuantityBoundsTests.RejectsInvalidBounds(minimum: 1, maximum: 0)" computerName="MARKUSPC" duration="00:00:00.0001396" startTime="2026-09-10T09:56:48.1776072+02:00" endTime="2026-09-10T09:56:48.1781939+02:00" testType="13cdc9d9-ddb5-4fa4-a97d-d965ccfc6d4b" outcome="Passed" testListId="8c84fa94-04c1-424b-9868-57a2d4851a1d" relativeResultsDirectory="e71756f3-4fc1-4b0d-b3b4-a609d3553a83" />
    <UnitTestResult executionId="924f984c-dc68-4fff-bca9-f706e580363a" testId="ca599a96-3b90-8bba-81c0-922cd094d6ef" testName="BdoGrindTracker.Core.Tests.CompanionDropQuantityBoundsTests.SeparateDropsEachReceiveTheirOwnLimit(rare: True, maximum: 2)" computerName="MARKUSPC" duration="00:00:00.0000494" startTime="2026-09-10T09:56:48.1915624+02:00" endTime="2026-09-10T09:56:48.1916111+02:00" testType="13cdc9d9-ddb5-4fa4-a97d-d965ccfc6d4b" outcome="Passed" testListId="8c84fa94-04c1-424b-9868-57a2d4851a1d" relativeResultsDirectory="924f984c-dc68-4fff-bca9-f706e580363a" />
    <UnitTestResult executionId="54fd4ce6-5373-48d5-bed5-864d106e13c5" testId="4f91e36c-aa50-2156-fb54-b9485c81b1b9" testName="BdoGrindTracker.Core.Tests.GermanItemMatcherTests.EveryGermanNameAndItsNormalizedOcrFormResolveToTheSameCanonicalItem(canonical: &quot;Laila's Petal&quot;, german: &quot;Lailas Blütenblatt&quot;, rare: False)" computerName="MARKUSPC" duration="00:00:00.0000575" startTime="2026-09-10T09:56:48.2007154+02:00" endTime="2026-09-10T09:56:48.2007289+02:00" testType="13cdc9d9-ddb5-4fa4-a97d-d965ccfc6d4b" outcome="Passed" testListId="8c84fa94-04c1-424b-9868-57a2d4851a1d" relativeResultsDirectory="54fd4ce6-5373-48d5-bed5-864d106e13c5" />
    <UnitTestResult executionId="69434b56-8562-4f8f-863c-37029c25661c" testId="88670b26-106a-098b-c6eb-730594e1efb2" testName="BdoGrindTracker.Core.Tests.TrackedCompanionReconciliationTests.OlderAnchorRestoresNewSixWithoutCountingOldRows(scale: 1, emptyPrefix: 7)" computerName="MARKUSPC" duration="00:00:00.0029193" startTime="2026-09-10T09:56:48.1958554+02:00" endTime="2026-09-10T09:56:48.1988858+02:00" testType="13cdc9d9-ddb5-4fa4-a97d-d965ccfc6d4b" outcome="Passed" testListId="8c84fa94-04c1-424b-9868-57a2d4851a1d" relativeResultsDirectory="69434b56-8562-4f8f-863c-37029c25661c" />
    <UnitTestResult executionId="b6cdb2ba-e6fa-4698-a9c2-91afe63c570e" testId="5a007836-0158-36c5-9dc4-bed80e0643a5" testName="BdoGrindTracker.Core.Tests.CompanionDropQuantityBoundsTests.NeighborReadWinsBeforeFallbackAndRespectsBothBounds(rare: False, read: 17, expected: 8)" computerName="MARKUSPC" duration="00:00:00.0000052" startTime="2026-09-10T09:56:48.1924581+02:00" endTime="2026-09-10T09:56:48.1924726+02:00" testType="13cdc9d9-ddb5-4fa4-a97d-d965ccfc6d4b" outcome="Passed" testListId="8c84fa94-04c1-424b-9868-57a2d4851a1d" relativeResultsDirectory="b6cdb2ba-e6fa-4698-a9c2-91afe63c570e" />
    <UnitTestResult executionId="6aea3cdf-3dc0-4efd-9e07-72526b9192c2" testId="85678334-f5e4-fba9-c7bb-1e1cc703a8ab" testName="BdoGrindTracker.Core.Tests.GermanItemMatcherTests.EveryAllowedDropHasAGermanNameIncludingEvents" computerName="MARKUSPC" duration="00:00:00.0003095" startTime="2026-09-10T09:56:48.2023109+02:00" endTime="2026-09-10T09:56:48.2026901+02:00" testType="13cdc9d9-ddb5-4fa4-a97d-d965ccfc6d4b" outcome="Passed" testListId="8c84fa94-04c1-424b-9868-57a2d4851a1d" relativeResultsDirectory="6aea3cdf-3dc0-4efd-9e07-72526b9192c2" />
    <UnitTestResult executionId="e4b72867-504f-47d7-acb7-eb8c17121bdd" testId="e7fba47a-e2d4-3ec7-21a6-40e8096b0929" testName="BdoGrindTracker.Core.Tests.CompanionFrameReconcilerTests.NativeUnitCountItemsUseOneWhenQuantityIsMissing(name: &quot;Dawn Crystal&quot;)" computerName="MARKUSPC" duration="00:00:00.0000530" startTime="2026-09-10T09:56:48.1941196+02:00" endTime="2026-09-10T09:56:48.1941963+02:00" testType="13cdc9d9-ddb5-4fa4-a97d-d965ccfc6d4b" outcome="Passed" testListId="8c84fa94-04c1-424b-9868-57a2d4851a1d" relativeResultsDirectory="e4b72867-504f-47d7-acb7-eb8c17121bdd" />
    <UnitTestResult executionId="5367aa81-6f05-4d71-846d-53283a2fedf7" testId="ef72341f-2c85-17e4-e1e5-e97bfdd2b0e8" testName="BdoGrindTracker.Core.Tests.GermanItemMatcherTests.EveryGermanNameAndItsNormalizedOcrFormResolveToTheSameCanonicalItem(canonical: &quot;Refined Origin of Hunger&quot;, german: &quot;Veredelte Quelle des Verschlingens&quot;, rare: False)" computerName="MARKUSPC" duration="00:00:00.0001054" startTime="2026-09-10T09:56:48.1949071+02:00" endTime="2026-09-10T09:56:48.1950316+02:00" testType="13cdc9d9-ddb5-4fa4-a97d-d965ccfc6d4b" outcome="Passed" testListId="8c84fa94-04c1-424b-9868-57a2d4851a1d" relativeResultsDirectory="5367aa81-6f05-4d71-846d-53283a2fedf7" />
    <UnitTestResult executionId="22d1df49-e0e8-4cfa-ab4e-32da2bca5bb9" testId="a3ad14c0-f37a-05ba-ab2a-bfc78ddc9c1e" testName="BdoGrindTracker.Core.Tests.GermanItemMatcherTests.EveryGermanNameAndItsNormalizedOcrFormResolveToTheSameCanonicalItem(canonical: &quot;Sunset Primordial Luster - Edana&quot;, german: &quot;Abendgelber Glanz der Urklasse – Edana&quot;, rare: True)" computerName="MARKUSPC" duration="00:00:00.0000585" startTime="2026-09-10T09:56:48.2018201+02:00" endTime="2026-09-10T09:56:48.2018340+02:00" testType="13cdc9d9-ddb5-4fa4-a97d-d965ccfc6d4b" outcome="Passed" testListId="8c84fa94-04c1-424b-9868-57a2d4851a1d" relativeResultsDirectory="22d1df49-e0e8-4cfa-ab4e-32da2bca5bb9" />
    <UnitTestResult executionId="dc4d7e9f-1efc-45be-b2c5-c7ecdd543fe5" testId="5ca695a2-ceb6-6cbc-593b-1c4e710abd92" testName="BdoGrindTracker.Core.Tests.AutomaticLootSpotLockTests.EveryGlobalDropRemainsAllowedAfterAnySpotLocksWithoutEventOptIn(trash: &quot;Broken Gloves of the Void&quot;, item: &quot;Pure Black Stone&quot;)" computerName="MARKUSPC" duration="00:00:00.0000008" startTime="2026-09-10T09:56:48.1841787+02:00" endTime="2026-09-10T09:56:48.1841923+02:00" testType="13cdc9d9-ddb5-4fa4-a97d-d965ccfc6d4b" outcome="Passed" testListId="8c84fa94-04c1-424b-9868-57a2d4851a1d" relativeResultsDirectory="dc4d7e9f-1efc-45be-b2c5-c7ecdd543fe5" />
    <UnitTestResult executionId="af0adf27-0b28-43d7-9950-dd79118547ff" testId="1495f808-e0c2-797d-59c4-fd7004234db6" testName="BdoGrindTracker.Core.Tests.GermanItemMatcherTests.EveryGermanNameAndItsNormalizedOcrFormResolveToTheSameCanonicalItem(canonical: &quot;Sunset Primordial Luster - Edana&quot;, german: &quot;Abendgelber Glanz der Urklasse – Edana&quot;, rare: False)" computerName="MARKUSPC" duration="00:00:00.0001030" startTime="2026-09-10T09:56:48.1992717+02:00" endTime="2026-09-10T09:56:48.1994097+02:00" testType="13cdc9d9-ddb5-4fa4-a97d-d965ccfc6d4b" outcome="Passed" testListId="8c84fa94-04c1-424b-9868-57a2d4851a1d" relativeResultsDirectory="af0adf27-0b28-43d7-9950-dd79118547ff" />
    <UnitTestResult executionId="447d08b6-5d35-4d99-bc06-bb54029340b4" testId="424acead-f79b-f84a-9791-779420fa42f9" testName="BdoGrindTracker.Core.Tests.TrackedCompanionReconciliationTests.OlderAnchorRestoresNewSixWithoutCountingOldRows(scale: 2, emptyPrefix: 9)" computerName="MARKUSPC" duration="00:00:00.0001630" startTime="2026-09-10T09:56:48.1989200+02:00" endTime="2026-09-10T09:56:48.1989719+02:00" testType="13cdc9d9-ddb5-4fa4-a97d-d965ccfc6d4b" outcome="Passed" testListId="8c84fa94-04c1-424b-9868-57a2d4851a1d" relativeResultsDirectory="447d08b6-5d35-4d99-bc06-bb54029340b4" />
    <UnitTestResult executionId="9aa5b931-405f-417f-822d-773f9eb80f65" testId="3a05c3b6-0bbc-2ae3-b1e4-d01678c8ec3f" testName="BdoGrindTracker.Core.Tests.DropQuantityBoundsTests.RejectsInvalidBounds(minimum: 2147483648, maximum: null)" computerName="MARKUSPC" duration="00:00:00.0000028" startTime="2026-09-10T09:56:48.1820716+02:00" endTime="2026-09-10T09:56:48.1821107+02:00" testType="13cdc9d9-ddb5-4fa4-a97d-d965ccfc6d4b" outcome="Passed" testListId="8c84fa94-04c1-424b-9868-57a2d4851a1d" relativeResultsDirectory="9aa5b931-405f-417f-822d-773f9eb80f65" />
    <UnitTestResult executionId="e127feb5-a766-4d24-88f5-6950047f0ee8" testId="359cc448-6505-f512-fbbb-45826ca88b94" testName="BdoGrindTracker.Core.Tests.GermanItemMatcherTests.GermanAliasesCannotIntroduceItemsOutsideTheProvidedCatalog" computerName="MARKUSPC" duration="00:00:00.0000482" startTime="2026-09-10T09:56:48.2032404+02:00" endTime="2026-09-10T09:56:48.2032607+02:00" testType="13cdc9d9-ddb5-4fa4-a97d-d965ccfc6d4b" outcome="Passed" testListId="8c84fa94-04c1-424b-9868-57a2d4851a1d" relativeResultsDirectory="e127feb5-a766-4d24-88f5-6950047f0ee8" />
    <UnitTestResult executionId="a2e3c4e8-034a-4c8e-bb71-f9dccb384b28" testId="927efd2a-83b9-598b-3b7a-580f85fac9c1" testName="BdoGrindTracker.Core.Tests.GermanItemMatcherTests.EveryGermanNameAndItsNormalizedOcrFormResolveToTheSameCanonicalItem(canonical: &quot;WON Origin Shard&quot;, german: &quot;WON-Kristall des Ursprungs&quot;, rare: True)" computerName="MARKUSPC" duration="00:00:00.0001037" startTime="2026-09-10T09:56:48.1899822+02:00" endTime="2026-09-10T09:56:48.1899956+02:00" testType="13cdc9d9-ddb5-4fa4-a97d-d965ccfc6d4b" outcome="Passed" testListId="8c84fa94-04c1-424b-9868-57a2d4851a1d" relativeResultsDirectory="a2e3c4e8-034a-4c8e-bb71-f9dccb384b28" />
    <UnitTestResult executionId="e7fda2b7-5e44-4e6c-b7bc-a099f21e4746" testId="f9e3abfb-dd22-6acd-1268-18f8520f7b84" testName="BdoGrindTracker.Core.Tests.GermanItemMatcherTests.EveryGermanNameAndItsNormalizedOcrFormResolveToTheSameCanonicalItem(canonical: &quot;Broken Vestige of Crimsonflare&quot;, german: &quot;Zersplittertes Überbleibsel der Scharlachflamme&quot;, rare: False)" computerName="MARKUSPC" duration="00:00:00.0000600" startTime="2026-09-10T09:56:48.2021542+02:00" endTime="2026-09-10T09:56:48.2021673+02:00" testType="13cdc9d9-ddb5-4fa4-a97d-d965ccfc6d4b" outcome="Passed" testListId="8c84fa94-04c1-424b-9868-57a2d4851a1d" relativeResultsDirectory="e7fda2b7-5e44-4e6c-b7bc-a099f21e4746" />
    <UnitTestResult executionId="52243611-23ee-479e-86bf-7ed3e29bf7f5" testId="c25f78a7-c1cf-c816-1537-893db95000e9" testName="BdoGrindTracker.Core.Tests.CompanionMinimumQuantityTests.TheMinimumTableIsCopiedInsteadOfFollowingCallerMutations" computerName="MARKUSPC" duration="00:00:00.0000614" startTime="2026-09-10T09:56:48.1951328+02:00" endTime="2026-09-10T09:56:48.1954069+02:00" testType="13cdc9d9-ddb5-4fa4-a97d-d965ccfc6d4b" outcome="Passed" testListId="8c84fa94-04c1-424b-9868-57a2d4851a1d" relativeResultsDirectory="52243611-23ee-479e-86bf-7ed3e29bf7f5" />
    <UnitTestResult executionId="78fb7fff-2e17-402d-acc7-2a7d7099a061" testId="fe4250b6-8471-318a-ca6e-3f999e0edae9" testName="BdoGrindTracker.Core.Tests.CompanionDropQuantityBoundsTests.NeighborReadWinsBeforeFallbackAndRespectsBothBounds(rare: False, read: 6, expected: 6)" computerName="MARKUSPC" duration="00:00:00.0002001" startTime="2026-09-10T09:56:48.1920781+02:00" endTime="2026-09-10T09:56:48.1921629+02:00" testType="13cdc9d9-ddb5-4fa4-a97d-d965ccfc6d4b" outcome="Passed" testListId="8c84fa94-04c1-424b-9868-57a2d4851a1d" relativeResultsDirectory="78fb7fff-2e17-402d-acc7-2a7d7099a061" />
    <UnitTestResult executionId="fbf9d53c-62be-45e9-91a1-d5b3a2eca74d" testId="4861fab4-c90b-9669-2a78-559f6484185d" testName="BdoGrindTracker.Core.Tests.TrackedCompanionReconciliationTests.InteriorUnreadRowDoesNotCompressOrRecountItsNeighbors(scale: 1)" computerName="MARKUSPC" duration="00:00:00.0001237" startTime="2026-09-10T09:56:48.2023488+02:00" endTime="2026-09-10T09:56:48.2023624+02:00" testType="13cdc9d9-ddb5-4fa4-a97d-d965ccfc6d4b" outcome="Passed" testListId="8c84fa94-04c1-424b-9868-57a2d4851a1d" relativeResultsDirectory="fbf9d53c-62be-45e9-91a1-d5b3a2eca74d" />
    <UnitTestResult executionId="2884e9e1-ede6-46d6-9d48-dc173e1b1b8f" testId="df6f705e-4f56-5f92-9df8-b160ecac9e0a" testName="BdoGrindTracker.Core.Tests.GermanItemMatcherTests.EveryGermanNameAndItsNormalizedOcrFormResolveToTheSameCanonicalItem(canonical: &quot;Branch of Abundance&quot;, german: &quot;Von Überfluss erfüllter Zweig&quot;, rare: False)" computerName="MARKUSPC" duration="00:00:00.0000617" startTime="2026-09-10T09:56:48.2001186+02:00" endTime="2026-09-10T09:56:48.2004175+02:00" testType="13cdc9d9-ddb5-4fa4-a97d-d965ccfc6d4b" outcome="Passed" testListId="8c84fa94-04c1-424b-9868-57a2d4851a1d" relativeResultsDirectory="2884e9e1-ede6-46d6-9d48-dc173e1b1b8f" />
    <UnitTestResult executionId="34bf33e7-6d58-4b57-9687-88cb62712d1d" testId="b10073b7-8701-358e-9c05-ed0974371cac" testName="BdoGrindTracker.Core.Tests.GermanItemMatcherTests.IncompleteRareVariantsAreNotGuessed(text: &quot;ON-Kristall des wandernden Ursprungs&quot;)" computerName="MARKUSPC" duration="00:00:00.0010617" startTime="2026-09-10T09:56:48.2032972+02:00" endTime="2026-09-10T09:56:48.2034015+02:00" testType="13cdc9d9-ddb5-4fa4-a97d-d965ccfc6d4b" outcome="Passed" testListId="8c84fa94-04c1-424b-9868-57a2d4851a1d" relativeResultsDirectory="34bf33e7-6d58-4b57-9687-88cb62712d1d" />
    <UnitTestResult executionId="3169defd-4a6b-4d0f-8e51-ca70fe92f55c" testId="aeb7f472-d8a6-bb62-0c04-347c6a368845" testName="BdoGrindTracker.Core.Tests.CompanionDropQuantityBoundsTests.UpperBoundNormalizesBadReadBeforeMatchingTheContinuingDrop(rare: True, maximum: 2, firstRead: 7, secondRead: 2)" computerName="MARKUSPC" duration="00:00:00.0000034" startTime="2026-09-10T09:56:48.1955602+02:00" endTime="2026-09-10T09:56:48.1955737+02:00" testType="13cdc9d9-ddb5-4fa4-a97d-d965ccfc6d4b" outcome="Passed" testListId="8c84fa94-04c1-424b-9868-57a2d4851a1d" relativeResultsDirectory="3169defd-4a6b-4d0f-8e51-ca70fe92f55c" />
    <UnitTestResult executionId="7dac36b0-0eb2-4a3f-8ef7-760fa87bb31d" testId="9402a2fc-f878-eaee-16a6-5b679f228aa8" testName="BdoGrindTracker.Core.Tests.TrackedCompanionReconciliationTests.TraceKeepsOriginalIndicesAcrossBatchTrimmingAndResetsWithCounter" computerName="MARKUSPC" duration="00:00:00.0126396" startTime="2026-09-10T09:56:48.1714853+02:00" endTime="2026-09-10T09:56:48.1955042+02:00" testType="13cdc9d9-ddb5-4fa4-a97d-d965ccfc6d4b" outcome="Passed" testListId="8c84fa94-04c1-424b-9868-57a2d4851a1d" relativeResultsDirectory="7dac36b0-0eb2-4a3f-8ef7-760fa87bb31d" />
    <UnitTestResult executionId="8cc0841e-899a-4b4a-a2ba-8245f536cb7a" testId="39b906d7-9964-845d-8fe5-e87791fdcfc9" testName="BdoGrindTracker.Core.Tests.CompanionDropQuantityBoundsTests.RareAliasCorrectionRemainsNegativeWithQuantityBounds" computerName="MARKUSPC" duration="00:00:00.0001648" startTime="2026-09-10T09:56:48.1935430+02:00" endTime="2026-09-10T09:56:48.1936280+02:00" testType="13cdc9d9-ddb5-4fa4-a97d-d965ccfc6d4b" outcome="Passed" testListId="8c84fa94-04c1-424b-9868-57a2d4851a1d" relativeResultsDirectory="8cc0841e-899a-4b4a-a2ba-8245f536cb7a" />
    <UnitTestResult executionId="020cb923-69b8-4d74-b5d7-5f1b688dd95a" testId="1164e55a-2d92-e0f3-75b5-fa23ccdd89de" testName="BdoGrindTracker.Core.Tests.AutomaticLootSpotLockTests.RecognizedTrashLocksItsSpot(trash: &quot;Branch of Abundance&quot;, expected: &quot;aphrodon&quot;)" computerName="MARKUSPC" duration="00:00:00.0000008" startTime="2026-09-10T09:56:48.1852678+02:00" endTime="2026-09-10T09:56:48.1852857+02:00" testType="13cdc9d9-ddb5-4fa4-a97d-d965ccfc6d4b" outcome="Passed" testListId="8c84fa94-04c1-424b-9868-57a2d4851a1d" relativeResultsDirectory="020cb923-69b8-4d74-b5d7-5f1b688dd95a" />
    <UnitTestResult executionId="643b535e-dfbd-495e-9530-247983568f74" testId="294f5535-d53a-e3be-58a0-d438cfc2040d" testName="BdoGrindTracker.Core.Tests.GermanItemMatcherTests.EveryGermanNameAndItsNormalizedOcrFormResolveToTheSameCanonicalItem(canonical: &quot;Black Stone&quot;, german: &quot;Schwarzstein&quot;, rare: True)" computerName="MARKUSPC" duration="00:00:00.0000989" startTime="2026-09-10T09:56:48.1958351+02:00" endTime="2026-09-10T09:56:48.1959517+02:00" testType="13cdc9d9-ddb5-4fa4-a97d-d965ccfc6d4b" outcome="Passed" testListId="8c84fa94-04c1-424b-9868-57a2d4851a1d" relativeResultsDirectory="643b535e-dfbd-495e-9530-247983568f74" />
    <UnitTestResult executionId="2f1f4bea-fb11-436a-9355-d3cb82e5dbf7" testId="170c0cac-d614-4ef7-0915-2304dd775303" testName="BdoGrindTracker.Core.Tests.CompanionMinimumQuantityTests.TheConfiguredReadRepairDoesNotChangeUnconfiguredItems" computerName="MARKUSPC" duration="00:00:00.0041355" startTime="2026-09-10T09:56:48.1874924+02:00" endTime="2026-09-10T09:56:48.1926386+02:00" testType="13cdc9d9-ddb5-4fa4-a97d-d965ccfc6d4b" outcome="Passed" testListId="8c84fa94-04c1-424b-9868-57a2d4851a1d" relativeResultsDirectory="2f1f4bea-fb11-436a-9355-d3cb82e5dbf7" />
    <UnitTestResult executionId="d8b515af-256b-47e3-a079-593cb3480ee4" testId="06453820-65b6-36e4-07df-616474d0650b" testName="BdoGrindTracker.Core.Tests.TrackedCompanionReconciliationTests.OlderAnchorRestoresNewSixWithoutCountingOldRows(scale: 0,75, emptyPrefix: 0)" computerName="MARKUSPC" duration="00:00:00.0000177" startTime="2026-09-10T09:56:48.1992317+02:00" endTime="2026-09-10T09:56:48.1992853+02:00" testType="13cdc9d9-ddb5-4fa4-a97d-d965ccfc6d4b" outcome="Passed" testListId="8c84fa94-04c1-424b-9868-57a2d4851a1d" relativeResultsDirectory="d8b515af-256b-47e3-a079-593cb3480ee4" />
    <UnitTestResult executionId="f38621ec-0f43-4256-9d2f-f1d1b4a68043" testId="e1d57af2-006b-2002-b303-a3cea790220e" testName="BdoGrindTracker.Core.Tests.CompanionMinimumQuantityTests.ALaterReadDoesNotRepairAlreadyProcessedFramesAndSuppressTheNewRead" computerName="MARKUSPC" duration="00:00:00.0002627" startTime="2026-09-10T09:56:48.1941437+02:00" endTime="2026-09-10T09:56:48.1946107+02:00" testType="13cdc9d9-ddb5-4fa4-a97d-d965ccfc6d4b" outcome="Passed" testListId="8c84fa94-04c1-424b-9868-57a2d4851a1d" relativeResultsDirectory="f38621ec-0f43-4256-9d2f-f1d1b4a68043" />
    <UnitTestResult executionId="85d60475-6732-456a-b321-bc5073ab276b" testId="f0d75926-f47a-adf1-13f4-27de6c6b0a41" testName="BdoGrindTracker.Core.Tests.CompanionDropQuantityBoundsTests.ActualReadIsClampedToTheSpotMinimum(rare: True, quantity: 2)" computerName="MARKUSPC" duration="00:00:00.0000247" startTime="2026-09-10T09:56:48.1869178+02:00" endTime="2026-09-10T09:56:48.1869793+02:00" testType="13cdc9d9-ddb5-4fa4-a97d-d965ccfc6d4b" outcome="Passed" testListId="8c84fa94-04c1-424b-9868-57a2d4851a1d" relativeResultsDirectory="85d60475-6732-456a-b321-bc5073ab276b" />
    <UnitTestResult executionId="f45015c5-41d6-480b-985d-00f1b56f61c2" testId="060df2c6-8141-bf98-8f76-9c82556f5692" testName="BdoGrindTracker.Core.Tests.DropQuantityCatalogTests.WorkbookValuesRetainTheirExactItemAndSpot(spot: &quot;magaia&quot;, item: &quot;Elion Follower's Helmet&quot;, minimum: 4, maximum: 1000)" computerName="MARKUSPC" duration="00:00:00.0000010" startTime="2026-09-10T09:56:48.2045363+02:00" endTime="2026-09-10T09:56:48.2045494+02:00" testType="13cdc9d9-ddb5-4fa4-a97d-d965ccfc6d4b" outcome="Passed" testListId="8c84fa94-04c1-424b-9868-57a2d4851a1d" relativeResultsDirectory="f45015c5-41d6-480b-985d-00f1b56f61c2" />
    <UnitTestResult executionId="a2aa1e3d-0263-4dae-9798-00b12803bfb6" testId="9ccf77f8-7c1d-24df-c7bc-7423f90cae3f" testName="BdoGrindTracker.Core.Tests.CompanionMinimumQuantityTests.UnresolvedNativeEstimateEmitsTheConfiguredMinimum" computerName="MARKUSPC" duration="00:00:00.0000732" startTime="2026-09-10T09:56:48.2011433+02:00" endTime="2026-09-10T09:56:48.2011916+02:00" testType="13cdc9d9-ddb5-4fa4-a97d-d965ccfc6d4b" outcome="Passed" testListId="8c84fa94-04c1-424b-9868-57a2d4851a1d" relativeResultsDirectory="a2aa1e3d-0263-4dae-9798-00b12803bfb6" />
    <UnitTestResult executionId="85990352-70b5-4d78-af3a-7f27d8c61689" testId="b4076e66-4f0c-481b-4302-07cd20e4c693" testName="BdoGrindTracker.Core.Tests.GermanItemMatcherTests.EveryGermanNameAndItsNormalizedOcrFormResolveToTheSameCanonicalItem(canonical: &quot;Ancient Spirit Dust&quot;, german: &quot;Urgeiststaub&quot;, rare: True)" computerName="MARKUSPC" duration="00:00:00.0000998" startTime="2026-09-10T09:56:48.1941134+02:00" endTime="2026-09-10T09:56:48.1944452+02:00" testType="13cdc9d9-ddb5-4fa4-a97d-d965ccfc6d4b" outcome="Passed" testListId="8c84fa94-04c1-424b-9868-57a2d4851a1d" relativeResultsDirectory="85990352-70b5-4d78-af3a-7f27d8c61689" />
    <UnitTestResult executionId="65bf2413-548c-41e5-8f21-386f5ee2b370" testId="3416dfca-5b62-bfef-9c1d-479c5c39c540" testName="BdoGrindTracker.Core.Tests.AutomaticLootSpotLockTests.EveryGlobalDropRemainsAllowedAfterAnySpotLocksWithoutEventOptIn(trash: &quot;Elion Follower's Mark&quot;, item: &quot;Black Stone&quot;)" computerName="MARKUSPC" duration="00:00:00.0000009" startTime="2026-09-10T09:56:48.1836155+02:00" endTime="2026-09-10T09:56:48.1836297+02:00" testType="13cdc9d9-ddb5-4fa4-a97d-d965ccfc6d4b" outcome="Passed" testListId="8c84fa94-04c1-424b-9868-57a2d4851a1d" relativeResultsDirectory="65bf2413-548c-41e5-8f21-386f5ee2b370" />
    <UnitTestResult executionId="2d328443-80a3-48fc-abce-f76675124ae5" testId="9da72312-6b42-cb53-18b9-93ba9cc4531f" testName="BdoGrindTracker.Core.Tests.GermanItemMatcherTests.EveryGermanNameAndItsNormalizedOcrFormResolveToTheSameCanonicalItem(canonical: &quot;BON Wandering Origin Crystal&quot;, german: &quot;BON-Kristall des wandernden Ursprungs&quot;, rare: True)" computerName="MARKUSPC" duration="00:00:00.0001054" startTime="2026-09-10T09:56:48.1899467+02:00" endTime="2026-09-10T09:56:48.1899610+02:00" testType="13cdc9d9-ddb5-4fa4-a97d-d965ccfc6d4b" outcome="Passed" testListId="8c84fa94-04c1-424b-9868-57a2d4851a1d" relativeResultsDirectory="2d328443-80a3-48fc-abce-f76675124ae5" />
    <UnitTestResult executionId="12dd3bfc-1609-44e0-9acf-4ae369170dc2" testId="ffb52885-8010-dc54-6b91-1a28b03d2247" testName="BdoGrindTracker.Core.Tests.CompanionMinimumQuantityTests.AnIsolatedOrFinalUnresolvedRowIsNotTurnedIntoANewEstimate" computerName="MARKUSPC" duration="00:00:00.0000551" startTime="2026-09-10T09:56:48.2006034+02:00" endTime="2026-09-10T09:56:48.2006475+02:00" testType="13cdc9d9-ddb5-4fa4-a97d-d965ccfc6d4b" outcome="Passed" testListId="8c84fa94-04c1-424b-9868-57a2d4851a1d" relativeResultsDirectory="12dd3bfc-1609-44e0-9acf-4ae369170dc2" />
    <UnitTestResult executionId="044b288b-ff55-4826-a47b-2649c4645a2d" testId="793afa56-cf32-7196-7ba2-0412e0515ab5" testName="BdoGrindTracker.Core.Tests.CompanionDropQuantityBoundsTests.SeparateDropsEachReceiveTheirOwnLimit(rare: False, maximum: 2)" computerName="MARKUSPC" duration="00:00:00.0002138" startTime="2026-09-10T09:56:48.1910806+02:00" endTime="2026-09-10T09:56:48.1915383+02:00" testType="13cdc9d9-ddb5-4fa4-a97d-d965ccfc6d4b" outcome="Passed" testListId="8c84fa94-04c1-424b-9868-57a2d4851a1d" relativeResultsDirectory="044b288b-ff55-4826-a47b-2649c4645a2d" />
    <UnitTestResult executionId="819928eb-ff7e-4209-94d5-bacf2d873b87" testId="0f23441b-41c6-3007-9c8f-abf96024c1ec" testName="BdoGrindTracker.Core.Tests.AutomaticLootSpotLockTests.EveryGlobalDropRemainsAllowedAfterAnySpotLocksWithoutEventOptIn(trash: &quot;Elion Follower's Helmet&quot;, item: &quot;Pure Black Stone&quot;)" computerName="MARKUSPC" duration="00:00:00.0000007" startTime="2026-09-10T09:56:48.1821238+02:00" endTime="2026-09-10T09:56:48.1821484+02:00" testType="13cdc9d9-ddb5-4fa4-a97d-d965ccfc6d4b" outcome="Passed" testListId="8c84fa94-04c1-424b-9868-57a2d4851a1d" relativeResultsDirectory="819928eb-ff7e-4209-94d5-bacf2d873b87" />
    <UnitTestResult executionId="869880b7-08b0-4f75-8cdf-ebdba600fd82" testId="688ee25f-b191-4bcd-3539-c5d2cf508d0e" testName="BdoGrindTracker.Core.Tests.AutomaticLootSpotLockTests.EveryGlobalDropRemainsAllowedAfterAnySpotLocksWithoutEventOptIn(trash: &quot;Scorched Belt Ornament&quot;, item: &quot;Pure Black Stone&quot;)" computerName="MARKUSPC" duration="00:00:00.0000010" startTime="2026-09-10T09:56:48.1818615+02:00" endTime="2026-09-10T09:56:48.1819507+02:00" testType="13cdc9d9-ddb5-4fa4-a97d-d965ccfc6d4b" outcome="Passed" testListId="8c84fa94-04c1-424b-9868-57a2d4851a1d" relativeResultsDirectory="869880b7-08b0-4f75-8cdf-ebdba600fd82" />
    <UnitTestResult executionId="91fb1d01-cbc2-4506-bebc-c76e60aac53c" testId="d0bbe3a1-b515-5a68-18a1-c47c60ec54c4" testName="BdoGrindTracker.Core.Tests.GermanItemMatcherTests.EveryGermanNameAndItsNormalizedOcrFormResolveToTheSameCanonicalItem(canonical: &quot;Black Crystal Fragment&quot;, german: &quot;Schwarzkristallfragment&quot;, rare: False)" computerName="MARKUSPC" duration="00:00:00.0000993" startTime="2026-09-10T09:56:48.1929336+02:00" endTime="2026-09-10T09:56:48.1930592+02:00" testType="13cdc9d9-ddb5-4fa4-a97d-d965ccfc6d4b" outcome="Passed" testListId="8c84fa94-04c1-424b-9868-57a2d4851a1d" relativeResultsDirectory="91fb1d01-cbc2-4506-bebc-c76e60aac53c" />
    <UnitTestResult executionId="1de16933-0fa8-4260-a3cb-d0921904337a" testId="48718471-caab-8be8-7848-57984d3dfd99" testName="BdoGrindTracker.Core.Tests.DropQuantityBoundsTests.ObservationRoundTripPreservesBoundsAndOriginalOcrQuantity" computerName="MARKUSPC" duration="00:00:00.0224749" startTime="2026-09-10T09:56:48.1869369+02:00" endTime="2026-09-10T09:56:48.2049691+02:00" testType="13cdc9d9-ddb5-4fa4-a97d-d965ccfc6d4b" outcome="Passed" testListId="8c84fa94-04c1-424b-9868-57a2d4851a1d" relativeResultsDirectory="1de16933-0fa8-4260-a3cb-d0921904337a" />
    <UnitTestResult executionId="93c9edd7-ee2a-4a5d-bfa3-a62c07c2c5d8" testId="f2f4a2c2-539d-b5dc-b612-635104dbfb67" testName="BdoGrindTracker.Core.Tests.AutomaticLootSpotLockTests.EveryGlobalDropRemainsAllowedAfterAnySpotLocksWithoutEventOptIn(trash: &quot;Scorched Belt Ornament&quot;, item: &quot;Ancient Spirit Dust&quot;)" computerName="MARKUSPC" duration="00:00:00.0000007" startTime="2026-09-10T09:56:48.1832589+02:00" endTime="2026-09-10T09:56:48.1832730+02:00" testType="13cdc9d9-ddb5-4fa4-a97d-d965ccfc6d4b" outcome="Passed" testListId="8c84fa94-04c1-424b-9868-57a2d4851a1d" relativeResultsDirectory="93c9edd7-ee2a-4a5d-bfa3-a62c07c2c5d8" />
    <UnitTestResult executionId="649440e3-517e-441f-af9a-1a4379450473" testId="f7402447-5b0b-bb8c-3d15-b3917a4f6cbc" testName="BdoGrindTracker.Core.Tests.AutomaticLootSpotLockTests.EveryGlobalDropRemainsAllowedAfterAnySpotLocksWithoutEventOptIn(trash: &quot;Black Crystal Fragment&quot;, item: &quot;Pure Black Stone&quot;)" computerName="MARKUSPC" duration="00:00:00.0000011" startTime="2026-09-10T09:56:48.1820556+02:00" endTime="2026-09-10T09:56:48.1820866+02:00" testType="13cdc9d9-ddb5-4fa4-a97d-d965ccfc6d4b" outcome="Passed" testListId="8c84fa94-04c1-424b-9868-57a2d4851a1d" relativeResultsDirectory="649440e3-517e-441f-af9a-1a4379450473" />
    <UnitTestResult executionId="537ba8ee-8593-4f68-a108-64d3cf7baf8c" testId="75670a8c-0a31-7b08-c3e3-e51621d18b15" testName="BdoGrindTracker.Core.Tests.GermanItemMatcherTests.EveryGermanNameAndItsNormalizedOcrFormResolveToTheSameCanonicalItem(canonical: &quot;Twilight of the End - Necklace&quot;, german: &quot;Dämmerung des Endes – Halskette&quot;, rare: False)" computerName="MARKUSPC" duration="00:00:00.0001046" startTime="2026-09-10T09:56:48.1908281+02:00" endTime="2026-09-10T09:56:48.1911578+02:00" testType="13cdc9d9-ddb5-4fa4-a97d-d965ccfc6d4b" outcome="Passed" testListId="8c84fa94-04c1-424b-9868-57a2d4851a1d" relativeResultsDirectory="537ba8ee-8593-4f68-a108-64d3cf7baf8c" />
    <UnitTestResult executionId="9cce8195-611c-4f7f-ad20-6321a2ec8302" testId="13f601df-1da2-62b5-8a66-21ab7348a840" testName="BdoGrindTracker.Core.Tests.GermanItemMatcherTests.EveryGermanNameAndItsNormalizedOcrFormResolveToTheSameCanonicalItem(canonical: &quot;Ancient Spirit Dust&quot;, german: &quot;Urgeiststaub&quot;, rare: False)" computerName="MARKUSPC" duration="00:00:00.0002959" startTime="2026-09-10T09:56:48.1861365+02:00" endTime="2026-09-10T09:56:48.1871170+02:00" testType="13cdc9d9-ddb5-4fa4-a97d-d965ccfc6d4b" outcome="Passed" testListId="8c84fa94-04c1-424b-9868-57a2d4851a1d" relativeResultsDirectory="9cce8195-611c-4f7f-ad20-6321a2ec8302" />
    <UnitTestResult executionId="777aac09-7814-4ddb-9eeb-559bdb7c89ad" testId="bcddaf73-efab-9f3d-a24b-e9b9f4f86569" testName="BdoGrindTracker.Core.Tests.GermanItemMatcherTests.IncompleteRareVariantsAreNotGuessed(text: &quot;Weißer Glanz der Urklasse&quot;)" computerName="MARKUSPC" duration="00:00:00.0005264" startTime="2026-09-10T09:56:48.2034375+02:00" endTime="2026-09-10T09:56:48.2035352+02:00" testType="13cdc9d9-ddb5-4fa4-a97d-d965ccfc6d4b" outcome="Passed" testListId="8c84fa94-04c1-424b-9868-57a2d4851a1d" relativeResultsDirectory="777aac09-7814-4ddb-9eeb-559bdb7c89ad" />
    <UnitTestResult executionId="d078a71f-b551-4148-853a-d5b46cb152b0" testId="1e9349ab-c9a3-7b72-bc81-5b4b60918d46" testName="BdoGrindTracker.Core.Tests.AutomaticLootSpotLockTests.EveryGlobalDropRemainsAllowedAfterAnySpotLocksWithoutEventOptIn(trash: &quot;Elion Follower's Helmet&quot;, item: &quot;Laila's Petal&quot;)" computerName="MARKUSPC" duration="00:00:00.0000011" startTime="2026-09-10T09:56:48.1830141+02:00" endTime="2026-09-10T09:56:48.1830448+02:00" testType="13cdc9d9-ddb5-4fa4-a97d-d965ccfc6d4b" outcome="Passed" testListId="8c84fa94-04c1-424b-9868-57a2d4851a1d" relativeResultsDirectory="d078a71f-b551-4148-853a-d5b46cb152b0" />
    <UnitTestResult executionId="8a197fef-ea2b-49aa-b1b9-694da13b6a60" testId="ecb82ecd-f49c-6f1c-f27b-98f06a63765c" testName="BdoGrindTracker.Core.Tests.GermanItemMatcherTests.EveryGermanNameAndItsNormalizedOcrFormResolveToTheSameCanonicalItem(canonical: &quot;Broken Vestige of Ebonmere&quot;, german: &quot;Zersplittertes Überbleibsel des Trübmeers&quot;, rare: False)" computerName="MARKUSPC" duration="00:00:00.0000588" startTime="2026-09-10T09:56:48.2018556+02:00" endTime="2026-09-10T09:56:48.2018696+02:00" testType="13cdc9d9-ddb5-4fa4-a97d-d965ccfc6d4b" outcome="Passed" testListId="8c84fa94-04c1-424b-9868-57a2d4851a1d" relativeResultsDirectory="8a197fef-ea2b-49aa-b1b9-694da13b6a60" />
    <UnitTestResult executionId="dbff377f-2eac-48fe-b2cd-9348a5ecb5ed" testId="4e9f010e-1a19-2729-5dc2-d89a3617c29e" testName="BdoGrindTracker.Core.Tests.CompanionDropQuantityBoundsTests.SingletonBoundsMakeAnUnreadQuantityUnambiguous(rare: True)" computerName="MARKUSPC" duration="00:00:00.0000534" startTime="2026-09-10T09:56:48.1960180+02:00" endTime="2026-09-10T09:56:48.1960661+02:00" testType="13cdc9d9-ddb5-4fa4-a97d-d965ccfc6d4b" outcome="Passed" testListId="8c84fa94-04c1-424b-9868-57a2d4851a1d" relativeResultsDirectory="dbff377f-2eac-48fe-b2cd-9348a5ecb5ed" />
    <UnitTestResult executionId="d1e9f47e-8c48-42a5-8f0a-2da5e96cb811" testId="d85b4d3a-c758-5694-96c2-71f6db6ddb8e" testName="BdoGrindTracker.Core.Tests.GermanItemMatcherTests.EveryGermanNameAndItsNormalizedOcrFormResolveToTheSameCanonicalItem(canonical: &quot;Elion Follower's Mark&quot;, german: &quot;Zeichen eines Anhängers Elions&quot;, rare: False)" computerName="MARKUSPC" duration="00:00:00.0001139" startTime="2026-09-10T09:56:48.1893800+02:00" endTime="2026-09-10T09:56:48.1894525+02:00" testType="13cdc9d9-ddb5-4fa4-a97d-d965ccfc6d4b" outcome="Passed" testListId="8c84fa94-04c1-424b-9868-57a2d4851a1d" relativeResultsDirectory="d1e9f47e-8c48-42a5-8f0a-2da5e96cb811" />
    <UnitTestResult executionId="c7d08872-cd29-41e9-bfc8-80faae636cdb" testId="4ddfb42c-d8f9-9d1f-cd6f-380fc069b22b" testName="BdoGrindTracker.Core.Tests.CompanionItemMatcherTests.ExactNamesUseNativeGlobalCatalogWithoutConfidenceGate(name: &quot;BON Origin Shard&quot;)" computerName="MARKUSPC" duration="00:00:00.0001351" startTime="2026-09-10T09:56:48.1847010+02:00" endTime="2026-09-10T09:56:48.1847767+02:00" testType="13cdc9d9-ddb5-4fa4-a97d-d965ccfc6d4b" outcome="Passed" testListId="8c84fa94-04c1-424b-9868-57a2d4851a1d" relativeResultsDirectory="c7d08872-cd29-41e9-bfc8-80faae636cdb" />
    <UnitTestResult executionId="0b3f4957-beec-4209-aed7-55ac9c379fab" testId="0c38514c-5eb7-2dea-faad-3ca8bf3b8803" testName="BdoGrindTracker.Core.Tests.CompanionMinimumQuantityTests.KnownUnitItemsKeepTheirNativeQuantityRule" computerName="MARKUSPC" duration="00:00:00.0001076" startTime="2026-09-10T09:56:48.2004074+02:00" endTime="2026-09-10T09:56:48.2005307+02:00" testType="13cdc9d9-ddb5-4fa4-a97d-d965ccfc6d4b" outcome="Passed" testListId="8c84fa94-04c1-424b-9868-57a2d4851a1d" relativeResultsDirectory="0b3f4957-beec-4209-aed7-55ac9c379fab" />
    <UnitTestResult executionId="74fe110d-8200-4feb-a693-617c66719b44" testId="2ac9be9c-5eed-70dd-95e4-b62c0e17b1bc" testName="BdoGrindTracker.Core.Tests.GermanItemMatcherTests.EveryGermanNameAndItsNormalizedOcrFormResolveToTheSameCanonicalItem(canonical: &quot;Crimson Primordial Luster - Sovereign&quot;, german: &quot;Roter Glanz der Urklasse – Gebieter&quot;, rare: True)" computerName="MARKUSPC" duration="00:00:00.0001007" startTime="2026-09-10T09:56:48.1973739+02:00" endTime="2026-09-10T09:56:48.1974143+02:00" testType="13cdc9d9-ddb5-4fa4-a97d-d965ccfc6d4b" outcome="Passed" testListId="8c84fa94-04c1-424b-9868-57a2d4851a1d" relativeResultsDirectory="74fe110d-8200-4feb-a693-617c66719b44" />
    <UnitTestResult executionId="4d9f7f06-2ea9-45a8-8881-d2eb261759bc" testId="888eec3f-932c-7750-4189-9efc536bede6" testName="BdoGrindTracker.Core.Tests.TrackedCompanionReconciliationTests.QuantityRecoveryAtLegacyTagWrapStillRevisesTheExistingDrop" computerName="MARKUSPC" duration="00:00:00.0001246" startTime="2026-09-10T09:56:48.2038556+02:00" endTime="2026-09-10T09:56:48.2038694+02:00" testType="13cdc9d9-ddb5-4fa4-a97d-d965ccfc6d4b" outcome="Passed" testListId="8c84fa94-04c1-424b-9868-57a2d4851a1d" relativeResultsDirectory="4d9f7f06-2ea9-45a8-8881-d2eb261759bc" />
    <UnitTestResult executionId="8d93baa8-991d-4e93-9f5a-2e2606cb34fb" testId="28688a71-a5a7-90f7-3625-2098f04f4438" testName="BdoGrindTracker.Core.Tests.GermanItemMatcherTests.EveryGermanNameAndItsNormalizedOcrFormResolveToTheSameCanonicalItem(canonical: &quot;Broken Vestige of Voidreach&quot;, german: &quot;Zersplittertes Überbleibsel der Leerenweite&quot;, rare: True)" computerName="MARKUSPC" duration="00:00:00.0000583" startTime="2026-09-10T09:56:48.2021163+02:00" endTime="2026-09-10T09:56:48.2021311+02:00" testType="13cdc9d9-ddb5-4fa4-a97d-d965ccfc6d4b" outcome="Passed" testListId="8c84fa94-04c1-424b-9868-57a2d4851a1d" relativeResultsDirectory="8d93baa8-991d-4e93-9f5a-2e2606cb34fb" />
    <UnitTestResult executionId="8d32307b-643e-4717-a7dc-0349218809d9" testId="11485332-8d25-f4f2-1de9-0a994d53e28b" testName="BdoGrindTracker.Core.Tests.TrackedCompanionReconciliationTests.ResetAndVisiblyClearedPanelStartNewIds" computerName="MARKUSPC" duration="00:00:00.0003211" startTime="2026-09-10T09:56:48.2035208+02:00" endTime="2026-09-10T09:56:48.2038203+02:00" testType="13cdc9d9-ddb5-4fa4-a97d-d965ccfc6d4b" outcome="Passed" testListId="8c84fa94-04c1-424b-9868-57a2d4851a1d" relativeResultsDirectory="8d32307b-643e-4717-a7dc-0349218809d9" />
    <UnitTestResult executionId="e105b467-e738-4a39-b8e3-717fd3b8ddb5" testId="03ac8cb8-b2d1-5ed9-3f78-5e98d97a7b48" testName="BdoGrindTracker.Core.Tests.CompanionFrameReconcilerTests.ResetClearsPendingAndPreviouslyProcessedFrames" computerName="MARKUSPC" duration="00:00:00.0002340" startTime="2026-09-10T09:56:48.1934938+02:00" endTime="2026-09-10T09:56:48.1939254+02:00" testType="13cdc9d9-ddb5-4fa4-a97d-d965ccfc6d4b" outcome="Passed" testListId="8c84fa94-04c1-424b-9868-57a2d4851a1d" relativeResultsDirectory="e105b467-e738-4a39-b8e3-717fd3b8ddb5" />
    <UnitTestResult executionId="3d584f6d-1ab2-4ebc-a91c-9a5ee09330d7" testId="a50cd302-e9c2-bd8e-60e7-e1086ddad1fe" testName="BdoGrindTracker.Core.Tests.GermanItemMatcherTests.EveryGermanNameAndItsNormalizedOcrFormResolveToTheSameCanonicalItem(canonical: &quot;Violet Primordial Pigment - Sovereign&quot;, german: &quot;Violettes Farbmittel der Urklasse – Gebieter&quot;, rare: True)" computerName="MARKUSPC" duration="00:00:00.0001062" startTime="2026-09-10T09:56:48.1934785+02:00" endTime="2026-09-10T09:56:48.1935567+02:00" testType="13cdc9d9-ddb5-4fa4-a97d-d965ccfc6d4b" outcome="Passed" testListId="8c84fa94-04c1-424b-9868-57a2d4851a1d" relativeResultsDirectory="3d584f6d-1ab2-4ebc-a91c-9a5ee09330d7" />
    <UnitTestResult executionId="2f6ff54e-2f1e-4db2-a133-3adf026a4e7b" testId="74a6914f-e8b3-0e39-9a99-7bf236d758d8" testName="BdoGrindTracker.Core.Tests.GermanItemMatcherTests.EveryGermanNameAndItsNormalizedOcrFormResolveToTheSameCanonicalItem(canonical: &quot;Violet Primordial Pigment - Edana&quot;, german: &quot;Violettes Farbmittel der Urklasse – Edana&quot;, rare: True)" computerName="MARKUSPC" duration="00:00:00.0000605" startTime="2026-09-10T09:56:48.2011778+02:00" endTime="2026-09-10T09:56:48.2012226+02:00" testType="13cdc9d9-ddb5-4fa4-a97d-d965ccfc6d4b" outcome="Passed" testListId="8c84fa94-04c1-424b-9868-57a2d4851a1d" relativeResultsDirectory="2f6ff54e-2f1e-4db2-a133-3adf026a4e7b" />
    <UnitTestResult executionId="55f2e262-f457-49f4-8ccd-1d134bfbc1e8" testId="d9729f50-fd8f-2eff-9cff-149c1a6ec63b" testName="BdoGrindTracker.Core.Tests.GermanItemMatcherTests.EveryGermanNameAndItsNormalizedOcrFormResolveToTheSameCanonicalItem(canonical: &quot;Caphras Stone&quot;, german: &quot;Caphras-Stein&quot;, rare: True)" computerName="MARKUSPC" duration="00:00:00.0000998" startTime="2026-09-10T09:56:48.1901320+02:00" endTime="2026-09-10T09:56:48.1901467+02:00" testType="13cdc9d9-ddb5-4fa4-a97d-d965ccfc6d4b" outcome="Passed" testListId="8c84fa94-04c1-424b-9868-57a2d4851a1d" relativeResultsDirectory="55f2e262-f457-49f4-8ccd-1d134bfbc1e8" />
    <UnitTestResult executionId="11cf8aa6-a457-47c9-bf8c-0e6e4349b909" testId="1c6acade-3f68-ce92-2826-0e4feeb1c37d" testName="BdoGrindTracker.Core.Tests.DropQuantityCatalogTests.WorkbookValuesRetainTheirExactItemAndSpot(spot: &quot;event-horizon&quot;, item: &quot;Caphras Stone&quot;, minimum: 1, maximum: 50)" computerName="MARKUSPC" duration="00:00:00.0000008" startTime="2026-09-10T09:56:48.2049104+02:00" endTime="2026-09-10T09:56:48.2049237+02:00" testType="13cdc9d9-ddb5-4fa4-a97d-d965ccfc6d4b" outcome="Passed" testListId="8c84fa94-04c1-424b-9868-57a2d4851a1d" relativeResultsDirectory="11cf8aa6-a457-47c9-bf8c-0e6e4349b909" />
    <UnitTestResult executionId="05455922-fe24-4318-b11a-8837a70141d0" testId="4313e2ac-79bb-b0bc-8df3-5b65c23f57e6" testName="BdoGrindTracker.Core.Tests.AutomaticLootSpotLockTests.EveryGlobalDropRemainsAllowedAfterAnySpotLocksWithoutEventOptIn(trash: &quot;Elion Follower's Mark&quot;, item: &quot;Pure Black Stone&quot;)" computerName="MARKUSPC" duration="00:00:00.0000008" startTime="2026-09-10T09:56:48.1835774+02:00" endTime="2026-09-10T09:56:48.1835925+02:00" testType="13cdc9d9-ddb5-4fa4-a97d-d965ccfc6d4b" outcome="Passed" testListId="8c84fa94-04c1-424b-9868-57a2d4851a1d" relativeResultsDirectory="05455922-fe24-4318-b11a-8837a70141d0" />
    <UnitTestResult executionId="8af4bbed-a57b-467e-845d-a344fccff6d2" testId="03a2d0ed-804a-d664-bd2e-9d52dcba5512" testName="BdoGrindTracker.Core.Tests.AutomaticLootSpotLockTests.GlobalDropsDoNotUnlockForeignTrashOrKnownWrongItems(trash: &quot;Black Crystal Fragment&quot;, foreignTrash: &quot;Branch of Abundance&quot;, otherForeignTrash: &quot;Elion Follower's Helmet&quot;)" computerName="MARKUSPC" duration="00:00:00.0000682" startTime="2026-09-10T09:56:48.1853187+02:00" endTime="2026-09-10T09:56:48.1853539+02:00" testType="13cdc9d9-ddb5-4fa4-a97d-d965ccfc6d4b" outcome="Passed" testListId="8c84fa94-04c1-424b-9868-57a2d4851a1d" relativeResultsDirectory="8af4bbed-a57b-467e-845d-a344fccff6d2" />
    <UnitTestResult executionId="b903ba2c-c68b-4a26-8126-561781209007" testId="7eac75cf-2ed1-2b6a-a4a3-e318259c7ec6" testName="BdoGrindTracker.Core.Tests.AutomaticLootSpotLockTests.EveryGlobalDropRemainsAllowedAfterAnySpotLocksWithoutEventOptIn(trash: &quot;Scorched Belt Ornament&quot;, item: &quot;Caphras Stone&quot;)" computerName="MARKUSPC" duration="00:00:00.0000009" startTime="2026-09-10T09:56:48.1829396+02:00" endTime="2026-09-10T09:56:48.1829658+02:00" testType="13cdc9d9-ddb5-4fa4-a97d-d965ccfc6d4b" outcome="Passed" testListId="8c84fa94-04c1-424b-9868-57a2d4851a1d" relativeResultsDirectory="b903ba2c-c68b-4a26-8126-561781209007" />
    <UnitTestResult executionId="e2a2141b-6ddf-447d-96ea-a131301f15ee" testId="5e8151cd-5fe8-9540-0c7c-bdf27526ceb3" testName="BdoGrindTracker.Core.Tests.AutomaticLootSpotLockTests.EveryGlobalDropRemainsAllowedAfterAnySpotLocksWithoutEventOptIn(trash: &quot;Branch of Abundance&quot;, item: &quot;Black Stone&quot;)" computerName="MARKUSPC" duration="00:00:00.0000009" startTime="2026-09-10T09:56:48.1781669+02:00" endTime="2026-09-10T09:56:48.1781871+02:00" testType="13cdc9d9-ddb5-4fa4-a97d-d965ccfc6d4b" outcome="Passed" testListId="8c84fa94-04c1-424b-9868-57a2d4851a1d" relativeResultsDirectory="e2a2141b-6ddf-447d-96ea-a131301f15ee" />
    <UnitTestResult executionId="b9e4ece8-ee84-4bef-8c2c-bd2a82342630" testId="23a2e982-80b1-088f-2e2f-a06039a4295d" testName="BdoGrindTracker.Core.Tests.GermanItemMatcherTests.EveryGermanNameAndItsNormalizedOcrFormResolveToTheSameCanonicalItem(canonical: &quot;Apeiron Earring&quot;, german: &quot;Apeiron-Ohrring&quot;, rare: False)" computerName="MARKUSPC" duration="00:00:00.0000981" startTime="2026-09-10T09:56:48.1994435+02:00" endTime="2026-09-10T09:56:48.1994644+02:00" testType="13cdc9d9-ddb5-4fa4-a97d-d965ccfc6d4b" outcome="Passed" testListId="8c84fa94-04c1-424b-9868-57a2d4851a1d" relativeResultsDirectory="b9e4ece8-ee84-4bef-8c2c-bd2a82342630" />
    <UnitTestResult executionId="e3448d4f-5a47-4a38-80c0-63f7e1e4a45e" testId="2112e019-be85-771f-ae7c-8b14bd53afda" testName="BdoGrindTracker.Core.Tests.CompanionMinimumQuantityTests.AnExistingReadIsNotRaisedToOrReplacedByTheMinimum(quantity: 2)" computerName="MARKUSPC" duration="00:00:00.0000044" startTime="2026-09-10T09:56:48.1862280+02:00" endTime="2026-09-10T09:56:48.1862494+02:00" testType="13cdc9d9-ddb5-4fa4-a97d-d965ccfc6d4b" outcome="Passed" testListId="8c84fa94-04c1-424b-9868-57a2d4851a1d" relativeResultsDirectory="e3448d4f-5a47-4a38-80c0-63f7e1e4a45e" />
    <UnitTestResult executionId="98b46db8-ea7d-4f15-b591-7d3ef0c09eea" testId="5c6abefc-5339-35a5-4ff9-4e65e4969ee8" testName="BdoGrindTracker.Core.Tests.GermanItemMatcherTests.EveryGermanNameAndItsNormalizedOcrFormResolveToTheSameCanonicalItem(canonical: &quot;Twilight of the End - Earring&quot;, german: &quot;Dämmerung des Endes – Ohrring&quot;, rare: True)" computerName="MARKUSPC" duration="00:00:00.0000589" startTime="2026-09-10T09:56:48.2012445+02:00" endTime="2026-09-10T09:56:48.2012584+02:00" testType="13cdc9d9-ddb5-4fa4-a97d-d965ccfc6d4b" outcome="Passed" testListId="8c84fa94-04c1-424b-9868-57a2d4851a1d" relativeResultsDirectory="98b46db8-ea7d-4f15-b591-7d3ef0c09eea" />
    <UnitTestResult executionId="47e2817b-34af-4c88-add2-ae307152a566" testId="285fe925-0827-e407-5d95-970841b071ff" testName="BdoGrindTracker.Core.Tests.GermanItemMatcherTests.EveryGermanNameAndItsNormalizedOcrFormResolveToTheSameCanonicalItem(canonical: &quot;Refined Essence of Devouring&quot;, german: &quot;Veredelte Essenz des Verschlingens&quot;, rare: False)" computerName="MARKUSPC" duration="00:00:00.0000602" startTime="2026-09-10T09:56:48.2006279+02:00" endTime="2026-09-10T09:56:48.2006787+02:00" testType="13cdc9d9-ddb5-4fa4-a97d-d965ccfc6d4b" outcome="Passed" testListId="8c84fa94-04c1-424b-9868-57a2d4851a1d" relativeResultsDirectory="47e2817b-34af-4c88-add2-ae307152a566" />
    <UnitTestResult executionId="e322ffa3-190e-41b1-9532-e6d8358b657f" testId="203a8329-029a-e1c4-43a6-b244cd1d4115" testName="BdoGrindTracker.Core.Tests.DropQuantityCatalogTests.WorkbookValuesRetainTheirExactItemAndSpot(spot: &quot;scales-of-judgment&quot;, item: &quot;Caphras Stone&quot;, minimum: 1, maximum: 1)" computerName="MARKUSPC" duration="00:00:00.0000010" startTime="2026-09-10T09:56:48.2043826+02:00" endTime="2026-09-10T09:56:48.2043959+02:00" testType="13cdc9d9-ddb5-4fa4-a97d-d965ccfc6d4b" outcome="Passed" testListId="8c84fa94-04c1-424b-9868-57a2d4851a1d" relativeResultsDirectory="e322ffa3-190e-41b1-9532-e6d8358b657f" />
    <UnitTestResult executionId="cd9bde8f-5659-43ca-a3bd-909b1e206a9c" testId="6d07ce5c-6b4b-8fb8-a32e-f80c724ed9a2" testName="BdoGrindTracker.Core.Tests.GermanItemMatcherTests.EveryGermanNameAndItsNormalizedOcrFormResolveToTheSameCanonicalItem(canonical: &quot;Embers of Ynix - Shoes&quot;, german: &quot;Glut der Ynix – Schuhe&quot;, rare: False)" computerName="MARKUSPC" duration="00:00:00.0001057" startTime="2026-09-10T09:56:48.1920473+02:00" endTime="2026-09-10T09:56:48.1920916+02:00" testType="13cdc9d9-ddb5-4fa4-a97d-d965ccfc6d4b" outcome="Passed" testListId="8c84fa94-04c1-424b-9868-57a2d4851a1d" relativeResultsDirectory="cd9bde8f-5659-43ca-a3bd-909b1e206a9c" />
    <UnitTestResult executionId="564e5620-5a78-4960-b7db-0b382d0e5181" testId="1f69b501-18cc-8e4f-f985-5090f24df3d9" testName="BdoGrindTracker.Core.Tests.CompanionItemMatcherTests.ExactNamesUseNativeGlobalCatalogWithoutConfidenceGate(name: &quot;Broken Vestige of Ebonmere&quot;)" computerName="MARKUSPC" duration="00:00:00.0000087" startTime="2026-09-10T09:56:48.1848150+02:00" endTime="2026-09-10T09:56:48.1848416+02:00" testType="13cdc9d9-ddb5-4fa4-a97d-d965ccfc6d4b" outcome="Passed" testListId="8c84fa94-04c1-424b-9868-57a2d4851a1d" relativeResultsDirectory="564e5620-5a78-4960-b7db-0b382d0e5181" />
    <UnitTestResult executionId="7c10300d-41f0-4f35-9cbb-e3e44466cf0a" testId="fc8d1b98-5f3d-2e74-a732-6cc262c8b7b2" testName="BdoGrindTracker.Core.Tests.CompanionMinimumQuantityTests.InvalidMinimumTableEntriesAreRejected(name: &quot;Elion Follower's Helmet&quot;, value: 2147483648)" computerName="MARKUSPC" duration="00:00:00.0001034" startTime="2026-09-10T09:56:48.1869921+02:00" endTime="2026-09-10T09:56:48.1871550+02:00" testType="13cdc9d9-ddb5-4fa4-a97d-d965ccfc6d4b" outcome="Passed" testListId="8c84fa94-04c1-424b-9868-57a2d4851a1d" relativeResultsDirectory="7c10300d-41f0-4f35-9cbb-e3e44466cf0a" />
    <UnitTestResult executionId="e705c304-c357-49c4-94d9-9c9664145a13" testId="95503190-3fc8-e9ab-355f-dcf59bcbe801" testName="BdoGrindTracker.Core.Tests.CompanionMinimumQuantityTests.TheLargestApplicationRepresentableMinimumIsAccepted" computerName="MARKUSPC" duration="00:00:00.0000659" startTime="2026-09-10T09:56:48.1926719+02:00" endTime="2026-09-10T09:56:48.1929698+02:00" testType="13cdc9d9-ddb5-4fa4-a97d-d965ccfc6d4b" outcome="Passed" testListId="8c84fa94-04c1-424b-9868-57a2d4851a1d" relativeResultsDirectory="e705c304-c357-49c4-94d9-9c9664145a13" />
    <UnitTestResult executionId="493b195f-1a54-4564-9617-eb44f9adabd3" testId="5fd0cb93-2675-c3cd-87b0-81f4ca96b774" testName="BdoGrindTracker.Core.Tests.GermanItemMatcherTests.EveryGermanNameAndItsNormalizedOcrFormResolveToTheSameCanonicalItem(canonical: &quot;[Event] Mysterious Ore&quot;, german: &quot;[Event] Mysteriöses Erz&quot;, rare: True)" computerName="MARKUSPC" duration="00:00:00.0000569" startTime="2026-09-10T09:56:48.2021896+02:00" endTime="2026-09-10T09:56:48.2022037+02:00" testType="13cdc9d9-ddb5-4fa4-a97d-d965ccfc6d4b" outcome="Passed" testListId="8c84fa94-04c1-424b-9868-57a2d4851a1d" relativeResultsDirectory="493b195f-1a54-4564-9617-eb44f9adabd3" />
    <UnitTestResult executionId="8071d49d-0fac-4c5b-aa23-91e88c63b97c" testId="2c4f2ee6-119c-5d1c-d2c0-f2069f4c08df" testName="BdoGrindTracker.Core.Tests.AutomaticLootSpotLockTests.EveryGlobalDropRemainsAllowedAfterAnySpotLocksWithoutEventOptIn(trash: &quot;Branch of Abundance&quot;, item: &quot;Pure Black Stone&quot;)" computerName="MARKUSPC" duration="00:00:00.0000025" startTime="2026-09-10T09:56:48.1780995+02:00" endTime="2026-09-10T09:56:48.1781287+02:00" testType="13cdc9d9-ddb5-4fa4-a97d-d965ccfc6d4b" outcome="Passed" testListId="8c84fa94-04c1-424b-9868-57a2d4851a1d" relativeResultsDirectory="8071d49d-0fac-4c5b-aa23-91e88c63b97c" />
    <UnitTestResult executionId="54de21ed-f20c-4ca9-9803-86dd70cb37f9" testId="4a47c5f0-e254-6484-0598-473785310ad2" testName="BdoGrindTracker.Core.Tests.GermanItemMatcherTests.EveryGermanNameAndItsNormalizedOcrFormResolveToTheSameCanonicalItem(canonical: &quot;JIN Origin Shard&quot;, german: &quot;JIN-Kristall des Ursprungs&quot;, rare: False)" computerName="MARKUSPC" duration="00:00:00.0001223" startTime="2026-09-10T09:56:48.1882099+02:00" endTime="2026-09-10T09:56:48.1886321+02:00" testType="13cdc9d9-ddb5-4fa4-a97d-d965ccfc6d4b" outcome="Passed" testListId="8c84fa94-04c1-424b-9868-57a2d4851a1d" relativeResultsDirectory="54de21ed-f20c-4ca9-9803-86dd70cb37f9" />
    <UnitTestResult executionId="be0ccddf-6ca0-4679-a4bb-eb9c6470bd0c" testId="17252474-549b-42e2-2508-babbf30eda36" testName="BdoGrindTracker.Core.Tests.AutomaticLootSpotLockTests.EveryGlobalDropRemainsAllowedAfterAnySpotLocksWithoutEventOptIn(trash: &quot;Elion Follower's Helmet&quot;, item: &quot;Ancient Spirit Dust&quot;)" computerName="MARKUSPC" duration="00:00:00.0000008" startTime="2026-09-10T09:56:48.1842147+02:00" endTime="2026-09-10T09:56:48.1842283+02:00" testType="13cdc9d9-ddb5-4fa4-a97d-d965ccfc6d4b" outcome="Passed" testListId="8c84fa94-04c1-424b-9868-57a2d4851a1d" relativeResultsDirectory="be0ccddf-6ca0-4679-a4bb-eb9c6470bd0c" />
    <UnitTestResult executionId="1b7127df-b428-4c33-9501-03ed36f61b8c" testId="813ba0b0-e056-767b-2672-333d44cf4b59" testName="BdoGrindTracker.Core.Tests.CompanionDropQuantityBoundsTests.SeparateDropsEachReceiveTheirOwnLimit(rare: True, maximum: 1)" computerName="MARKUSPC" duration="00:00:00.0025355" startTime="2026-09-10T09:56:48.1885999+02:00" endTime="2026-09-10T09:56:48.1908432+02:00" testType="13cdc9d9-ddb5-4fa4-a97d-d965ccfc6d4b" outcome="Passed" testListId="8c84fa94-04c1-424b-9868-57a2d4851a1d" relativeResultsDirectory="1b7127df-b428-4c33-9501-03ed36f61b8c" />
    <UnitTestResult executionId="0a25bca2-9cbb-4ad3-988a-95c755f92ef1" testId="e656b210-39e5-0f4a-bec9-7da5abc7d4b5" testName="BdoGrindTracker.Core.Tests.CompanionDropQuantityBoundsTests.NeighborReadWinsBeforeFallbackAndRespectsBothBounds(rare: False, read: 1, expected: 4)" computerName="MARKUSPC" duration="00:00:00.0000034" startTime="2026-09-10T09:56:48.1924969+02:00" endTime="2026-09-10T09:56:48.1925104+02:00" testType="13cdc9d9-ddb5-4fa4-a97d-d965ccfc6d4b" outcome="Passed" testListId="8c84fa94-04c1-424b-9868-57a2d4851a1d" relativeResultsDirectory="0a25bca2-9cbb-4ad3-988a-95c755f92ef1" />
    <UnitTestResult executionId="0b5305f2-1cb9-4173-b969-b3d0d391ea9f" testId="59d7be3b-27a7-01ce-9ac0-322ef374053c" testName="BdoGrindTracker.Core.Tests.GermanItemMatcherTests.EveryGermanNameAndItsNormalizedOcrFormResolveToTheSameCanonicalItem(canonical: &quot;Embers of Ynix - Armor&quot;, german: &quot;Glut der Ynix – Rüstung&quot;, rare: True)" computerName="MARKUSPC" duration="00:00:00.0000998" startTime="2026-09-10T09:56:48.1983745+02:00" endTime="2026-09-10T09:56:48.1983878+02:00" testType="13cdc9d9-ddb5-4fa4-a97d-d965ccfc6d4b" outcome="Passed" testListId="8c84fa94-04c1-424b-9868-57a2d4851a1d" relativeResultsDirectory="0b5305f2-1cb9-4173-b969-b3d0d391ea9f" />
    <UnitTestResult executionId="048d19b0-87bd-4c05-b378-4d60642513b4" testId="a89a2a16-dbbd-eeb2-d78f-79d5b6f8d23c" testName="BdoGrindTracker.Core.Tests.CompanionItemMatcherTests.NativeCountOneTrashFilterIsPreserved" computerName="MARKUSPC" duration="00:00:00.0000498" startTime="2026-09-10T09:56:48.1912032+02:00" endTime="2026-09-10T09:56:48.1912306+02:00" testType="13cdc9d9-ddb5-4fa4-a97d-d965ccfc6d4b" outcome="Passed" testListId="8c84fa94-04c1-424b-9868-57a2d4851a1d" relativeResultsDirectory="048d19b0-87bd-4c05-b378-4d60642513b4" />
    <UnitTestResult executionId="cefac2e8-d79b-46fd-b07d-79ba07ecf310" testId="54bf7b8c-ad8c-5baf-21f5-0a97f1baaceb" testName="BdoGrindTracker.Core.Tests.AutomaticLootSpotLockTests.EveryGlobalDropRemainsAllowedAfterAnySpotLocksWithoutEventOptIn(trash: &quot;Black Crystal Fragment&quot;, item: &quot;Laila's Petal&quot;)" computerName="MARKUSPC" duration="00:00:00.0000007" startTime="2026-09-10T09:56:48.1838096+02:00" endTime="2026-09-10T09:56:48.1838237+02:00" testType="13cdc9d9-ddb5-4fa4-a97d-d965ccfc6d4b" outcome="Passed" testListId="8c84fa94-04c1-424b-9868-57a2d4851a1d" relativeResultsDirectory="cefac2e8-d79b-46fd-b07d-79ba07ecf310" />
    <UnitTestResult executionId="50d9ba03-b18e-468e-a964-835533a40f04" testId="d909f605-bf4e-8582-1fcc-0adaaa32c1cc" testName="BdoGrindTracker.Core.Tests.AutomaticLootSpotLockTests.EveryGlobalDropRemainsAllowedAfterAnySpotLocksWithoutEventOptIn(trash: &quot;Elion Follower's Mark&quot;, item: &quot;Ancient Spirit Dust&quot;)" computerName="MARKUSPC" duration="00:00:00.0000008" startTime="2026-09-10T09:56:48.1836525+02:00" endTime="2026-09-10T09:56:48.1836673+02:00" testType="13cdc9d9-ddb5-4fa4-a97d-d965ccfc6d4b" outcome="Passed" testListId="8c84fa94-04c1-424b-9868-57a2d4851a1d" relativeResultsDirectory="50d9ba03-b18e-468e-a964-835533a40f04" />
    <UnitTestResult executionId="85bfac96-0aa1-49bb-8269-f164b7c83659" testId="9036a800-f4c8-d6cf-0200-19140186dbac" testName="BdoGrindTracker.Core.Tests.GermanItemMatcherTests.EveryGermanNameAndItsNormalizedOcrFormResolveToTheSameCanonicalItem(canonical: &quot;Violet Primordial Luster - Edana&quot;, german: &quot;Violetter Glanz der Urklasse – Edana&quot;, rare: False)" computerName="MARKUSPC" duration="00:00:00.0068434" startTime="2026-09-10T09:56:48.1715174+02:00" endTime="2026-09-10T09:56:48.1858889+02:00" testType="13cdc9d9-ddb5-4fa4-a97d-d965ccfc6d4b" outcome="Passed" testListId="8c84fa94-04c1-424b-9868-57a2d4851a1d" relativeResultsDirectory="85bfac96-0aa1-49bb-8269-f164b7c83659" />
    <UnitTestResult executionId="4fa54168-6490-4c99-9a84-646b914f2ef4" testId="295b49de-6617-52a6-2e19-8e2cd2c0f681" testName="BdoGrindTracker.Core.Tests.GermanItemMatcherTests.EveryGermanNameAndItsNormalizedOcrFormResolveToTheSameCanonicalItem(canonical: &quot;JIN Wandering Origin Crystal&quot;, german: &quot;JIN-Kristall des wandernden Ursprungs&quot;, rare: False)" computerName="MARKUSPC" duration="00:00:00.0001019" startTime="2026-09-10T09:56:48.1926237+02:00" endTime="2026-09-10T09:56:48.1927210+02:00" testType="13cdc9d9-ddb5-4fa4-a97d-d965ccfc6d4b" outcome="Passed" testListId="8c84fa94-04c1-424b-9868-57a2d4851a1d" relativeResultsDirectory="4fa54168-6490-4c99-9a84-646b914f2ef4" />
    <UnitTestResult executionId="5bbec7e7-01eb-4929-b0de-48f2bee5294d" testId="1b546601-0148-5028-9173-8e4eb5b03de0" testName="BdoGrindTracker.Core.Tests.AutomaticLootSpotLockTests.EveryGlobalDropRemainsAllowedAfterAnySpotLocksWithoutEventOptIn(trash: &quot;Elion Follower's Mark&quot;, item: &quot;Laila's Petal&quot;)" computerName="MARKUSPC" duration="00:00:00.0000012" startTime="2026-09-10T09:56:48.1819864+02:00" endTime="2026-09-10T09:56:48.1820019+02:00" testType="13cdc9d9-ddb5-4fa4-a97d-d965ccfc6d4b" outcome="Passed" testListId="8c84fa94-04c1-424b-9868-57a2d4851a1d" relativeResultsDirectory="5bbec7e7-01eb-4929-b0de-48f2bee5294d" />
    <UnitTestResult executionId="3ca091b8-6fa1-4af9-aee2-d6b6123322fa" testId="43559f67-a03a-2a0a-2bf0-7eae854d50a9" testName="BdoGrindTracker.Core.Tests.CompanionDropQuantityBoundsTests.UnresolvedRunUsesItsSpotMinimum(rare: False)" computerName="MARKUSPC" duration="00:00:00.0000834" startTime="2026-09-10T09:56:48.1968747+02:00" endTime="2026-09-10T09:56:48.1969227+02:00" testType="13cdc9d9-ddb5-4fa4-a97d-d965ccfc6d4b" outcome="Passed" testListId="8c84fa94-04c1-424b-9868-57a2d4851a1d" relativeResultsDirectory="3ca091b8-6fa1-4af9-aee2-d6b6123322fa" />
    <UnitTestResult executionId="caacf223-cc60-4a89-8b8b-b7ff853e0798" testId="b96672c0-33bd-67e7-b6af-0515626c0938" testName="BdoGrindTracker.Core.Tests.GermanItemMatcherTests.EveryGermanNameAndItsNormalizedOcrFormResolveToTheSameCanonicalItem(canonical: &quot;Broken Vestige of Crimsonflare&quot;, german: &quot;Zersplittertes Überbleibsel der Scharlachflamme&quot;, rare: True)" computerName="MARKUSPC" duration="00:00:00.0001002" startTime="2026-09-10T09:56:48.1995849+02:00" endTime="2026-09-10T09:56:48.1996018+02:00" testType="13cdc9d9-ddb5-4fa4-a97d-d965ccfc6d4b" outcome="Passed" testListId="8c84fa94-04c1-424b-9868-57a2d4851a1d" relativeResultsDirectory="caacf223-cc60-4a89-8b8b-b7ff853e0798" />
    <UnitTestResult executionId="addf9c89-19d8-4ef4-bc7f-df90560df241" testId="6d5ebbad-393c-8d16-bcc8-232ad6515789" testName="BdoGrindTracker.Core.Tests.DropQuantityBoundsTests.LargestApplicationQuantityIsSupported" computerName="MARKUSPC" duration="00:00:00.0026350" startTime="2026-09-10T09:56:48.1831999+02:00" endTime="2026-09-10T09:56:48.1863436+02:00" testType="13cdc9d9-ddb5-4fa4-a97d-d965ccfc6d4b" outcome="Passed" testListId="8c84fa94-04c1-424b-9868-57a2d4851a1d" relativeResultsDirectory="addf9c89-19d8-4ef4-bc7f-df90560df241" />
    <UnitTestResult executionId="54c49231-1d34-4551-888b-2214c3454d16" testId="dcfb6557-d9ec-6fb8-6414-04a3b22d31a6" testName="BdoGrindTracker.Core.Tests.CompanionDropQuantityBoundsTests.APreviousRealNeighborWinsBeforeFallback(rare: False)" computerName="MARKUSPC" duration="00:00:00.0000781" startTime="2026-09-10T09:56:48.1959232+02:00" endTime="2026-09-10T09:56:48.1959874+02:00" testType="13cdc9d9-ddb5-4fa4-a97d-d965ccfc6d4b" outcome="Passed" testListId="8c84fa94-04c1-424b-9868-57a2d4851a1d" relativeResultsDirectory="54c49231-1d34-4551-888b-2214c3454d16" />
    <UnitTestResult executionId="cd1e901a-9cfc-4b5a-832c-7344d472636e" testId="73c24ac3-d64a-2f32-7536-2a0e53622917" testName="BdoGrindTracker.Core.Tests.GermanItemMatcherTests.EveryGermanNameAndItsNormalizedOcrFormResolveToTheSameCanonicalItem(canonical: &quot;JIN Origin Shard&quot;, german: &quot;JIN-Kristall des Ursprungs&quot;, rare: True)" computerName="MARKUSPC" duration="00:00:00.0000590" startTime="2026-09-10T09:56:48.2010647+02:00" endTime="2026-09-10T09:56:48.2011075+02:00" testType="13cdc9d9-ddb5-4fa4-a97d-d965ccfc6d4b" outcome="Passed" testListId="8c84fa94-04c1-424b-9868-57a2d4851a1d" relativeResultsDirectory="cd1e901a-9cfc-4b5a-832c-7344d472636e" />
    <UnitTestResult executionId="f4b40300-4a8b-49d9-a738-bc8416a78c42" testId="0ce1afa2-a5ff-95b5-e18f-9df2f952efa2" testName="BdoGrindTracker.Core.Tests.CompanionLootLedgerTests.RejectsNonPositiveAdditions(count: -1)" computerName="MARKUSPC" duration="00:00:00.0001084" startTime="2026-09-10T09:56:48.1843476+02:00" endTime="2026-09-10T09:56:48.1843617+02:00" testType="13cdc9d9-ddb5-4fa4-a97d-d965ccfc6d4b" outcome="Passed" testListId="8c84fa94-04c1-424b-9868-57a2d4851a1d" relativeResultsDirectory="f4b40300-4a8b-49d9-a738-bc8416a78c42" />
    <UnitTestResult executionId="14fdcb29-206e-4a45-a79b-708b5d5ea27c" testId="fe47d72a-6142-7567-7473-80a29ed3efef" testName="BdoGrindTracker.Core.Tests.TrackedCompanionReconciliationTests.InteriorUnreadRowDoesNotCompressOrRecountItsNeighbors(scale: 0,75)" computerName="MARKUSPC" duration="00:00:00.0017287" startTime="2026-09-10T09:56:48.2001488+02:00" endTime="2026-09-10T09:56:48.2023256+02:00" testType="13cdc9d9-ddb5-4fa4-a97d-d965ccfc6d4b" outcome="Passed" testListId="8c84fa94-04c1-424b-9868-57a2d4851a1d" relativeResultsDirectory="14fdcb29-206e-4a45-a79b-708b5d5ea27c" />
    <UnitTestResult executionId="7e3e128b-6a4a-4647-92b4-3e2341c80a3f" testId="7bc479cf-6a28-bfcd-6ef3-685b6f58c8da" testName="BdoGrindTracker.Core.Tests.AutomaticLootSpotLockTests.EventOptInDoesNotAllowForeignRegularLoot" computerName="MARKUSPC" duration="00:00:00.0000470" startTime="2026-09-10T09:56:48.1857633+02:00" endTime="2026-09-10T09:56:48.1857773+02:00" testType="13cdc9d9-ddb5-4fa4-a97d-d965ccfc6d4b" outcome="Passed" testListId="8c84fa94-04c1-424b-9868-57a2d4851a1d" relativeResultsDirectory="7e3e128b-6a4a-4647-92b4-3e2341c80a3f" />
    <UnitTestResult executionId="588b6c38-9c14-4fff-9dd0-b1ca58492673" testId="ffc11606-4a8a-b868-1eb6-8f0727932ebf" testName="BdoGrindTracker.Core.Tests.GermanItemMatcherTests.EveryGermanNameAndItsNormalizedOcrFormResolveToTheSameCanonicalItem(canonical: &quot;Apeiron Ring&quot;, german: &quot;Apeiron-Ring&quot;, rare: True)" computerName="MARKUSPC" duration="00:00:00.0000583" startTime="2026-09-10T09:56:48.2004562+02:00" endTime="2026-09-10T09:56:48.2004761+02:00" testType="13cdc9d9-ddb5-4fa4-a97d-d965ccfc6d4b" outcome="Passed" testListId="8c84fa94-04c1-424b-9868-57a2d4851a1d" relativeResultsDirectory="588b6c38-9c14-4fff-9dd0-b1ca58492673" />
    <UnitTestResult executionId="9b036ced-f55b-406c-a316-483cddeac2d6" testId="b2826bee-f949-ee61-0a82-098ed6f17531" testName="BdoGrindTracker.Core.Tests.CompanionDropQuantityBoundsTests.SeparateDropsEachReceiveTheirOwnLimit(rare: False, maximum: 1)" computerName="MARKUSPC" duration="00:00:00.0000237" startTime="2026-09-10T09:56:48.1916333+02:00" endTime="2026-09-10T09:56:48.1916478+02:00" testType="13cdc9d9-ddb5-4fa4-a97d-d965ccfc6d4b" outcome="Passed" testListId="8c84fa94-04c1-424b-9868-57a2d4851a1d" relativeResultsDirectory="9b036ced-f55b-406c-a316-483cddeac2d6" />
    <UnitTestResult executionId="a76d09cf-beac-45b2-bf1e-75cbcf946484" testId="f30841e2-84e1-509b-ca4c-d04eec784779" testName="BdoGrindTracker.Core.Tests.CompanionDropQuantityBoundsTests.UpperBoundNormalizesBadReadBeforeMatchingTheContinuingDrop(rare: False, maximum: 2, firstRead: 7, secondRead: 2)" computerName="MARKUSPC" duration="00:00:00.0001261" startTime="2026-09-10T09:56:48.1950888+02:00" endTime="2026-09-10T09:56:48.1954478+02:00" testType="13cdc9d9-ddb5-4fa4-a97d-d965ccfc6d4b" outcome="Passed" testListId="8c84fa94-04c1-424b-9868-57a2d4851a1d" relativeResultsDirectory="a76d09cf-beac-45b2-bf1e-75cbcf946484" />
    <UnitTestResult executionId="8ffa2de9-1228-4fe1-9ba2-1058a2b17df9" testId="cc0cb1f6-41cd-6cac-da49-a7aa2b22d3fd" testName="BdoGrindTracker.Core.Tests.TrackedCompanionReconciliationTests.InteriorUnreadRowDoesNotCompressOrRecountItsNeighbors(scale: 1,49)" computerName="MARKUSPC" duration="00:00:00.0000074" startTime="2026-09-10T09:56:48.2026267+02:00" endTime="2026-09-10T09:56:48.2026424+02:00" testType="13cdc9d9-ddb5-4fa4-a97d-d965ccfc6d4b" outcome="Passed" testListId="8c84fa94-04c1-424b-9868-57a2d4851a1d" relativeResultsDirectory="8ffa2de9-1228-4fe1-9ba2-1058a2b17df9" />
    <UnitTestResult executionId="62d76261-ae38-4b05-ab07-d9b799bf07d4" testId="f5d5e22f-15a1-22dc-9e9a-34c155e2c0a6" testName="BdoGrindTracker.Core.Tests.GermanItemMatcherTests.UnambiguousOcrTyposKeepTheRightIdentity(text: &quot;Veredelte Essenz des Verschlingcns&quot;, canonical: &quot;Refined Essence of Devouring&quot;)" computerName="MARKUSPC" duration="00:00:00.0024761" startTime="2026-09-10T09:56:48.2027560+02:00" endTime="2026-09-10T09:56:48.2029019+02:00" testType="13cdc9d9-ddb5-4fa4-a97d-d965ccfc6d4b" outcome="Passed" testListId="8c84fa94-04c1-424b-9868-57a2d4851a1d" relativeResultsDirectory="62d76261-ae38-4b05-ab07-d9b799bf07d4" />
    <UnitTestResult executionId="ac7fb7c4-6dcb-499b-8006-fdd91bb517b3" testId="cb17a3a1-e18a-ec5a-a077-32b2c5d9fc36" testName="BdoGrindTracker.Core.Tests.CompanionMinimumQuantityTests.AReadSixAfterMissingFramesWinsBeforeTheMinimumFallback" computerName="MARKUSPC" duration="00:00:00.0000887" startTime="2026-09-10T09:56:48.2010263+02:00" endTime="2026-09-10T09:56:48.2010784+02:00" testType="13cdc9d9-ddb5-4fa4-a97d-d965ccfc6d4b" outcome="Passed" testListId="8c84fa94-04c1-424b-9868-57a2d4851a1d" relativeResultsDirectory="ac7fb7c4-6dcb-499b-8006-fdd91bb517b3" />
    <UnitTestResult executionId="914a267b-ed64-4e43-9cac-57f0a7c664af" testId="49c8c636-e6e0-e248-badf-773b66159167" testName="BdoGrindTracker.Core.Tests.GermanItemMatcherTests.EveryGermanNameAndItsNormalizedOcrFormResolveToTheSameCanonicalItem(canonical: &quot;Scorched Belt Ornament&quot;, german: &quot;Verrußte Gürtelverzierung&quot;, rare: False)" computerName="MARKUSPC" duration="00:00:00.0000684" startTime="2026-09-10T09:56:48.1999931+02:00" endTime="2026-09-10T09:56:48.2000461+02:00" testType="13cdc9d9-ddb5-4fa4-a97d-d965ccfc6d4b" outcome="Passed" testListId="8c84fa94-04c1-424b-9868-57a2d4851a1d" relativeResultsDirectory="914a267b-ed64-4e43-9cac-57f0a7c664af" />
    <UnitTestResult executionId="30fd055c-34bb-472e-ab67-e485fda235fb" testId="260f616d-be8d-f3f4-d998-adc88132355c" testName="BdoGrindTracker.Core.Tests.AutomaticLootSpotLockTests.EveryGlobalDropRemainsAllowedAfterAnySpotLocksWithoutEventOptIn(trash: &quot;Branch of Abundance&quot;, item: &quot;Laila's Petal&quot;)" computerName="MARKUSPC" duration="00:00:00.0000008" startTime="2026-09-10T09:56:48.1831539+02:00" endTime="2026-09-10T09:56:48.1831817+02:00" testType="13cdc9d9-ddb5-4fa4-a97d-d965ccfc6d4b" outcome="Passed" testListId="8c84fa94-04c1-424b-9868-57a2d4851a1d" relativeResultsDirectory="30fd055c-34bb-472e-ab67-e485fda235fb" />
    <UnitTestResult executionId="b5c05c5a-1d1e-4d8d-a79a-14251dcd363c" testId="e9c42f5f-d976-5ad2-d0c6-68e21562e706" testName="BdoGrindTracker.Core.Tests.CompanionDropQuantityBoundsTests.UnresolvedRunUsesItsSpotMinimum(rare: True)" computerName="MARKUSPC" duration="00:00:00.0000626" startTime="2026-09-10T09:56:48.1969445+02:00" endTime="2026-09-10T09:56:48.1969923+02:00" testType="13cdc9d9-ddb5-4fa4-a97d-d965ccfc6d4b" outcome="Passed" testListId="8c84fa94-04c1-424b-9868-57a2d4851a1d" relativeResultsDirectory="b5c05c5a-1d1e-4d8d-a79a-14251dcd363c" />
    <UnitTestResult executionId="e6551f8f-a986-44bc-ab03-081994aa3731" testId="593eee1c-b555-189c-686a-5481cd4b21ac" testName="BdoGrindTracker.Core.Tests.CompanionMinimumQuantityTests.AnExistingReadIsNotRaisedToOrReplacedByTheMinimum(quantity: 6)" computerName="MARKUSPC" duration="00:00:00.0068927" startTime="2026-09-10T09:56:48.1708819+02:00" endTime="2026-09-10T09:56:48.1858642+02:00" testType="13cdc9d9-ddb5-4fa4-a97d-d965ccfc6d4b" outcome="Passed" testListId="8c84fa94-04c1-424b-9868-57a2d4851a1d" relativeResultsDirectory="e6551f8f-a986-44bc-ab03-081994aa3731" />
    <UnitTestResult executionId="e6e86a1d-dfbf-4e62-ab30-0d31700d27aa" testId="73fbca79-ce55-7db2-ab95-88e720b2c21e" testName="BdoGrindTracker.Core.Tests.DropQuantityBoundsTests.RejectsInvalidBounds(minimum: 4294967295, maximum: null)" computerName="MARKUSPC" duration="00:00:00.0000054" startTime="2026-09-10T09:56:48.1818690+02:00" endTime="2026-09-10T09:56:48.1820197+02:00" testType="13cdc9d9-ddb5-4fa4-a97d-d965ccfc6d4b" outcome="Passed" testListId="8c84fa94-04c1-424b-9868-57a2d4851a1d" relativeResultsDirectory="e6e86a1d-dfbf-4e62-ab30-0d31700d27aa" />
    <UnitTestResult executionId="f223b974-dbf2-431b-b3bc-ec48837de82a" testId="8b05da31-a85e-82f2-26bc-97edd5d67bcd" testName="BdoGrindTracker.Core.Tests.CompanionRareFrameReconcilerTests.RepeatedRareObservationKeepsOneNativeEpisode" computerName="MARKUSPC" duration="00:00:00.0003124" startTime="2026-09-10T09:56:48.1920021+02:00" endTime="2026-09-10T09:56:48.1921683+02:00" testType="13cdc9d9-ddb5-4fa4-a97d-d965ccfc6d4b" outcome="Passed" testListId="8c84fa94-04c1-424b-9868-57a2d4851a1d" relativeResultsDirectory="f223b974-dbf2-431b-b3bc-ec48837de82a" />
    <UnitTestResult executionId="98e4cb8f-db63-4d06-a48a-eab1bb5da650" testId="0265ac5b-1bd0-8be9-bd43-039111779d9e" testName="BdoGrindTracker.Core.Tests.GermanItemMatcherTests.EveryGermanNameAndItsNormalizedOcrFormResolveToTheSameCanonicalItem(canonical: &quot;Broken Vestige of Goldroot&quot;, german: &quot;Zersplittertes Überbleibsel des Reifgolds&quot;, rare: True)" computerName="MARKUSPC" duration="00:00:00.0001000" startTime="2026-09-10T09:56:48.1974831+02:00" endTime="2026-09-10T09:56:48.1975460+02:00" testType="13cdc9d9-ddb5-4fa4-a97d-d965ccfc6d4b" outcome="Passed" testListId="8c84fa94-04c1-424b-9868-57a2d4851a1d" relativeResultsDirectory="98e4cb8f-db63-4d06-a48a-eab1bb5da650" />
    <UnitTestResult executionId="3d226a6d-47be-4472-83f6-f0e0eb3c00b3" testId="776218b3-3a1c-faad-a304-636e5c00e115" testName="BdoGrindTracker.Core.Tests.GermanItemMatcherTests.EveryGermanNameAndItsNormalizedOcrFormResolveToTheSameCanonicalItem(canonical: &quot;Black Stone&quot;, german: &quot;Schwarzstein&quot;, rare: False)" computerName="MARKUSPC" duration="00:00:00.0000568" startTime="2026-09-10T09:56:48.2022264+02:00" endTime="2026-09-10T09:56:48.2022406+02:00" testType="13cdc9d9-ddb5-4fa4-a97d-d965ccfc6d4b" outcome="Passed" testListId="8c84fa94-04c1-424b-9868-57a2d4851a1d" relativeResultsDirectory="3d226a6d-47be-4472-83f6-f0e0eb3c00b3" />
    <UnitTestResult executionId="9a7d80b5-6742-49e1-85e8-098c939d8986" testId="b664a940-0bfc-dedf-3506-40b58b7f74c3" testName="BdoGrindTracker.Core.Tests.GermanItemMatcherTests.EveryGermanNameAndItsNormalizedOcrFormResolveToTheSameCanonicalItem(canonical: &quot;Violet Primordial Pigment - Sovereign&quot;, german: &quot;Violettes Farbmittel der Urklasse – Gebieter&quot;, rare: False)" computerName="MARKUSPC" duration="00:00:00.0000584" startTime="2026-09-10T09:56:48.2017149+02:00" endTime="2026-09-10T09:56:48.2017284+02:00" testType="13cdc9d9-ddb5-4fa4-a97d-d965ccfc6d4b" outcome="Passed" testListId="8c84fa94-04c1-424b-9868-57a2d4851a1d" relativeResultsDirectory="9a7d80b5-6742-49e1-85e8-098c939d8986" />
    <UnitTestResult executionId="09f8b8af-bc56-4a38-b207-9a1a2ba38658" testId="301ffcdd-1794-e0f4-3748-bd40f6457b0d" testName="BdoGrindTracker.Core.Tests.DropQuantityCatalogTests.CompletedWorkbookContainsAll207ConfirmedPairsAnd175FixedUnits" computerName="MARKUSPC" duration="00:00:00.0043477" startTime="2026-09-10T09:56:48.2049540+02:00" endTime="2026-09-10T09:56:48.2050840+02:00" testType="13cdc9d9-ddb5-4fa4-a97d-d965ccfc6d4b" outcome="Passed" testListId="8c84fa94-04c1-424b-9868-57a2d4851a1d" relativeResultsDirectory="09f8b8af-bc56-4a38-b207-9a1a2ba38658" />
    <UnitTestResult executionId="856b62a1-707f-4c66-a098-460d15960d86" testId="4b4baff3-97c5-81d0-9bbf-ca7c5e40947b" testName="BdoGrindTracker.Core.Tests.GermanItemMatcherTests.EveryGermanNameAndItsNormalizedOcrFormResolveToTheSameCanonicalItem(canonical: &quot;Nev's Fragment&quot;, german: &quot;Nev-Fragment&quot;, rare: True)" computerName="MARKUSPC" duration="00:00:00.0001033" startTime="2026-09-10T09:56:48.1921126+02:00" endTime="2026-09-10T09:56:48.1921258+02:00" testType="13cdc9d9-ddb5-4fa4-a97d-d965ccfc6d4b" outcome="Passed" testListId="8c84fa94-04c1-424b-9868-57a2d4851a1d" relativeResultsDirectory="856b62a1-707f-4c66-a098-460d15960d86" />
    <UnitTestResult executionId="5b14dbc5-29e9-419e-aa3c-a1bc421c7ba1" testId="1acb64b5-960b-4b52-b1be-76f1a775a5e0" testName="BdoGrindTracker.Core.Tests.CompanionFrameReconcilerTests.CompleteFlushesPartialBatchOnlyOnce" computerName="MARKUSPC" duration="00:00:00.0083435" startTime="2026-09-10T09:56:48.1708492+02:00" endTime="2026-09-10T09:56:48.1893963+02:00" testType="13cdc9d9-ddb5-4fa4-a97d-d965ccfc6d4b" outcome="Passed" testListId="8c84fa94-04c1-424b-9868-57a2d4851a1d" relativeResultsDirectory="5b14dbc5-29e9-419e-aa3c-a1bc421c7ba1" />
    <UnitTestResult executionId="9e4f049d-351e-48e3-8c30-2c6a96650f0f" testId="fe87c1d1-94c9-0f55-fac9-a75aec712b24" testName="BdoGrindTracker.Core.Tests.GermanItemMatcherTests.EveryGermanNameAndItsNormalizedOcrFormResolveToTheSameCanonicalItem(canonical: &quot;Silent Fragment of Origin&quot;, german: &quot;Stillschweigender Splitter der Vorzeit&quot;, rare: False)" computerName="MARKUSPC" duration="00:00:00.0001016" startTime="2026-09-10T09:56:48.1994924+02:00" endTime="2026-09-10T09:56:48.1995572+02:00" testType="13cdc9d9-ddb5-4fa4-a97d-d965ccfc6d4b" outcome="Passed" testListId="8c84fa94-04c1-424b-9868-57a2d4851a1d" relativeResultsDirectory="9e4f049d-351e-48e3-8c30-2c6a96650f0f" />
    <UnitTestResult executionId="86e225f0-9722-4309-988e-1c932d30b2f0" testId="fb25044d-b932-4b74-d68a-aafffd325585" testName="BdoGrindTracker.Core.Tests.DropQuantityCatalogTests.WorkbookValuesRetainTheirExactItemAndSpot(spot: &quot;scales-of-judgment&quot;, item: &quot;Elion Follower's Mark&quot;, minimum: 2, maximum: 2000)" computerName="MARKUSPC" duration="00:00:00.0000008" startTime="2026-09-10T09:56:48.2046037+02:00" endTime="2026-09-10T09:56:48.2046167+02:00" testType="13cdc9d9-ddb5-4fa4-a97d-d965ccfc6d4b" outcome="Passed" testListId="8c84fa94-04c1-424b-9868-57a2d4851a1d" relativeResultsDirectory="86e225f0-9722-4309-988e-1c932d30b2f0" />
    <UnitTestResult executionId="ab384180-7c5f-4783-bdb3-55417618b004" testId="9fe1d077-991a-cb63-29b3-8f7a857f2cd4" testName="BdoGrindTracker.Core.Tests.CompanionRareFrameReconcilerTests.RareEpisodeCanRestartAfterTwelveEmptyFrames" computerName="MARKUSPC" duration="00:00:00.0002561" startTime="2026-09-10T09:56:48.1914864+02:00" endTime="2026-09-10T09:56:48.1917426+02:00" testType="13cdc9d9-ddb5-4fa4-a97d-d965ccfc6d4b" outcome="Passed" testListId="8c84fa94-04c1-424b-9868-57a2d4851a1d" relativeResultsDirectory="ab384180-7c5f-4783-bdb3-55417618b004" />
    <UnitTestResult executionId="b40f2def-1faf-4783-818f-8dfe2b4db9c9" testId="30f2e9d8-bd3c-623e-4e08-2d33913aec65" testName="BdoGrindTracker.Core.Tests.AutomaticLootSpotLockTests.EveryGlobalDropRemainsAllowedAfterAnySpotLocksWithoutEventOptIn(trash: &quot;Elion Follower's Helmet&quot;, item: &quot;Caphras Stone&quot;)" computerName="MARKUSPC" duration="00:00:00.0000009" startTime="2026-09-10T09:56:48.1838467+02:00" endTime="2026-09-10T09:56:48.1838605+02:00" testType="13cdc9d9-ddb5-4fa4-a97d-d965ccfc6d4b" outcome="Passed" testListId="8c84fa94-04c1-424b-9868-57a2d4851a1d" relativeResultsDirectory="b40f2def-1faf-4783-818f-8dfe2b4db9c9" />
    <UnitTestResult executionId="c1bb2835-b4a1-40d5-b81a-2070159dabb9" testId="93b3a537-0cc6-8d27-8f2b-fb03c3e5fbd8" testName="BdoGrindTracker.Core.Tests.CompanionDropQuantityBoundsTests.UnknownMaximumDoesNotInventACap(rare: False)" computerName="MARKUSPC" duration="00:00:00.0000617" startTime="2026-09-10T09:56:48.1968302+02:00" endTime="2026-09-10T09:56:48.1968434+02:00" testType="13cdc9d9-ddb5-4fa4-a97d-d965ccfc6d4b" outcome="Passed" testListId="8c84fa94-04c1-424b-9868-57a2d4851a1d" relativeResultsDirectory="c1bb2835-b4a1-40d5-b81a-2070159dabb9" />
    <UnitTestResult executionId="fb55f2ca-fd6b-46e7-9a9f-315a0f90aaed" testId="3eed4570-3204-bf6a-b1f4-ef785bb99d02" testName="BdoGrindTracker.Core.Tests.DropQuantityBoundsTests.RejectsInvalidBounds(minimum: 1, maximum: 2147483648)" computerName="MARKUSPC" duration="00:00:00.0000032" startTime="2026-09-10T09:56:48.1821656+02:00" endTime="2026-09-10T09:56:48.1822016+02:00" testType="13cdc9d9-ddb5-4fa4-a97d-d965ccfc6d4b" outcome="Passed" testListId="8c84fa94-04c1-424b-9868-57a2d4851a1d" relativeResultsDirectory="fb55f2ca-fd6b-46e7-9a9f-315a0f90aaed" />
    <UnitTestResult executionId="6b9ff8cb-ed43-49c3-bf25-28937bb5b556" testId="f29a8121-864e-4bc7-9485-505d8cd62fe3" testName="BdoGrindTracker.Core.Tests.AutomaticLootSpotLockTests.EveryGlobalDropRemainsAllowedAfterAnySpotLocksWithoutEventOptIn(trash: &quot;Broken Gloves of the Void&quot;, item: &quot;Caphras Stone&quot;)" computerName="MARKUSPC" duration="00:00:00.0000009" startTime="2026-09-10T09:56:48.1832220+02:00" endTime="2026-09-10T09:56:48.1832361+02:00" testType="13cdc9d9-ddb5-4fa4-a97d-d965ccfc6d4b" outcome="Passed" testListId="8c84fa94-04c1-424b-9868-57a2d4851a1d" relativeResultsDirectory="6b9ff8cb-ed43-49c3-bf25-28937bb5b556" />
[...]
    <TestEntry testId="bb80ccef-47ca-3332-5ff2-8714fc86989e" executionId="d99d83f5-c66c-4c71-bd96-2e518c05a489" testListId="8c84fa94-04c1-424b-9868-57a2d4851a1d" />
    <TestEntry testId="8e086e9c-e464-91c5-0781-5ccf0193b318" executionId="c4ff524e-a3e9-488c-a5a8-57ef478f23a7" testListId="8c84fa94-04c1-424b-9868-57a2d4851a1d" />
    <TestEntry testId="40c96ce9-5e00-a457-e58d-9e9156350762" executionId="ca81aafa-add1-445a-a0ac-bbffffb69041" testListId="8c84fa94-04c1-424b-9868-57a2d4851a1d" />
    <TestEntry testId="5c5b7e9e-6b09-f6b4-2e8b-7b867def82ec" executionId="cfde66d4-d5db-4242-a6d4-b2e4fed4eb4a" testListId="8c84fa94-04c1-424b-9868-57a2d4851a1d" />
    <TestEntry testId="863b1640-3a0f-0202-2bff-b0fb2d8cffcc" executionId="c8b811da-df6e-42bc-9bdb-872cf50d5a81" testListId="8c84fa94-04c1-424b-9868-57a2d4851a1d" />
    <TestEntry testId="a5997c7c-5124-6d6b-7915-784713e21dea" executionId="ec1f0743-9c98-4be2-a8a5-50b8b52a0859" testListId="8c84fa94-04c1-424b-9868-57a2d4851a1d" />
    <TestEntry testId="0e964cd1-c861-1370-6ee1-db00744b73d8" executionId="ff88a04e-a85c-4aa4-bf47-548b24b11666" testListId="8c84fa94-04c1-424b-9868-57a2d4851a1d" />
    <TestEntry testId="a9e653b4-4156-1980-9891-1ec6dd74b466" executionId="3ea9d6ae-93d4-4060-ba36-6bd30e6d3579" testListId="8c84fa94-04c1-424b-9868-57a2d4851a1d" />
    <TestEntry testId="0e2783da-fd37-3a32-9ba4-07298b25602d" executionId="d95b31c2-492a-4812-9c12-f1f7df59aa26" testListId="8c84fa94-04c1-424b-9868-57a2d4851a1d" />
    <TestEntry testId="a091138c-4531-f5a9-e09f-5066437046db" executionId="7be99530-14ab-4965-94a1-fa5532c1f322" testListId="8c84fa94-04c1-424b-9868-57a2d4851a1d" />
    <TestEntry testId="676eedf8-1341-ed43-84ae-1ce6eddf5e6e" executionId="f91d3543-b347-41de-8f36-b918ca9469ba" testListId="8c84fa94-04c1-424b-9868-57a2d4851a1d" />
    <TestEntry testId="b04637ec-5574-8b90-337c-dace4784c1f1" executionId="b448ed33-af9e-453a-ae1b-2132046c541b" testListId="8c84fa94-04c1-424b-9868-57a2d4851a1d" />
    <TestEntry testId="79c9a6f8-2c4c-48c9-4348-234b297e9618" executionId="fac1159c-e8ee-424c-a957-7f8d25c714b7" testListId="8c84fa94-04c1-424b-9868-57a2d4851a1d" />
    <TestEntry testId="669c0d12-736a-641d-6eef-f22e5204cd61" executionId="2119fde6-0b15-4296-8e4b-34c04149bb03" testListId="8c84fa94-04c1-424b-9868-57a2d4851a1d" />
    <TestEntry testId="9f019b3e-5fca-1502-3422-0ecb999b5b1b" executionId="8747ded1-64da-4eba-a3c7-600392dfae9f" testListId="8c84fa94-04c1-424b-9868-57a2d4851a1d" />
    <TestEntry testId="e301bda4-69dc-2566-8ce5-a6e2c967d519" executionId="98429fb5-aeaa-4104-a33e-767d7624085d" testListId="8c84fa94-04c1-424b-9868-57a2d4851a1d" />
    <TestEntry testId="7dcdec55-de59-0902-3e05-47be66328e03" executionId="af41e44e-e5f5-4059-9561-a9c854374d40" testListId="8c84fa94-04c1-424b-9868-57a2d4851a1d" />
    <TestEntry testId="ef22abdc-b9fd-3f14-25d3-9020476f2714" executionId="07e767bc-ca12-4b68-80ef-91e45ee04517" testListId="8c84fa94-04c1-424b-9868-57a2d4851a1d" />
    <TestEntry testId="b3ccb234-fbae-6764-f350-4f01ec709911" executionId="f959b011-d18e-483e-85fd-67f64ecd2c1d" testListId="8c84fa94-04c1-424b-9868-57a2d4851a1d" />
    <TestEntry testId="647de6c0-cb07-0249-1ccd-8e6fb6ac7ca0" executionId="c84dde77-338e-4805-aba9-430c8033fe3c" testListId="8c84fa94-04c1-424b-9868-57a2d4851a1d" />
    <TestEntry testId="da8e7620-6d18-3fde-285b-33a97085540b" executionId="b34df4b8-93eb-4da4-a332-44b25c28f4c4" testListId="8c84fa94-04c1-424b-9868-57a2d4851a1d" />
    <TestEntry testId="9d8b6b49-9ebc-acf1-6d62-2ed10c91a6c9" executionId="53edc0b0-0fad-4c05-86bf-de39962f180f" testListId="8c84fa94-04c1-424b-9868-57a2d4851a1d" />
    <TestEntry testId="4e823386-60dd-fc87-13e7-d44d38b42944" executionId="4a9d03dc-33d2-41ee-bff3-955f854dc1fa" testListId="8c84fa94-04c1-424b-9868-57a2d4851a1d" />
    <TestEntry testId="0d5df732-de96-6db3-2e5d-b9a9c4504976" executionId="8fc9cfc5-c89f-49ae-9de2-e4e8509924b2" testListId="8c84fa94-04c1-424b-9868-57a2d4851a1d" />
    <TestEntry testId="6f2f93d6-b66b-b80f-5aaf-3320c1c33b97" executionId="f7033bd6-0816-417c-a359-74349e9f113c" testListId="8c84fa94-04c1-424b-9868-57a2d4851a1d" />
    <TestEntry testId="baa8d997-041f-3972-b458-f4f082b41005" executionId="bca8dca7-4862-4614-af1d-60a163329632" testListId="8c84fa94-04c1-424b-9868-57a2d4851a1d" />
    <TestEntry testId="1a829455-cb87-0af6-927b-7c2a5fa4499d" executionId="e0cd655a-7941-4f7c-b67c-1f990cde6377" testListId="8c84fa94-04c1-424b-9868-57a2d4851a1d" />
    <TestEntry testId="7605b049-c07b-4ec8-8beb-1c1fd754b58f" executionId="660a5eea-d78b-4b19-9946-7259470101f7" testListId="8c84fa94-04c1-424b-9868-57a2d4851a1d" />
    <TestEntry testId="6d9bb1be-7253-43ea-e2cb-007d68d28d20" executionId="77873b6c-e8c5-408f-a666-d0828b638183" testListId="8c84fa94-04c1-424b-9868-57a2d4851a1d" />
    <TestEntry testId="5796b5e3-a99e-a618-685d-1803d5c72e5f" executionId="4c2afb88-4c47-46f5-98b5-f4fed3e4d6a2" testListId="8c84fa94-04c1-424b-9868-57a2d4851a1d" />
    <TestEntry testId="64578df1-917d-7684-3e89-74b9b9eb321f" executionId="e05bd254-bbde-4ef6-9591-c9e3df72599f" testListId="8c84fa94-04c1-424b-9868-57a2d4851a1d" />
    <TestEntry testId="96e9269d-6252-6023-b804-78e1c57fb91a" executionId="edd4a548-17d7-48bb-af5a-24a769972844" testListId="8c84fa94-04c1-424b-9868-57a2d4851a1d" />
    <TestEntry testId="5efe7723-1c1a-4f57-ede0-4bae26e8edb9" executionId="889c5702-ffde-4102-9b5d-1fd549e76674" testListId="8c84fa94-04c1-424b-9868-57a2d4851a1d" />
    <TestEntry testId="3b8208fd-9974-bbba-634b-bff23889a9ce" executionId="3c858732-9f97-446b-afa3-fee4c14b8237" testListId="8c84fa94-04c1-424b-9868-57a2d4851a1d" />
    <TestEntry testId="4347d2fd-e05b-e664-77d2-9dd1d685b854" executionId="521fe9be-b4e7-4715-9ad9-94347537ef64" testListId="8c84fa94-04c1-424b-9868-57a2d4851a1d" />
    <TestEntry testId="40145880-887d-8b72-8610-4e5d89b8ae46" executionId="761ae232-e1c2-4c74-9f9e-f430e85c3d0c" testListId="8c84fa94-04c1-424b-9868-57a2d4851a1d" />
    <TestEntry testId="448a285d-c635-63c9-77e0-9bf442b61ca7" executionId="2e7ded60-9b00-46a5-905e-d219aced3f53" testListId="8c84fa94-04c1-424b-9868-57a2d4851a1d" />
    <TestEntry testId="83974672-23c0-4b9c-1daa-8a24d1c1799e" executionId="f90fe7ec-38b7-4c87-b80c-9f8de6369aec" testListId="8c84fa94-04c1-424b-9868-57a2d4851a1d" />
    <TestEntry testId="f4619772-ae58-4c61-ba68-bce00f2ff158" executionId="87c68b92-ca52-4a52-8958-302e63cd6235" testListId="8c84fa94-04c1-424b-9868-57a2d4851a1d" />
    <TestEntry testId="5b590348-7c93-fa25-4de8-3bc5f05f1fa6" executionId="71b05bbd-cc52-49ad-be7f-a9486276bc2c" testListId="8c84fa94-04c1-424b-9868-57a2d4851a1d" />
    <TestEntry testId="94d9e1f9-637d-582d-f231-441bc8bb7d3f" executionId="3082ff0e-297c-46e9-a5c2-34d20554eb94" testListId="8c84fa94-04c1-424b-9868-57a2d4851a1d" />
    <TestEntry testId="ac0dcd5f-1771-88d6-37c4-93a560c62966" executionId="ee686cba-6c3d-4580-aeb7-53bfb9be1f61" testListId="8c84fa94-04c1-424b-9868-57a2d4851a1d" />
    <TestEntry testId="5d8b6507-97c7-9353-a440-e99dd8b7fd57" executionId="69b291dc-61c2-41ce-9194-88a315d89e36" testListId="8c84fa94-04c1-424b-9868-57a2d4851a1d" />
    <TestEntry testId="f376cb67-4e58-52e2-1ca8-68ea067824c4" executionId="c1b7edc3-956f-4c0a-8e0b-e07adeeaad23" testListId="8c84fa94-04c1-424b-9868-57a2d4851a1d" />
    <TestEntry testId="f18e7622-b8f8-4f17-ed2c-21a6bee69b63" executionId="738f01eb-094a-4a03-9c48-123a0402afbc" testListId="8c84fa94-04c1-424b-9868-57a2d4851a1d" />
    <TestEntry testId="682c94b9-1c5d-63f1-ee35-f711e0f75fae" executionId="6f55768c-2dba-4844-babd-8c8a0765da00" testListId="8c84fa94-04c1-424b-9868-57a2d4851a1d" />
    <TestEntry testId="0c4c77d1-03a1-dce5-794a-8a0f22b7e74f" executionId="6cc74ba1-94cc-4c55-8dde-ed20b3f45520" testListId="8c84fa94-04c1-424b-9868-57a2d4851a1d" />
    <TestEntry testId="74244d41-e140-ed3e-0283-4888f4f32bf2" executionId="e858ebb9-ba68-48b1-ac2b-aee86eea4fcb" testListId="8c84fa94-04c1-424b-9868-57a2d4851a1d" />
    <TestEntry testId="aa79d5d8-4709-fbb5-3477-dff7751e8e3b" executionId="93335adf-dfdf-4039-8ade-319417ec33b1" testListId="8c84fa94-04c1-424b-9868-57a2d4851a1d" />
    <TestEntry testId="35cd244e-5b39-51a0-5d13-36f83668a0df" executionId="39e18bab-2efc-4e04-9627-29ae7455ee3d" testListId="8c84fa94-04c1-424b-9868-57a2d4851a1d" />
    <TestEntry testId="737a3fce-bd43-e3a6-81ee-c2be9d30ba07" executionId="ef77872f-6c2d-4b1d-8169-9292e8ae03d3" testListId="8c84fa94-04c1-424b-9868-57a2d4851a1d" />
    <TestEntry testId="11946edf-6c8e-e903-2571-e1bdc74369e1" executionId="8eef89f0-e6cc-47ee-a63b-d85b744a0502" testListId="8c84fa94-04c1-424b-9868-57a2d4851a1d" />
    <TestEntry testId="8b52fcea-f286-71f0-9e09-9be66e4da8d0" executionId="bc35a7ac-4cca-4bad-af76-82d570843d48" testListId="8c84fa94-04c1-424b-9868-57a2d4851a1d" />
    <TestEntry testId="6639529f-7dff-f87e-2e54-49d8be07229f" executionId="280e10b4-bf16-4dc0-9007-d3da67190772" testListId="8c84fa94-04c1-424b-9868-57a2d4851a1d" />
    <TestEntry testId="cc45ce72-a65b-1d03-3560-de8bdba2b837" executionId="9385964a-2bb9-4b49-861f-65510824d811" testListId="8c84fa94-04c1-424b-9868-57a2d4851a1d" />
    <TestEntry testId="3280a104-abd2-6abb-fe71-d1016a377df4" executionId="f9c053b8-808d-4586-836d-85787fc092ab" testListId="8c84fa94-04c1-424b-9868-57a2d4851a1d" />
    <TestEntry testId="1c741d32-0f8b-bf45-6e7f-c77b24ff74b2" executionId="3b1d6634-c1fa-4a42-8ef6-899918e9aaf0" testListId="8c84fa94-04c1-424b-9868-57a2d4851a1d" />
    <TestEntry testId="07791dff-c206-ec2f-013c-6ed5f67b9bb2" executionId="1ab50fa3-05d3-4fe1-a023-4e0fd8d95c4b" testListId="8c84fa94-04c1-424b-9868-57a2d4851a1d" />
    <TestEntry testId="491eaac9-7da0-1011-5dc7-b3674072cd5e" executionId="c1edff34-4cfa-4db1-92d3-587ca5f2530e" testListId="8c84fa94-04c1-424b-9868-57a2d4851a1d" />
    <TestEntry testId="e1be2a0c-9259-8584-8661-ecb718edf57c" executionId="a4638e86-9cf9-469d-be08-7966ba9f85db" testListId="8c84fa94-04c1-424b-9868-57a2d4851a1d" />
    <TestEntry testId="e92aa5bf-764a-2385-faf7-5f4da6a55ee7" executionId="22ee5bcb-11c9-4480-9002-106d6e515c78" testListId="8c84fa94-04c1-424b-9868-57a2d4851a1d" />
    <TestEntry testId="d105bb6a-78f2-8ae7-9a64-45aa848f4566" executionId="985fff8f-f952-4890-892e-826fe4319b83" testListId="8c84fa94-04c1-424b-9868-57a2d4851a1d" />
    <TestEntry testId="9fe861c8-15cd-af96-3844-29ea7fb0ad38" executionId="0bc0cd19-b272-4637-98b8-95c09ec0b499" testListId="8c84fa94-04c1-424b-9868-57a2d4851a1d" />
    <TestEntry testId="c6302d25-2b2e-c688-5f62-fd60797238d8" executionId="9aff6a9c-b5ed-4691-a45c-03994d9900b4" testListId="8c84fa94-04c1-424b-9868-57a2d4851a1d" />
    <TestEntry testId="acf19873-1462-70e1-4edc-4ff6bdcb4394" executionId="8d1b89ca-f372-4008-90b1-633551e2cbd0" testListId="8c84fa94-04c1-424b-9868-57a2d4851a1d" />
    <TestEntry testId="ae37092e-04b2-9ad5-2010-93ebe17202ee" executionId="550a3afe-e925-453c-8608-8f4ab21c2adb" testListId="8c84fa94-04c1-424b-9868-57a2d4851a1d" />
    <TestEntry testId="57efc758-47e8-fdec-3984-1135e5cb1fef" executionId="fd342869-5803-42f8-952a-47669c0bcdea" testListId="8c84fa94-04c1-424b-9868-57a2d4851a1d" />
    <TestEntry testId="afd898ad-2e42-338a-718c-06d5ff2b700d" executionId="741424b4-1090-4376-a4a5-3f9f0fd29fc2" testListId="8c84fa94-04c1-424b-9868-57a2d4851a1d" />
    <TestEntry testId="7476d925-ec8c-acc5-cb35-3b647b3b98ca" executionId="352b68e9-ab9f-4304-8245-790c51ee89c4" testListId="8c84fa94-04c1-424b-9868-57a2d4851a1d" />
    <TestEntry testId="3ed53e32-d7b0-567a-3786-53c975c2d0e6" executionId="72696f2a-94a0-42e0-8e09-2fe494007b6e" testListId="8c84fa94-04c1-424b-9868-57a2d4851a1d" />
    <TestEntry testId="9656daba-bcb3-0119-61fb-e6546205f4a7" executionId="87f0787f-f230-470d-9ca7-3b75bd1c712f" testListId="8c84fa94-04c1-424b-9868-57a2d4851a1d" />
    <TestEntry testId="1fb3a5e3-8c78-fbdb-2bf7-d21c239cd298" executionId="cd05c867-0c35-4ed1-83aa-0519c1ce5c6e" testListId="8c84fa94-04c1-424b-9868-57a2d4851a1d" />
    <TestEntry testId="53f7394e-6c44-d178-566a-3875ba494e1b" executionId="53d800ff-b6aa-415d-b0da-a15e7a585135" testListId="8c84fa94-04c1-424b-9868-57a2d4851a1d" />
    <TestEntry testId="b6b54e0c-984a-b4dc-1a48-60a38222654a" executionId="60585058-a864-4734-a6e6-fea79a09a135" testListId="8c84fa94-04c1-424b-9868-57a2d4851a1d" />
    <TestEntry testId="576ffe56-fd73-bf69-f1a2-6ac8eaa11617" executionId="8c92f133-3e94-4405-81bb-903f27757db4" testListId="8c84fa94-04c1-424b-9868-57a2d4851a1d" />
    <TestEntry testId="a46eb8e4-223d-18ef-e858-c2a120d417e0" executionId="41cb2215-9e9f-4087-abcf-93afc0fcbef8" testListId="8c84fa94-04c1-424b-9868-57a2d4851a1d" />
    <TestEntry testId="3881fcf1-2d69-8de3-7eae-1b1f5c276307" executionId="a0cad3c3-e3c7-4cd3-810c-34fed919e045" testListId="8c84fa94-04c1-424b-9868-57a2d4851a1d" />
    <TestEntry testId="97400f69-79b8-3b4a-be93-e681fe65cd15" executionId="b397d6d2-9459-4d9d-b8ba-b5cc32822b4b" testListId="8c84fa94-04c1-424b-9868-57a2d4851a1d" />
    <TestEntry testId="65d71aab-dd5a-8306-ebdd-61a71d9a9b2b" executionId="00f8eee2-e16f-4ecd-8641-e6321f253e0e" testListId="8c84fa94-04c1-424b-9868-57a2d4851a1d" />
    <TestEntry testId="2787fb80-33d7-857f-5684-b4eb9460fcce" executionId="567c0898-78ff-4555-9606-5e738dd1932c" testListId="8c84fa94-04c1-424b-9868-57a2d4851a1d" />
    <TestEntry testId="92b9fc39-7a7b-ffd3-bc4d-c7ad01cef949" executionId="7ed6b944-cdb5-4597-8594-dacd479d88bd" testListId="8c84fa94-04c1-424b-9868-57a2d4851a1d" />
    <TestEntry testId="8803c094-c15e-1780-45e1-b8df11e01502" executionId="ccb3169a-4fef-4e4c-9612-1ee19338df6f" testListId="8c84fa94-04c1-424b-9868-57a2d4851a1d" />
    <TestEntry testId="e6408903-98f9-4f28-70a0-ca7e11a3cf0a" executionId="e01f00cc-24ec-4269-83ed-d1a820a7dd93" testListId="8c84fa94-04c1-424b-9868-57a2d4851a1d" />
    <TestEntry testId="78a5fa2b-e871-a8e8-764e-7c2ff856a675" executionId="6d0e1d64-bf21-4167-9ed7-3ba485178a6d" testListId="8c84fa94-04c1-424b-9868-57a2d4851a1d" />
    <TestEntry testId="264b1195-894a-74c1-f3da-be5b8f8eed6f" executionId="6cbd3b1a-3d66-4f73-b636-f85e691f7969" testListId="8c84fa94-04c1-424b-9868-57a2d4851a1d" />
    <TestEntry testId="64d98ab9-e48b-68e6-f225-b5d8bc2325b5" executionId="ca993316-7ed8-45ee-a0fb-139115319e55" testListId="8c84fa94-04c1-424b-9868-57a2d4851a1d" />
    <TestEntry testId="4eb69199-9f27-5cfc-efbe-3e389a4a926a" executionId="75fee3e8-517b-44e1-a980-3bdd36c0db65" testListId="8c84fa94-04c1-424b-9868-57a2d4851a1d" />
    <TestEntry testId="9df64d99-ce65-9397-7fa9-819362b6c97a" executionId="a4d42912-4291-4f23-a3b9-df95c498c532" testListId="8c84fa94-04c1-424b-9868-57a2d4851a1d" />
    <TestEntry testId="8e4208b7-2d03-e96d-4b74-a92d074d5c04" executionId="ca0f2bf4-b514-4ff3-ac8a-c111840aebfd" testListId="8c84fa94-04c1-424b-9868-57a2d4851a1d" />
    <TestEntry testId="6cc924c4-1752-2fc4-54fa-f510a57a6834" executionId="e3c8ac00-aaaf-4876-a2df-2fbd1093243d" testListId="8c84fa94-04c1-424b-9868-57a2d4851a1d" />
    <TestEntry testId="1829bb00-ee9f-eedd-4282-27e59d94420e" executionId="07db163f-7265-4951-bb9b-d202ec1a59fc" testListId="8c84fa94-04c1-424b-9868-57a2d4851a1d" />
    <TestEntry testId="b48945b6-54b8-1a78-7e92-15e8865d0c06" executionId="b5d0895f-3fc9-48ed-a562-0d97e9e47c71" testListId="8c84fa94-04c1-424b-9868-57a2d4851a1d" />
    <TestEntry testId="2340ad98-4c2e-7b32-19b2-20b68592e814" executionId="adcb207c-809c-4e8b-9d71-95195e00378b" testListId="8c84fa94-04c1-424b-9868-57a2d4851a1d" />
    <TestEntry testId="4bc36574-346c-6149-6ba8-e5c58c9d2bf3" executionId="b9a83ea3-6a5c-448e-b0ae-a0c5b8735476" testListId="8c84fa94-04c1-424b-9868-57a2d4851a1d" />
    <TestEntry testId="ee85f967-5900-ee13-6d75-0ab4223d49ab" executionId="0056880c-68a4-4643-932b-243fbe7c08c6" testListId="8c84fa94-04c1-424b-9868-57a2d4851a1d" />
    <TestEntry testId="b9e5693c-3556-3845-e108-269f3e1d9482" executionId="ea805b40-0af1-43cc-a51a-95ab6a3c68ba" testListId="8c84fa94-04c1-424b-9868-57a2d4851a1d" />
    <TestEntry testId="c223f321-84c4-a11e-f3a5-15bf8a433094" executionId="313d600a-0c1a-4bd7-b77f-5d4095b28173" testListId="8c84fa94-04c1-424b-9868-57a2d4851a1d" />
    <TestEntry testId="7b050624-30c2-41f0-04d3-51a6fc8fbbb7" executionId="b4f496aa-9337-4510-a05d-a8d1f760fac0" testListId="8c84fa94-04c1-424b-9868-57a2d4851a1d" />
    <TestEntry testId="db5b0ff6-da24-b469-723d-8a640dc0bca7" executionId="e49477ab-928e-4dd0-abba-ea0d374ff7f2" testListId="8c84fa94-04c1-424b-9868-57a2d4851a1d" />
    <TestEntry testId="311e3e84-a06f-05c1-7a6e-a78628e838ed" executionId="7b90e3a0-026f-4e1d-8ab5-1cb1da1a7f7a" testListId="8c84fa94-04c1-424b-9868-57a2d4851a1d" />
    <TestEntry testId="1010532f-f062-9cc1-1c35-db2ec293a05c" executionId="c8eb964c-33a4-450b-a819-a70e894729fe" testListId="8c84fa94-04c1-424b-9868-57a2d4851a1d" />
    <TestEntry testId="42b2380e-ed18-8df1-65c1-54cb4d84beda" executionId="a7f39c5a-1858-457a-a2e3-d2ead8b830e8" testListId="8c84fa94-04c1-424b-9868-57a2d4851a1d" />
    <TestEntry testId="7693bd30-bcb5-85d7-edb7-6a93a24d1ecb" executionId="75774aba-bba7-4f58-aa7f-d4d2ee65b78e" testListId="8c84fa94-04c1-424b-9868-57a2d4851a1d" />
    <TestEntry testId="f7160a7b-6d04-89c9-0920-b33709813cb6" executionId="17eeb096-1046-4a3c-9998-111579886c00" testListId="8c84fa94-04c1-424b-9868-57a2d4851a1d" />
    <TestEntry testId="ddc5bdc3-3dbd-2ac9-22d1-f1352d227845" executionId="4d68456a-31be-4157-a38b-074fe655cbad" testListId="8c84fa94-04c1-424b-9868-57a2d4851a1d" />
    <TestEntry testId="00762b8c-cf57-bd3c-c4b1-740015980f8d" executionId="cbd1cb89-2d42-4b25-a267-fb65bde252c1" testListId="8c84fa94-04c1-424b-9868-57a2d4851a1d" />
    <TestEntry testId="bdd46a11-2d5d-551b-2956-5a83a2420d04" executionId="cc979f19-7a8e-4f55-a5bb-5d0c7bc75a3e" testListId="8c84fa94-04c1-424b-9868-57a2d4851a1d" />
    <TestEntry testId="96bf8ada-1f1c-0782-d769-e6d5ec028637" executionId="bba65414-ef0b-4b2f-b234-bcee8a6ef5fe" testListId="8c84fa94-04c1-424b-9868-57a2d4851a1d" />
    <TestEntry testId="ed160a6d-1660-3bf1-0ddc-e6831d9ea3ea" executionId="3fd32ceb-792d-4cd2-9454-5a71b871c1a6" testListId="8c84fa94-04c1-424b-9868-57a2d4851a1d" />
    <TestEntry testId="1fedcc7a-6c94-0e65-41b5-e50d5ea353e8" executionId="9a24989b-9513-4d8b-b7b1-d822f5528600" testListId="8c84fa94-04c1-424b-9868-57a2d4851a1d" />
    <TestEntry testId="10866384-982f-326d-6b38-a36775069837" executionId="e485aeab-eec0-4a6e-b675-ad29d61bf968" testListId="8c84fa94-04c1-424b-9868-57a2d4851a1d" />
    <TestEntry testId="e8a81f68-17b3-9e5d-c036-59f04e51862f" executionId="026d1f87-26ae-4d5d-b4dc-e8f8834fdb6e" testListId="8c84fa94-04c1-424b-9868-57a2d4851a1d" />
    <TestEntry testId="bac10622-4644-aff6-8630-6a7a95ef9b79" executionId="49e7f7e8-e774-4eb5-a81a-be98243cac9e" testListId="8c84fa94-04c1-424b-9868-57a2d4851a1d" />
    <TestEntry testId="903ad823-cfc0-5b9d-abcf-d85fef172659" executionId="1b1c69de-e77b-4336-8e33-db2748e372f5" testListId="8c84fa94-04c1-424b-9868-57a2d4851a1d" />
    <TestEntry testId="091eb646-fb64-a58c-9756-d0d5d2998050" executionId="f6309938-5c95-4b4f-8113-77f657d6ce07" testListId="8c84fa94-04c1-424b-9868-57a2d4851a1d" />
  </TestEntries>
  <TestLists>
    <TestList name="Ergebnisse nicht in einer Liste" id="8c84fa94-04c1-424b-9868-57a2d4851a1d" />
    <TestList name="Alle geladenen Ergebnisse" id="19431567-8539-422a-85d7-44ee4e166bda" />
  </TestLists>
  <ResultSummary outcome="Completed">
    <Counters total="319" executed="319" passed="319" failed="0" error="0" timeout="0" aborted="0" inconclusive="0" passedButRunAborted="0" notRunnable="0" notExecuted="0" disconnected="0" warning="0" completed="0" inProgress="0" pending="0" />
    <Output>
      <StdOut>[xUnit.net 00:00:00.00] xUnit.net VSTest Adapter v3.1.4+50e68bbb8b (64-bit .NET 9.0.10)&#xD;
[xUnit.net 00:00:00.04]   Discovering: BdoGrindTracker.Core.Tests&#xD;
[xUnit.net 00:00:00.09]   Discovered:  BdoGrindTracker.Core.Tests&#xD;
[xUnit.net 00:00:00.13]   Starting:    BdoGrindTracker.Core.Tests&#xD;
[xUnit.net 00:00:00.19]   Finished:    BdoGrindTracker.Core.Tests&#xD;
</StdOut>
    </Output>
  </ResultSummary>
</TestRun>