<?xml version="1.0" encoding="utf-8"?>
<TestRun id="e5e1e4d7-be12-4ca2-9d32-a6e0ef28cb26" name="marku@MARKUSPC 2026-09-10 09:08:24" runUser="MARKUSPC\marku" xmlns="http://microsoft.com/schemas/VisualStudio/TeamTest/2010">
  <Times creation="2026-09-10T09:08:24.0945412+02:00" queuing="2026-09-10T09:08:24.0945416+02:00" start="2026-09-10T09:08:23.1764759+02:00" finish="2026-09-10T09:08:24.1266940+02:00" />
  <TestSettings name="default" id="4a78e6f2-ba6c-4009-9066-06e01bf4ffb1">
    <Deployment runDeploymentRoot="marku_MARKUSPC_2026-09-10_09_08_24" />
  </TestSettings>
  <Results>
    <UnitTestResult executionId="6cd2818a-e091-4fe0-8358-7a4ff79114b8" testId="5be46d01-2ff6-5df1-42b9-0e8eb2789f5c" testName="BdoGrindTracker.Ocr.Tests.SecondaryLootOcrRecognizerTests.TensorKeepsBgrOrderAspectRatioAndNormalizedZeroPadding" computerName="MARKUSPC" duration="00:00:00.0084394" startTime="2026-09-10T09:08:23.8047735+02:00" endTime="2026-09-10T09:08:23.8131573+02:00" testType="13cdc9d9-ddb5-4fa4-a97d-d965ccfc6d4b" outcome="Passed" testListId="8c84fa94-04c1-424b-9868-57a2d4851a1d" relativeResultsDirectory="6cd2818a-e091-4fe0-8358-7a4ff79114b8" />
    <UnitTestResult executionId="6c414939-2c14-4a17-be47-569515c8e3dd" testId="6374a6d7-9f09-f173-a11a-714c1175be20" testName="BdoGrindTracker.Ocr.Tests.SecondaryLootOcrRecognizerTests.MissingModelReportsItsExpectedLocalPath" computerName="MARKUSPC" duration="00:00:00.0002366" startTime="2026-09-10T09:08:23.9411244+02:00" endTime="2026-09-10T09:08:23.9413587+02:00" testType="13cdc9d9-ddb5-4fa4-a97d-d965ccfc6d4b" outcome="Passed" testListId="8c84fa94-04c1-424b-9868-57a2d4851a1d" relativeResultsDirectory="6c414939-2c14-4a17-be47-569515c8e3dd" />
    <UnitTestResult executionId="68603b14-6876-4bf7-b5e3-40c0a1e4e4fb" testId="0b45c917-2f1a-f2fb-997c-ad07ac80278b" testName="BdoGrindTracker.Ocr.Tests.SecondaryLootOcrRecognizerTests.BundledNativeEngineRecognizesARealRenderedRow(language: &quot;en-US&quot;, text: &quot;Black Stone x 17&quot;)" computerName="MARKUSPC" duration="00:00:00.0687151" startTime="2026-09-10T09:08:23.7384042+02:00" endTime="2026-09-10T09:08:23.8046321+02:00" testType="13cdc9d9-ddb5-4fa4-a97d-d965ccfc6d4b" outcome="Passed" testListId="8c84fa94-04c1-424b-9868-57a2d4851a1d" relativeResultsDirectory="68603b14-6876-4bf7-b5e3-40c0a1e4e4fb" />
    <UnitTestResult executionId="5fba4f72-635c-4777-bd12-734621c61c0a" testId="72f45287-42af-812d-880b-2767b5f588af" testName="BdoGrindTracker.Ocr.Tests.SecondaryLootOcrRecognizerTests.BundledModelHasTheVerifiedUpstreamBytes" computerName="MARKUSPC" duration="00:00:00.0199685" startTime="2026-09-10T09:08:24.0767703+02:00" endTime="2026-09-10T09:08:24.0825691+02:00" testType="13cdc9d9-ddb5-4fa4-a97d-d965ccfc6d4b" outcome="Passed" testListId="8c84fa94-04c1-424b-9868-57a2d4851a1d" relativeResultsDirectory="5fba4f72-635c-4777-bd12-734621c61c0a" />
    <UnitTestResult executionId="8fa100a8-2178-4246-a952-130efe04c774" testId="978fe809-666a-0423-9609-3a79a74903d0" testName="BdoGrindTracker.Ocr.Tests.SecondaryLootOcrRecognizerTests.SeparateWorkersCanReadEnglishAndGermanAtTheSameTime" computerName="MARKUSPC" duration="00:00:00.1253672" startTime="2026-09-10T09:08:23.8132868+02:00" endTime="2026-09-10T09:08:23.9405015+02:00" testType="13cdc9d9-ddb5-4fa4-a97d-d965ccfc6d4b" outcome="Failed" testListId="8c84fa94-04c1-424b-9868-57a2d4851a1d" relativeResultsDirectory="8fa100a8-2178-4246-a952-130efe04c774">
      <Output>
        <ErrorInfo>
          <Message>Assert.Equal() Failure: Strings differ&#xD;
                   ↓ (pos 8)&#xD;
Expected: "Bruchstückx12"&#xD;
Actual:   "Bruchstüukx12"&#xD;
                   ↑ (pos 8)</Message>
          <StackTrace>   at BdoGrindTracker.Ocr.Tests.SecondaryLootOcrRecognizerTests.SeparateWorkersCanReadEnglishAndGermanAtTheSameTime() in D:\Projects\bdo-grind-tracker\tests\BdoGrindTracker.Ocr.Tests\SecondaryLootOcrRecognizerTests.cs:line 84&#xD;
--- End of stack trace from previous location ---</StackTrace>
        </ErrorInfo>
      </Output>
    </UnitTestResult>
    <UnitTestResult executionId="fc18da66-acdc-4e0f-be4c-8e718d13eb58" testId="7eb6724d-24f3-f469-8334-ad1a12bf466c" testName="BdoGrindTracker.Ocr.Tests.SecondaryLootOcrRecognizerTests.CancelledReadDoesNotEnterNativeRecognition" computerName="MARKUSPC" duration="00:00:00.0648333" startTime="2026-09-10T09:08:23.9977086+02:00" endTime="2026-09-10T09:08:24.0625311+02:00" testType="13cdc9d9-ddb5-4fa4-a97d-d965ccfc6d4b" outcome="Passed" testListId="8c84fa94-04c1-424b-9868-57a2d4851a1d" relativeResultsDirectory="fc18da66-acdc-4e0f-be4c-8e718d13eb58" />
    <UnitTestResult executionId="6b3ba376-cbc9-4f7c-bd10-a518c682306d" testId="463c130b-7b30-526f-edfb-976614e808fc" testName="BdoGrindTracker.Ocr.Tests.SecondaryLootOcrRecognizerTests.CtcCollapsesRepeatsButPreservesRepeatedDigitsSeparatedByBlankAndUnicode" computerName="MARKUSPC" duration="00:00:00.0048394" startTime="2026-09-10T09:08:23.5175470+02:00" endTime="2026-09-10T09:08:23.5251694+02:00" testType="13cdc9d9-ddb5-4fa4-a97d-d965ccfc6d4b" outcome="Passed" testListId="8c84fa94-04c1-424b-9868-57a2d4851a1d" relativeResultsDirectory="6b3ba376-cbc9-4f7c-bd10-a518c682306d" />
    <UnitTestResult executionId="60220b18-8369-47f1-ad76-3a2da32307fb" testId="7caf1156-3a19-e72b-1cb9-79b9f1839e83" testName="BdoGrindTracker.Ocr.Tests.SecondaryLootOcrRecognizerTests.DisposedEngineRejectsFurtherReadAndCanBeDisposedTwice" computerName="MARKUSPC" duration="00:00:00.0561322" startTime="2026-09-10T09:08:23.9414596+02:00" endTime="2026-09-10T09:08:23.9975911+02:00" testType="13cdc9d9-ddb5-4fa4-a97d-d965ccfc6d4b" outcome="Passed" testListId="8c84fa94-04c1-424b-9868-57a2d4851a1d" relativeResultsDirectory="60220b18-8369-47f1-ad76-3a2da32307fb" />
    <UnitTestResult executionId="aef908d4-dd92-4e29-91eb-1c81580055e3" testId="038a6d3b-ea9d-e9e6-ee53-4fbd01e20456" testName="BdoGrindTracker.Ocr.Tests.SecondaryLootOcrRecognizerTests.BundledNativeEngineRecognizesARealRenderedRow(language: &quot;de-DE&quot;, text: &quot;Bruchstück x 12&quot;)" computerName="MARKUSPC" duration="00:00:00.0864627" startTime="2026-09-10T09:08:23.6447199+02:00" endTime="2026-09-10T09:08:23.7361738+02:00" testType="13cdc9d9-ddb5-4fa4-a97d-d965ccfc6d4b" outcome="Failed" testListId="8c84fa94-04c1-424b-9868-57a2d4851a1d" relativeResultsDirectory="aef908d4-dd92-4e29-91eb-1c81580055e3">
      <Output>
        <ErrorInfo>
          <Message>Assert.Equal() Failure: Strings differ&#xD;
                   ↓ (pos 8)&#xD;
Expected: "Bruchstückx12"&#xD;
Actual:   "Bruchstüukx12"&#xD;
                   ↑ (pos 8)</Message>
          <StackTrace>   at BdoGrindTracker.Ocr.Tests.SecondaryLootOcrRecognizerTests.BundledNativeEngineRecognizesARealRenderedRow(String language, String text) in D:\Projects\bdo-grind-tracker\tests\BdoGrindTracker.Ocr.Tests\SecondaryLootOcrRecognizerTests.cs:line 39&#xD;
   at System.RuntimeMethodHandle.InvokeMethod(Object target, Void** arguments, Signature sig, Boolean isConstructor)&#xD;
   at System.Reflection.MethodBaseInvoker.InvokeDirectByRefWithFewArgs(Object obj, Span`1 copyOfArgs, BindingFlags invokeAttr)</StackTrace>
        </ErrorInfo>
      </Output>
    </UnitTestResult>
    <UnitTestResult executionId="3a84cbea-2e76-4a03-ad67-0773471a0b60" testId="ad039ff6-226e-2070-90d0-631f13ad049f" testName="BdoGrindTracker.Ocr.Tests.SecondaryLootOcrRecognizerTests.EmptyOrNonByteImagesAreRejectedBeforeNativeRecognition" computerName="MARKUSPC" duration="00:00:00.1190687" startTime="2026-09-10T09:08:23.5295912+02:00" endTime="2026-09-10T09:08:23.6443098+02:00" testType="13cdc9d9-ddb5-4fa4-a97d-d965ccfc6d4b" outcome="Passed" testListId="8c84fa94-04c1-424b-9868-57a2d4851a1d" relativeResultsDirectory="3a84cbea-2e76-4a03-ad67-0773471a0b60" />
  </Results>
  <TestDefinitions>
    <UnitTest name="BdoGrindTracker.Ocr.Tests.SecondaryLootOcrRecognizerTests.BundledNativeEngineRecognizesARealRenderedRow(language: &quot;de-DE&quot;, text: &quot;Bruchstück x 12&quot;)" storage="d:\projects\bdo-grind-tracker\tests\bdogrindtracker.ocr.tests\bin\release\net9.0-windows10.0.19041.0\bdogrindtracker.ocr.tests.dll" id="038a6d3b-ea9d-e9e6-ee53-4fbd01e20456">
      <Execution id="aef908d4-dd92-4e29-91eb-1c81580055e3" />
      <TestMethod codeBase="D:\Projects\bdo-grind-tracker\tests\BdoGrindTracker.Ocr.Tests\bin\Release\net9.0-windows10.0.19041.0\BdoGrindTracker.Ocr.Tests.dll" adapterTypeName="executor://xunit/VsTestRunner3/netcore/" className="BdoGrindTracker.Ocr.Tests.SecondaryLootOcrRecognizerTests" name="BundledNativeEngineRecognizesARealRenderedRow" />
    </UnitTest>
    <UnitTest name="BdoGrindTracker.Ocr.Tests.SecondaryLootOcrRecognizerTests.CancelledReadDoesNotEnterNativeRecognition" storage="d:\projects\bdo-grind-tracker\tests\bdogrindtracker.ocr.tests\bin\release\net9.0-windows10.0.19041.0\bdogrindtracker.ocr.tests.dll" id="7eb6724d-24f3-f469-8334-ad1a12bf466c">
      <Execution id="fc18da66-acdc-4e0f-be4c-8e718d13eb58" />
      <TestMethod codeBase="D:\Projects\bdo-grind-tracker\tests\BdoGrindTracker.Ocr.Tests\bin\Release\net9.0-windows10.0.19041.0\BdoGrindTracker.Ocr.Tests.dll" adapterTypeName="executor://xunit/VsTestRunner3/netcore/" className="BdoGrindTracker.Ocr.Tests.SecondaryLootOcrRecognizerTests" name="CancelledReadDoesNotEnterNativeRecognition" />
    </UnitTest>
    <UnitTest name="BdoGrindTracker.Ocr.Tests.SecondaryLootOcrRecognizerTests.EmptyOrNonByteImagesAreRejectedBeforeNativeRecognition" storage="d:\projects\bdo-grind-tracker\tests\bdogrindtracker.ocr.tests\bin\release\net9.0-windows10.0.19041.0\bdogrindtracker.ocr.tests.dll" id="ad039ff6-226e-2070-90d0-631f13ad049f">
      <Execution id="3a84cbea-2e76-4a03-ad67-0773471a0b60" />
      <TestMethod codeBase="D:\Projects\bdo-grind-tracker\tests\BdoGrindTracker.Ocr.Tests\bin\Release\net9.0-windows10.0.19041.0\BdoGrindTracker.Ocr.Tests.dll" adapterTypeName="executor://xunit/VsTestRunner3/netcore/" className="BdoGrindTracker.Ocr.Tests.SecondaryLootOcrRecognizerTests" name="EmptyOrNonByteImagesAreRejectedBeforeNativeRecognition" />
    </UnitTest>
    <UnitTest name="BdoGrindTracker.Ocr.Tests.SecondaryLootOcrRecognizerTests.BundledNativeEngineRecognizesARealRenderedRow(language: &quot;en-US&quot;, text: &quot;Black Stone x 17&quot;)" storage="d:\projects\bdo-grind-tracker\tests\bdogrindtracker.ocr.tests\bin\release\net9.0-windows10.0.19041.0\bdogrindtracker.ocr.tests.dll" id="0b45c917-2f1a-f2fb-997c-ad07ac80278b">
      <Execution id="68603b14-6876-4bf7-b5e3-40c0a1e4e4fb" />
      <TestMethod codeBase="D:\Projects\bdo-grind-tracker\tests\BdoGrindTracker.Ocr.Tests\bin\Release\net9.0-windows10.0.19041.0\BdoGrindTracker.Ocr.Tests.dll" adapterTypeName="executor://xunit/VsTestRunner3/netcore/" className="BdoGrindTracker.Ocr.Tests.SecondaryLootOcrRecognizerTests" name="BundledNativeEngineRecognizesARealRenderedRow" />
    </UnitTest>
    <UnitTest name="BdoGrindTracker.Ocr.Tests.SecondaryLootOcrRecognizerTests.DisposedEngineRejectsFurtherReadAndCanBeDisposedTwice" storage="d:\projects\bdo-grind-tracker\tests\bdogrindtracker.ocr.tests\bin\release\net9.0-windows10.0.19041.0\bdogrindtracker.ocr.tests.dll" id="7caf1156-3a19-e72b-1cb9-79b9f1839e83">
      <Execution id="60220b18-8369-47f1-ad76-3a2da32307fb" />
      <TestMethod codeBase="D:\Projects\bdo-grind-tracker\tests\BdoGrindTracker.Ocr.Tests\bin\Release\net9.0-windows10.0.19041.0\BdoGrindTracker.Ocr.Tests.dll" adapterTypeName="executor://xunit/VsTestRunner3/netcore/" className="BdoGrindTracker.Ocr.Tests.SecondaryLootOcrRecognizerTests" name="DisposedEngineRejectsFurtherReadAndCanBeDisposedTwice" />
    </UnitTest>
    <UnitTest name="BdoGrindTracker.Ocr.Tests.SecondaryLootOcrRecognizerTests.SeparateWorkersCanReadEnglishAndGermanAtTheSameTime" storage="d:\projects\bdo-grind-tracker\tests\bdogrindtracker.ocr.tests\bin\release\net9.0-windows10.0.19041.0\bdogrindtracker.ocr.tests.dll" id="978fe809-666a-0423-9609-3a79a74903d0">
      <Execution id="8fa100a8-2178-4246-a952-130efe04c774" />
      <TestMethod codeBase="D:\Projects\bdo-grind-tracker\tests\BdoGrindTracker.Ocr.Tests\bin\Release\net9.0-windows10.0.19041.0\BdoGrindTracker.Ocr.Tests.dll" adapterTypeName="executor://xunit/VsTestRunner3/netcore/" className="BdoGrindTracker.Ocr.Tests.SecondaryLootOcrRecognizerTests" name="SeparateWorkersCanReadEnglishAndGermanAtTheSameTime" />
    </UnitTest>
    <UnitTest name="BdoGrindTracker.Ocr.Tests.SecondaryLootOcrRecognizerTests.CtcCollapsesRepeatsButPreservesRepeatedDigitsSeparatedByBlankAndUnicode" storage="d:\projects\bdo-grind-tracker\tests\bdogrindtracker.ocr.tests\bin\release\net9.0-windows10.0.19041.0\bdogrindtracker.ocr.tests.dll" id="463c130b-7b30-526f-edfb-976614e808fc">
      <Execution id="6b3ba376-cbc9-4f7c-bd10-a518c682306d" />
      <TestMethod codeBase="D:\Projects\bdo-grind-tracker\tests\BdoGrindTracker.Ocr.Tests\bin\Release\net9.0-windows10.0.19041.0\BdoGrindTracker.Ocr.Tests.dll" adapterTypeName="executor://xunit/VsTestRunner3/netcore/" className="BdoGrindTracker.Ocr.Tests.SecondaryLootOcrRecognizerTests" name="CtcCollapsesRepeatsButPreservesRepeatedDigitsSeparatedByBlankAndUnicode" />
    </UnitTest>
    <UnitTest name="BdoGrindTracker.Ocr.Tests.SecondaryLootOcrRecognizerTests.TensorKeepsBgrOrderAspectRatioAndNormalizedZeroPadding" storage="d:\projects\bdo-grind-tracker\tests\bdogrindtracker.ocr.tests\bin\release\net9.0-windows10.0.19041.0\bdogrindtracker.ocr.tests.dll" id="5be46d01-2ff6-5df1-42b9-0e8eb2789f5c">
      <Execution id="6cd2818a-e091-4fe0-8358-7a4ff79114b8" />
      <TestMethod codeBase="D:\Projects\bdo-grind-tracker\tests\BdoGrindTracker.Ocr.Tests\bin\Release\net9.0-windows10.0.19041.0\BdoGrindTracker.Ocr.Tests.dll" adapterTypeName="executor://xunit/VsTestRunner3/netcore/" className="BdoGrindTracker.Ocr.Tests.SecondaryLootOcrRecognizerTests" name="TensorKeepsBgrOrderAspectRatioAndNormalizedZeroPadding" />
    </UnitTest>
    <UnitTest name="BdoGrindTracker.Ocr.Tests.SecondaryLootOcrRecognizerTests.BundledModelHasTheVerifiedUpstreamBytes" storage="d:\projects\bdo-grind-tracker\tests\bdogrindtracker.ocr.tests\bin\release\net9.0-windows10.0.19041.0\bdogrindtracker.ocr.tests.dll" id="72f45287-42af-812d-880b-2767b5f588af">
      <Execution id="5fba4f72-635c-4777-bd12-734621c61c0a" />
      <TestMethod codeBase="D:\Projects\bdo-grind-tracker\tests\BdoGrindTracker.Ocr.Tests\bin\Release\net9.0-windows10.0.19041.0\BdoGrindTracker.Ocr.Tests.dll" adapterTypeName="executor://xunit/VsTestRunner3/netcore/" className="BdoGrindTracker.Ocr.Tests.SecondaryLootOcrRecognizerTests" name="BundledModelHasTheVerifiedUpstreamBytes" />
    </UnitTest>
    <UnitTest name="BdoGrindTracker.Ocr.Tests.SecondaryLootOcrRecognizerTests.MissingModelReportsItsExpectedLocalPath" storage="d:\projects\bdo-grind-tracker\tests\bdogrindtracker.ocr.tests\bin\release\net9.0-windows10.0.19041.0\bdogrindtracker.ocr.tests.dll" id="6374a6d7-9f09-f173-a11a-714c1175be20">
      <Execution id="6c414939-2c14-4a17-be47-569515c8e3dd" />
      <TestMethod codeBase="D:\Projects\bdo-grind-tracker\tests\BdoGrindTracker.Ocr.Tests\bin\Release\net9.0-windows10.0.19041.0\BdoGrindTracker.Ocr.Tests.dll" adapterTypeName="executor://xunit/VsTestRunner3/netcore/" className="BdoGrindTracker.Ocr.Tests.SecondaryLootOcrRecognizerTests" name="MissingModelReportsItsExpectedLocalPath" />
    </UnitTest>
  </TestDefinitions>
  <TestEntries>
    <TestEntry testId="5be46d01-2ff6-5df1-42b9-0e8eb2789f5c" executionId="6cd2818a-e091-4fe0-8358-7a4ff79114b8" testListId="8c84fa94-04c1-424b-9868-57a2d4851a1d" />
    <TestEntry testId="6374a6d7-9f09-f173-a11a-714c1175be20" executionId="6c414939-2c14-4a17-be47-569515c8e3dd" testListId="8c84fa94-04c1-424b-9868-57a2d4851a1d" />
    <TestEntry testId="0b45c917-2f1a-f2fb-997c-ad07ac80278b" executionId="68603b14-6876-4bf7-b5e3-40c0a1e4e4fb" testListId="8c84fa94-04c1-424b-9868-57a2d4851a1d" />
    <TestEntry testId="72f45287-42af-812d-880b-2767b5f588af" executionId="5fba4f72-635c-4777-bd12-734621c61c0a" testListId="8c84fa94-04c1-424b-9868-57a2d4851a1d" />
    <TestEntry testId="978fe809-666a-0423-9609-3a79a74903d0" executionId="8fa100a8-2178-4246-a952-130efe04c774" testListId="8c84fa94-04c1-424b-9868-57a2d4851a1d" />
    <TestEntry testId="7eb6724d-24f3-f469-8334-ad1a12bf466c" executionId="fc18da66-acdc-4e0f-be4c-8e718d13eb58" testListId="8c84fa94-04c1-424b-9868-57a2d4851a1d" />
    <TestEntry testId="463c130b-7b30-526f-edfb-976614e808fc" executionId="6b3ba376-cbc9-4f7c-bd10-a518c682306d" testListId="8c84fa94-04c1-424b-9868-57a2d4851a1d" />
    <TestEntry testId="7caf1156-3a19-e72b-1cb9-79b9f1839e83" executionId="60220b18-8369-47f1-ad76-3a2da32307fb" testListId="8c84fa94-04c1-424b-9868-57a2d4851a1d" />
    <TestEntry testId="038a6d3b-ea9d-e9e6-ee53-4fbd01e20456" executionId="aef908d4-dd92-4e29-91eb-1c81580055e3" testListId="8c84fa94-04c1-424b-9868-57a2d4851a1d" />
    <TestEntry testId="ad039ff6-226e-2070-90d0-631f13ad049f" executionId="3a84cbea-2e76-4a03-ad67-0773471a0b60" testListId="8c84fa94-04c1-424b-9868-57a2d4851a1d" />
  </TestEntries>
  <TestLists>
    <TestList name="Ergebnisse nicht in einer Liste" id="8c84fa94-04c1-424b-9868-57a2d4851a1d" />
    <TestList name="Alle geladenen Ergebnisse" id="19431567-8539-422a-85d7-44ee4e166bda" />
  </TestLists>
  <ResultSummary outcome="Failed">
    <Counters total="10" executed="10" passed="8" failed="2" error="0" timeout="0" aborted="0" inconclusive="0" passedButRunAborted="0" notRunnable="0" notExecuted="0" disconnected="0" warning="0" completed="0" inProgress="0" pending="0" />
    <Output>
      <StdOut>[xUnit.net 00:00:00.00] xUnit.net VSTest Adapter v3.1.4+50e68bbb8b (64-bit .NET 9.0.10)&#xD;
[xUnit.net 00:00:00.03]   Discovering: BdoGrindTracker.Ocr.Tests&#xD;
[xUnit.net 00:00:00.08]   Discovered:  BdoGrindTracker.Ocr.Tests&#xD;
[xUnit.net 00:00:00.09]   Starting:    BdoGrindTracker.Ocr.Tests&#xD;
[xUnit.net 00:00:00.32]       Assert.Equal() Failure: Strings differ&#xD;
[xUnit.net 00:00:00.33]                          ↓ (pos 8)&#xD;
[xUnit.net 00:00:00.33]       Expected: "Bruchstückx12"&#xD;
[xUnit.net 00:00:00.33]       Actual:   "Bruchstüukx12"&#xD;
[xUnit.net 00:00:00.33]                          ↑ (pos 8)&#xD;
[xUnit.net 00:00:00.33]       Stack Trace:&#xD;
[xUnit.net 00:00:00.33]         D:\Projects\bdo-grind-tracker\tests\BdoGrindTracker.Ocr.Tests\SecondaryLootOcrRecognizerTests.cs(39,0): at BdoGrindTracker.Ocr.Tests.SecondaryLootOcrRecognizerTests.BundledNativeEngineRecognizesARealRenderedRow(String language, String text)&#xD;
[xUnit.net 00:00:00.33]            at System.RuntimeMethodHandle.InvokeMethod(Object target, Void** arguments, Signature sig, Boolean isConstructor)&#xD;
[xUnit.net 00:00:00.33]            at System.Reflection.MethodBaseInvoker.InvokeDirectByRefWithFewArgs(Object obj, Span`1 copyOfArgs, BindingFlags invokeAttr)&#xD;
[xUnit.net 00:00:00.53]       Assert.Equal() Failure: Strings differ&#xD;
[xUnit.net 00:00:00.53]                          ↓ (pos 8)&#xD;
[xUnit.net 00:00:00.53]       Expected: "Bruchstückx12"&#xD;
[xUnit.net 00:00:00.53]       Actual:   "Bruchstüukx12"&#xD;
[xUnit.net 00:00:00.53]                          ↑ (pos 8)&#xD;
[xUnit.net 00:00:00.53]       Stack Trace:&#xD;
[xUnit.net 00:00:00.53]         D:\Projects\bdo-grind-tracker\tests\BdoGrindTracker.Ocr.Tests\SecondaryLootOcrRecognizerTests.cs(84,0): at BdoGrindTracker.Ocr.Tests.SecondaryLootOcrRecognizerTests.SeparateWorkersCanReadEnglishAndGermanAtTheSameTime()&#xD;
[xUnit.net 00:00:00.53]         --- End of stack trace from previous location ---&#xD;
[xUnit.net 00:00:00.67]   Finished:    BdoGrindTracker.Ocr.Tests&#xD;
</StdOut>
    </Output>
    <RunInfos>
      <RunInfo computerName="MARKUSPC" outcome="Error" timestamp="2026-09-10T09:08:23.7375333+02:00">
        <Text>[xUnit.net 00:00:00.32]     BdoGrindTracker.Ocr.Tests.SecondaryLootOcrRecognizerTests.BundledNativeEngineRecognizesARealRenderedRow(language: "de-DE", text: "Bruchstück x 12") [FAIL]</Text>
      </RunInfo>
      <RunInfo computerName="MARKUSPC" outcome="Error" timestamp="2026-09-10T09:08:23.9408960+02:00">
        <Text>[xUnit.net 00:00:00.53]     BdoGrindTracker.Ocr.Tests.SecondaryLootOcrRecognizerTests.SeparateWorkersCanReadEnglishAndGermanAtTheSameTime [FAIL]</Text>
      </RunInfo>
    </RunInfos>
  </ResultSummary>
</TestRun>