<?xml version="1.0" encoding="utf-8"?>
<TestRun id="f0290a41-2293-419b-ac18-de473e190aa8" name="marku@MARKUSPC 2026-09-10 09:56:48" runUser="MARKUSPC\marku" xmlns="http://microsoft.com/schemas/VisualStudio/TeamTest/2010">
  <Times creation="2026-09-10T09:56:48.3607955+02:00" queuing="2026-09-10T09:56:48.3607957+02:00" start="2026-09-10T09:56:47.9352470+02:00" finish="2026-09-10T09:56:49.2789969+02:00" />
  <TestSettings name="default" id="81d38ea1-7b31-43f4-b552-bfe9ae8b18e4">
    <Deployment runDeploymentRoot="marku_MARKUSPC_2026-09-10_09_56_48" />
  </TestSettings>
  <Results>
    <UnitTestResult executionId="c5529639-cd90-4230-b3f4-6865ab3554a0" testId="195e2aac-4e8b-b271-73d5-4fb82d2a12ab" testName="BdoGrindTracker.Ocr.Tests.CompanionTextPipelineTests.Process_ZeroRareOcrQuantityKeepsSingleItemFallback(input: &quot;Helmet x0&quot;, templateQuantity: -1)" computerName="MARKUSPC" duration="00:00:00.0000512" startTime="2026-09-10T09:56:48.3600087+02:00" endTime="2026-09-10T09:56:48.3600983+02:00" testType="13cdc9d9-ddb5-4fa4-a97d-d965ccfc6d4b" outcome="Passed" testListId="8c84fa94-04c1-424b-9868-57a2d4851a1d" relativeResultsDirectory="c5529639-cd90-4230-b3f4-6865ab3554a0" />
    <UnitTestResult executionId="2ee5bdb9-0081-4a8f-9ed9-51b2f8a7e09f" testId="a4d39cb4-05ae-f70f-0f97-d86355ff49ce" testName="BdoGrindTracker.Ocr.Tests.CompanionDigitTemplateLoaderTests.Load_DecodesGrayscaleThenBlursBeforeCubicUpscaling" computerName="MARKUSPC" duration="00:00:00.0004591" startTime="2026-09-10T09:56:48.3731579+02:00" endTime="2026-09-10T09:56:48.3731723+02:00" testType="13cdc9d9-ddb5-4fa4-a97d-d965ccfc6d4b" outcome="Passed" testListId="8c84fa94-04c1-424b-9868-57a2d4851a1d" relativeResultsDirectory="2ee5bdb9-0081-4a8f-9ed9-51b2f8a7e09f" />
    <UnitTestResult executionId="aef24029-2782-4b03-ad5a-4e9d41297b9b" testId="c9a44135-9d71-1981-09d3-d5baa416a15b" testName="BdoGrindTracker.Ocr.Tests.CompanionTextPipelineTests.Process_QuantityRegexIsCaseSensitiveAndAllowsAtMostOneSpace(input: &quot;Black Stone V123&quot;)" computerName="MARKUSPC" duration="00:00:00.0000557" startTime="2026-09-10T09:56:48.3592465+02:00" endTime="2026-09-10T09:56:48.3592672+02:00" testType="13cdc9d9-ddb5-4fa4-a97d-d965ccfc6d4b" outcome="Passed" testListId="8c84fa94-04c1-424b-9868-57a2d4851a1d" relativeResultsDirectory="aef24029-2782-4b03-ad5a-4e9d41297b9b" />
    <UnitTestResult executionId="d7c518a4-43fe-4b41-a0f3-8fc1d7376006" testId="497e5368-a52a-d3ee-0f27-dc0a5aa0cf7a" testName="BdoGrindTracker.Ocr.Tests.NormalLootRecoveryPreprocessorTests.RecoveryDoesNotRequireQuantityRegionToProduceNameView" computerName="MARKUSPC" duration="00:00:00.0004998" startTime="2026-09-10T09:56:48.3728109+02:00" endTime="2026-09-10T09:56:48.3728273+02:00" testType="13cdc9d9-ddb5-4fa4-a97d-d965ccfc6d4b" outcome="Passed" testListId="8c84fa94-04c1-424b-9868-57a2d4851a1d" relativeResultsDirectory="d7c518a4-43fe-4b41-a0f3-8fc1d7376006" />
    <UnitTestResult executionId="ce8b2bea-7ffb-4ae1-ad1a-d8f29414d625" testId="07285c54-33df-8d9b-5ae4-67a07729c48e" testName="BdoGrindTracker.Ocr.Tests.CompanionNormalRowProcessorTests.MinimumValueUsesCompanionsOrderedLumaThresholds(averageLuma: 110, expected: 172)" computerName="MARKUSPC" duration="00:00:00.0000047" startTime="2026-09-10T09:56:48.3687725+02:00" endTime="2026-09-10T09:56:48.3687948+02:00" testType="13cdc9d9-ddb5-4fa4-a97d-d965ccfc6d4b" outcome="Passed" testListId="8c84fa94-04c1-424b-9868-57a2d4851a1d" relativeResultsDirectory="ce8b2bea-7ffb-4ae1-ad1a-d8f29414d625" />
    <UnitTestResult executionId="dadbd93d-ba5b-4663-8d3a-04defaccadfe" testId="fcbd45bb-9e80-4681-4501-ddf0558250b7" testName="BdoGrindTracker.Ocr.Tests.CompanionTextPipelineTests.Process_ExtractsTheFirstVerifiedQuantityForm(input: &quot;Black Stone vi&quot;, expectedQuantity: 1)" computerName="MARKUSPC" duration="00:00:00.0000032" startTime="2026-09-10T09:56:48.3554891+02:00" endTime="2026-09-10T09:56:48.3555278+02:00" testType="13cdc9d9-ddb5-4fa4-a97d-d965ccfc6d4b" outcome="Passed" testListId="8c84fa94-04c1-424b-9868-57a2d4851a1d" relativeResultsDirectory="dadbd93d-ba5b-4663-8d3a-04defaccadfe" />
    <UnitTestResult executionId="e4c4dde6-b921-43fb-a172-fe0a19f441ac" testId="c7ae0e6a-a5d2-f6fc-375d-84c4076489ad" testName="BdoGrindTracker.Ocr.Tests.CompanionCalibrationReaderTests.VisibleRareLogCannotReplaceAMissingOrInvalidMainLog(mainLog: &quot;&lt;UIData Index='159' IsShow='true' RelativePosX='0.&quot;···)" computerName="MARKUSPC" duration="00:00:00.0026249" startTime="2026-09-10T09:56:48.3845922+02:00" endTime="2026-09-10T09:56:48.3872284+02:00" testType="13cdc9d9-ddb5-4fa4-a97d-d965ccfc6d4b" outcome="Passed" testListId="8c84fa94-04c1-424b-9868-57a2d4851a1d" relativeResultsDirectory="e4c4dde6-b921-43fb-a172-fe0a19f441ac" />
    <UnitTestResult executionId="2c7bc1f1-45dc-45c1-ba8b-347031468680" testId="3c3096fa-7476-b1a1-6c64-ab0a04e33467" testName="BdoGrindTracker.Ocr.Tests.CompanionQuantityRecognizerTests.Recognize_ComposesDigitsFromLeftToRightAfterBackwardGrouping" computerName="MARKUSPC" duration="00:00:00.0007282" startTime="2026-09-10T09:56:48.3693341+02:00" endTime="2026-09-10T09:56:48.3703223+02:00" testType="13cdc9d9-ddb5-4fa4-a97d-d965ccfc6d4b" outcome="Passed" testListId="8c84fa94-04c1-424b-9868-57a2d4851a1d" relativeResultsDirectory="2c7bc1f1-45dc-45c1-ba8b-347031468680" />
    <UnitTestResult executionId="8366907e-9a38-48e7-87c5-44ddbcdb5386" testId="6d38ff11-9f16-ca3d-f607-92dbd9ca18ec" testName="BdoGrindTracker.Ocr.Tests.CompanionTextPipelineTests.Process_RustEndAnchorDoesNotMatchBeforeTheWhitespaceThatIsTrimmedLater" computerName="MARKUSPC" duration="00:00:00.0000366" startTime="2026-09-10T09:56:48.3620819+02:00" endTime="2026-09-10T09:56:48.3620967+02:00" testType="13cdc9d9-ddb5-4fa4-a97d-d965ccfc6d4b" outcome="Passed" testListId="8c84fa94-04c1-424b-9868-57a2d4851a1d" relativeResultsDirectory="8366907e-9a38-48e7-87c5-44ddbcdb5386" />
    <UnitTestResult executionId="6b87799a-1a31-4e02-a587-f7649c60a8fe" testId="a49b89d4-1477-2829-309e-f6caa6c99ce0" testName="BdoGrindTracker.Ocr.Tests.CompanionWindowsOcrRecognizerTests.AvailableNativeEngineReturnsOwnedWordGeometryFromTheOriginalRead(language: &quot;de-DE&quot;, text: &quot;Bruchstück x 12&quot;, scale: 1,5)" computerName="MARKUSPC" duration="00:00:00.0478042" startTime="2026-09-10T09:56:48.3734722+02:00" endTime="2026-09-10T09:56:48.4189581+02:00" testType="13cdc9d9-ddb5-4fa4-a97d-d965ccfc6d4b" outcome="Passed" testListId="8c84fa94-04c1-424b-9868-57a2d4851a1d" relativeResultsDirectory="6b87799a-1a31-4e02-a587-f7649c60a8fe" />
    <UnitTestResult executionId="ac61a92c-fe0c-4d16-a41f-b93c363de035" testId="bdcd0f48-562f-0492-4d53-4aa44f97aa5d" testName="BdoGrindTracker.Ocr.Tests.CompanionNormalLootGeometryTests.RarePanelUsesUiData161AnchorAndModeOneLeftExtent" computerName="MARKUSPC" duration="00:00:00.0041874" startTime="2026-09-10T09:56:48.3361719+02:00" endTime="2026-09-10T09:56:48.3506755+02:00" testType="13cdc9d9-ddb5-4fa4-a97d-d965ccfc6d4b" outcome="Passed" testListId="8c84fa94-04c1-424b-9868-57a2d4851a1d" relativeResultsDirectory="ac61a92c-fe0c-4d16-a41f-b93c363de035" />
    <UnitTestResult executionId="e8f39b87-5d14-48f4-9f38-089f8532c572" testId="51885219-dd54-fb92-0966-8a7aca8def27" testName="BdoGrindTracker.Ocr.Tests.CompanionNormalRowProcessorTests.MinimumValueUsesCompanionsOrderedLumaThresholds(averageLuma: 80, expected: 171)" computerName="MARKUSPC" duration="00:00:00.0000006" startTime="2026-09-10T09:56:48.3694754+02:00" endTime="2026-09-10T09:56:48.3694979+02:00" testType="13cdc9d9-ddb5-4fa4-a97d-d965ccfc6d4b" outcome="Passed" testListId="8c84fa94-04c1-424b-9868-57a2d4851a1d" relativeResultsDirectory="e8f39b87-5d14-48f4-9f38-089f8532c572" />
    <UnitTestResult executionId="3fa56736-e50c-4a70-acff-c5767616a372" testId="23788329-1345-49e8-fa71-50b41eddeb9d" testName="BdoGrindTracker.Ocr.Tests.CompanionTextPipelineTests.Process_ZeroOcrQuantityUsesPositiveTemplateOrRemainsMissing(input: &quot;Helmet x00&quot;, templateQuantity: 0, expectedQuantity: -1)" computerName="MARKUSPC" duration="00:00:00.0001161" startTime="2026-09-10T09:56:48.3584082+02:00" endTime="2026-09-10T09:56:48.3584479+02:00" testType="13cdc9d9-ddb5-4fa4-a97d-d965ccfc6d4b" outcome="Passed" testListId="8c84fa94-04c1-424b-9868-57a2d4851a1d" relativeResultsDirectory="3fa56736-e50c-4a70-acff-c5767616a372" />
    <UnitTestResult executionId="d1fe6af0-92e5-40df-94b7-f436b4484a95" testId="f94126da-c6e4-e2a9-4947-648eacd6fa07" testName="BdoGrindTracker.Ocr.Tests.BlackDesertLanguageReaderTests.ReadsTextResourcesWithoutConfusingLauncherVoiceOrChatLanguages(resource: &quot;de-DE&quot;, expected: &quot;de&quot;)" computerName="MARKUSPC" duration="00:00:00.0026953" startTime="2026-09-10T09:56:48.3715918+02:00" endTime="2026-09-10T09:56:48.3717511+02:00" testType="13cdc9d9-ddb5-4fa4-a97d-d965ccfc6d4b" outcome="Passed" testListId="8c84fa94-04c1-424b-9868-57a2d4851a1d" relativeResultsDirectory="d1fe6af0-92e5-40df-94b7-f436b4484a95" />
    <UnitTestResult executionId="8dc75452-a9bb-4ccd-a28d-28639043d2e2" testId="747211e5-7f0a-b149-dc53-f8a0e49d6018" testName="BdoGrindTracker.Ocr.Tests.PaddleLootRowPreprocessorTests.CropTracksGameUiScaleAndPreservesTextWithoutThresholds(scale: 2)" computerName="MARKUSPC" duration="00:00:00.0168161" startTime="2026-09-10T09:56:48.3361364+02:00" endTime="2026-09-10T09:56:48.3626687+02:00" testType="13cdc9d9-ddb5-4fa4-a97d-d965ccfc6d4b" outcome="Passed" testListId="8c84fa94-04c1-424b-9868-57a2d4851a1d" relativeResultsDirectory="8dc75452-a9bb-4ccd-a28d-28639043d2e2" />
    <UnitTestResult executionId="ae43dd15-8dd8-4069-abe0-508f94bd65d7" testId="a20ac9f1-24b3-a3b7-382f-587413adcd2e" testName="BdoGrindTracker.Ocr.Tests.CompanionNormalRowProcessorTests.NormalPathProducesTheVerifiedNoQuantityNameGeometry" computerName="MARKUSPC" duration="00:00:00.0014127" startTime="2026-09-10T09:56:48.3702725+02:00" endTime="2026-09-10T09:56:48.3704725+02:00" testType="13cdc9d9-ddb5-4fa4-a97d-d965ccfc6d4b" outcome="Passed" testListId="8c84fa94-04c1-424b-9868-57a2d4851a1d" relativeResultsDirectory="ae43dd15-8dd8-4069-abe0-508f94bd65d7" />
    <UnitTestResult executionId="3fe6223e-173e-4be8-a1a5-bccaefd82cb6" testId="a22d43e5-ddaa-b792-92fa-9e2c1812177c" testName="BdoGrindTracker.Ocr.Tests.CompanionTextPipelineTests.Process_ZeroOcrQuantityUsesPositiveTemplateOrRemainsMissing(input: &quot;Helmet x0&quot;, templateQuantity: -1, expectedQuantity: -1)" computerName="MARKUSPC" duration="00:00:00.0000034" startTime="2026-09-10T09:56:48.3589835+02:00" endTime="2026-09-10T09:56:48.3590026+02:00" testType="13cdc9d9-ddb5-4fa4-a97d-d965ccfc6d4b" outcome="Passed" testListId="8c84fa94-04c1-424b-9868-57a2d4851a1d" relativeResultsDirectory="3fe6223e-173e-4be8-a1a5-bccaefd82cb6" />
    <UnitTestResult executionId="934ad631-5192-4d43-abee-bf76a3a9f0b4" testId="45b0a2a8-06d7-411a-49db-f6d77da02f3c" testName="BdoGrindTracker.Ocr.Tests.CompanionRareRowProcessorTests.ModeOneFontGreaterThanOneUsesThePreOrHsvTextMask" computerName="MARKUSPC" duration="00:00:00.0201456" startTime="2026-09-10T09:56:48.3361793+02:00" endTime="2026-09-10T09:56:48.3633234+02:00" testType="13cdc9d9-ddb5-4fa4-a97d-d965ccfc6d4b" outcome="Passed" testListId="8c84fa94-04c1-424b-9868-57a2d4851a1d" relativeResultsDirectory="934ad631-5192-4d43-abee-bf76a3a9f0b4" />
    <UnitTestResult executionId="95af9c60-7e77-4e27-bee6-4675baac0bd6" testId="712a6d52-3f35-d06f-007d-8b1e1e56bb07" testName="BdoGrindTracker.Ocr.Tests.CompanionNormalRowProcessorTests.MinimumValueUsesCompanionsOrderedLumaThresholds(averageLuma: 115, expected: 175)" computerName="MARKUSPC" duration="00:00:00.0000009" startTime="2026-09-10T09:56:48.3688846+02:00" endTime="2026-09-10T09:56:48.3689257+02:00" testType="13cdc9d9-ddb5-4fa4-a97d-d965ccfc6d4b" outcome="Passed" testListId="8c84fa94-04c1-424b-9868-57a2d4851a1d" relativeResultsDirectory="95af9c60-7e77-4e27-bee6-4675baac0bd6" />
    <UnitTestResult executionId="8e55a78a-314a-488d-b356-bf4dfe09dc04" testId="3059756d-0f8c-d715-c433-e23beecffbd9" testName="BdoGrindTracker.Ocr.Tests.CompanionTextPipelineTests.Process_AppliesTheVerifiedRegexRepairs(input: &quot;Tainted Golem's Heart&quot;, expected: &quot;Tainted Golem's Heart Fragment&quot;)" computerName="MARKUSPC" duration="00:00:00.0000891" startTime="2026-09-10T09:56:48.3565520+02:00" endTime="2026-09-10T09:56:48.3565799+02:00" testType="13cdc9d9-ddb5-4fa4-a97d-d965ccfc6d4b" outcome="Passed" testListId="8c84fa94-04c1-424b-9868-57a2d4851a1d" relativeResultsDirectory="8e55a78a-314a-488d-b356-bf4dfe09dc04" />
    <UnitTestResult executionId="b36f5171-1d35-4aca-a7d1-f71cc0a98b18" testId="167e5375-cca1-a015-32f6-14e124406720" testName="BdoGrindTracker.Ocr.Tests.CompanionDigitTemplateLoaderTests.Load_SelectsOneFontAndReturnsPresentDigitsInAscendingOrder" computerName="MARKUSPC" duration="00:00:00.0007686" startTime="2026-09-10T09:56:48.3729346+02:00" endTime="2026-09-10T09:56:48.3729543+02:00" testType="13cdc9d9-ddb5-4fa4-a97d-d965ccfc6d4b" outcome="Passed" testListId="8c84fa94-04c1-424b-9868-57a2d4851a1d" relativeResultsDirectory="b36f5171-1d35-4aca-a7d1-f71cc0a98b18" />
    <UnitTestResult executionId="b6561fa6-52e3-4f0d-aead-447df9b3baef" testId="d289d471-3196-3b25-c5d6-8893c5dcb4d9" testName="BdoGrindTracker.Ocr.Tests.CompanionTextPipelineTests.Process_ZeroOcrQuantityUsesPositiveTemplateOrRemainsMissing(input: &quot;Helmet x0&quot;, templateQuantity: 0, expectedQuantity: -1)" computerName="MARKUSPC" duration="00:00:00.0000039" startTime="2026-09-10T09:56:48.3590278+02:00" endTime="2026-09-10T09:56:48.3590487+02:00" testType="13cdc9d9-ddb5-4fa4-a97d-d965ccfc6d4b" outcome="Passed" testListId="8c84fa94-04c1-424b-9868-57a2d4851a1d" relativeResultsDirectory="b6561fa6-52e3-4f0d-aead-447df9b3baef" />
    <UnitTestResult executionId="3641c03e-131b-4893-80c6-84f268322a82" testId="1000b43a-bfa9-8221-b872-8df0945db064" testName="BdoGrindTracker.Ocr.Tests.CompanionTextPipelineTests.Process_UsesModeSpecificFallbackWhenQuantityIsNotParsed" computerName="MARKUSPC" duration="00:00:00.0000643" startTime="2026-09-10T09:56:48.3621277+02:00" endTime="2026-09-10T09:56:48.3621415+02:00" testType="13cdc9d9-ddb5-4fa4-a97d-d965ccfc6d4b" outcome="Passed" testListId="8c84fa94-04c1-424b-9868-57a2d4851a1d" relativeResultsDirectory="3641c03e-131b-4893-80c6-84f268322a82" />
    <UnitTestResult executionId="5782cd94-b494-493a-a2d1-b269d1389a38" testId="08132aaa-0d36-c813-52c7-95d1330f640c" testName="BdoGrindTracker.Ocr.Tests.CompanionCalibrationReaderTests.VisibleRareLogCannotReplaceAMissingOrInvalidMainLog(mainLog: &quot;&quot;)" computerName="MARKUSPC" duration="00:00:00.0033139" startTime="2026-09-10T09:56:48.3717250+02:00" endTime="2026-09-10T09:56:48.3724435+02:00" testType="13cdc9d9-ddb5-4fa4-a97d-d965ccfc6d4b" outcome="Passed" testListId="8c84fa94-04c1-424b-9868-57a2d4851a1d" relativeResultsDirectory="5782cd94-b494-493a-a2d1-b269d1389a38" />
    <UnitTestResult executionId="22d1a40e-cf6a-4f54-bc77-f58e64a3e9e1" testId="a53e9da7-3b6b-b063-913b-7689d1da1f8e" testName="BdoGrindTracker.Ocr.Tests.CompanionTextPipelineTests.NormalizeRawText_AppliesLiteralRepairsAfterCharacterRemoval" computerName="MARKUSPC" duration="00:00:00.0000439" startTime="2026-09-10T09:56:48.3608597+02:00" endTime="2026-09-10T09:56:48.3608820+02:00" testType="13cdc9d9-ddb5-4fa4-a97d-d965ccfc6d4b" outcome="Passed" testListId="8c84fa94-04c1-424b-9868-57a2d4851a1d" relativeResultsDirectory="22d1a40e-cf6a-4f54-bc77-f58e64a3e9e1" />
    <UnitTestResult executionId="3b2e6907-bb84-4cee-96bb-4e6ab6309ea0" testId="9308b14a-bc79-49d7-1e5c-336c58dbfa91" testName="BdoGrindTracker.Ocr.Tests.NormalLootRecoveryPreprocessorTests.AdjacentDigitsRemainOneGroup(variant: AdaptiveThreshold)" computerName="MARKUSPC" duration="00:00:00.0011883" startTime="2026-09-10T09:56:48.3723288+02:00" endTime="2026-09-10T09:56:48.3725288+02:00" testType="13cdc9d9-ddb5-4fa4-a97d-d965ccfc6d4b" outcome="Passed" testListId="8c84fa94-04c1-424b-9868-57a2d4851a1d" relativeResultsDirectory="3b2e6907-bb84-4cee-96bb-4e6ab6309ea0" />
    <UnitTestResult executionId="1b6d9824-6474-4373-b321-ecac677152cc" testId="ea5f2959-5ce6-b907-f200-5a3d15457eaf" testName="BdoGrindTracker.Ocr.Tests.ToneMappedNormalRowProcessorTests.DigitLikeStrokeInsideItemNameCannotCropAwayTheRestOfTheRow" computerName="MARKUSPC" duration="00:00:00.0011934" startTime="2026-09-10T09:56:48.3658423+02:00" endTime="2026-09-10T09:56:48.3658960+02:00" testType="13cdc9d9-ddb5-4fa4-a97d-d965ccfc6d4b" outcome="Passed" testListId="8c84fa94-04c1-424b-9868-57a2d4851a1d" relativeResultsDirectory="1b6d9824-6474-4373-b321-ecac677152cc" />
    <UnitTestResult executionId="6ccd58e8-a158-4728-8bd5-155d1d76e846" testId="8f7aeebf-9e3e-d2c9-bc7b-50591fc74c1f" testName="BdoGrindTracker.Ocr.Tests.NormalLootRecoveryPreprocessorTests.DimTextRejectedByBaselineIsStillAvailableForRecovery(variant: Grayscale)" computerName="MARKUSPC" duration="00:00:00.0020540" startTime="2026-09-10T09:56:48.3740416+02:00" endTime="2026-09-10T09:56:48.3759701+02:00" testType="13cdc9d9-ddb5-4fa4-a97d-d965ccfc6d4b" outcome="Passed" testListId="8c84fa94-04c1-424b-9868-57a2d4851a1d" relativeResultsDirectory="6ccd58e8-a158-4728-8bd5-155d1d76e846" />
    <UnitTestResult executionId="879acd6d-c234-4003-b914-cdf5a28aff7a" testId="e0acecba-88ec-58dd-17e6-9fd925f7c8ae" testName="BdoGrindTracker.Ocr.Tests.CompanionDigitTemplateLoaderTests.LoadConfiguredPair_ReproducesBothCallSiteRecipes(font: DejaVu, customHp: False, firstHeight: 23, firstThreshold: 0,720000029, secondHeight: 13, secondThreshold: 0,680000007)" computerName="MARKUSPC" duration="00:00:00.0001758" startTime="2026-09-10T09:56:48.3701608+02:00" endTime="2026-09-10T09:56:48.3703951+02:00" testType="13cdc9d9-ddb5-4fa4-a97d-d965ccfc6d4b" outcome="Passed" testListId="8c84fa94-04c1-424b-9868-57a2d4851a1d" relativeResultsDirectory="879acd6d-c234-4003-b914-cdf5a28aff7a" />
    <UnitTestResult executionId="495df70d-bfa9-430d-9dee-aa1a81f0f8b6" testId="7f3d6f49-9e12-a2f6-07a7-30abbd266678" testName="BdoGrindTracker.Ocr.Tests.CompanionNormalRowProcessorTests.MinimumValueUsesCompanionsOrderedLumaThresholds(averageLuma: 120, expected: 176)" computerName="MARKUSPC" duration="00:00:00.0000024" startTime="2026-09-10T09:56:48.3688312+02:00" endTime="2026-09-10T09:56:48.3688505+02:00" testType="13cdc9d9-ddb5-4fa4-a97d-d965ccfc6d4b" outcome="Passed" testListId="8c84fa94-04c1-424b-9868-57a2d4851a1d" relativeResultsDirectory="495df70d-bfa9-430d-9dee-aa1a81f0f8b6" />
    <UnitTestResult executionId="50d64f58-769d-478f-b7df-b5ccfe99c052" testId="f4ef6981-3cc2-2893-117e-6eaa427934e1" testName="BdoGrindTracker.Ocr.Tests.ToneMappedNormalRowProcessorTests.PaleNeutralLettersSurviveWhileDarkerNeutralSceneryIsRemoved" computerName="MARKUSPC" duration="00:00:00.0201566" startTime="2026-09-10T09:56:48.3361510+02:00" endTime="2026-09-10T09:56:48.3635408+02:00" testType="13cdc9d9-ddb5-4fa4-a97d-d965ccfc6d4b" outcome="Passed" testListId="8c84fa94-04c1-424b-9868-57a2d4851a1d" relativeResultsDirectory="50d64f58-769d-478f-b7df-b5ccfe99c052" />
    <UnitTestResult executionId="41ff3d11-6cd7-495f-a5be-2fe0eccdbf21" testId="f857eb53-6f0b-6613-f25e-2eacf9f06794" testName="BdoGrindTracker.Ocr.Tests.CompanionCalibrationReaderTests.FontMappingMatchesCompanion(rawFont: null, expected: CabinDroid)" computerName="MARKUSPC" duration="00:00:00.0023140" startTime="2026-09-10T09:56:48.4006263+02:00" endTime="2026-09-10T09:56:48.4029314+02:00" testType="13cdc9d9-ddb5-4fa4-a97d-d965ccfc6d4b" outcome="Passed" testListId="8c84fa94-04c1-424b-9868-57a2d4851a1d" relativeResultsDirectory="41ff3d11-6cd7-495f-a5be-2fe0eccdbf21" />
    <UnitTestResult executionId="2e817a24-ce58-4ef4-a1c7-abb1872dd9fc" testId="e5a9acf2-3f7f-ebb8-f320-6f17b85aafca" testName="BdoGrindTracker.Ocr.Tests.CompanionWindowsOcrRecognizerTests.RecognizerAcceptsOnlySupportedEightBitLayouts" computerName="MARKUSPC" duration="00:00:00.0301291" startTime="2026-09-10T09:56:48.3531042+02:00" endTime="2026-09-10T09:56:48.3716067+02:00" testType="13cdc9d9-ddb5-4fa4-a97d-d965ccfc6d4b" outcome="Passed" testListId="8c84fa94-04c1-424b-9868-57a2d4851a1d" relativeResultsDirectory="2e817a24-ce58-4ef4-a1c7-abb1872dd9fc" />
    <UnitTestResult executionId="e3c87a2e-3dc5-483e-b59f-d8c0c3fe0bdb" testId="c0d2bf1b-6a49-6768-a2be-199a2d2a841f" testName="BdoGrindTracker.Ocr.Tests.CompanionRareRowProcessorTests.ModeOneDoesNotApplyTheNormalDarkMeanEarlyReturn" computerName="MARKUSPC" duration="00:00:00.0019296" startTime="2026-09-10T09:56:48.3645926+02:00" endTime="2026-09-10T09:56:48.3658574+02:00" testType="13cdc9d9-ddb5-4fa4-a97d-d965ccfc6d4b" outcome="Passed" testListId="8c84fa94-04c1-424b-9868-57a2d4851a1d" relativeResultsDirectory="e3c87a2e-3dc5-483e-b59f-d8c0c3fe0bdb" />
    <UnitTestResult executionId="93cf85f4-88f4-492c-9b4d-abb23f6d0d54" testId="c5227557-864e-07b8-7ff4-55a0698ed20f" testName="BdoGrindTracker.Ocr.Tests.CompanionTextPipelineTests.Process_AppliesTheVerifiedRegexRepairs(input: &quot;Destroyed Ancient Weapon Stone&quot;, expected: &quot;Destroyed Ancient Weapon Power Stone&quot;)" computerName="MARKUSPC" duration="00:00:00.0000035" startTime="2026-09-10T09:56:48.3569461+02:00" endTime="2026-09-10T09:56:48.3569696+02:00" testType="13cdc9d9-ddb5-4fa4-a97d-d965ccfc6d4b" outcome="Passed" testListId="8c84fa94-04c1-424b-9868-57a2d4851a1d" relativeResultsDirectory="93cf85f4-88f4-492c-9b4d-abb23f6d0d54" />
    <UnitTestResult executionId="3ff209de-719d-4681-a43b-090be1c69bb1" testId="18b501ca-d83e-6aab-6596-4a371afd8eda" testName="BdoGrindTracker.Ocr.Tests.CompanionTextPipelineTests.PassesExpectedWidth_UsesVerifiedPiecewiseBase(recognizedTextWidth: 249, expectedBase: 45)" computerName="MARKUSPC" duration="00:00:00.0000005" startTime="2026-09-10T09:56:48.3491989+02:00" endTime="2026-09-10T09:56:48.3492241+02:00" testType="13cdc9d9-ddb5-4fa4-a97d-d965ccfc6d4b" outcome="Passed" testListId="8c84fa94-04c1-424b-9868-57a2d4851a1d" relativeResultsDirectory="3ff209de-719d-4681-a43b-090be1c69bb1" />
    <UnitTestResult executionId="608d8b08-7bbb-4df0-9c3d-494df9778a5e" testId="269c2778-155d-f21f-8db8-7323967e0183" testName="BdoGrindTracker.Ocr.Tests.CompanionTextPipelineTests.NormalizeRawText_UsesCanonicalDecompositionAndRemovesCombiningMarks" computerName="MARKUSPC" duration="00:00:00.0000382" startTime="2026-09-10T09:56:48.3619801+02:00" endTime="2026-09-10T09:56:48.3619946+02:00" testType="13cdc9d9-ddb5-4fa4-a97d-d965ccfc6d4b" outcome="Passed" testListId="8c84fa94-04c1-424b-9868-57a2d4851a1d" relativeResultsDirectory="608d8b08-7bbb-4df0-9c3d-494df9778a5e" />
    <UnitTestResult executionId="f31fe228-96e6-4bb1-a66b-93a7869ee144" testId="3815bca7-794d-a55e-f4f0-6b4702bf1943" testName="BdoGrindTracker.Ocr.Tests.CompanionRareRowProcessorTests.ModeOneUsesTheFullNormalizedRowAndForcesScaleOne" computerName="MARKUSPC" duration="00:00:00.0007683" startTime="2026-09-10T09:56:48.3643715+02:00" endTime="2026-09-10T09:56:48.3645573+02:00" testType="13cdc9d9-ddb5-4fa4-a97d-d965ccfc6d4b" outcome="Passed" testListId="8c84fa94-04c1-424b-9868-57a2d4851a1d" relativeResultsDirectory="f31fe228-96e6-4bb1-a66b-93a7869ee144" />
    <UnitTestResult executionId="d21961cb-f1b2-4e20-8582-0f9739d9e337" testId="e3f8c04d-5cba-b4b3-956a-c053001ce9e5" testName="BdoGrindTracker.Ocr.Tests.CompanionQuantityRecognizerTests.Recognize_ReturnsNullForAnIsolatedZero" computerName="MARKUSPC" duration="00:00:00.0005457" startTime="2026-09-10T09:56:48.3626488+02:00" endTime="2026-09-10T09:56:48.3627465+02:00" testType="13cdc9d9-ddb5-4fa4-a97d-d965ccfc6d4b" outcome="Passed" testListId="8c84fa94-04c1-424b-9868-57a2d4851a1d" relativeResultsDirectory="d21961cb-f1b2-4e20-8582-0f9739d9e337" />
    <UnitTestResult executionId="538976c3-aa3c-4b79-b9a7-e7d36966b009" testId="30a479d0-c4ef-61e0-56c7-fb914b53097e" testName="BdoGrindTracker.Ocr.Tests.CompanionWindowsOcrRecognizerTests.RareModeBypassesTheNormalFirstWordGeometryGate(status: Success, x: 20, y: 78)" computerName="MARKUSPC" duration="00:00:00.0000811" startTime="2026-09-10T09:56:48.3523251+02:00" endTime="2026-09-10T09:56:48.3523517+02:00" testType="13cdc9d9-ddb5-4fa4-a97d-d965ccfc6d4b" outcome="Passed" testListId="8c84fa94-04c1-424b-9868-57a2d4851a1d" relativeResultsDirectory="538976c3-aa3c-4b79-b9a7-e7d36966b009" />
    <UnitTestResult executionId="4909859c-2558-473a-9520-81b5afe11240" testId="1f04102a-181b-262a-6d72-a4ffcfaff3f4" testName="BdoGrindTracker.Ocr.Tests.NormalLootRecoveryPreprocessorTests.ConstantBandsDoNotBecomeAdaptiveForegroundOrQuantities(brightness: 255)" computerName="MARKUSPC" duration="00:00:00.0011483" startTime="2026-09-10T09:56:48.3666372+02:00" endTime="2026-09-10T09:56:48.3680225+02:00" testType="13cdc9d9-ddb5-4fa4-a97d-d965ccfc6d4b" outcome="Passed" testListId="8c84fa94-04c1-424b-9868-57a2d4851a1d" relativeResultsDirectory="4909859c-2558-473a-9520-81b5afe11240" />
    <UnitTestResult executionId="a3695f2d-a9f8-45b2-8cb7-1392d67ef770" testId="463c130b-7b30-526f-edfb-976614e808fc" testName="BdoGrindTracker.Ocr.Tests.SecondaryLootOcrRecognizerTests.CtcCollapsesRepeatsButPreservesRepeatedDigitsSeparatedByBlankAndUnicode" computerName="MARKUSPC" duration="00:00:00.0058413" startTime="2026-09-10T09:56:48.3367108+02:00" endTime="2026-09-10T09:56:48.3531381+02:00" testType="13cdc9d9-ddb5-4fa4-a97d-d965ccfc6d4b" outcome="Passed" testListId="8c84fa94-04c1-424b-9868-57a2d4851a1d" relativeResultsDirectory="a3695f2d-a9f8-45b2-8cb7-1392d67ef770" />
    <UnitTestResult executionId="f4dcfffc-c992-45ed-afac-c309c34d0d95" testId="a4e602f4-1d23-4b7c-3fd6-8fa3367ef349" testName="BdoGrindTracker.Ocr.Tests.CompanionTextPipelineTests.Process_AppliesTheVerifiedRegexRepairs(input: &quot;Fiery Troll&quot;, expected: &quot;Fiery Troll Hide&quot;)" computerName="MARKUSPC" duration="00:00:00.0000029" startTime="2026-09-10T09:56:48.3567941+02:00" endTime="2026-09-10T09:56:48.3568335+02:00" testType="13cdc9d9-ddb5-4fa4-a97d-d965ccfc6d4b" outcome="Passed" testListId="8c84fa94-04c1-424b-9868-57a2d4851a1d" relativeResultsDirectory="f4dcfffc-c992-45ed-afac-c309c34d0d95" />
    <UnitTestResult executionId="797e98d1-7226-477c-901e-0fababb18e7c" testId="8510128b-c88e-cac2-57f7-a6f30c27a634" testName="BdoGrindTracker.Ocr.Tests.CompanionTextPipelineTests.NormalizeRawText_RemovesOnlyTheVerifiedCharacterSet" computerName="MARKUSPC" duration="00:00:00.0000188" startTime="2026-09-10T09:56:48.3617297+02:00" endTime="2026-09-10T09:56:48.3617538+02:00" testType="13cdc9d9-ddb5-4fa4-a97d-d965ccfc6d4b" outcome="Passed" testListId="8c84fa94-04c1-424b-9868-57a2d4851a1d" relativeResultsDirectory="797e98d1-7226-477c-901e-0fababb18e7c" />
    <UnitTestResult executionId="82326881-6f46-454c-8043-8b42967b60e7" testId="0ed31ac2-731a-e045-8bcb-1369bd383e16" testName="BdoGrindTracker.Ocr.Tests.CompanionTextPipelineTests.PassesExpectedWidth_UsesVerifiedPiecewiseBase(recognizedTextWidth: 95, expectedBase: 45)" computerName="MARKUSPC" duration="00:00:00.0000004" startTime="2026-09-10T09:56:48.3433028+02:00" endTime="2026-09-10T09:56:48.3433360+02:00" testType="13cdc9d9-ddb5-4fa4-a97d-d965ccfc6d4b" outcome="Passed" testListId="8c84fa94-04c1-424b-9868-57a2d4851a1d" relativeResultsDirectory="82326881-6f46-454c-8043-8b42967b60e7" />
    <UnitTestResult executionId="b5e58c7e-079a-48ba-92b6-99c6547535b9" testId="4ec0b0d5-11ec-037b-7f9a-50bf1dc48fe8" testName="BdoGrindTracker.Ocr.Tests.CompanionQuantityRecognizerTests.Recognize_SpecialOneUsesExactExclusiveXAndInclusiveYBounds(x: 74, y: 40)" computerName="MARKUSPC" duration="00:00:00.0004562" startTime="2026-09-10T09:56:48.3639098+02:00" endTime="2026-09-10T09:56:48.3644585+02:00" testType="13cdc9d9-ddb5-4fa4-a97d-d965ccfc6d4b" outcome="Passed" testListId="8c84fa94-04c1-424b-9868-57a2d4851a1d" relativeResultsDirectory="b5e58c7e-079a-48ba-92b6-99c6547535b9" />
    <UnitTestResult executionId="87dc0b28-5023-4e6f-b30e-ee1acaa3ab81" testId="fdd17720-2dfb-8c0e-b018-ecbe542f06ae" testName="BdoGrindTracker.Ocr.Tests.CompanionWindowsOcrRecognizerTests.NormalGeometryGateUsesVerifiedInclusiveBounds(scale: 1, x: 100, y: 25,9899998, expected: False)" computerName="MARKUSPC" duration="00:00:00.0040116" startTime="2026-09-10T09:56:48.3353540+02:00" endTime="2026-09-10T09:56:48.3432840+02:00" testType="13cdc9d9-ddb5-4fa4-a97d-d965ccfc6d4b" outcome="Passed" testListId="8c84fa94-04c1-424b-9868-57a2d4851a1d" relativeResultsDirectory="87dc0b28-5023-4e6f-b30e-ee1acaa3ab81" />
    <UnitTestResult executionId="5949fa44-da2f-4b53-b972-86eb40864485" testId="328acf5e-039c-2516-e445-4ac893c18b8d" testName="BdoGrindTracker.Ocr.Tests.PaddleLootRowPreprocessorTests.CropTracksGameUiScaleAndPreservesTextWithoutThresholds(scale: 1)" computerName="MARKUSPC" duration="00:00:00.0000140" startTime="2026-09-10T09:56:48.3630065+02:00" endTime="2026-09-10T09:56:48.3630317+02:00" testType="13cdc9d9-ddb5-4fa4-a97d-d965ccfc6d4b" outcome="Passed" testListId="8c84fa94-04c1-424b-9868-57a2d4851a1d" relativeResultsDirectory="5949fa44-da2f-4b53-b972-86eb40864485" />
    <UnitTestResult executionId="c7364fbc-f5d9-47d8-9057-9cf9ce3cc3f4" testId="62169ca9-d8ed-a2ed-c546-019d680f2412" testName="BdoGrindTracker.Ocr.Tests.CompanionTextPipelineTests.Process_QuantityRegexIsCaseSensitiveAndAllowsAtMostOneSpace(input: &quot;Black Stone K123&quot;)" computerName="MARKUSPC" duration="00:00:00.0000468" startTime="2026-09-10T09:56:48.3592020+02:00" endTime="2026-09-10T09:56:48.3592186+02:00" testType="13cdc9d9-ddb5-4fa4-a97d-d965ccfc6d4b" outcome="Passed" testListId="8c84fa94-04c1-424b-9868-57a2d4851a1d" relativeResultsDirectory="c7364fbc-f5d9-47d8-9057-9cf9ce3cc3f4" />
    <UnitTestResult executionId="f1a27637-8f99-42ca-b629-ec1f75a7e114" testId="9e1bd3e0-9ba5-2616-63a9-b4e5cd3734e1" testName="BdoGrindTracker.Ocr.Tests.CompanionNormalLootGeometryTests.RareModeUsesOneRoundedMiddleBandInsteadOfNormalSlots" computerName="MARKUSPC" duration="00:00:00.0001694" startTime="2026-09-10T09:56:48.3513261+02:00" endTime="2026-09-10T09:56:48.3524308+02:00" testType="13cdc9d9-ddb5-4fa4-a97d-d965ccfc6d4b" outcome="Passed" testListId="8c84fa94-04c1-424b-9868-57a2d4851a1d" relativeResultsDirectory="f1a27637-8f99-42ca-b629-ec1f75a7e114" />
    <UnitTestResult executionId="91bab3c7-94a9-45ff-b801-563a63093682" testId="7eb6724d-24f3-f469-8334-ad1a12bf466c" testName="BdoGrindTracker.Ocr.Tests.SecondaryLootOcrRecognizerTests.CancelledReadDoesNotEnterNativeRecognition" computerName="MARKUSPC" duration="00:00:00.0716328" startTime="2026-09-10T09:56:49.1306148+02:00" endTime="2026-09-10T09:56:49.2022483+02:00" testType="13cdc9d9-ddb5-4fa4-a97d-d965ccfc6d4b" outcome="Passed" testListId="8c84fa94-04c1-424b-9868-57a2d4851a1d" relativeResultsDirectory="91bab3c7-94a9-45ff-b801-563a63093682" />
    <UnitTestResult executionId="2d6da059-9106-4371-9cde-7fd8d40f5551" testId="f028f9e8-3d20-bdfe-f288-55caee54574f" testName="BdoGrindTracker.Ocr.Tests.BlackDesertLanguageReaderTests.MissingUnsupportedAndAmbiguousValuesDoNotSilentlyChooseEnglish(contents: &quot;[SERVICE]\nRES=_EN_\nRES=_DE_&quot;)" computerName="MARKUSPC" duration="00:00:00.0015629" startTime="2026-09-10T09:56:48.3600795+02:00" endTime="2026-09-10T09:56:48.3621683+02:00" testType="13cdc9d9-ddb5-4fa4-a97d-d965ccfc6d4b" outcome="Passed" testListId="8c84fa94-04c1-424b-9868-57a2d4851a1d" relativeResultsDirectory="2d6da059-9106-4371-9cde-7fd8d40f5551" />
    <UnitTestResult executionId="9ee95b38-7675-4c3e-b24c-751615a147fe" testId="d6d16117-3e0f-1c86-dde3-b739ae2147e0" testName="BdoGrindTracker.Ocr.Tests.NormalLootRecoveryPreprocessorTests.ConstantBandsDoNotBecomeAdaptiveForegroundOrQuantities(brightness: 0)" computerName="MARKUSPC" duration="00:00:00.0262523" startTime="2026-09-10T09:56:48.3361149+02:00" endTime="2026-09-10T09:56:48.3666029+02:00" testType="13cdc9d9-ddb5-4fa4-a97d-d965ccfc6d4b" outcome="Passed" testListId="8c84fa94-04c1-424b-9868-57a2d4851a1d" relativeResultsDirectory="9ee95b38-7675-4c3e-b24c-751615a147fe" />
    <UnitTestResult executionId="2cf6dbf2-64de-434f-a4c1-ed960709fcae" testId="08989d3c-9a52-fb61-687c-cc3200265fd6" testName="BdoGrindTracker.Ocr.Tests.CompanionTextPipelineTests.PassesExpectedWidth_UsesVerifiedPiecewiseBase(recognizedTextWidth: 500, expectedBase: -85)" computerName="MARKUSPC" duration="00:00:00.0000019" startTime="2026-09-10T09:56:48.3431965+02:00" endTime="2026-09-10T09:56:48.3432354+02:00" testType="13cdc9d9-ddb5-4fa4-a97d-d965ccfc6d4b" outcome="Passed" testListId="8c84fa94-04c1-424b-9868-57a2d4851a1d" relativeResultsDirectory="2cf6dbf2-64de-434f-a4c1-ed960709fcae" />
    <UnitTestResult executionId="e4539708-0b6a-4e11-bf27-6ff184aa2e31" testId="da94ec41-e8e9-2064-61e6-f4dc6dc1783c" testName="BdoGrindTracker.Ocr.Tests.CompanionNormalRowProcessorTests.ToneMappedNarrowNameStillHasAFullHeightOrigin" computerName="MARKUSPC" duration="00:00:00.0005730" startTime="2026-09-10T09:56:48.3697905+02:00" endTime="2026-09-10T09:56:48.3701819+02:00" testType="13cdc9d9-ddb5-4fa4-a97d-d965ccfc6d4b" outcome="Passed" testListId="8c84fa94-04c1-424b-9868-57a2d4851a1d" relativeResultsDirectory="e4539708-0b6a-4e11-bf27-6ff184aa2e31" />
    <UnitTestResult executionId="a3d9f03e-db2d-4703-bf50-2adf49066e58" testId="444a046a-39b7-945a-2180-dd77e23ebb0d" testName="BdoGrindTracker.Ocr.Tests.CompanionTextPipelineTests.Process_ExtractsTheFirstVerifiedQuantityForm(input: &quot;Black Stone kI&quot;, expectedQuantity: 1)" computerName="MARKUSPC" duration="00:00:00.0059793" startTime="2026-09-10T09:56:48.3517572+02:00" endTime="2026-09-10T09:56:48.3551786+02:00" testType="13cdc9d9-ddb5-4fa4-a97d-d965ccfc6d4b" outcome="Passed" testListId="8c84fa94-04c1-424b-9868-57a2d4851a1d" relativeResultsDirectory="a3d9f03e-db2d-4703-bf50-2adf49066e58" />
    <UnitTestResult executionId="8f00ca03-bb74-4f57-bbd8-87003393d5ae" testId="30f1aa46-fec5-94e4-500a-0995e76e31de" testName="BdoGrindTracker.Ocr.Tests.CompanionTextPipelineTests.Process_UnparsedNormalQuantityUsesOnlyPositiveTemplate(input: &quot;Helmet&quot;, templateQuantity: 0, expectedQuantity: -1)" computerName="MARKUSPC" duration="00:00:00.0000842" startTime="2026-09-10T09:56:48.3597418+02:00" endTime="2026-09-10T09:56:48.3597630+02:00" testType="13cdc9d9-ddb5-4fa4-a97d-d965ccfc6d4b" outcome="Passed" testListId="8c84fa94-04c1-424b-9868-57a2d4851a1d" relativeResultsDirectory="8f00ca03-bb74-4f57-bbd8-87003393d5ae" />
    <UnitTestResult executionId="419644dd-0075-4b99-a94b-6e0a0a1911d0" testId="f192e669-5592-c6c1-89a1-48152b3f8269" testName="BdoGrindTracker.Ocr.Tests.CompanionCalibrationReaderTests.VisibleRareLogCannotReplaceAMissingOrInvalidMainLog(mainLog: &quot;&lt;UIData Index='159' IsShow='false' /&gt;&lt;UIData Index&quot;···)" computerName="MARKUSPC" duration="00:00:00.0054316" startTime="2026-09-10T09:56:48.3873223+02:00" endTime="2026-09-10T09:56:48.3927108+02:00" testType="13cdc9d9-ddb5-4fa4-a97d-d965ccfc6d4b" outcome="Passed" testListId="8c84fa94-04c1-424b-9868-57a2d4851a1d" relativeResultsDirectory="419644dd-0075-4b99-a94b-6e0a0a1911d0" />
    <UnitTestResult executionId="5fafbe1f-3635-40a1-adfe-76183b2060b3" testId="def92910-bf12-005f-a1d8-290e6b065358" testName="BdoGrindTracker.Ocr.Tests.CompanionTextPipelineTests.Process_QuantityRegexIsCaseSensitiveAndAllowsAtMostOneSpace(input: &quot;Black Stone x  123&quot;)" computerName="MARKUSPC" duration="00:00:00.0000030" startTime="2026-09-10T09:56:48.3592901+02:00" endTime="2026-09-10T09:56:48.3593148+02:00" testType="13cdc9d9-ddb5-4fa4-a97d-d965ccfc6d4b" outcome="Passed" testListId="8c84fa94-04c1-424b-9868-57a2d4851a1d" relativeResultsDirectory="5fafbe1f-3635-40a1-adfe-76183b2060b3" />
    <UnitTestResult executionId="80f25747-6163-4056-b427-1ac294779375" testId="3f17e4d7-2c4b-de38-d817-ec84be4dce34" testName="BdoGrindTracker.Ocr.Tests.CompanionNormalRowProcessorTests.HdrMaskUsesCompanionsLumaSplit(averageLuma: 190, expectedMinimumValue: 254, expectedMaximumHue: 20, expectedMaximumSaturation: 8)" computerName="MARKUSPC" duration="00:00:00.0002923" startTime="2026-09-10T09:56:48.3711342+02:00" endTime="2026-09-10T09:56:48.3714302+02:00" testType="13cdc9d9-ddb5-4fa4-a97d-d965ccfc6d4b" outcome="Passed" testListId="8c84fa94-04c1-424b-9868-57a2d4851a1d" relativeResultsDirectory="80f25747-6163-4056-b427-1ac294779375" />
    <UnitTestResult executionId="ffad8d7f-8ab6-4700-83aa-256e70877eb0" testId="ad393e4c-c753-2421-814f-ea020c6ef242" testName="BdoGrindTracker.Ocr.Tests.CompanionTextPipelineTests.Process_UnparsedNormalQuantityUsesOnlyPositiveTemplate(input: &quot;Helmet x٦&quot;, templateQuantity: 6, expectedQuantity: 6)" computerName="MARKUSPC" duration="00:00:00.0000051" startTime="2026-09-10T09:56:48.3598655+02:00" endTime="2026-09-10T09:56:48.3598876+02:00" testType="13cdc9d9-ddb5-4fa4-a97d-d965ccfc6d4b" outcome="Passed" testListId="8c84fa94-04c1-424b-9868-57a2d4851a1d" relativeResultsDirectory="ffad8d7f-8ab6-4700-83aa-256e70877eb0" />
    <UnitTestResult executionId="a3f501b0-4c09-4280-953f-0343a4763f37" testId="9800630b-faaf-583c-4944-fcc0dc5a9eb8" testName="BdoGrindTracker.Ocr.Tests.CompanionTextPipelineTests.FixedUnitItemSkipsParsingTheQuantitySuffix(input: &quot;BON Wandering Origin Crystal&quot;)" computerName="MARKUSPC" duration="00:00:00.0000933" startTime="2026-09-10T09:56:48.3618723+02:00" endTime="2026-09-10T09:56:48.3618935+02:00" testType="13cdc9d9-ddb5-4fa4-a97d-d965ccfc6d4b" outcome="Passed" testListId="8c84fa94-04c1-424b-9868-57a2d4851a1d" relativeResultsDirectory="a3f501b0-4c09-4280-953f-0343a4763f37" />
    <UnitTestResult executionId="06405e65-22b7-4386-94b4-4c651ddcf26a" testId="b4b524b5-48df-b6c4-b30a-48564db867cf" testName="BdoGrindTracker.Ocr.Tests.CompanionTextPipelineTests.Process_ZeroOcrQuantityUsesPositiveTemplateOrRemainsMissing(input: &quot;Helmet x00&quot;, templateQuantity: -1, expectedQuantity: -1)" computerName="MARKUSPC" duration="00:00:00.0000025" startTime="2026-09-10T09:56:48.3589434+02:00" endTime="2026-09-10T09:56:48.3589589+02:00" testType="13cdc9d9-ddb5-4fa4-a97d-d965ccfc6d4b" outcome="Passed" testListId="8c84fa94-04c1-424b-9868-57a2d4851a1d" relativeResultsDirectory="06405e65-22b7-4386-94b4-4c651ddcf26a" />
    <UnitTestResult executionId="46948374-ce38-41b5-a914-1be5fd85c06a" testId="20d4b22d-9150-9395-8fdb-d4fd13f614b3" testName="BdoGrindTracker.Ocr.Tests.CompanionTextPipelineTests.Process_BlackStoneRepairUsesStrictVerifiedWidthBounds(recognizedTextWidth: 194, expected: &quot;Black Stone&quot;)" computerName="MARKUSPC" duration="00:00:00.0002318" startTime="2026-09-10T09:56:48.3609873+02:00" endTime="2026-09-10T09:56:48.3610089+02:00" testType="13cdc9d9-ddb5-4fa4-a97d-d965ccfc6d4b" outcome="Passed" testListId="8c84fa94-04c1-424b-9868-57a2d4851a1d" relativeResultsDirectory="46948374-ce38-41b5-a914-1be5fd85c06a" />
    <UnitTestResult executionId="54b8664c-f737-4324-b00e-b6c40c295d26" testId="92578b91-5ea0-2122-75bd-fe743abcbc70" testName="BdoGrindTracker.Ocr.Tests.CompanionQuantityRecognizerTests.Recognize_SpecialOneUsesExactExclusiveXAndInclusiveYBounds(x: 74, y: 50)" computerName="MARKUSPC" duration="00:00:00.0008800" startTime="2026-09-10T09:56:48.3636811+02:00" endTime="2026-09-10T09:56:48.3638768+02:00" testType="13cdc9d9-ddb5-4fa4-a97d-d965ccfc6d4b" outcome="Passed" testListId="8c84fa94-04c1-424b-9868-57a2d4851a1d" relativeResultsDirectory="54b8664c-f737-4324-b00e-b6c40c295d26" />
    <UnitTestResult executionId="a7bbf561-6be9-4c1d-a4b8-9cc6e17226ec" testId="2c8a200d-0161-15c3-0969-5d4e2c894992" testName="BdoGrindTracker.Ocr.Tests.CompanionQuantityRecognizerTests.Recognize_UsesInclusiveThirtyPixelGroupingBoundary(xDistance: 30, expected: 12)" computerName="MARKUSPC" duration="00:00:00.0005969" startTime="2026-09-10T09:56:48.3659649+02:00" endTime="2026-09-10T09:56:48.3663984+02:00" testType="13cdc9d9-ddb5-4fa4-a97d-d965ccfc6d4b" outcome="Passed" testListId="8c84fa94-04c1-424b-9868-57a2d4851a1d" relativeResultsDirectory="a7bbf561-6be9-4c1d-a4b8-9cc6e17226ec" />
    <UnitTestResult executionId="a20708f6-d5b3-495f-b872-fe4782ef74a9" testId="84fefd84-0eb1-9725-4c80-05dffbfab9d4" testName="BdoGrindTracker.Ocr.Tests.CompanionNormalRowProcessorTests.MinimumValueUsesCompanionsOrderedLumaThresholds(averageLuma: 59,9990005, expected: 160)" computerName="MARKUSPC" duration="00:00:00.0000010" startTime="2026-09-10T09:56:48.3694159+02:00" endTime="2026-09-10T09:56:48.3694382+02:00" testType="13cdc9d9-ddb5-4fa4-a97d-d965ccfc6d4b" outcome="Passed" testListId="8c84fa94-04c1-424b-9868-57a2d4851a1d" relativeResultsDirectory="a20708f6-d5b3-495f-b872-fe4782ef74a9" />
    <UnitTestResult executionId="f2dbfdb5-966f-481a-a541-cb56fe446daa" testId="72f45287-42af-812d-880b-2767b5f588af" testName="BdoGrindTracker.Ocr.Tests.SecondaryLootOcrRecognizerTests.BundledModelHasTheVerifiedUpstreamBytes" computerName="MARKUSPC" duration="00:00:00.0225053" startTime="2026-09-10T09:56:49.2024413+02:00" endTime="2026-09-10T09:56:49.2248748+02:00" testType="13cdc9d9-ddb5-4fa4-a97d-d965ccfc6d4b" outcome="Passed" testListId="8c84fa94-04c1-424b-9868-57a2d4851a1d" relativeResultsDirectory="f2dbfdb5-966f-481a-a541-cb56fe446daa" />
    <UnitTestResult executionId="cc9f1b81-15d6-43ea-8371-820efc20600c" testId="d073cb28-e40f-0d7e-f27d-e4b60ad54448" testName="BdoGrindTracker.Ocr.Tests.CompanionDigitTemplateLoaderTests.MapGameOptionUiFontType_UsesCompanionMapping(gameOptionValue: 1, expected: StrongSword)" computerName="MARKUSPC" duration="00:00:00.0000020" startTime="2026-09-10T09:56:48.3710416+02:00" endTime="2026-09-10T09:56:48.3710556+02:00" testType="13cdc9d9-ddb5-4fa4-a97d-d965ccfc6d4b" outcome="Passed" testListId="8c84fa94-04c1-424b-9868-57a2d4851a1d" relativeResultsDirectory="cc9f1b81-15d6-43ea-8371-820efc20600c" />
    <UnitTestResult executionId="2434ee21-7e74-484c-82f5-708af2224e81" testId="4ae31e92-44e0-0966-fe9e-fe5d7b638cce" testName="BdoGrindTracker.Ocr.Tests.CompanionWindowsOcrRecognizerTests.NormalGeometryGateUsesVerifiedInclusiveBounds(scale: 1,00999999, x: 100, y: 19, expected: True)" computerName="MARKUSPC" duration="00:00:00.0000005" startTime="2026-09-10T09:56:48.3519749+02:00" endTime="2026-09-10T09:56:48.3520053+02:00" testType="13cdc9d9-ddb5-4fa4-a97d-d965ccfc6d4b" outcome="Passed" testListId="8c84fa94-04c1-424b-9868-57a2d4851a1d" relativeResultsDirectory="2434ee21-7e74-484c-82f5-708af2224e81" />
    <UnitTestResult executionId="9606c70b-1b87-4c1f-82aa-12b80b05566d" testId="30396e07-7985-ac0d-de5b-c6366798dc73" testName="BdoGrindTracker.Ocr.Tests.CompanionTextPipelineTests.Process_AppliesTheVerifiedRegexRepairs(input: &quot;Sealed Black&quot;, expected: &quot;Sealed Black Magic Crystal&quot;)" computerName="MARKUSPC" duration="00:00:00.0000027" startTime="2026-09-10T09:56:48.3578716+02:00" endTime="2026-09-10T09:56:48.3579134+02:00" testType="13cdc9d9-ddb5-4fa4-a97d-d965ccfc6d4b" outcome="Passed" testListId="8c84fa94-04c1-424b-9868-57a2d4851a1d" relativeResultsDirectory="9606c70b-1b87-4c1f-82aa-12b80b05566d" />
    <UnitTestResult executionId="ebc67d1d-65fd-4c4a-a635-11fabc1958e2" testId="044dff9b-bfd6-23a0-2c0d-305bed076e74" testName="BdoGrindTracker.Ocr.Tests.CompanionTextPipelineTests.Process_ExtractsTheFirstVerifiedQuantityForm(input: &quot;Black Stone x123&quot;, expectedQuantity: 123)" computerName="MARKUSPC" duration="00:00:00.0002516" startTime="2026-09-10T09:56:48.3552539+02:00" endTime="2026-09-10T09:56:48.3552845+02:00" testType="13cdc9d9-ddb5-4fa4-a97d-d965ccfc6d4b" outcome="Passed" testListId="8c84fa94-04c1-424b-9868-57a2d4851a1d" relativeResultsDirectory="ebc67d1d-65fd-4c4a-a635-11fabc1958e2" />
    <UnitTestResult executionId="c067447e-3d89-4fa2-b60b-92f0acba1fe3" testId="9155d0b6-ff30-b8ce-e376-dafe79a1bdfc" testName="BdoGrindTracker.Ocr.Tests.BlackDesertLanguageReaderTests.ExplicitSavedTextLanguageTakesPrecedence(value: &quot;de&quot;, expected: &quot;de&quot;)" computerName="MARKUSPC" duration="00:00:00.0015208" startTime="2026-09-10T09:56:48.3626038+02:00" endTime="2026-09-10T09:56:48.3631900+02:00" testType="13cdc9d9-ddb5-4fa4-a97d-d965ccfc6d4b" outcome="Passed" testListId="8c84fa94-04c1-424b-9868-57a2d4851a1d" relativeResultsDirectory="c067447e-3d89-4fa2-b60b-92f0acba1fe3" />
    <UnitTestResult executionId="70e2975b-d56d-4e40-9135-d069ba827eed" testId="d8db25b5-7138-29d4-67bf-b72822520df6" testName="BdoGrindTracker.Ocr.Tests.CompanionDigitTemplateLoaderTests.GetNormalQuantityThreshold_ReproducesWorkerTable(font: CabinDroid, uiScale: 0,899999976, expected: [0,610000014, 0,769999981, 0,737999976, 0,704999983, 0,629999995, ···])" computerName="MARKUSPC" duration="00:00:00.0000071" startTime="2026-09-10T09:56:48.3672688+02:00" endTime="2026-09-10T09:56:48.3672911+02:00" testType="13cdc9d9-ddb5-4fa4-a97d-d965ccfc6d4b" outcome="Passed" testListId="8c84fa94-04c1-424b-9868-57a2d4851a1d" relativeResultsDirectory="70e2975b-d56d-4e40-9135-d069ba827eed" />
    <UnitTestResult executionId="f927a5a6-3c06-4035-952a-3046e3b76f3e" testId="caadc15e-4ac6-8623-575f-6137bf7416a0" testName="BdoGrindTracker.Ocr.Tests.CompanionDigitTemplateLoaderTests.Load_UsesAreaWhenTargetHeightDoesNotUpscale" computerName="MARKUSPC" duration="00:00:00.0037435" startTime="2026-09-10T09:56:48.3644384+02:00" endTime="2026-09-10T09:56:48.3659816+02:00" testType="13cdc9d9-ddb5-4fa4-a97d-d965ccfc6d4b" outcome="Passed" testListId="8c84fa94-04c1-424b-9868-57a2d4851a1d" relativeResultsDirectory="f927a5a6-3c06-4035-952a-3046e3b76f3e" />
    <UnitTestResult executionId="f9e785c1-727f-49d0-8115-ef3aeecd334d" testId="63fed6c0-b1f0-23ed-a1bc-5d55aa96782a" testName="BdoGrindTracker.Ocr.Tests.CompanionDigitTemplateLoaderTests.LoadConfiguredPair_ReproducesBothCallSiteRecipes(font: StrongSword, customHp: True, firstHeight: 27, firstThreshold: 0,800000012, secondHeight: 10, secondThreshold: 0,699999988)" computerName="MARKUSPC" duration="00:00:00.0006214" startTime="2026-09-10T09:56:48.3685508+02:00" endTime="2026-09-10T09:56:48.3689798+02:00" testType="13cdc9d9-ddb5-4fa4-a97d-d965ccfc6d4b" outcome="Passed" testListId="8c84fa94-04c1-424b-9868-57a2d4851a1d" relativeResultsDirectory="f9e785c1-727f-49d0-8115-ef3aeecd334d" />
    <UnitTestResult executionId="be5e887c-abc7-479c-b50a-89e1db058ce7" testId="7caf1156-3a19-e72b-1cb9-79b9f1839e83" testName="BdoGrindTracker.Ocr.Tests.SecondaryLootOcrRecognizerTests.DisposedEngineRejectsFurtherReadAndCanBeDisposedTwice" computerName="MARKUSPC" duration="00:00:00.0998024" startTime="2026-09-10T09:56:49.0306216+02:00" endTime="2026-09-10T09:56:49.1304493+02:00" testType="13cdc9d9-ddb5-4fa4-a97d-d965ccfc6d4b" outcome="Passed" testListId="8c84fa94-04c1-424b-9868-57a2d4851a1d" relativeResultsDirectory="be5e887c-abc7-479c-b50a-89e1db058ce7" />
    <UnitTestResult executionId="7192420e-75d1-48be-bcb7-b9ea96851929" testId="4aba2c81-d4e8-6de9-5e95-67c0ee74814b" testName="BdoGrindTracker.Ocr.Tests.NormalLootRecoveryPreprocessorTests.ConstantBandsDoNotBecomeAdaptiveForegroundOrQuantities(brightness: 35)" computerName="MARKUSPC" duration="00:00:00.0013939" startTime="2026-09-10T09:56:48.3682971+02:00" endTime="2026-09-10T09:56:48.3698056+02:00" testType="13cdc9d9-ddb5-4fa4-a97d-d965ccfc6d4b" outcome="Passed" testListId="8c84fa94-04c1-424b-9868-57a2d4851a1d" relativeResultsDirectory="7192420e-75d1-48be-bcb7-b9ea96851929" />
    <UnitTestResult executionId="097f4ae9-9771-4201-9792-1d0d7d88e8b4" testId="c0eab324-cdc5-c7e0-5f8c-0b2e11f13854" testName="BdoGrindTracker.Ocr.Tests.CompanionNormalRowProcessorTests.NameScaleUsesCompanionsWidthBands(width: 119, expected: 2)" computerName="MARKUSPC" duration="00:00:00.0000026" startTime="2026-09-10T09:56:48.3507301+02:00" endTime="2026-09-10T09:56:48.3511240+02:00" testType="13cdc9d9-ddb5-4fa4-a97d-d965ccfc6d4b" outcome="Passed" testListId="8c84fa94-04c1-424b-9868-57a2d4851a1d" relativeResultsDirectory="097f4ae9-9771-4201-9792-1d0d7d88e8b4" />
    <UnitTestResult executionId="35d38956-6430-4894-8ecf-35dfa686a265" testId="f846311b-ad53-5bd3-f3c3-44a9545f6571" testName="BdoGrindTracker.Ocr.Tests.ToneMappedNormalRowProcessorTests.EmptyDarkOrPaleScenicBandIsBlank(value: 0)" computerName="MARKUSPC" duration="00:00:00.0003560" startTime="2026-09-10T09:56:48.3642578+02:00" endTime="2026-09-10T09:56:48.3645105+02:00" testType="13cdc9d9-ddb5-4fa4-a97d-d965ccfc6d4b" outcome="Passed" testListId="8c84fa94-04c1-424b-9868-57a2d4851a1d" relativeResultsDirectory="35d38956-6430-4894-8ecf-35dfa686a265" />
    <UnitTestResult executionId="bf3d6e6d-f023-470d-82ad-2ed5ab1ad050" testId="4ffe1523-f6a7-7235-48df-1ea3bf95d85d" testName="BdoGrindTracker.Ocr.Tests.CompanionDigitTemplateLoaderTests.EmbeddedCatalogContainsCompanionsExactThreeCompleteDigitTables" computerName="MARKUSPC" duration="00:00:00.0097303" startTime="2026-09-10T09:56:48.3710902+02:00" endTime="2026-09-10T09:56:48.3728863+02:00" testType="13cdc9d9-ddb5-4fa4-a97d-d965ccfc6d4b" outcome="Passed" testListId="8c84fa94-04c1-424b-9868-57a2d4851a1d" relativeResultsDirectory="bf3d6e6d-f023-470d-82ad-2ed5ab1ad050" />
    <UnitTestResult executionId="388847cd-d3a7-4332-a219-74705c3a15bb" testId="42956bf0-1154-b748-ea5f-61ee5ea1cb01" testName="BdoGrindTracker.Ocr.Tests.NormalLootRecoveryPreprocessorTests.TruncatedGroupAtLeftOfQuantityRegionDoesNotMakeAnIsolatedQuantity" computerName="MARKUSPC" duration="00:00:00.0003947" startTime="2026-09-10T09:56:48.3770675+02:00" endTime="2026-09-10T09:56:48.3774211+02:00" testType="13cdc9d9-ddb5-4fa4-a97d-d965ccfc6d4b" outcome="Passed" testListId="8c84fa94-04c1-424b-9868-57a2d4851a1d" relativeResultsDirectory="388847cd-d3a7-4332-a219-74705c3a15bb" />
    <UnitTestResult executionId="93e9c9b9-6cd5-46ff-b0d2-08c44f24e11a" testId="ebe69505-74c4-edc0-e166-4fc8a0cf1fe9" testName="BdoGrindTracker.Ocr.Tests.BlackDesertLanguageReaderTests.ReadsTextResourcesWithoutConfusingLauncherVoiceOrChatLanguages(resource: &quot;_DE_&quot;, expected: &quot;de&quot;)" computerName="MARKUSPC" duration="00:00:00.0029478" startTime="2026-09-10T09:56:48.3720749+02:00" endTime="2026-09-10T09:56:48.3723491+02:00" testType="13cdc9d9-ddb5-4fa4-a97d-d965ccfc6d4b" outcome="Passed" testListId="8c84fa94-04c1-424b-9868-57a2d4851a1d" relativeResultsDirectory="93e9c9b9-6cd5-46ff-b0d2-08c44f24e11a" />
    <UnitTestResult executionId="bbe5a561-463c-4d85-955f-45869bd40eec" testId="4d9470ae-31e0-8394-6222-7913b41cd3ce" testName="BdoGrindTracker.Ocr.Tests.CompanionNormalRowProcessorTests.BlankGateUsesInclusivePointNineNineThreeRatio" computerName="MARKUSPC" duration="00:00:00.0002322" startTime="2026-09-10T09:56:48.3708460+02:00" endTime="2026-09-10T09:56:48.3708615+02:00" testType="13cdc9d9-ddb5-4fa4-a97d-d965ccfc6d4b" outcome="Passed" testListId="8c84fa94-04c1-424b-9868-57a2d4851a1d" relativeResultsDirectory="bbe5a561-463c-4d85-955f-45869bd40eec" />
    <UnitTestResult executionId="23c971a6-de1e-40cf-84ed-64ba0920036b" testId="a7984138-ca4c-053a-79b5-b4127a4a729a" testName="BdoGrindTracker.Ocr.Tests.PaddleLootRowPreprocessorTests.CropTracksGameUiScaleAndPreservesTextWithoutThresholds(scale: 0,75)" computerName="MARKUSPC" duration="00:00:00.0000128" startTime="2026-09-10T09:56:48.3627321+02:00" endTime="2026-09-10T09:56:48.3627663+02:00" testType="13cdc9d9-ddb5-4fa4-a97d-d965ccfc6d4b" outcome="Passed" testListId="8c84fa94-04c1-424b-9868-57a2d4851a1d" relativeResultsDirectory="23c971a6-de1e-40cf-84ed-64ba0920036b" />
    <UnitTestResult executionId="65d1ec2a-a0fa-4e74-940d-e3be980f48b3" testId="47a18883-b03a-4dc7-90ef-57fccfa7f239" testName="BdoGrindTracker.Ocr.Tests.BlackDesertLanguageReaderTests.MissingUnsupportedAndAmbiguousValuesDoNotSilentlyChooseEnglish(contents: &quot;&quot;)" computerName="MARKUSPC" duration="00:00:00.0008861" startTime="2026-09-10T09:56:48.3540606+02:00" endTime="2026-09-10T09:56:48.3542906+02:00" testType="13cdc9d9-ddb5-4fa4-a97d-d965ccfc6d4b" outcome="Passed" testListId="8c84fa94-04c1-424b-9868-57a2d4851a1d" relativeResultsDirectory="65d1ec2a-a0fa-4e74-940d-e3be980f48b3" />
    <UnitTestResult executionId="254a53be-9d2b-41bf-93c6-c3c76a29dae5" testId="89b15237-bb67-f8fd-0612-d705306b58d9" testName="BdoGrindTracker.Ocr.Tests.NormalLootRecoveryPreprocessorTests.NonNormalizedSourceRetainsFullBandYGeometry" computerName="MARKUSPC" duration="00:00:00.0006639" startTime="2026-09-10T09:56:48.3736815+02:00" endTime="2026-09-10T09:56:48.3739105+02:00" testType="13cdc9d9-ddb5-4fa4-a97d-d965ccfc6d4b" outcome="Passed" testListId="8c84fa94-04c1-424b-9868-57a2d4851a1d" relativeResultsDirectory="254a53be-9d2b-41bf-93c6-c3c76a29dae5" />
    <UnitTestResult executionId="2a5deb12-3efc-4b90-af86-85e8535133f6" testId="6cb397b4-51bd-fbe4-4ddd-8c1afc43b9e9" testName="BdoGrindTracker.Ocr.Tests.CompanionNormalRowProcessorTests.RegularQuantityCoordinatesAreTranslatedFromTheQuantityCrop" computerName="MARKUSPC" duration="00:00:00.0000544" startTime="2026-09-10T09:56:48.3681277+02:00" endTime="2026-09-10T09:56:48.3681420+02:00" testType="13cdc9d9-ddb5-4fa4-a97d-d965ccfc6d4b" outcome="Passed" testListId="8c84fa94-04c1-424b-9868-57a2d4851a1d" relativeResultsDirectory="2a5deb12-3efc-4b90-af86-85e8535133f6" />
    <UnitTestResult executionId="4c656ee9-2c77-41d0-aa17-bdca6e2ad150" testId="7b222e35-b910-a266-4238-81d6399bdc20" testName="BdoGrindTracker.Ocr.Tests.CompanionCalibrationReaderTests.VisibleRareLogCannotReplaceAMissingOrInvalidMainLog(mainLog: &quot;&lt;UIData Index='159' IsShow='false' RelativePosX='0&quot;···)" computerName="MARKUSPC" duration="00:00:00.0075828" startTime="2026-09-10T09:56:48.3725063+02:00" endTime="2026-09-10T09:56:48.3746864+02:00" testType="13cdc9d9-ddb5-4fa4-a97d-d965ccfc6d4b" outcome="Passed" testListId="8c84fa94-04c1-424b-9868-57a2d4851a1d" relativeResultsDirectory="4c656ee9-2c77-41d0-aa17-bdca6e2ad150" />
    <UnitTestResult executionId="dc431c4e-3e94-462e-8f30-5a9817441925" testId="a619caf3-e3d6-410a-1261-00e90fc08da1" testName="BdoGrindTracker.Ocr.Tests.CompanionWindowsOcrRecognizerTests.NormalGeometryGateUsesVerifiedInclusiveBounds(scale: 1, x: 200, y: 70, expected: True)" computerName="MARKUSPC" duration="00:00:00.0000005" startTime="2026-09-10T09:56:48.3521951+02:00" endTime="2026-09-10T09:56:48.3522370+02:00" testType="13cdc9d9-ddb5-4fa4-a97d-d965ccfc6d4b" outcome="Passed" testListId="8c84fa94-04c1-424b-9868-57a2d4851a1d" relativeResultsDirectory="dc431c4e-3e94-462e-8f30-5a9817441925" />
    <UnitTestResult executionId="8d77ef89-eb5a-4341-8cd1-14cbaab63bc0" testId="8798b547-415b-f3fb-78e6-06bbfe8ba281" testName="BdoGrindTracker.Ocr.Tests.CompanionTextPipelineTests.Process_BlackStoneRepairUsesStrictVerifiedWidthBounds(recognizedTextWidth: 199, expected: &quot;Black&quot;)" computerName="MARKUSPC" duration="00:00:00.0000053" startTime="2026-09-10T09:56:48.3610446+02:00" endTime="2026-09-10T09:56:48.3610675+02:00" testType="13cdc9d9-ddb5-4fa4-a97d-d965ccfc6d4b" outcome="Passed" testListId="8c84fa94-04c1-424b-9868-57a2d4851a1d" relativeResultsDirectory="8d77ef89-eb5a-4341-8cd1-14cbaab63bc0" />
    <UnitTestResult executionId="8f0fde3b-1d15-45db-a132-f76419fc69d3" testId="4520b68a-1063-021b-1770-4b47ed065b7d" testName="BdoGrindTracker.Ocr.Tests.BlackDesertLanguageReaderTests.MissingUnsupportedAndAmbiguousValuesDoNotSilentlyChooseEnglish(contents: &quot;;[SERVICE]\n;RES=_DE_\n&quot;)" computerName="MARKUSPC" duration="00:00:00.0083376" startTime="2026-09-10T09:56:48.3361863+02:00" endTime="2026-09-10T09:56:48.3536443+02:00" testType="13cdc9d9-ddb5-4fa4-a97d-d965ccfc6d4b" outcome="Passed" testListId="8c84fa94-04c1-424b-9868-57a2d4851a1d" relativeResultsDirectory="8f0fde3b-1d15-45db-a132-f76419fc69d3" />
    <UnitTestResult executionId="53adb3b7-3f7c-4425-9bf1-96c092a663f3" testId="b8c49c9b-20c6-9e9b-b4dc-e818cfc6176c" testName="BdoGrindTracker.Ocr.Tests.CompanionTextPipelineTests.PassesExpectedWidth_UsesVerifiedPiecewiseBase(recognizedTextWidth: 449, expectedBase: -15)" computerName="MARKUSPC" duration="00:00:00.0026104" startTime="2026-09-10T09:56:48.3361652+02:00" endTime="2026-09-10T09:56:48.3373507+02:00" testType="13cdc9d9-ddb5-4fa4-a97d-d965ccfc6d4b" outcome="Passed" testListId="8c84fa94-04c1-424b-9868-57a2d4851a1d" relativeResultsDirectory="53adb3b7-3f7c-4425-9bf1-96c092a663f3" />
    <UnitTestResult executionId="b5eaddd7-cb20-4a48-8958-d59724b49470" testId="c9b327c4-e0dd-3837-c8fb-69b0bc993727" testName="BdoGrindTracker.Ocr.Tests.CompanionTextPipelineTests.FixedUnitItemSkipsParsingTheQuantitySuffix(input: &quot;BON Wandering Origin Crystal x0&quot;)" computerName="MARKUSPC" duration="00:00:00.0000083" startTime="2026-09-10T09:56:48.3619239+02:00" endTime="2026-09-10T09:56:48.3619381+02:00" testType="13cdc9d9-ddb5-4fa4-a97d-d965ccfc6d4b" outcome="Passed" testListId="8c84fa94-04c1-424b-9868-57a2d4851a1d" relativeResultsDirectory="b5eaddd7-cb20-4a48-8958-d59724b49470" />
    <UnitTestResult executionId="1f4488d1-266f-4bf0-ae34-947f2105f6de" testId="6d10bbc4-7e37-fd59-b698-f3c23e057735" testName="BdoGrindTracker.Ocr.Tests.CompanionTextPipelineTests.Process_AppliesTheVerifiedRegexRepairs(input: &quot;Tainted Golem's Fragment&quot;, expected: &quot;Tainted Golem's Heart Fragment&quot;)" computerName="MARKUSPC" duration="00:00:00.0000033" startTime="2026-09-10T09:56:48.3577355+02:00" endTime="2026-09-10T09:56:48.3577643+02:00" testType="13cdc9d9-ddb5-4fa4-a97d-d965ccfc6d4b" outcome="Passed" testListId="8c84fa94-04c1-424b-9868-57a2d4851a1d" relativeResultsDirectory="1f4488d1-266f-4bf0-ae34-947f2105f6de" />
    <UnitTestResult executionId="6725f96a-4250-40bc-ac84-26c09e6f2cd1" testId="6ce925db-f629-e1f7-8409-e33c1201a45d" testName="BdoGrindTracker.Ocr.Tests.NormalLootRecoveryPreprocessorTests.AdjacentDigitsRemainOneGroup(variant: Grayscale)" computerName="MARKUSPC" duration="00:00:00.0012224" startTime="2026-09-10T09:56:48.3722653+02:00" endTime="2026-09-10T09:56:48.3722991+02:00" testType="13cdc9d9-ddb5-4fa4-a97d-d965ccfc6d4b" outcome="Passed" testListId="8c84fa94-04c1-424b-9868-57a2d4851a1d" relativeResultsDirectory="6725f96a-4250-40bc-ac84-26c09e6f2cd1" />
    <UnitTestResult executionId="034a9de1-0741-4040-9949-d1ddc458c8c9" testId="21670ec9-602f-56fa-7df6-d28cf78f84b1" testName="BdoGrindTracker.Ocr.Tests.BlackDesertLanguageReaderTests.ReadsTextResourcesWithoutConfusingLauncherVoiceOrChatLanguages(resource: &quot;_EN_&quot;, expected: &quot;en&quot;)" computerName="MARKUSPC" duration="00:00:00.0076642" startTime="2026-09-10T09:56:48.3666918+02:00" endTime="2026-09-10T09:56:48.3715688+02:00" testType="13cdc9d9-ddb5-4fa4-a97d-d965ccfc6d4b" outcome="Passed" testListId="8c84fa94-04c1-424b-9868-57a2d4851a1d" relativeResultsDirectory="034a9de1-0741-4040-9949-d1ddc458c8c9" />
    <UnitTestResult executionId="3d1e5d70-079a-4619-aa58-d77b64f50d8f" testId="0e5f35b8-1fd9-af14-0ce5-94204d019554" testName="BdoGrindTracker.Ocr.Tests.CompanionTextPipelineTests.Process_ZeroRareOcrQuantityKeepsSingleItemFallback(input: &quot;Helmet x0&quot;, templateQuantity: 0)" computerName="MARKUSPC" duration="00:00:00.0000102" startTime="2026-09-10T09:56:48.3606276+02:00" endTime="2026-09-10T09:56:48.3606784+02:00" testType="13cdc9d9-ddb5-4fa4-a97d-d965ccfc6d4b" outcome="Passed" testListId="8c84fa94-04c1-424b-9868-57a2d4851a1d" relativeResultsDirectory="3d1e5d70-079a-4619-aa58-d77b64f50d8f" />
    <UnitTestResult executionId="1b875657-b1ef-4caf-a0f2-86f8f10fe41f" testId="f908b74a-84ce-3f53-4e03-6cb98f3326ad" testName="BdoGrindTracker.Ocr.Tests.CompanionNormalRowProcessorTests.NameScaleUsesCompanionsWidthBands(width: 120, expected: 1,75)" computerName="MARKUSPC" duration="00:00:00.0002101" startTime="2026-09-10T09:56:48.3490212+02:00" endTime="2026-09-10T09:56:48.3506973+02:00" testType="13cdc9d9-ddb5-4fa4-a97d-d965ccfc6d4b" outcome="Passed" testListId="8c84fa94-04c1-424b-9868-57a2d4851a1d" relativeResultsDirectory="1b875657-b1ef-4caf-a0f2-86f8f10fe41f" />
    <UnitTestResult executionId="c4a2f1e6-bf84-460d-a271-1ee8d3f448bb" testId="ad039ff6-226e-2070-90d0-631f13ad049f" testName="BdoGrindTracker.Ocr.Tests.SecondaryLootOcrRecognizerTests.EmptyOrNonByteImagesAreRejectedBeforeNativeRecognition" computerName="MARKUSPC" duration="00:00:00.1600559" startTime="2026-09-10T09:56:48.3532163+02:00" endTime="2026-09-10T09:56:48.4932789+02:00" testType="13cdc9d9-ddb5-4fa4-a97d-d965ccfc6d4b" outcome="Passed" testListId="8c84fa94-04c1-424b-9868-57a2d4851a1d" relativeResultsDirectory="c4a2f1e6-bf84-460d-a271-1ee8d3f448bb" />
    <UnitTestResult executionId="9abc6c07-8433-4c61-ae9d-26009971a52c" testId="81f92f43-c312-a796-0f88-c641f89ead5a" testName="BdoGrindTracker.Ocr.Tests.BlackDesertLanguageReaderTests.MissingUnsupportedAndAmbiguousValuesDoNotSilentlyChooseEnglish(contents: &quot;[SERVICE]\nRES=_FR_&quot;)" computerName="MARKUSPC" duration="00:00:00.0019096" startTime="2026-09-10T09:56:48.3543310+02:00" endTime="2026-09-10T09:56:48.3557315+02:00" testType="13cdc9d9-ddb5-4fa4-a97d-d965ccfc6d4b" outcome="Passed" testListId="8c84fa94-04c1-424b-9868-57a2d4851a1d" relativeResultsDirectory="9abc6c07-8433-4c61-ae9d-26009971a52c" />
    <UnitTestResult executionId="044ead99-53a5-494b-9b4b-13a99b4affa6" testId="0caf6b1c-57fd-1f3f-fb45-90ade84f336a" testName="BdoGrindTracker.Ocr.Tests.CompanionCalibrationReaderTests.ReaderUsesGameOptionsOnlyWhenVariableValuesAreAbsent" computerName="MARKUSPC" duration="00:00:00.0151122" startTime="2026-09-10T09:56:48.3361582+02:00" endTime="2026-09-10T09:56:48.3625058+02:00" testType="13cdc9d9-ddb5-4fa4-a97d-d965ccfc6d4b" outcome="Passed" testListId="8c84fa94-04c1-424b-9868-57a2d4851a1d" relativeResultsDirectory="044ead99-53a5-494b-9b4b-13a99b4affa6" />
    <UnitTestResult executionId="001a7fb7-9011-410e-9c69-16af5480ecb4" testId="bd906cf9-9095-f56b-036f-a5ea2ecdcb5f" testName="BdoGrindTracker.Ocr.Tests.CompanionTextPipelineTests.Process_AppliesTheVerifiedRegexRepairs(input: &quot;Destroyed Ancient Weapon&quot;, expected: &quot;Destroyed Ancient Weapon Power Stone&quot;)" computerName="MARKUSPC" duration="00:00:00.0004796" startTime="2026-09-10T09:56:48.3556489+02:00" endTime="2026-09-10T09:56:48.3564197+02:00" testType="13cdc9d9-ddb5-4fa4-a97d-d965ccfc6d4b" outcome="Passed" testListId="8c84fa94-04c1-424b-9868-57a2d4851a1d" relativeResultsDirectory="001a7fb7-9011-410e-9c69-16af5480ecb4" />
    <UnitTestResult executionId="2cd3dc96-324c-4706-8b81-661d3af9f2e3" testId="a2863bbf-011f-991a-1655-49938fe4eb2e" testName="BdoGrindTracker.Ocr.Tests.CompanionNormalRowProcessorTests.MinimumValueUsesCompanionsOrderedLumaThresholds(averageLuma: 60, expected: 170)" computerName="MARKUSPC" duration="00:00:00.0000054" startTime="2026-09-10T09:56:48.3693104+02:00" endTime="2026-09-10T09:56:48.3693530+02:00" testType="13cdc9d9-ddb5-4fa4-a97d-d965ccfc6d4b" outcome="Passed" testListId="8c84fa94-04c1-424b-9868-57a2d4851a1d" relativeResultsDirectory="2cd3dc96-324c-4706-8b81-661d3af9f2e3" />
    <UnitTestResult executionId="f26b3343-b417-42c0-bdab-9e5fbb126380" testId="d07b1f8d-b15b-5971-b085-70ccb37c426f" testName="BdoGrindTracker.Ocr.Tests.CompanionNormalRowProcessorTests.EmptyTranslucentBandSurvivesMeanGateButFailsPixelGate" computerName="MARKUSPC" duration="00:00:00.0008503" startTime="2026-09-10T09:56:48.3682036+02:00" endTime="2026-09-10T09:56:48.3685667+02:00" testType="13cdc9d9-ddb5-4fa4-a97d-d965ccfc6d4b" outcome="Passed" testListId="8c84fa94-04c1-424b-9868-57a2d4851a1d" relativeResultsDirectory="f26b3343-b417-42c0-bdab-9e5fbb126380" />
    <UnitTestResult executionId="b20db4df-226f-4aa7-8165-e56cdf6b6dfb" testId="d76b6664-5bc5-0326-53bd-a37bb4812f8e" testName="BdoGrindTracker.Ocr.Tests.CompanionWindowsOcrRecognizerTests.NormalGeometryGateUsesVerifiedInclusiveBounds(scale: 1,00999999, x: 100, y: 77, expected: True)" computerName="MARKUSPC" duration="00:00:00.0000007" startTime="2026-09-10T09:56:48.3518996+02:00" endTime="2026-09-10T09:56:48.3519277+02:00" testType="13cdc9d9-ddb5-4fa4-a97d-d965ccfc6d4b" outcome="Passed" testListId="8c84fa94-04c1-424b-9868-57a2d4851a1d" relativeResultsDirectory="b20db4df-226f-4aa7-8165-e56cdf6b6dfb" />
    <UnitTestResult executionId="04d81299-ca70-4369-97ab-4f84463633f4" testId="1ca422dc-b710-3f74-3fcb-5aaf94d79ee6" testName="BdoGrindTracker.Ocr.Tests.CompanionQuantityRecognizerTests.Recognize_AcceptsCallerSuppliedEncodedTemplateBytes" computerName="MARKUSPC" duration="00:00:00.0012510" startTime="2026-09-10T09:56:48.3682393+02:00" endTime="2026-09-10T09:56:48.3688930+02:00" testType="13cdc9d9-ddb5-4fa4-a97d-d965ccfc6d4b" outcome="Passed" testListId="8c84fa94-04c1-424b-9868-57a2d4851a1d" relativeResultsDirectory="04d81299-ca70-4369-97ab-4f84463633f4" />
    <UnitTestResult executionId="f34b4a1f-aeba-49c4-8238-8e01db22f4ce" testId="09beb000-5d2b-14f4-62fe-b0c0df0c4649" testName="BdoGrindTracker.Ocr.Tests.NormalLootRecoveryPreprocessorTests.QuantityCropContainsOnlyRightmostSeparatedBlock(variant: Grayscale)" computerName="MARKUSPC" duration="00:00:00.0015879" startTime="2026-09-10T09:56:48.3728645+02:00" endTime="2026-09-10T09:56:48.3730179+02:00" testType="13cdc9d9-ddb5-4fa4-a97d-d965ccfc6d4b" outcome="Passed" testListId="8c84fa94-04c1-424b-9868-57a2d4851a1d" relativeResultsDirectory="f34b4a1f-aeba-49c4-8238-8e01db22f4ce" />
    <UnitTestResult executionId="bfcc312a-fd6b-49fb-a7da-2d598b1d17f3" testId="e6575b0f-b32a-14c1-04b2-8c0f4e5acce2" testName="BdoGrindTracker.Ocr.Tests.CompanionNormalRowProcessorTests.MinimumValueUsesCompanionsOrderedLumaThresholds(averageLuma: 135, expected: 181)" computerName="MARKUSPC" duration="00:00:00.0000007" startTime="2026-09-10T09:56:48.3697241+02:00" endTime="2026-09-10T09:56:48.3697467+02:00" testType="13cdc9d9-ddb5-4fa4-a97d-d965ccfc6d4b" outcome="Passed" testListId="8c84fa94-04c1-424b-9868-57a2d4851a1d" relativeResultsDirectory="bfcc312a-fd6b-49fb-a7da-2d598b1d17f3" />
    <UnitTestResult executionId="001b07ee-d43c-4f08-a14c-97488a930e8c" testId="0b9dbc6a-b27e-f1bf-7759-7787fac27437" testName="BdoGrindTracker.Ocr.Tests.CompanionCalibrationReaderTests.VisibleRareLogCannotReplaceAMissingOrInvalidMainLog(mainLog: &quot;&lt;UIData Index='159' IsShow='true' RelativePosX='-0&quot;···)" computerName="MARKUSPC" duration="00:00:00.0033779" startTime="2026-09-10T09:56:48.3714068+02:00" endTime="2026-09-10T09:56:48.3716621+02:00" testType="13cdc9d9-ddb5-4fa4-a97d-d965ccfc6d4b" outcome="Passed" testListId="8c84fa94-04c1-424b-9868-57a2d4851a1d" relativeResultsDirectory="001b07ee-d43c-4f08-a14c-97488a930e8c" />
    <UnitTestResult executionId="5283f96d-a8f3-4cf2-83ea-c0e81240fb07" testId="f03a6923-f974-41ed-e073-c620a708299f" testName="BdoGrindTracker.Ocr.Tests.CompanionDigitTemplateLoaderTests.LoadConfiguredPair_ReproducesBothCallSiteRecipes(font: CabinDroid, customHp: False, firstHeight: 23, firstThreshold: 0,720000029, secondHeight: 13, secondThreshold: 0,680000007)" computerName="MARKUSPC" duration="00:00:00.0014117" startTime="2026-09-10T09:56:48.3675447+02:00" endTime="2026-09-10T09:56:48.3683174+02:00" testType="13cdc9d9-ddb5-4fa4-a97d-d965ccfc6d4b" outcome="Passed" testListId="8c84fa94-04c1-424b-9868-57a2d4851a1d" relativeResultsDirectory="5283f96d-a8f3-4cf2-83ea-c0e81240fb07" />
    <UnitTestResult executionId="a64f013f-3054-4bbe-8009-06aae8575440" testId="b8c7bc36-a02b-aaaf-e9d2-1b274c383cb9" testName="BdoGrindTracker.Ocr.Tests.CompanionDigitTemplateLoaderTests.GetNormalQuantityThreshold_ReproducesWorkerTable(font: StrongSword, uiScale: 1,10000002, expected: [0,620000005, 0,769999981, 0,75, 0,699999988, 0,74000001, ···])" computerName="MARKUSPC" duration="00:00:00.0000020" startTime="2026-09-10T09:56:48.3673893+02:00" endTime="2026-09-10T09:56:48.3674134+02:00" testType="13cdc9d9-ddb5-4fa4-a97d-d965ccfc6d4b" outcome="Passed" testListId="8c84fa94-04c1-424b-9868-57a2d4851a1d" relativeResultsDirectory="a64f013f-3054-4bbe-8009-06aae8575440" />
    <UnitTestResult executionId="6aaeaed5-7200-4373-b039-a422ad67a759" testId="f0e49205-060e-3430-61b8-c8d3f6d5f656" testName="BdoGrindTracker.Ocr.Tests.CompanionNormalRowProcessorTests.SpecialOneKeepsCompanionsFinalZeroCoordinate" computerName="MARKUSPC" duration="00:00:00.0000899" startTime="2026-09-10T09:56:48.3705054+02:00" endTime="2026-09-10T09:56:48.3705191+02:00" testType="13cdc9d9-ddb5-4fa4-a97d-d965ccfc6d4b" outcome="Passed" testListId="8c84fa94-04c1-424b-9868-57a2d4851a1d" relativeResultsDirectory="6aaeaed5-7200-4373-b039-a422ad67a759" />
    <UnitTestResult executionId="26e271df-9ede-4d07-b186-e83a85ee4ed9" testId="25ba7107-a3e1-96b7-5ba4-582669215278" testName="BdoGrindTracker.Ocr.Tests.PaddleLootRowPreprocessorTests.RareAnnouncementRetainsItsDistinctCalibratedBand" computerName="MARKUSPC" duration="00:00:00.0001067" startTime="2026-09-10T09:56:48.3630818+02:00" endTime="2026-09-10T09:56:48.3631004+02:00" testType="13cdc9d9-ddb5-4fa4-a97d-d965ccfc6d4b" outcome="Passed" testListId="8c84fa94-04c1-424b-9868-57a2d4851a1d" relativeResultsDirectory="26e271df-9ede-4d07-b186-e83a85ee4ed9" />
    <UnitTestResult executionId="83bb7b6e-6782-4d92-a47a-851093a35b96" testId="7226609b-f5af-5278-09ca-7dcca3b8aba0" testName="BdoGrindTracker.Ocr.Tests.CompanionCalibrationReaderTests.ReaderLoadsVisibleUiData161AsSeparateRareAnchor" computerName="MARKUSPC" duration="00:00:00.0031017" startTime="2026-09-10T09:56:48.4114871+02:00" endTime="2026-09-10T09:56:48.4146413+02:00" testType="13cdc9d9-ddb5-4fa4-a97d-d965ccfc6d4b" outcome="Passed" testListId="8c84fa94-04c1-424b-9868-57a2d4851a1d" relativeResultsDirectory="83bb7b6e-6782-4d92-a47a-851093a35b96" />
    <UnitTestResult executionId="70cb2da9-370c-4eed-a69f-9fe7aeee9e4a" testId="6ff7fcc6-d75d-708e-5117-f15c37bbb728" testName="BdoGrindTracker.Ocr.Tests.CompanionTextPipelineTests.Process_AppliesTheVerifiedRegexRepairs(input: &quot;Underwater Ancient Weapon Stone&quot;, expected: &quot;Underwater Ancient Weapon Power Stone&quot;)" computerName="MARKUSPC" duration="00:00:00.0000033" startTime="2026-09-10T09:56:48.3570113+02:00" endTime="2026-09-10T09:56:48.3570342+02:00" testType="13cdc9d9-ddb5-4fa4-a97d-d965ccfc6d4b" outcome="Passed" testListId="8c84fa94-04c1-424b-9868-57a2d4851a1d" relativeResultsDirectory="70cb2da9-370c-4eed-a69f-9fe7aeee9e4a" />
    <UnitTestResult executionId="c6cd181c-1f60-411c-8b1c-a13aba9419b9" testId="10c6c725-5a53-8135-747e-fd22b99b5d58" testName="BdoGrindTracker.Ocr.Tests.CompanionNormalRowProcessorTests.BlankWidthUsesNormalizedColumnsMinusTenForShortFinalBand" computerName="MARKUSPC" duration="00:00:00.0001565" startTime="2026-09-10T09:56:48.3715187+02:00" endTime="2026-09-10T09:56:48.3715330+02:00" testType="13cdc9d9-ddb5-4fa4-a97d-d965ccfc6d4b" outcome="Passed" testListId="8c84fa94-04c1-424b-9868-57a2d4851a1d" relativeResultsDirectory="c6cd181c-1f60-411c-8b1c-a13aba9419b9" />
    <UnitTestResult executionId="55662b66-0ce7-4795-b2db-ab7dd572a7f7" testId="2f7bb1e1-d87f-4bd3-1f9e-5a661028a532" testName="BdoGrindTracker.Ocr.Tests.CompanionTextPipelineTests.Process_AppliesTheVerifiedRegexRepairs(input: &quot;Destroyed Ancient Weapon Power&quot;, expected: &quot;Destroyed Ancient Weapon Power Stone&quot;)" computerName="MARKUSPC" duration="00:00:00.0000038" startTime="2026-09-10T09:56:48.3580586+02:00" endTime="2026-09-10T09:56:48.3580887+02:00" testType="13cdc9d9-ddb5-4fa4-a97d-d965ccfc6d4b" outcome="Passed" testListId="8c84fa94-04c1-424b-9868-57a2d4851a1d" relativeResultsDirectory="55662b66-0ce7-4795-b2db-ab7dd572a7f7" />
    <UnitTestResult executionId="e9c77b86-a9f4-49e9-a2b1-1a05fce12237" testId="ab4e2813-be6e-5968-28eb-e861f9765cf5" testName="BdoGrindTracker.Ocr.Tests.CompanionDigitTemplateLoaderTests.GetNormalQuantityThreshold_ReproducesWorkerTable(font: StrongSword, uiScale: 1, expected: [0,620000005, 0,769999981, 0,75, 0,74000001, 0,74000001, ···])" computerName="MARKUSPC" duration="00:00:00.0000052" startTime="2026-09-10T09:56:48.3674471+02:00" endTime="2026-09-10T09:56:48.3674694+02:00" testType="13cdc9d9-ddb5-4fa4-a97d-d965ccfc6d4b" outcome="Passed" testListId="8c84fa94-04c1-424b-9868-57a2d4851a1d" relativeResultsDirectory="e9c77b86-a9f4-49e9-a2b1-1a05fce12237" />
    <UnitTestResult executionId="2c629aa6-d7f9-4670-9143-de80172ba5c9" testId="cd011973-04f1-e4bc-f248-6efd2def9c53" testName="BdoGrindTracker.Ocr.Tests.BlackDesertLanguageReaderTests.ConflictingInstallationsRequireManualChoice" computerName="MARKUSPC" duration="00:00:00.0028821" startTime="2026-09-10T09:56:48.3651363+02:00" endTime="2026-09-10T09:56:48.3666579+02:00" testType="13cdc9d9-ddb5-4fa4-a97d-d965ccfc6d4b" outcome="Passed" testListId="8c84fa94-04c1-424b-9868-57a2d4851a1d" relativeResultsDirectory="2c629aa6-d7f9-4670-9143-de80172ba5c9" />
    <UnitTestResult executionId="d458f144-cb93-4cd9-a785-751fef659ed1" testId="66c94183-488c-18cb-6895-3c76780f9595" testName="BdoGrindTracker.Ocr.Tests.CompanionDigitTemplateLoaderTests.GetNormalQuantityThreshold_ReproducesWorkerTable(font: DejaVu, uiScale: 1,10000002, expected: [0,610000014, 0,769999981, 0,75, 0,74000001, 0,600000024, ···])" computerName="MARKUSPC" duration="00:00:00.0000015" startTime="2026-09-10T09:56:48.3673300+02:00" endTime="2026-09-10T09:56:48.3673521+02:00" testType="13cdc9d9-ddb5-4fa4-a97d-d965ccfc6d4b" outcome="Passed" testListId="8c84fa94-04c1-424b-9868-57a2d4851a1d" relativeResultsDirectory="d458f144-cb93-4cd9-a785-751fef659ed1" />
    <UnitTestResult executionId="645b50da-aef8-461d-93e1-08cba029e9b3" testId="3d7afdce-ea0a-60b2-abc3-edc7dadb92f2" testName="BdoGrindTracker.Ocr.Tests.CompanionRareRowProcessorTests.ModeOneHdrAndSdrUseTheirDistinctNativeColorWindows" computerName="MARKUSPC" duration="00:00:00.0002735" startTime="2026-09-10T09:56:48.3638564+02:00" endTime="2026-09-10T09:56:48.3642982+02:00" testType="13cdc9d9-ddb5-4fa4-a97d-d965ccfc6d4b" outcome="Passed" testListId="8c84fa94-04c1-424b-9868-57a2d4851a1d" relativeResultsDirectory="645b50da-aef8-461d-93e1-08cba029e9b3" />
    <UnitTestResult executionId="77bb6813-045a-445e-aacf-8be33c8c0662" testId="ea0bc466-7959-5dd3-5eb8-75a1ba3f3090" testName="BdoGrindTracker.Ocr.Tests.CompanionNormalLootGeometryTests.PanelBoundsAreClampedToTheCapturedScreen" computerName="MARKUSPC" duration="00:00:00.0000855" startTime="2026-09-10T09:56:48.3525052+02:00" endTime="2026-09-10T09:56:48.3525354+02:00" testType="13cdc9d9-ddb5-4fa4-a97d-d965ccfc6d4b" outcome="Passed" testListId="8c84fa94-04c1-424b-9868-57a2d4851a1d" relativeResultsDirectory="77bb6813-045a-445e-aacf-8be33c8c0662" />
    <UnitTestResult executionId="9cc2799b-33e4-45c0-a94f-9480ca772fc3" testId="26259b12-dca1-dd55-573e-617b68de1a04" testName="BdoGrindTracker.Ocr.Tests.CompanionQuantityRecognizerTests.Recognize_DeduplicatesCandidatesWhoseSquaredDistanceIsBelowOneHundredSixty" computerName="MARKUSPC" duration="00:00:00.0164217" startTime="2026-09-10T09:56:48.3361285+02:00" endTime="2026-09-10T09:56:48.3626147+02:00" testType="13cdc9d9-ddb5-4fa4-a97d-d965ccfc6d4b" outcome="Passed" testListId="8c84fa94-04c1-424b-9868-57a2d4851a1d" relativeResultsDirectory="9cc2799b-33e4-45c0-a94f-9480ca772fc3" />
    <UnitTestResult executionId="c5e3ebd8-10bd-42b0-b217-f3fc672abfcd" testId="4c690b73-a420-19b3-cbeb-bf5aa9de0ec2" testName="BdoGrindTracker.Ocr.Tests.CompanionTextPipelineTests.Process_BlackStoneRepairUsesStrictVerifiedWidthBounds(recognizedTextWidth: 193, expected: &quot;Black&quot;)" computerName="MARKUSPC" duration="00:00:00.0000371" startTime="2026-09-10T09:56:48.3609308+02:00" endTime="2026-09-10T09:56:48.3609530+02:00" testType="13cdc9d9-ddb5-4fa4-a97d-d965ccfc6d4b" outcome="Passed" testListId="8c84fa94-04c1-424b-9868-57a2d4851a1d" relativeResultsDirectory="c5e3ebd8-10bd-42b0-b217-f3fc672abfcd" />
    <UnitTestResult executionId="5cf443f8-eb13-4063-9b67-2ac56a2419ba" testId="9f3e742e-deaa-2e28-31c4-442e7642706b" testName="BdoGrindTracker.Ocr.Tests.CompanionCalibrationReaderTests.VisibleRareLogCannotReplaceAMissingOrInvalidMainLog(mainLog: &quot;&lt;UIData Index='159' IsShow='true' RelativePosX='Na&quot;···)" computerName="MARKUSPC" duration="00:00:00.0022082" startTime="2026-09-10T09:56:48.3823405+02:00" endTime="2026-09-10T09:56:48.3845351+02:00" testType="13cdc9d9-ddb5-4fa4-a97d-d965ccfc6d4b" outcome="Passed" testListId="8c84fa94-04c1-424b-9868-57a2d4851a1d" relativeResultsDirectory="5cf443f8-eb13-4063-9b67-2ac56a2419ba" />
    <UnitTestResult executionId="7945c5ab-b497-4d27-ad4b-c99c5c40e321" testId="70983786-031a-ce4d-1b46-7eeec581b89d" testName="BdoGrindTracker.Ocr.Tests.CompanionQuantityRecognizerTests.Recognize_UsesInclusiveThirtyPixelGroupingBoundary(xDistance: 31, expected: 2)" computerName="MARKUSPC" duration="00:00:00.0012826" startTime="2026-09-10T09:56:48.3657588+02:00" endTime="2026-09-10T09:56:48.3659260+02:00" testType="13cdc9d9-ddb5-4fa4-a97d-d965ccfc6d4b" outcome="Passed" testListId="8c84fa94-04c1-424b-9868-57a2d4851a1d" relativeResultsDirectory="7945c5ab-b497-4d27-ad4b-c99c5c40e321" />
    <UnitTestResult executionId="27ba17b0-c54e-4e78-8b1a-d0dc2cec446e" testId="4ba4f198-6ef4-108d-8c05-84c166747802" testName="BdoGrindTracker.Ocr.Tests.CompanionNormalRowProcessorTests.NameScaleUsesCompanionsWidthBands(width: 349, expected: 1,75)" computerName="MARKUSPC" duration="00:00:00.0000007" startTime="2026-09-10T09:56:48.3512402+02:00" endTime="2026-09-10T09:56:48.3512883+02:00" testType="13cdc9d9-ddb5-4fa4-a97d-d965ccfc6d4b" outcome="Passed" testListId="8c84fa94-04c1-424b-9868-57a2d4851a1d" relativeResultsDirectory="27ba17b0-c54e-4e78-8b1a-d0dc2cec446e" />
    <UnitTestResult executionId="6ba6a8ed-f0f9-45ce-af45-47b06708792a" testId="84d458e5-58c8-13bd-8707-7419ad908bc8" testName="BdoGrindTracker.Ocr.Tests.NormalLootRecoveryPreprocessorTests.QuantityRegionExcludesTextAboveAndLeftOfItsBounds(variant: Grayscale)" computerName="MARKUSPC" duration="00:00:00.0008408" startTime="2026-09-10T09:56:48.3735741+02:00" endTime="2026-09-10T09:56:48.3735969+02:00" testType="13cdc9d9-ddb5-4fa4-a97d-d965ccfc6d4b" outcome="Passed" testListId="8c84fa94-04c1-424b-9868-57a2d4851a1d" relativeResultsDirectory="6ba6a8ed-f0f9-45ce-af45-47b06708792a" />
    <UnitTestResult executionId="e5cd7c64-b92d-4f14-9300-70518da7ce1d" testId="d8052f0e-b9bd-bb62-8179-dcae1339a960" testName="BdoGrindTracker.Ocr.Tests.CompanionNormalRowProcessorTests.NameOriginMetadataMatchesTheActualCropAtTheNarrowNameBoundary(width: 259, expectedTop: 10)" computerName="MARKUSPC" duration="00:00:00.0010747" startTime="2026-09-10T09:56:48.3663520+02:00" endTime="2026-09-10T09:56:48.3667526+02:00" testType="13cdc9d9-ddb5-4fa4-a97d-d965ccfc6d4b" outcome="Passed" testListId="8c84fa94-04c1-424b-9868-57a2d4851a1d" relativeResultsDirectory="e5cd7c64-b92d-4f14-9300-70518da7ce1d" />
    <UnitTestResult executionId="0a47a5de-e6a8-4f66-b115-87054a421b57" testId="52863621-5a6f-b4a1-9430-e517df04a857" testName="BdoGrindTracker.Ocr.Tests.CompanionNormalRowProcessorTests.MinimumValueUsesCompanionsOrderedLumaThresholds(averageLuma: 165, expected: 185)" computerName="MARKUSPC" duration="00:00:00.0000007" startTime="2026-09-10T09:56:48.3696272+02:00" endTime="2026-09-10T09:56:48.3696730+02:00" testType="13cdc9d9-ddb5-4fa4-a97d-d965ccfc6d4b" outcome="Passed" testListId="8c84fa94-04c1-424b-9868-57a2d4851a1d" relativeResultsDirectory="0a47a5de-e6a8-4f66-b115-87054a421b57" />
    <UnitTestResult executionId="9b0c58b2-b7f4-425f-a3e7-3d4534bc43ab" testId="0b45c917-2f1a-f2fb-997c-ad07ac80278b" testName="BdoGrindTracker.Ocr.Tests.SecondaryLootOcrRecognizerTests.BundledNativeEngineRecognizesARealRenderedRow(language: &quot;en-US&quot;, text: &quot;Black Stone x 17&quot;)" computerName="MARKUSPC" duration="00:00:00.1314008" startTime="2026-09-10T09:56:48.6679169+02:00" endTime="2026-09-10T09:56:48.7863880+02:00" testType="13cdc9d9-ddb5-4fa4-a97d-d965ccfc6d4b" outcome="Passed" testListId="8c84fa94-04c1-424b-9868-57a2d4851a1d" relativeResultsDirectory="9b0c58b2-b7f4-425f-a3e7-3d4534bc43ab" />
[...]
    <TestEntry testId="c1e544ec-6d66-7f82-d109-35cb97d2ad65" executionId="46cb0c2f-2ed9-485a-abd5-45a894da9fad" testListId="8c84fa94-04c1-424b-9868-57a2d4851a1d" />
    <TestEntry testId="27281573-a136-9df9-5c04-b78d6fe4ed2a" executionId="89e17c81-af79-4da6-9a37-600288d93a9c" testListId="8c84fa94-04c1-424b-9868-57a2d4851a1d" />
    <TestEntry testId="25d73c4d-5dfd-f39e-7361-be217d6125e8" executionId="641d8019-c0ee-414a-b88e-0e42277de607" testListId="8c84fa94-04c1-424b-9868-57a2d4851a1d" />
    <TestEntry testId="344606a6-c8cb-706d-eba3-d68594374200" executionId="efefe142-0def-446d-9997-3b701a6922ab" testListId="8c84fa94-04c1-424b-9868-57a2d4851a1d" />
    <TestEntry testId="de4405f4-0d7f-adc6-c060-c02ed98b75e4" executionId="be2128d0-6101-410f-bba1-db12dc329de2" testListId="8c84fa94-04c1-424b-9868-57a2d4851a1d" />
    <TestEntry testId="955ec3f1-4441-df81-985d-cea01ec10923" executionId="4f645f6e-167e-4afb-aa77-3cfb3ba8c783" testListId="8c84fa94-04c1-424b-9868-57a2d4851a1d" />
    <TestEntry testId="b15c7229-bb40-8b36-b887-e24118436e92" executionId="d63b4ca4-862f-4521-b03c-5c093db3b2f5" testListId="8c84fa94-04c1-424b-9868-57a2d4851a1d" />
    <TestEntry testId="daed38c5-e372-dd1d-9be2-40fd229f57cb" executionId="6bac21f3-2854-4eae-8c28-542124dedaab" testListId="8c84fa94-04c1-424b-9868-57a2d4851a1d" />
    <TestEntry testId="b39bcf7c-2166-a6da-66b9-cdc33a228318" executionId="37b54b61-4852-49db-8528-f552f4671f85" testListId="8c84fa94-04c1-424b-9868-57a2d4851a1d" />
    <TestEntry testId="375639a5-d4dc-8596-1da1-aaf1e016b04b" executionId="caa80c5b-602b-477c-8cc5-ff49618996cd" testListId="8c84fa94-04c1-424b-9868-57a2d4851a1d" />
    <TestEntry testId="741025b7-fde8-7f56-2276-c33d50e02172" executionId="dd0df945-b60e-4f2a-8fb1-a2c40e2c3f20" testListId="8c84fa94-04c1-424b-9868-57a2d4851a1d" />
    <TestEntry testId="78a3e4c0-6ab5-5bfb-4986-f1f998ca104a" executionId="b3988b9d-3613-43f6-a457-45d16b09b040" testListId="8c84fa94-04c1-424b-9868-57a2d4851a1d" />
    <TestEntry testId="81e06d4a-8d80-43b0-b6a3-b5c7b93cc495" executionId="c5bde940-08b5-42c9-a1c1-f2857f1903cd" testListId="8c84fa94-04c1-424b-9868-57a2d4851a1d" />
    <TestEntry testId="9fcb35da-c7d2-9bf0-35e3-4f9ef61a0147" executionId="ebe2cae3-1214-4d29-8227-573279997b70" testListId="8c84fa94-04c1-424b-9868-57a2d4851a1d" />
    <TestEntry testId="4f10747a-2121-9209-c748-8b3644978e15" executionId="92bd01a7-3e1f-4354-af73-47c902bc1bec" testListId="8c84fa94-04c1-424b-9868-57a2d4851a1d" />
    <TestEntry testId="8b8b2680-06e3-adaf-8e55-e4408c31a3be" executionId="57881229-e857-40e6-9e93-f3e55b09dc8c" testListId="8c84fa94-04c1-424b-9868-57a2d4851a1d" />
    <TestEntry testId="1fba0b8e-bbaa-8214-8bd6-a1ef6dfec429" executionId="c60ccf83-e99c-4131-bdc2-c5fd81f1e51f" testListId="8c84fa94-04c1-424b-9868-57a2d4851a1d" />
    <TestEntry testId="9db29b35-b5b0-5a67-8c00-42eec5fda0bf" executionId="48d5e9ac-d28b-407c-8551-efd1cb5b9f2f" testListId="8c84fa94-04c1-424b-9868-57a2d4851a1d" />
    <TestEntry testId="d894fbcd-3104-80ad-dd8d-0bf7140e3d29" executionId="6e0ab36e-ff44-4b8e-9239-bf76e7b670da" testListId="8c84fa94-04c1-424b-9868-57a2d4851a1d" />
    <TestEntry testId="c67c0856-13ff-c225-6104-08cf2a21dd42" executionId="c0420765-3e01-461f-9a3d-2322eb8627f7" testListId="8c84fa94-04c1-424b-9868-57a2d4851a1d" />
    <TestEntry testId="d0127d87-2393-55c6-ba5a-8f7412425c5f" executionId="f1f51472-3f89-4a37-a37a-da9fc4e7ffbb" testListId="8c84fa94-04c1-424b-9868-57a2d4851a1d" />
    <TestEntry testId="4f1b7dcc-1846-4739-dab2-14fdf4480151" executionId="626d6ac7-07a4-445b-9105-b031ad5297c7" testListId="8c84fa94-04c1-424b-9868-57a2d4851a1d" />
    <TestEntry testId="1a9ef3be-bbb3-673b-a90d-cc20f0bffc47" executionId="2a345bed-c724-4e25-846e-e2c01719ca7b" testListId="8c84fa94-04c1-424b-9868-57a2d4851a1d" />
    <TestEntry testId="6a9ed9f3-1ca6-2610-d94a-5107e8829c3e" executionId="8c2a88b0-9048-4f94-bb61-803aec6b5935" testListId="8c84fa94-04c1-424b-9868-57a2d4851a1d" />
    <TestEntry testId="978fe809-666a-0423-9609-3a79a74903d0" executionId="9021abd8-78e6-40dc-94dd-d7354306d3ef" testListId="8c84fa94-04c1-424b-9868-57a2d4851a1d" />
    <TestEntry testId="bddea1a7-14d0-a7e7-30f0-487ea49a87ab" executionId="e1015698-4c27-4ae2-9c30-6eee53d7b542" testListId="8c84fa94-04c1-424b-9868-57a2d4851a1d" />
    <TestEntry testId="9b5e7e9e-1b62-0c62-049b-556bd0b97316" executionId="bca4cfc6-cf60-417c-a9b1-6c801570b784" testListId="8c84fa94-04c1-424b-9868-57a2d4851a1d" />
    <TestEntry testId="500cdd84-1bbc-3bd3-36c7-3ca08f19be43" executionId="b95836a5-f8ec-4177-b5c4-e34d08a07164" testListId="8c84fa94-04c1-424b-9868-57a2d4851a1d" />
    <TestEntry testId="4d442bed-e9b7-ca27-91fb-209c07743863" executionId="afedbf0e-280c-41a1-a0aa-07ac19f410e8" testListId="8c84fa94-04c1-424b-9868-57a2d4851a1d" />
    <TestEntry testId="dd32e73d-311a-41a5-7e1c-ff030bd482b5" executionId="16e087cb-bbd1-4877-9f50-a526ef6d655b" testListId="8c84fa94-04c1-424b-9868-57a2d4851a1d" />
    <TestEntry testId="1ab93301-15f1-9da4-0a46-e75d8b675db8" executionId="04e49e3f-784f-4ae4-aaf6-4f9975267ac3" testListId="8c84fa94-04c1-424b-9868-57a2d4851a1d" />
    <TestEntry testId="8e9874d8-adab-50dc-ea31-c423a936f8fb" executionId="d3c224e5-4d7e-4421-9e7b-db856e74ef59" testListId="8c84fa94-04c1-424b-9868-57a2d4851a1d" />
    <TestEntry testId="403d0f34-4354-730a-5a27-460c6d6a4690" executionId="c5e30544-a30b-451c-a1cb-9a65fa262624" testListId="8c84fa94-04c1-424b-9868-57a2d4851a1d" />
    <TestEntry testId="842d0ea5-4e3f-a5d3-6c5b-b548a86debec" executionId="a4496a7d-32cd-4e04-b2d4-a45166be98a5" testListId="8c84fa94-04c1-424b-9868-57a2d4851a1d" />
    <TestEntry testId="a1e337f2-af81-e379-81ad-41704782b9ed" executionId="91a5e882-f652-40fd-aa01-683c5f41ebb0" testListId="8c84fa94-04c1-424b-9868-57a2d4851a1d" />
    <TestEntry testId="73555d0a-c76c-9fdf-7305-2d28465d13a7" executionId="cab61031-53bd-45f0-87d9-af4c9cf1d5d1" testListId="8c84fa94-04c1-424b-9868-57a2d4851a1d" />
    <TestEntry testId="0f564c49-b75f-930b-9823-ec856298db4d" executionId="ca8cce6a-eca5-47b1-ac98-c635e214722a" testListId="8c84fa94-04c1-424b-9868-57a2d4851a1d" />
    <TestEntry testId="dfbc1a43-8764-514d-3800-50f5b7ae23fd" executionId="633af2fe-4951-4072-a73b-02296acba9e2" testListId="8c84fa94-04c1-424b-9868-57a2d4851a1d" />
    <TestEntry testId="3312fa56-67ec-7ff1-0413-f988cb8c5801" executionId="6bc7eb5c-0e0c-42d4-9fa4-dfd133208401" testListId="8c84fa94-04c1-424b-9868-57a2d4851a1d" />
    <TestEntry testId="0857b719-ccc4-ef48-8ea2-b8e42014e5e4" executionId="e4f0e222-80fb-48b3-9c43-d548900ecfb7" testListId="8c84fa94-04c1-424b-9868-57a2d4851a1d" />
    <TestEntry testId="570cd061-7d6a-5f01-db7b-42e97348b5fc" executionId="5b1b5b93-caeb-4ebc-97dd-ed9cf92f3987" testListId="8c84fa94-04c1-424b-9868-57a2d4851a1d" />
    <TestEntry testId="d7377e83-f479-64cf-cbde-f56d3b8c1482" executionId="51bd1cb1-51d7-470b-97c0-8b5f811fc4f2" testListId="8c84fa94-04c1-424b-9868-57a2d4851a1d" />
    <TestEntry testId="eb71e6de-664d-a76e-2226-e7508df30624" executionId="4304e982-5298-4342-a601-5c09d9ad965c" testListId="8c84fa94-04c1-424b-9868-57a2d4851a1d" />
    <TestEntry testId="7cea55ef-6f20-a21b-2e2b-b051fe4a34a2" executionId="4e3787fe-42aa-43bb-897f-53036506ca68" testListId="8c84fa94-04c1-424b-9868-57a2d4851a1d" />
    <TestEntry testId="9e8fa10a-331d-d316-7979-f3a0c9f116fc" executionId="a0659fd5-50f0-4c1d-9d8d-d1f1d6182c25" testListId="8c84fa94-04c1-424b-9868-57a2d4851a1d" />
    <TestEntry testId="afb0cc7d-2bdd-d361-b5f3-4a6f5625b20b" executionId="6adf058a-b2df-4e99-89dd-74546fa7f6bd" testListId="8c84fa94-04c1-424b-9868-57a2d4851a1d" />
    <TestEntry testId="8475b615-62fe-53e6-94e2-33c2b0121739" executionId="e022c0b3-2cf4-4ab3-a0e7-935d36219967" testListId="8c84fa94-04c1-424b-9868-57a2d4851a1d" />
    <TestEntry testId="b36b8f69-5527-2855-e940-894d7223f7dd" executionId="3e5e46c0-3c28-4db4-91b7-f760ce793397" testListId="8c84fa94-04c1-424b-9868-57a2d4851a1d" />
    <TestEntry testId="d2a503d9-2350-046f-967d-99770d016cee" executionId="542b8070-93a0-403f-9966-a21298ca51c8" testListId="8c84fa94-04c1-424b-9868-57a2d4851a1d" />
    <TestEntry testId="4d7a307c-c53a-fc7f-65ba-d9e9d515bbb2" executionId="334f7a19-e05a-4d45-b3d8-4813a4666c4d" testListId="8c84fa94-04c1-424b-9868-57a2d4851a1d" />
    <TestEntry testId="676c5be5-a2f7-bae8-3230-92b7742814e0" executionId="d795d5fa-59f5-4dc0-b108-8ac76780f8e7" testListId="8c84fa94-04c1-424b-9868-57a2d4851a1d" />
    <TestEntry testId="5be46d01-2ff6-5df1-42b9-0e8eb2789f5c" executionId="77be6d98-7945-4c55-8c40-bf1ead4c57e4" testListId="8c84fa94-04c1-424b-9868-57a2d4851a1d" />
    <TestEntry testId="573248f9-ae27-7742-b306-5e459edee243" executionId="fd4d7aa2-3282-4f99-b1c7-61ea52acd2d4" testListId="8c84fa94-04c1-424b-9868-57a2d4851a1d" />
    <TestEntry testId="01b1c205-3212-94a7-295e-ed799a87a07c" executionId="4cb9340f-1d36-4a4c-b105-4ca521296617" testListId="8c84fa94-04c1-424b-9868-57a2d4851a1d" />
    <TestEntry testId="97fb757d-cefe-7f75-0696-c7844c6ca796" executionId="e7e1cd3a-a7ff-45cf-8e53-68ac0ea82f5b" testListId="8c84fa94-04c1-424b-9868-57a2d4851a1d" />
    <TestEntry testId="f92219d5-0ba3-db13-fdc3-f8c2e964a7f5" executionId="6c121aa4-04d2-4e54-8815-6a2ea4d23297" testListId="8c84fa94-04c1-424b-9868-57a2d4851a1d" />
    <TestEntry testId="b6130ee2-b964-a977-e6ae-8e060d179597" executionId="22d69c71-0753-40dc-b37f-eed5f8a4749f" testListId="8c84fa94-04c1-424b-9868-57a2d4851a1d" />
    <TestEntry testId="10063761-913f-aeaa-31fe-93e04f8df70e" executionId="62c9a84b-6a3e-4759-b73a-3c8d50611df9" testListId="8c84fa94-04c1-424b-9868-57a2d4851a1d" />
    <TestEntry testId="6cfa9bd7-d7b5-b2f9-b1fd-99596e78250a" executionId="3bd8326a-f263-4379-ae3e-4520e5177c47" testListId="8c84fa94-04c1-424b-9868-57a2d4851a1d" />
    <TestEntry testId="8786281b-d78e-d73a-f27c-1cdf64aee444" executionId="9ec10c60-1a16-48dd-882b-862cc9ae9998" testListId="8c84fa94-04c1-424b-9868-57a2d4851a1d" />
    <TestEntry testId="6cdf6566-ac95-571a-180e-da1282c09963" executionId="7b775989-1f80-4f7b-9321-de882db83c73" testListId="8c84fa94-04c1-424b-9868-57a2d4851a1d" />
    <TestEntry testId="d0a93068-08ca-a257-6e34-9c51282ed36c" executionId="4ca441eb-1390-4388-8114-a36825f7b67a" testListId="8c84fa94-04c1-424b-9868-57a2d4851a1d" />
    <TestEntry testId="4a27d252-0e6e-bca7-412a-7e83a2357c2a" executionId="6034cd20-0e9e-48b1-89a7-d7b967247414" testListId="8c84fa94-04c1-424b-9868-57a2d4851a1d" />
    <TestEntry testId="66fc9acb-4741-09c7-f43d-b45f4d131892" executionId="9bb461f7-0a37-42b0-89be-cb909547c3f5" testListId="8c84fa94-04c1-424b-9868-57a2d4851a1d" />
    <TestEntry testId="690cf3f5-fe55-c2f7-00b0-e9d0143a11b4" executionId="0d43e5f6-fb3d-4365-ac16-8c8d3ef46e85" testListId="8c84fa94-04c1-424b-9868-57a2d4851a1d" />
    <TestEntry testId="003103ab-3778-fd2c-8205-322c89eefee8" executionId="5d5989af-2e89-494f-90a5-7c65e39eba37" testListId="8c84fa94-04c1-424b-9868-57a2d4851a1d" />
    <TestEntry testId="a40906a2-bb03-408e-59a4-f44421b0144f" executionId="8a9cf457-972b-4750-bb4c-17cf7e36e2f9" testListId="8c84fa94-04c1-424b-9868-57a2d4851a1d" />
    <TestEntry testId="7fd2fff9-206e-fbb2-43a9-4e98d7ab7e6b" executionId="ed5d8746-6b56-4b6e-be8b-9773bfaa4f93" testListId="8c84fa94-04c1-424b-9868-57a2d4851a1d" />
    <TestEntry testId="d2030c3a-97dc-6b8c-a385-bbf9b05f8576" executionId="f9e7f510-5c8b-4cd6-9c05-5fe85db13b8d" testListId="8c84fa94-04c1-424b-9868-57a2d4851a1d" />
    <TestEntry testId="bfded185-e134-238a-6a3d-14ad8710e92e" executionId="7d87d65d-0502-4045-a399-6c71e8733f35" testListId="8c84fa94-04c1-424b-9868-57a2d4851a1d" />
    <TestEntry testId="8a59d2e7-3c72-1898-7125-1fd2569eaa22" executionId="1ce4a85e-2668-4967-9bae-e7b4f17d5086" testListId="8c84fa94-04c1-424b-9868-57a2d4851a1d" />
    <TestEntry testId="6374a6d7-9f09-f173-a11a-714c1175be20" executionId="10b5c299-4f39-426a-a135-1aab9d91de70" testListId="8c84fa94-04c1-424b-9868-57a2d4851a1d" />
    <TestEntry testId="74f74861-fb47-3e4c-563d-15323f5d4ed9" executionId="5ef4be52-b1af-4221-b1fb-1c8aaca8db04" testListId="8c84fa94-04c1-424b-9868-57a2d4851a1d" />
    <TestEntry testId="29b0711d-219b-4c40-1429-22f2f60c7a27" executionId="2b120925-9f50-4bd6-9c49-df8eb81472df" testListId="8c84fa94-04c1-424b-9868-57a2d4851a1d" />
    <TestEntry testId="3ef797eb-658f-d402-8bbc-f42ef16716f0" executionId="089001b7-388b-40a4-8065-e090ae468e9b" testListId="8c84fa94-04c1-424b-9868-57a2d4851a1d" />
    <TestEntry testId="6b86bebd-3247-6d19-831b-623ace2972b6" executionId="7ac63b71-e499-4511-9f9e-0c18bb902d66" testListId="8c84fa94-04c1-424b-9868-57a2d4851a1d" />
    <TestEntry testId="dae3b2bf-c3c5-339a-cde4-22f563b7644e" executionId="33740cbe-3f75-4537-8a3d-4d5190a905b8" testListId="8c84fa94-04c1-424b-9868-57a2d4851a1d" />
    <TestEntry testId="335ccc75-4293-6a19-2f06-a8861595e4f8" executionId="100c01af-db23-4263-b19e-f16f3afc05a8" testListId="8c84fa94-04c1-424b-9868-57a2d4851a1d" />
    <TestEntry testId="1d6903c9-4bc7-b22a-28ce-b55a95c1ecd6" executionId="1e91d9b0-e56c-42d9-987a-295f0104b315" testListId="8c84fa94-04c1-424b-9868-57a2d4851a1d" />
    <TestEntry testId="571e2b4e-6120-1087-8a75-d699f9afc86e" executionId="e7b0d4f2-64e8-4a59-9e3a-943764613cef" testListId="8c84fa94-04c1-424b-9868-57a2d4851a1d" />
    <TestEntry testId="aacf9da7-4d70-2fda-56fd-6bbbf5af7610" executionId="2a643226-7d06-4e11-a367-cff160c84f90" testListId="8c84fa94-04c1-424b-9868-57a2d4851a1d" />
    <TestEntry testId="b60452be-1293-4c57-4a0f-863c7321b032" executionId="741ef0b9-c2d7-4193-b561-312cfbae97d9" testListId="8c84fa94-04c1-424b-9868-57a2d4851a1d" />
    <TestEntry testId="814bf185-4319-df79-129d-efaee3135591" executionId="7d0ed484-3fc8-40a2-89d5-7eecb7fc217e" testListId="8c84fa94-04c1-424b-9868-57a2d4851a1d" />
    <TestEntry testId="1b9489a5-213d-9bde-70e3-96a5bd5dc98e" executionId="5d91b6cd-7130-48e0-a20b-b3b5f9a1a17d" testListId="8c84fa94-04c1-424b-9868-57a2d4851a1d" />
    <TestEntry testId="373caea1-d10c-541c-67f6-4ed993ff79ba" executionId="873e5d4e-878c-405d-9f1f-4d7694ca33cc" testListId="8c84fa94-04c1-424b-9868-57a2d4851a1d" />
    <TestEntry testId="2d1fe962-50fa-6853-74c0-1f7f50d190ef" executionId="1e706342-06d3-4f46-93c1-b156b98e83ed" testListId="8c84fa94-04c1-424b-9868-57a2d4851a1d" />
    <TestEntry testId="4a2fcf08-a1d5-7f01-c980-64bb34350a21" executionId="77637307-557d-4d01-b7cc-cc22e64ced7d" testListId="8c84fa94-04c1-424b-9868-57a2d4851a1d" />
    <TestEntry testId="ae25db15-0b44-5e81-6dec-d2a04dc3c105" executionId="5e512e17-420a-4617-8ec3-360d77c8ef4c" testListId="8c84fa94-04c1-424b-9868-57a2d4851a1d" />
    <TestEntry testId="0794ef4d-f2a8-9bef-f42f-217e771e355b" executionId="4d94d53b-134a-4801-b1d1-c82452200447" testListId="8c84fa94-04c1-424b-9868-57a2d4851a1d" />
    <TestEntry testId="617271cd-8781-d65f-26b8-1fe637946453" executionId="156d1174-a668-48f4-87e2-b2ba44a1777e" testListId="8c84fa94-04c1-424b-9868-57a2d4851a1d" />
    <TestEntry testId="9e622083-37e5-4fd1-afab-992643975eb5" executionId="37075496-ad0b-4988-9617-9f662a0eedc4" testListId="8c84fa94-04c1-424b-9868-57a2d4851a1d" />
    <TestEntry testId="110f027d-f25a-8459-f965-602c8234225c" executionId="ec433957-0fab-465c-8d50-a22d598a7834" testListId="8c84fa94-04c1-424b-9868-57a2d4851a1d" />
    <TestEntry testId="28320fab-ffd0-f6c0-53e5-baa0a92fe1f0" executionId="5684cee8-0534-4ff6-b80a-33f999687b56" testListId="8c84fa94-04c1-424b-9868-57a2d4851a1d" />
    <TestEntry testId="283bbaf7-064b-2401-2a3b-771f5b6bba0f" executionId="cf71d76a-0215-4b5e-bfc7-85a985dfd054" testListId="8c84fa94-04c1-424b-9868-57a2d4851a1d" />
    <TestEntry testId="16cfb371-5983-2fad-8473-137aa97a7dac" executionId="766def71-a96c-4a78-aced-3fcdb31de73f" testListId="8c84fa94-04c1-424b-9868-57a2d4851a1d" />
    <TestEntry testId="be6f8ec3-dcb4-5c1d-aab4-8b6051968c32" executionId="f1f83307-4eb6-40ad-889d-0073e7639007" testListId="8c84fa94-04c1-424b-9868-57a2d4851a1d" />
    <TestEntry testId="4123098f-4f3c-c95e-9c34-1ce588c5982f" executionId="9203e90b-33a6-4eb5-b962-ee09b23f8777" testListId="8c84fa94-04c1-424b-9868-57a2d4851a1d" />
    <TestEntry testId="720baf58-cfaf-9b2b-c697-1a599c3bf8b8" executionId="cdf94092-7e9c-4831-bc69-cda13a03a454" testListId="8c84fa94-04c1-424b-9868-57a2d4851a1d" />
    <TestEntry testId="ea64950d-766a-8fdb-60b7-d9461bcc64e1" executionId="dbb3de33-8938-4bc9-bf08-5d150461da59" testListId="8c84fa94-04c1-424b-9868-57a2d4851a1d" />
    <TestEntry testId="1d924655-eecb-5837-f612-0e4a489d75bd" executionId="1348a2ca-ca92-4486-972a-2dbc5a0aaa2b" testListId="8c84fa94-04c1-424b-9868-57a2d4851a1d" />
    <TestEntry testId="3739c61f-00de-320f-5404-d9eaa4c9bc23" executionId="5d8b3b5c-eee3-4b54-a89f-e75e8497b5f3" testListId="8c84fa94-04c1-424b-9868-57a2d4851a1d" />
  </TestEntries>
  <TestLists>
    <TestList name="Ergebnisse nicht in einer Liste" id="8c84fa94-04c1-424b-9868-57a2d4851a1d" />
    <TestList name="Alle geladenen Ergebnisse" id="19431567-8539-422a-85d7-44ee4e166bda" />
  </TestLists>
  <ResultSummary outcome="Failed">
    <Counters total="243" executed="243" passed="241" failed="2" error="0" timeout="0" aborted="0" inconclusive="0" passedButRunAborted="0" notRunnable="0" notExecuted="0" disconnected="0" warning="0" completed="0" inProgress="0" pending="0" />
    <Output>
      <StdOut>[xUnit.net 00:00:00.00] xUnit.net VSTest Adapter v3.1.4+50e68bbb8b (64-bit .NET 9.0.10)&#xD;
[xUnit.net 00:00:00.04]   Discovering: BdoGrindTracker.Ocr.Tests&#xD;
[xUnit.net 00:00:00.09]   Discovered:  BdoGrindTracker.Ocr.Tests&#xD;
[xUnit.net 00:00:00.13]   Starting:    BdoGrindTracker.Ocr.Tests&#xD;
[xUnit.net 00:00:00.49]       Assert.Equal() Failure: Strings differ&#xD;
[xUnit.net 00:00:00.49]                          ↓ (pos 8)&#xD;
[xUnit.net 00:00:00.49]       Expected: "Bruchstückx12"&#xD;
[xUnit.net 00:00:00.49]       Actual:   "Bruchstüukx12"&#xD;
[xUnit.net 00:00:00.49]                          ↑ (pos 8)&#xD;
[xUnit.net 00:00:00.49]       Stack Trace:&#xD;
[xUnit.net 00:00:00.49]         D:\Projects\bdo-grind-tracker\tests\BdoGrindTracker.Ocr.Tests\SecondaryLootOcrRecognizerTests.cs(39,0): at BdoGrindTracker.Ocr.Tests.SecondaryLootOcrRecognizerTests.BundledNativeEngineRecognizesARealRenderedRow(String language, String text)&#xD;
[xUnit.net 00:00:00.49]            at System.RuntimeMethodHandle.InvokeMethod(Object target, Void** arguments, Signature sig, Boolean isConstructor)&#xD;
[xUnit.net 00:00:00.49]            at System.Reflection.MethodBaseInvoker.InvokeDirectByRefWithFewArgs(Object obj, Span`1 copyOfArgs, BindingFlags invokeAttr)&#xD;
[xUnit.net 00:00:00.85]       Assert.Equal() Failure: Strings differ&#xD;
[xUnit.net 00:00:00.85]                          ↓ (pos 8)&#xD;
[xUnit.net 00:00:00.85]       Expected: "Bruchstückx12"&#xD;
[xUnit.net 00:00:00.85]       Actual:   "Bruchstüukx12"&#xD;
[xUnit.net 00:00:00.85]                          ↑ (pos 8)&#xD;
[xUnit.net 00:00:00.85]       Stack Trace:&#xD;
[xUnit.net 00:00:00.85]         D:\Projects\bdo-grind-tracker\tests\BdoGrindTracker.Ocr.Tests\SecondaryLootOcrRecognizerTests.cs(84,0): at BdoGrindTracker.Ocr.Tests.SecondaryLootOcrRecognizerTests.SeparateWorkersCanReadEnglishAndGermanAtTheSameTime()&#xD;
[xUnit.net 00:00:00.85]         --- End of stack trace from previous location ---&#xD;
[xUnit.net 00:00:01.05]   Finished:    BdoGrindTracker.Ocr.Tests&#xD;
</StdOut>
    </Output>
    <RunInfos>
      <RunInfo computerName="MARKUSPC" outcome="Error" timestamp="2026-09-10T09:56:48.6565948+02:00">
        <Text>[xUnit.net 00:00:00.48]     BdoGrindTracker.Ocr.Tests.SecondaryLootOcrRecognizerTests.BundledNativeEngineRecognizesARealRenderedRow(language: "de-DE", text: "Bruchstück x 12") [FAIL]</Text>
      </RunInfo>
      <RunInfo computerName="MARKUSPC" outcome="Error" timestamp="2026-09-10T09:56:49.0299224+02:00">
        <Text>[xUnit.net 00:00:00.85]     BdoGrindTracker.Ocr.Tests.SecondaryLootOcrRecognizerTests.SeparateWorkersCanReadEnglishAndGermanAtTheSameTime [FAIL]</Text>
      </RunInfo>
    </RunInfos>
  </ResultSummary>
</TestRun>