<?xml version="1.0" encoding="utf-8"?>
<TestRun id="1988ed92-e1cd-4ee3-be0f-407d1a357124" name="marku@MARKUSPC 2026-09-10 09:07:42" runUser="MARKUSPC\marku" xmlns="http://microsoft.com/schemas/VisualStudio/TeamTest/2010">
  <Times creation="2026-09-10T09:07:42.7582083+02:00" queuing="2026-09-10T09:07:42.7582084+02:00" start="2026-09-10T09:07:41.5235377+02:00" finish="2026-09-10T09:07:42.8116543+02:00" />
  <TestSettings name="default" id="a8217a2d-1f62-415d-b68a-3b6909889f43">
    <Deployment runDeploymentRoot="marku_MARKUSPC_2026-09-10_09_07_42" />
  </TestSettings>
  <Results>
    <UnitTestResult executionId="0222302e-bfbe-4b30-98e1-1b2ff0fae19d" testId="e1d57af2-006b-2002-b303-a3cea790220e" testName="BdoGrindTracker.Core.Tests.CompanionMinimumQuantityTests.ALaterReadDoesNotRepairAlreadyProcessedFramesAndSuppressTheNewRead" computerName="MARKUSPC" duration="00:00:00.0002610" startTime="2026-09-10T09:07:42.7649544+02:00" endTime="2026-09-10T09:07:42.7654956+02:00" testType="13cdc9d9-ddb5-4fa4-a97d-d965ccfc6d4b" outcome="Passed" testListId="8c84fa94-04c1-424b-9868-57a2d4851a1d" relativeResultsDirectory="0222302e-bfbe-4b30-98e1-1b2ff0fae19d" />
    <UnitTestResult executionId="a130ed21-82b2-4f95-89b2-a673151e5a01" testId="2e0ac898-e402-a725-3287-f3d6203d2468" testName="BdoGrindTracker.Core.Tests.GermanItemMatcherTests.EveryGermanNameAndItsNormalizedOcrFormResolveToTheSameCanonicalItem(canonical: &quot;White Primordial Luster - Sovereign&quot;, german: &quot;Weißer Glanz der Urklasse – Gebieter&quot;, rare: True)" computerName="MARKUSPC" duration="00:00:00.0000701" startTime="2026-09-10T09:07:42.7601825+02:00" endTime="2026-09-10T09:07:42.7601968+02:00" testType="13cdc9d9-ddb5-4fa4-a97d-d965ccfc6d4b" outcome="Passed" testListId="8c84fa94-04c1-424b-9868-57a2d4851a1d" relativeResultsDirectory="a130ed21-82b2-4f95-89b2-a673151e5a01" />
    <UnitTestResult executionId="f417a8fd-f2d8-402d-8164-00394b8566d4" testId="656c9315-9ea3-9099-2d06-0497c5f45ecd" testName="BdoGrindTracker.Core.Tests.AutomaticLootSpotLockTests.GlobalDropsDoNotUnlockForeignTrashOrKnownWrongItems(trash: &quot;Elion Follower's Helmet&quot;, foreignTrash: &quot;Branch of Abundance&quot;, otherForeignTrash: &quot;Black Crystal Fragment&quot;)" computerName="MARKUSPC" duration="00:00:00.0000020" startTime="2026-09-10T09:07:42.7537462+02:00" endTime="2026-09-10T09:07:42.7537713+02:00" testType="13cdc9d9-ddb5-4fa4-a97d-d965ccfc6d4b" outcome="Passed" testListId="8c84fa94-04c1-424b-9868-57a2d4851a1d" relativeResultsDirectory="f417a8fd-f2d8-402d-8164-00394b8566d4" />
    <UnitTestResult executionId="7ac4b4db-3adf-4e33-b610-16fd5ec0e735" testId="a2ff3963-6e1c-150e-75fb-b6227cda9dcd" testName="BdoGrindTracker.Core.Tests.CompanionFrameReconcilerTests.NewIdenticalDropsInsertedAheadOfContinuingRowsAreStillCounted" computerName="MARKUSPC" duration="00:00:00.0002801" startTime="2026-09-10T09:07:42.7691583+02:00" endTime="2026-09-10T09:07:42.7696609+02:00" testType="13cdc9d9-ddb5-4fa4-a97d-d965ccfc6d4b" outcome="Passed" testListId="8c84fa94-04c1-424b-9868-57a2d4851a1d" relativeResultsDirectory="7ac4b4db-3adf-4e33-b610-16fd5ec0e735" />
    <UnitTestResult executionId="c935cebb-f113-4c91-90df-aa72ce497971" testId="6d07ce5c-6b4b-8fb8-a32e-f80c724ed9a2" testName="BdoGrindTracker.Core.Tests.GermanItemMatcherTests.EveryGermanNameAndItsNormalizedOcrFormResolveToTheSameCanonicalItem(canonical: &quot;Embers of Ynix - Shoes&quot;, german: &quot;Glut der Ynix – Schuhe&quot;, rare: False)" computerName="MARKUSPC" duration="00:00:00.0000659" startTime="2026-09-10T09:07:42.7607355+02:00" endTime="2026-09-10T09:07:42.7607504+02:00" testType="13cdc9d9-ddb5-4fa4-a97d-d965ccfc6d4b" outcome="Passed" testListId="8c84fa94-04c1-424b-9868-57a2d4851a1d" relativeResultsDirectory="c935cebb-f113-4c91-90df-aa72ce497971" />
    <UnitTestResult executionId="00c2825d-1211-420f-aace-8197841f4161" testId="7dcdec55-de59-0902-3e05-47be66328e03" testName="BdoGrindTracker.Core.Tests.AutomaticLootSpotLockTests.EveryGlobalDropRemainsAllowedAfterAnySpotLocksWithoutEventOptIn(trash: &quot;Elion Follower's Helmet&quot;, item: &quot;Black Stone&quot;)" computerName="MARKUSPC" duration="00:00:00.0494727" startTime="2026-09-10T09:07:42.6945120+02:00" endTime="2026-09-10T09:07:42.7377197+02:00" testType="13cdc9d9-ddb5-4fa4-a97d-d965ccfc6d4b" outcome="Passed" testListId="8c84fa94-04c1-424b-9868-57a2d4851a1d" relativeResultsDirectory="00c2825d-1211-420f-aace-8197841f4161" />
    <UnitTestResult executionId="f0a505aa-feb8-4358-bbdc-c01e6cfc6364" testId="e656b210-39e5-0f4a-bec9-7da5abc7d4b5" testName="BdoGrindTracker.Core.Tests.CompanionDropQuantityBoundsTests.NeighborReadWinsBeforeFallbackAndRespectsBothBounds(rare: False, read: 1, expected: 4)" computerName="MARKUSPC" duration="00:00:00.0000028" startTime="2026-09-10T09:07:42.7632883+02:00" endTime="2026-09-10T09:07:42.7633021+02:00" testType="13cdc9d9-ddb5-4fa4-a97d-d965ccfc6d4b" outcome="Passed" testListId="8c84fa94-04c1-424b-9868-57a2d4851a1d" relativeResultsDirectory="f0a505aa-feb8-4358-bbdc-c01e6cfc6364" />
    <UnitTestResult executionId="c117038d-30f3-4610-a754-b6e906bb8a08" testId="cd7bfc2d-2131-816d-5d0e-8cc90b31027f" testName="BdoGrindTracker.Core.Tests.CompanionDropQuantityBoundsTests.LowerBoundNormalizesContinuingDropBeforeIdentityMatching(rare: False)" computerName="MARKUSPC" duration="00:00:00.0001025" startTime="2026-09-10T09:07:42.7681419+02:00" endTime="2026-09-10T09:07:42.7682141+02:00" testType="13cdc9d9-ddb5-4fa4-a97d-d965ccfc6d4b" outcome="Passed" testListId="8c84fa94-04c1-424b-9868-57a2d4851a1d" relativeResultsDirectory="c117038d-30f3-4610-a754-b6e906bb8a08" />
    <UnitTestResult executionId="cef23de2-b722-4479-9992-0c8e961a3f23" testId="3176cf4c-63e0-1349-ea69-733e5749b24c" testName="BdoGrindTracker.Core.Tests.GermanItemMatcherTests.EveryGermanNameAndItsNormalizedOcrFormResolveToTheSameCanonicalItem(canonical: &quot;Crimson Primordial Pigment - Sovereign&quot;, german: &quot;Rotes Farbmittel der Urklasse – Gebieter&quot;, rare: True)" computerName="MARKUSPC" duration="00:00:00.0000865" startTime="2026-09-10T09:07:42.7574970+02:00" endTime="2026-09-10T09:07:42.7575204+02:00" testType="13cdc9d9-ddb5-4fa4-a97d-d965ccfc6d4b" outcome="Passed" testListId="8c84fa94-04c1-424b-9868-57a2d4851a1d" relativeResultsDirectory="cef23de2-b722-4479-9992-0c8e961a3f23" />
    <UnitTestResult executionId="3541ab83-73e3-4510-b137-463e57b03061" testId="448747ff-7d37-bf6e-4a12-257b1d94a245" testName="BdoGrindTracker.Core.Tests.DropQuantityCatalogTests.WorkbookValuesRetainTheirExactItemAndSpot(spot: &quot;magaia&quot;, item: &quot;Black Stone&quot;, minimum: 1, maximum: 50)" computerName="MARKUSPC" duration="00:00:00.0000011" startTime="2026-09-10T09:07:42.7744391+02:00" endTime="2026-09-10T09:07:42.7744535+02:00" testType="13cdc9d9-ddb5-4fa4-a97d-d965ccfc6d4b" outcome="Passed" testListId="8c84fa94-04c1-424b-9868-57a2d4851a1d" relativeResultsDirectory="3541ab83-73e3-4510-b137-463e57b03061" />
    <UnitTestResult executionId="326a854e-0edb-4bc0-a5c1-182109f9e832" testId="0c38514c-5eb7-2dea-faad-3ca8bf3b8803" testName="BdoGrindTracker.Core.Tests.CompanionMinimumQuantityTests.KnownUnitItemsKeepTheirNativeQuantityRule" computerName="MARKUSPC" duration="00:00:00.0000910" startTime="2026-09-10T09:07:42.7715813+02:00" endTime="2026-09-10T09:07:42.7718331+02:00" testType="13cdc9d9-ddb5-4fa4-a97d-d965ccfc6d4b" outcome="Passed" testListId="8c84fa94-04c1-424b-9868-57a2d4851a1d" relativeResultsDirectory="326a854e-0edb-4bc0-a5c1-182109f9e832" />
    <UnitTestResult executionId="d9ce2881-0907-44fc-8858-c7562b9d660a" testId="b48945b6-54b8-1a78-7e92-15e8865d0c06" testName="BdoGrindTracker.Core.Tests.AutomaticLootSpotLockTests.EveryGlobalDropRemainsAllowedAfterAnySpotLocksWithoutEventOptIn(trash: &quot;Scorched Belt Ornament&quot;, item: &quot;Black Stone&quot;)" computerName="MARKUSPC" duration="00:00:00.0000013" startTime="2026-09-10T09:07:42.7509055+02:00" endTime="2026-09-10T09:07:42.7509286+02:00" testType="13cdc9d9-ddb5-4fa4-a97d-d965ccfc6d4b" outcome="Passed" testListId="8c84fa94-04c1-424b-9868-57a2d4851a1d" relativeResultsDirectory="d9ce2881-0907-44fc-8858-c7562b9d660a" />
    <UnitTestResult executionId="e3ad1718-cead-4588-80ec-583d4e4ec677" testId="3eed4570-3204-bf6a-b1f4-ef785bb99d02" testName="BdoGrindTracker.Core.Tests.DropQuantityBoundsTests.RejectsInvalidBounds(minimum: 1, maximum: 2147483648)" computerName="MARKUSPC" duration="00:00:00.0000033" startTime="2026-09-10T09:07:42.7489269+02:00" endTime="2026-09-10T09:07:42.7489764+02:00" testType="13cdc9d9-ddb5-4fa4-a97d-d965ccfc6d4b" outcome="Passed" testListId="8c84fa94-04c1-424b-9868-57a2d4851a1d" relativeResultsDirectory="e3ad1718-cead-4588-80ec-583d4e4ec677" />
    <UnitTestResult executionId="ebead4da-5e40-4c78-8f5c-eaadf74552a4" testId="4861fab4-c90b-9669-2a78-559f6484185d" testName="BdoGrindTracker.Core.Tests.TrackedCompanionReconciliationTests.InteriorUnreadRowDoesNotCompressOrRecountItsNeighbors(scale: 1)" computerName="MARKUSPC" duration="00:00:00.0001693" startTime="2026-09-10T09:07:42.7725449+02:00" endTime="2026-09-10T09:07:42.7725768+02:00" testType="13cdc9d9-ddb5-4fa4-a97d-d965ccfc6d4b" outcome="Passed" testListId="8c84fa94-04c1-424b-9868-57a2d4851a1d" relativeResultsDirectory="ebead4da-5e40-4c78-8f5c-eaadf74552a4" />
    <UnitTestResult executionId="608581b7-8e2f-448e-8a89-783c1b1e3f93" testId="6f2f93d6-b66b-b80f-5aaf-3320c1c33b97" testName="BdoGrindTracker.Core.Tests.CompanionDropQuantityBoundsTests.NewlyInsertedNormalDropIsStillCountedAfterNormalization" computerName="MARKUSPC" duration="00:00:00.0002795" startTime="2026-09-10T09:07:42.7651924+02:00" endTime="2026-09-10T09:07:42.7656479+02:00" testType="13cdc9d9-ddb5-4fa4-a97d-d965ccfc6d4b" outcome="Passed" testListId="8c84fa94-04c1-424b-9868-57a2d4851a1d" relativeResultsDirectory="608581b7-8e2f-448e-8a89-783c1b1e3f93" />
    <UnitTestResult executionId="ade66119-f436-428f-aec5-1754bdf24f8f" testId="40145880-887d-8b72-8610-4e5d89b8ae46" testName="BdoGrindTracker.Core.Tests.DropQuantityCatalogTests.BeforeSpotLockNeverUsesOneSpotsFixedCountForASharedVariableDrop" computerName="MARKUSPC" duration="00:00:00.0000805" startTime="2026-09-10T09:07:42.7749301+02:00" endTime="2026-09-10T09:07:42.7749439+02:00" testType="13cdc9d9-ddb5-4fa4-a97d-d965ccfc6d4b" outcome="Passed" testListId="8c84fa94-04c1-424b-9868-57a2d4851a1d" relativeResultsDirectory="ade66119-f436-428f-aec5-1754bdf24f8f" />
    <UnitTestResult executionId="5f47ad9e-dfc9-4e2e-8997-9e2a974b6142" testId="bcddaf73-efab-9f3d-a24b-e9b9f4f86569" testName="BdoGrindTracker.Core.Tests.GermanItemMatcherTests.IncompleteRareVariantsAreNotGuessed(text: &quot;Weißer Glanz der Urklasse&quot;)" computerName="MARKUSPC" duration="00:00:00.0004768" startTime="2026-09-10T09:07:42.7732249+02:00" endTime="2026-09-10T09:07:42.7732388+02:00" testType="13cdc9d9-ddb5-4fa4-a97d-d965ccfc6d4b" outcome="Passed" testListId="8c84fa94-04c1-424b-9868-57a2d4851a1d" relativeResultsDirectory="5f47ad9e-dfc9-4e2e-8997-9e2a974b6142" />
    <UnitTestResult executionId="327424b3-3ae8-4948-b44a-bb90e4e64797" testId="0e2783da-fd37-3a32-9ba4-07298b25602d" testName="BdoGrindTracker.Core.Tests.AutomaticLootSpotLockTests.EveryGlobalDropRemainsAllowedAfterAnySpotLocksWithoutEventOptIn(trash: &quot;Scorched Belt Ornament&quot;, item: &quot;Laila's Petal&quot;)" computerName="MARKUSPC" duration="00:00:00.0000008" startTime="2026-09-10T09:07:42.7505764+02:00" endTime="2026-09-10T09:07:42.7506208+02:00" testType="13cdc9d9-ddb5-4fa4-a97d-d965ccfc6d4b" outcome="Passed" testListId="8c84fa94-04c1-424b-9868-57a2d4851a1d" relativeResultsDirectory="327424b3-3ae8-4948-b44a-bb90e4e64797" />
    <UnitTestResult executionId="c794d13c-4b14-4f87-b8c2-bd0039d6fd21" testId="9402a2fc-f878-eaee-16a6-5b679f228aa8" testName="BdoGrindTracker.Core.Tests.TrackedCompanionReconciliationTests.TraceKeepsOriginalIndicesAcrossBatchTrimmingAndResetsWithCounter" computerName="MARKUSPC" duration="00:00:00.0598833" startTime="2026-09-10T09:07:42.6940885+02:00" endTime="2026-09-10T09:07:42.7674477+02:00" testType="13cdc9d9-ddb5-4fa4-a97d-d965ccfc6d4b" outcome="Passed" testListId="8c84fa94-04c1-424b-9868-57a2d4851a1d" relativeResultsDirectory="c794d13c-4b14-4f87-b8c2-bd0039d6fd21" />
    <UnitTestResult executionId="9bcadf81-662e-4c04-94de-5b26911a6859" testId="e6408903-98f9-4f28-70a0-ca7e11a3cf0a" testName="BdoGrindTracker.Core.Tests.GermanItemMatcherTests.EveryGermanNameAndItsNormalizedOcrFormResolveToTheSameCanonicalItem(canonical: &quot;Embers of Ynix - Helmet&quot;, german: &quot;Glut der Ynix – Helm&quot;, rare: False)" computerName="MARKUSPC" duration="00:00:00.0000816" startTime="2026-09-10T09:07:42.7604552+02:00" endTime="2026-09-10T09:07:42.7604689+02:00" testType="13cdc9d9-ddb5-4fa4-a97d-d965ccfc6d4b" outcome="Passed" testListId="8c84fa94-04c1-424b-9868-57a2d4851a1d" relativeResultsDirectory="9bcadf81-662e-4c04-94de-5b26911a6859" />
    <UnitTestResult executionId="65bef3ab-fd76-4c84-8e2f-5e4cc4748167" testId="fcfd5a04-e20f-b153-ba2c-9bdbade77afd" testName="BdoGrindTracker.Core.Tests.CompanionMinimumQuantityTests.AnEmptyTableRetainsTheLegacyFallbackAndNeighborOrder" computerName="MARKUSPC" duration="00:00:00.0002392" startTime="2026-09-10T09:07:42.7655629+02:00" endTime="2026-09-10T09:07:42.7661514+02:00" testType="13cdc9d9-ddb5-4fa4-a97d-d965ccfc6d4b" outcome="Passed" testListId="8c84fa94-04c1-424b-9868-57a2d4851a1d" relativeResultsDirectory="65bef3ab-fd76-4c84-8e2f-5e4cc4748167" />
    <UnitTestResult executionId="d09bf854-7401-465c-97c6-a3caa1f60993" testId="1e9349ab-c9a3-7b72-bc81-5b4b60918d46" testName="BdoGrindTracker.Core.Tests.AutomaticLootSpotLockTests.EveryGlobalDropRemainsAllowedAfterAnySpotLocksWithoutEventOptIn(trash: &quot;Elion Follower's Helmet&quot;, item: &quot;Laila's Petal&quot;)" computerName="MARKUSPC" duration="00:00:00.0000008" startTime="2026-09-10T09:07:42.7500546+02:00" endTime="2026-09-10T09:07:42.7500839+02:00" testType="13cdc9d9-ddb5-4fa4-a97d-d965ccfc6d4b" outcome="Passed" testListId="8c84fa94-04c1-424b-9868-57a2d4851a1d" relativeResultsDirectory="d09bf854-7401-465c-97c6-a3caa1f60993" />
    <UnitTestResult executionId="06541ca0-7aa2-4446-b0ef-bc817712bf4b" testId="b9e5693c-3556-3845-e108-269f3e1d9482" testName="BdoGrindTracker.Core.Tests.CompanionMinimumQuantityTests.InvalidMinimumTableEntriesAreRejected(name: &quot;&quot;, value: 4)" computerName="MARKUSPC" duration="00:00:00.0000031" startTime="2026-09-10T09:07:42.7560005+02:00" endTime="2026-09-10T09:07:42.7560293+02:00" testType="13cdc9d9-ddb5-4fa4-a97d-d965ccfc6d4b" outcome="Passed" testListId="8c84fa94-04c1-424b-9868-57a2d4851a1d" relativeResultsDirectory="06541ca0-7aa2-4446-b0ef-bc817712bf4b" />
    <UnitTestResult executionId="dacb82eb-f7ee-4e90-ab95-c06dc68d94ec" testId="92b9fc39-7a7b-ffd3-bc4d-c7ad01cef949" testName="BdoGrindTracker.Core.Tests.GermanItemMatcherTests.EveryGermanNameAndItsNormalizedOcrFormResolveToTheSameCanonicalItem(canonical: &quot;Twilight of the End - Belt&quot;, german: &quot;Dämmerung des Endes – Gürtel&quot;, rare: True)" computerName="MARKUSPC" duration="00:00:00.0000718" startTime="2026-09-10T09:07:42.7604154+02:00" endTime="2026-09-10T09:07:42.7604327+02:00" testType="13cdc9d9-ddb5-4fa4-a97d-d965ccfc6d4b" outcome="Passed" testListId="8c84fa94-04c1-424b-9868-57a2d4851a1d" relativeResultsDirectory="dacb82eb-f7ee-4e90-ab95-c06dc68d94ec" />
    <UnitTestResult executionId="f09db1a9-4029-4766-a1f3-d03681920ec0" testId="4347d2fd-e05b-e664-77d2-9dd1d685b854" testName="BdoGrindTracker.Core.Tests.GermanItemMatcherTests.EveryGermanNameAndItsNormalizedOcrFormResolveToTheSameCanonicalItem(canonical: &quot;Twilight of the End - Earring&quot;, german: &quot;Dämmerung des Endes – Ohrring&quot;, rare: False)" computerName="MARKUSPC" duration="00:00:00.0000642" startTime="2026-09-10T09:07:42.7651475+02:00" endTime="2026-09-10T09:07:42.7652069+02:00" testType="13cdc9d9-ddb5-4fa4-a97d-d965ccfc6d4b" outcome="Passed" testListId="8c84fa94-04c1-424b-9868-57a2d4851a1d" relativeResultsDirectory="f09db1a9-4029-4766-a1f3-d03681920ec0" />
    <UnitTestResult executionId="c9537881-c8f1-44b6-ab78-034ca36f1563" testId="d9729f50-fd8f-2eff-9cff-149c1a6ec63b" testName="BdoGrindTracker.Core.Tests.GermanItemMatcherTests.EveryGermanNameAndItsNormalizedOcrFormResolveToTheSameCanonicalItem(canonical: &quot;Caphras Stone&quot;, german: &quot;Caphras-Stein&quot;, rare: True)" computerName="MARKUSPC" duration="00:00:00.0000635" startTime="2026-09-10T09:07:42.7597901+02:00" endTime="2026-09-10T09:07:42.7598039+02:00" testType="13cdc9d9-ddb5-4fa4-a97d-d965ccfc6d4b" outcome="Passed" testListId="8c84fa94-04c1-424b-9868-57a2d4851a1d" relativeResultsDirectory="c9537881-c8f1-44b6-ab78-034ca36f1563" />
    <UnitTestResult executionId="8bc4aa08-83ac-4774-93f0-c670b6310e20" testId="4313e2ac-79bb-b0bc-8df3-5b65c23f57e6" testName="BdoGrindTracker.Core.Tests.AutomaticLootSpotLockTests.EveryGlobalDropRemainsAllowedAfterAnySpotLocksWithoutEventOptIn(trash: &quot;Elion Follower's Mark&quot;, item: &quot;Pure Black Stone&quot;)" computerName="MARKUSPC" duration="00:00:00.0000009" startTime="2026-09-10T09:07:42.7506774+02:00" endTime="2026-09-10T09:07:42.7507049+02:00" testType="13cdc9d9-ddb5-4fa4-a97d-d965ccfc6d4b" outcome="Passed" testListId="8c84fa94-04c1-424b-9868-57a2d4851a1d" relativeResultsDirectory="8bc4aa08-83ac-4774-93f0-c670b6310e20" />
    <UnitTestResult executionId="b4d64bbd-ecfb-4947-8848-7c2b096472a7" testId="c25f78a7-c1cf-c816-1537-893db95000e9" testName="BdoGrindTracker.Core.Tests.CompanionMinimumQuantityTests.TheMinimumTableIsCopiedInsteadOfFollowingCallerMutations" computerName="MARKUSPC" duration="00:00:00.0000723" startTime="2026-09-10T09:07:42.7661947+02:00" endTime="2026-09-10T09:07:42.7665823+02:00" testType="13cdc9d9-ddb5-4fa4-a97d-d965ccfc6d4b" outcome="Passed" testListId="8c84fa94-04c1-424b-9868-57a2d4851a1d" relativeResultsDirectory="b4d64bbd-ecfb-4947-8848-7c2b096472a7" />
    <UnitTestResult executionId="e44a910d-7e6f-4e92-a298-7c0a88050098" testId="11485332-8d25-f4f2-1de9-0a994d53e28b" testName="BdoGrindTracker.Core.Tests.TrackedCompanionReconciliationTests.ResetAndVisiblyClearedPanelStartNewIds" computerName="MARKUSPC" duration="00:00:00.0002621" startTime="2026-09-10T09:07:42.7737022+02:00" endTime="2026-09-10T09:07:42.7737165+02:00" testType="13cdc9d9-ddb5-4fa4-a97d-d965ccfc6d4b" outcome="Passed" testListId="8c84fa94-04c1-424b-9868-57a2d4851a1d" relativeResultsDirectory="e44a910d-7e6f-4e92-a298-7c0a88050098" />
    <UnitTestResult executionId="dcf99e96-637d-4bf2-a22d-a0a17dd47de1" testId="a01f3856-4442-00aa-6e8e-e46e209c4806" testName="BdoGrindTracker.Core.Tests.GermanItemMatcherTests.EveryGermanNameAndItsNormalizedOcrFormResolveToTheSameCanonicalItem(canonical: &quot;Broken Gloves of the Void&quot;, german: &quot;Zersplitterte Handschuhe der Leerenweite&quot;, rare: False)" computerName="MARKUSPC" duration="00:00:00.0000658" startTime="2026-09-10T09:07:42.7666509+02:00" endTime="2026-09-10T09:07:42.7668895+02:00" testType="13cdc9d9-ddb5-4fa4-a97d-d965ccfc6d4b" outcome="Passed" testListId="8c84fa94-04c1-424b-9868-57a2d4851a1d" relativeResultsDirectory="dcf99e96-637d-4bf2-a22d-a0a17dd47de1" />
    <UnitTestResult executionId="43ac2f9f-4a51-42c7-9675-ba53979c1331" testId="ca599a96-3b90-8bba-81c0-922cd094d6ef" testName="BdoGrindTracker.Core.Tests.CompanionDropQuantityBoundsTests.SeparateDropsEachReceiveTheirOwnLimit(rare: True, maximum: 2)" computerName="MARKUSPC" duration="00:00:00.0000374" startTime="2026-09-10T09:07:42.7623741+02:00" endTime="2026-09-10T09:07:42.7624232+02:00" testType="13cdc9d9-ddb5-4fa4-a97d-d965ccfc6d4b" outcome="Passed" testListId="8c84fa94-04c1-424b-9868-57a2d4851a1d" relativeResultsDirectory="43ac2f9f-4a51-42c7-9675-ba53979c1331" />
    <UnitTestResult executionId="f9a8be2e-f4fb-4b67-8ecc-403f65fad45e" testId="95dc135a-c6a0-8f8d-3179-e50b5fd529c6" testName="BdoGrindTracker.Core.Tests.GermanItemMatcherTests.EveryGermanNameAndItsNormalizedOcrFormResolveToTheSameCanonicalItem(canonical: &quot;HAN Wandering Origin Crystal&quot;, german: &quot;HAN-Kristall des wandernden Ursprungs&quot;, rare: True)" computerName="MARKUSPC" duration="00:00:00.0000625" startTime="2026-09-10T09:07:42.7704173+02:00" endTime="2026-09-10T09:07:42.7704342+02:00" testType="13cdc9d9-ddb5-4fa4-a97d-d965ccfc6d4b" outcome="Passed" testListId="8c84fa94-04c1-424b-9868-57a2d4851a1d" relativeResultsDirectory="f9a8be2e-f4fb-4b67-8ecc-403f65fad45e" />
    <UnitTestResult executionId="2698b13b-df6e-4e07-a88d-352d37223ed3" testId="989e576e-dd54-e972-c5c6-0333601db5fc" testName="BdoGrindTracker.Core.Tests.GermanItemMatcherTests.EveryGermanNameAndItsNormalizedOcrFormResolveToTheSameCanonicalItem(canonical: &quot;BON Wandering Origin Crystal&quot;, german: &quot;BON-Kristall des wandernden Ursprungs&quot;, rare: False)" computerName="MARKUSPC" duration="00:00:00.0000656" startTime="2026-09-10T09:07:42.7673605+02:00" endTime="2026-09-10T09:07:42.7674800+02:00" testType="13cdc9d9-ddb5-4fa4-a97d-d965ccfc6d4b" outcome="Passed" testListId="8c84fa94-04c1-424b-9868-57a2d4851a1d" relativeResultsDirectory="2698b13b-df6e-4e07-a88d-352d37223ed3" />
    <UnitTestResult executionId="c7253380-4cde-47bc-8dae-9f4fb480eb33" testId="d2cf69d6-e5e3-dd13-39f5-5e5ab7fb80ab" testName="BdoGrindTracker.Core.Tests.DropQuantityCatalogTests.WorkbookValuesRetainTheirExactItemAndSpot(spot: &quot;hermesia&quot;, item: &quot;BON Wandering Origin Crystal&quot;, minimum: 1, maximum: 1)" computerName="MARKUSPC" duration="00:00:00.0000009" startTime="2026-09-10T09:07:42.7742784+02:00" endTime="2026-09-10T09:07:42.7742923+02:00" testType="13cdc9d9-ddb5-4fa4-a97d-d965ccfc6d4b" outcome="Passed" testListId="8c84fa94-04c1-424b-9868-57a2d4851a1d" relativeResultsDirectory="c7253380-4cde-47bc-8dae-9f4fb480eb33" />
    <UnitTestResult executionId="3f1eeee2-28cb-42a3-8fd5-661ce7b385ef" testId="d909f605-bf4e-8582-1fcc-0adaaa32c1cc" testName="BdoGrindTracker.Core.Tests.AutomaticLootSpotLockTests.EveryGlobalDropRemainsAllowedAfterAnySpotLocksWithoutEventOptIn(trash: &quot;Elion Follower's Mark&quot;, item: &quot;Ancient Spirit Dust&quot;)" computerName="MARKUSPC" duration="00:00:00.0000009" startTime="2026-09-10T09:07:42.7508376+02:00" endTime="2026-09-10T09:07:42.7508602+02:00" testType="13cdc9d9-ddb5-4fa4-a97d-d965ccfc6d4b" outcome="Passed" testListId="8c84fa94-04c1-424b-9868-57a2d4851a1d" relativeResultsDirectory="3f1eeee2-28cb-42a3-8fd5-661ce7b385ef" />
    <UnitTestResult executionId="994a139d-e7af-4f46-a0dd-05c663cd1bef" testId="7605b049-c07b-4ec8-8beb-1c1fd754b58f" testName="BdoGrindTracker.Core.Tests.GermanItemMatcherTests.EveryGermanNameAndItsNormalizedOcrFormResolveToTheSameCanonicalItem(canonical: &quot;Black Crystal Fragment&quot;, german: &quot;Schwarzkristallfragment&quot;, rare: True)" computerName="MARKUSPC" duration="00:00:00.0000687" startTime="2026-09-10T09:07:42.7618145+02:00" endTime="2026-09-10T09:07:42.7618282+02:00" testType="13cdc9d9-ddb5-4fa4-a97d-d965ccfc6d4b" outcome="Passed" testListId="8c84fa94-04c1-424b-9868-57a2d4851a1d" relativeResultsDirectory="994a139d-e7af-4f46-a0dd-05c663cd1bef" />
    <UnitTestResult executionId="ddf5db32-8190-4475-96db-105542232110" testId="295b49de-6617-52a6-2e19-8e2cd2c0f681" testName="BdoGrindTracker.Core.Tests.GermanItemMatcherTests.EveryGermanNameAndItsNormalizedOcrFormResolveToTheSameCanonicalItem(canonical: &quot;JIN Wandering Origin Crystal&quot;, german: &quot;JIN-Kristall des wandernden Ursprungs&quot;, rare: False)" computerName="MARKUSPC" duration="00:00:00.0000819" startTime="2026-09-10T09:07:42.7608725+02:00" endTime="2026-09-10T09:07:42.7608917+02:00" testType="13cdc9d9-ddb5-4fa4-a97d-d965ccfc6d4b" outcome="Passed" testListId="8c84fa94-04c1-424b-9868-57a2d4851a1d" relativeResultsDirectory="ddf5db32-8190-4475-96db-105542232110" />
    <UnitTestResult executionId="3281ed28-4610-4dbd-928e-4665fbf16a5c" testId="5c6abefc-5339-35a5-4ff9-4e65e4969ee8" testName="BdoGrindTracker.Core.Tests.GermanItemMatcherTests.EveryGermanNameAndItsNormalizedOcrFormResolveToTheSameCanonicalItem(canonical: &quot;Twilight of the End - Earring&quot;, german: &quot;Dämmerung des Endes – Ohrring&quot;, rare: True)" computerName="MARKUSPC" duration="00:00:00.0000736" startTime="2026-09-10T09:07:42.7698656+02:00" endTime="2026-09-10T09:07:42.7698889+02:00" testType="13cdc9d9-ddb5-4fa4-a97d-d965ccfc6d4b" outcome="Passed" testListId="8c84fa94-04c1-424b-9868-57a2d4851a1d" relativeResultsDirectory="3281ed28-4610-4dbd-928e-4665fbf16a5c" />
    <UnitTestResult executionId="e32b988c-7cf6-4af6-bc12-ef7a2217b2b6" testId="ddc5bdc3-3dbd-2ac9-22d1-f1352d227845" testName="BdoGrindTracker.Core.Tests.CompanionFrameReconcilerTests.NativeUnitCountItemsUseOneWhenQuantityIsMissing(name: &quot;Fortunate Golden Pig King&quot;)" computerName="MARKUSPC" duration="00:00:00.0001095" startTime="2026-09-10T09:07:42.7651122+02:00" endTime="2026-09-10T09:07:42.7654482+02:00" testType="13cdc9d9-ddb5-4fa4-a97d-d965ccfc6d4b" outcome="Passed" testListId="8c84fa94-04c1-424b-9868-57a2d4851a1d" relativeResultsDirectory="e32b988c-7cf6-4af6-bc12-ef7a2217b2b6" />
    <UnitTestResult executionId="8cfce0bb-85a6-4f12-91b8-7b8cf1629ff2" testId="80e4a804-1739-f6e4-d3d8-2b8cbc5c3f50" testName="BdoGrindTracker.Core.Tests.CompanionFrameReconcilerTests.RejectsNullFrameAndNullEntry" computerName="MARKUSPC" duration="00:00:00.0001369" startTime="2026-09-10T09:07:42.7697026+02:00" endTime="2026-09-10T09:07:42.7697914+02:00" testType="13cdc9d9-ddb5-4fa4-a97d-d965ccfc6d4b" outcome="Passed" testListId="8c84fa94-04c1-424b-9868-57a2d4851a1d" relativeResultsDirectory="8cfce0bb-85a6-4f12-91b8-7b8cf1629ff2" />
    <UnitTestResult executionId="295de50a-2c10-4a9c-9980-5e0081882b57" testId="3a05c3b6-0bbc-2ae3-b1e4-d01678c8ec3f" testName="BdoGrindTracker.Core.Tests.DropQuantityBoundsTests.RejectsInvalidBounds(minimum: 2147483648, maximum: null)" computerName="MARKUSPC" duration="00:00:00.0000027" startTime="2026-09-10T09:07:42.7488269+02:00" endTime="2026-09-10T09:07:42.7488802+02:00" testType="13cdc9d9-ddb5-4fa4-a97d-d965ccfc6d4b" outcome="Passed" testListId="8c84fa94-04c1-424b-9868-57a2d4851a1d" relativeResultsDirectory="295de50a-2c10-4a9c-9980-5e0081882b57" />
    <UnitTestResult executionId="97902ad3-062e-41c3-8765-2c393756364b" testId="81690af4-8870-c4fb-7403-48de18c6d34f" testName="BdoGrindTracker.Core.Tests.DropQuantityCatalogTests.WorkbookValuesRetainTheirExactItemAndSpot(spot: &quot;hermesia&quot;, item: &quot;Black Crystal Fragment&quot;, minimum: 4, maximum: 1000)" computerName="MARKUSPC" duration="00:00:00.0000013" startTime="2026-09-10T09:07:42.7743697+02:00" endTime="2026-09-10T09:07:42.7743835+02:00" testType="13cdc9d9-ddb5-4fa4-a97d-d965ccfc6d4b" outcome="Passed" testListId="8c84fa94-04c1-424b-9868-57a2d4851a1d" relativeResultsDirectory="97902ad3-062e-41c3-8765-2c393756364b" />
    <UnitTestResult executionId="b9b7a9e5-ff4d-449e-939a-6061dfb50067" testId="acf19873-1462-70e1-4edc-4ff6bdcb4394" testName="BdoGrindTracker.Core.Tests.CompanionDropQuantityBoundsTests.NeighborReadWinsBeforeFallbackAndRespectsBothBounds(rare: True, read: 1, expected: 4)" computerName="MARKUSPC" duration="00:00:00.0000125" startTime="2026-09-10T09:07:42.7631341+02:00" endTime="2026-09-10T09:07:42.7632042+02:00" testType="13cdc9d9-ddb5-4fa4-a97d-d965ccfc6d4b" outcome="Passed" testListId="8c84fa94-04c1-424b-9868-57a2d4851a1d" relativeResultsDirectory="b9b7a9e5-ff4d-449e-939a-6061dfb50067" />
    <UnitTestResult executionId="ce19834f-b094-44ac-ac41-4830bfe6c782" testId="a3ad14c0-f37a-05ba-ab2a-bfc78ddc9c1e" testName="BdoGrindTracker.Core.Tests.GermanItemMatcherTests.EveryGermanNameAndItsNormalizedOcrFormResolveToTheSameCanonicalItem(canonical: &quot;Sunset Primordial Luster - Edana&quot;, german: &quot;Abendgelber Glanz der Urklasse – Edana&quot;, rare: True)" computerName="MARKUSPC" duration="00:00:00.0000626" startTime="2026-09-10T09:07:42.7708069+02:00" endTime="2026-09-10T09:07:42.7708221+02:00" testType="13cdc9d9-ddb5-4fa4-a97d-d965ccfc6d4b" outcome="Passed" testListId="8c84fa94-04c1-424b-9868-57a2d4851a1d" relativeResultsDirectory="ce19834f-b094-44ac-ac41-4830bfe6c782" />
    <UnitTestResult executionId="a939e31d-6213-4e61-a474-995133b8992d" testId="3416dfca-5b62-bfef-9c1d-479c5c39c540" testName="BdoGrindTracker.Core.Tests.AutomaticLootSpotLockTests.EveryGlobalDropRemainsAllowedAfterAnySpotLocksWithoutEventOptIn(trash: &quot;Elion Follower's Mark&quot;, item: &quot;Black Stone&quot;)" computerName="MARKUSPC" duration="00:00:00.0000009" startTime="2026-09-10T09:07:42.7507524+02:00" endTime="2026-09-10T09:07:42.7507757+02:00" testType="13cdc9d9-ddb5-4fa4-a97d-d965ccfc6d4b" outcome="Passed" testListId="8c84fa94-04c1-424b-9868-57a2d4851a1d" relativeResultsDirectory="a939e31d-6213-4e61-a474-995133b8992d" />
    <UnitTestResult executionId="a9eeff09-896d-4429-9681-31cbc7ebf717" testId="6d5ebbad-393c-8d16-bcc8-232ad6515789" testName="BdoGrindTracker.Core.Tests.DropQuantityBoundsTests.LargestApplicationQuantityIsSupported" computerName="MARKUSPC" duration="00:00:00.0032584" startTime="2026-09-10T09:07:42.7501021+02:00" endTime="2026-09-10T09:07:42.7562556+02:00" testType="13cdc9d9-ddb5-4fa4-a97d-d965ccfc6d4b" outcome="Passed" testListId="8c84fa94-04c1-424b-9868-57a2d4851a1d" relativeResultsDirectory="a9eeff09-896d-4429-9681-31cbc7ebf717" />
    <UnitTestResult executionId="354f44c5-530a-4123-aecd-b7e5faaa9212" testId="96e9269d-6252-6023-b804-78e1c57fb91a" testName="BdoGrindTracker.Core.Tests.AutomaticLootSpotLockTests.EveryLockedSpotRejectsEveryForeignTrash" computerName="MARKUSPC" duration="00:00:00.0008128" startTime="2026-09-10T09:07:42.7525773+02:00" endTime="2026-09-10T09:07:42.7526004+02:00" testType="13cdc9d9-ddb5-4fa4-a97d-d965ccfc6d4b" outcome="Passed" testListId="8c84fa94-04c1-424b-9868-57a2d4851a1d" relativeResultsDirectory="354f44c5-530a-4123-aecd-b7e5faaa9212" />
    <UnitTestResult executionId="a637f88c-76c7-4d3a-b9ec-f7692b439a60" testId="8915df0d-053c-7d22-919f-1334ef2ae230" testName="BdoGrindTracker.Core.Tests.AutomaticLootSpotLockTests.EveryGlobalDropRemainsAllowedAfterAnySpotLocksWithoutEventOptIn(trash: &quot;Broken Gloves of the Void&quot;, item: &quot;Black Stone&quot;)" computerName="MARKUSPC" duration="00:00:00.0000010" startTime="2026-09-10T09:07:42.7518847+02:00" endTime="2026-09-10T09:07:42.7519142+02:00" testType="13cdc9d9-ddb5-4fa4-a97d-d965ccfc6d4b" outcome="Passed" testListId="8c84fa94-04c1-424b-9868-57a2d4851a1d" relativeResultsDirectory="a637f88c-76c7-4d3a-b9ec-f7692b439a60" />
    <UnitTestResult executionId="dcb8498a-747f-4c42-a476-5ab317711a6d" testId="669c0d12-736a-641d-6eef-f22e5204cd61" testName="BdoGrindTracker.Core.Tests.CompanionLootLedgerTests.OverflowDoesNotOverwritePreviousTotal" computerName="MARKUSPC" duration="00:00:00.0019308" startTime="2026-09-10T09:07:42.7524888+02:00" endTime="2026-09-10T09:07:42.7535939+02:00" testType="13cdc9d9-ddb5-4fa4-a97d-d965ccfc6d4b" outcome="Passed" testListId="8c84fa94-04c1-424b-9868-57a2d4851a1d" relativeResultsDirectory="dcb8498a-747f-4c42-a476-5ab317711a6d" />
    <UnitTestResult executionId="b702d13c-7c84-4be2-9017-0199d3ae05bc" testId="5a068c63-b639-cf9a-e754-2e9bf7de026c" testName="BdoGrindTracker.Core.Tests.GermanItemMatcherTests.EveryGermanNameAndItsNormalizedOcrFormResolveToTheSameCanonicalItem(canonical: &quot;Scorched Belt Ornament&quot;, german: &quot;Verrußte Gürtelverzierung&quot;, rare: True)" computerName="MARKUSPC" duration="00:00:00.0000673" startTime="2026-09-10T09:07:42.7655481+02:00" endTime="2026-09-10T09:07:42.7655771+02:00" testType="13cdc9d9-ddb5-4fa4-a97d-d965ccfc6d4b" outcome="Passed" testListId="8c84fa94-04c1-424b-9868-57a2d4851a1d" relativeResultsDirectory="b702d13c-7c84-4be2-9017-0199d3ae05bc" />
    <UnitTestResult executionId="2bb1fd59-ecb1-433b-938d-20c67f4ea9ec" testId="7476d925-ec8c-acc5-cb35-3b647b3b98ca" testName="BdoGrindTracker.Core.Tests.AutomaticLootSpotLockTests.RecognizedTrashLocksItsSpot(trash: &quot;Elion Follower's Helmet&quot;, expected: &quot;magaia&quot;)" computerName="MARKUSPC" duration="00:00:00.0001853" startTime="2026-09-10T09:07:42.7527258+02:00" endTime="2026-09-10T09:07:42.7527485+02:00" testType="13cdc9d9-ddb5-4fa4-a97d-d965ccfc6d4b" outcome="Passed" testListId="8c84fa94-04c1-424b-9868-57a2d4851a1d" relativeResultsDirectory="2bb1fd59-ecb1-433b-938d-20c67f4ea9ec" />
    <UnitTestResult executionId="1b8d4ee8-c3ee-437f-b45d-70da63b93117" testId="a014e898-e4dc-6fd6-ce39-ef6d332e0daf" testName="BdoGrindTracker.Core.Tests.AutomaticLootSpotLockTests.UntilFirstNativeTrashMatchThereIsNoExtraRejection" computerName="MARKUSPC" duration="00:00:00.0000736" startTime="2026-09-10T09:07:42.7538328+02:00" endTime="2026-09-10T09:07:42.7543894+02:00" testType="13cdc9d9-ddb5-4fa4-a97d-d965ccfc6d4b" outcome="Passed" testListId="8c84fa94-04c1-424b-9868-57a2d4851a1d" relativeResultsDirectory="1b8d4ee8-c3ee-437f-b45d-70da63b93117" />
    <UnitTestResult executionId="3a5d651d-c4d4-44ba-aecf-7bc99ca8308e" testId="472d49e1-294a-25a2-b34a-d0bb2fe20a2e" testName="BdoGrindTracker.Core.Tests.DropQuantityBoundsTests.RejectsInvalidBounds(minimum: 4, maximum: 3)" computerName="MARKUSPC" duration="00:00:00.0000027" startTime="2026-09-10T09:07:42.7499366+02:00" endTime="2026-09-10T09:07:42.7499865+02:00" testType="13cdc9d9-ddb5-4fa4-a97d-d965ccfc6d4b" outcome="Passed" testListId="8c84fa94-04c1-424b-9868-57a2d4851a1d" relativeResultsDirectory="3a5d651d-c4d4-44ba-aecf-7bc99ca8308e" />
    <UnitTestResult executionId="90d32b95-cfe3-403e-ab38-3e1c0c94d347" testId="dfed9f4f-b93d-a1b0-80bc-2b6092b8914d" testName="BdoGrindTracker.Core.Tests.GermanItemMatcherTests.IncompleteRareVariantsAreNotGuessed(text: &quot;Kristall des wandernden Ursprungs&quot;)" computerName="MARKUSPC" duration="00:00:00.0007928" startTime="2026-09-10T09:07:42.7732957+02:00" endTime="2026-09-10T09:07:42.7733092+02:00" testType="13cdc9d9-ddb5-4fa4-a97d-d965ccfc6d4b" outcome="Passed" testListId="8c84fa94-04c1-424b-9868-57a2d4851a1d" relativeResultsDirectory="90d32b95-cfe3-403e-ab38-3e1c0c94d347" />
    <UnitTestResult executionId="cf81919e-0e52-498e-937a-78afc91558b1" testId="8b05da31-a85e-82f2-26bc-97edd5d67bcd" testName="BdoGrindTracker.Core.Tests.CompanionRareFrameReconcilerTests.RepeatedRareObservationKeepsOneNativeEpisode" computerName="MARKUSPC" duration="00:00:00.0001995" startTime="2026-09-10T09:07:42.7627201+02:00" endTime="2026-09-10T09:07:42.7631097+02:00" testType="13cdc9d9-ddb5-4fa4-a97d-d965ccfc6d4b" outcome="Passed" testListId="8c84fa94-04c1-424b-9868-57a2d4851a1d" relativeResultsDirectory="cf81919e-0e52-498e-937a-78afc91558b1" />
    <UnitTestResult executionId="307d9d43-0afe-4bc0-9d14-56e8617c8487" testId="1fb3a5e3-8c78-fbdb-2bf7-d21c239cd298" testName="BdoGrindTracker.Core.Tests.DropQuantityCatalogTests.WorkbookValuesRetainTheirExactItemAndSpot(spot: &quot;hermesia&quot;, item: &quot;Black Stone&quot;, minimum: 1, maximum: 20)" computerName="MARKUSPC" duration="00:00:00.0000009" startTime="2026-09-10T09:07:42.7744746+02:00" endTime="2026-09-10T09:07:42.7744880+02:00" testType="13cdc9d9-ddb5-4fa4-a97d-d965ccfc6d4b" outcome="Passed" testListId="8c84fa94-04c1-424b-9868-57a2d4851a1d" relativeResultsDirectory="307d9d43-0afe-4bc0-9d14-56e8617c8487" />
    <UnitTestResult executionId="4965386e-83cf-4233-a44a-87ec87c41d5f" testId="7693bd30-bcb5-85d7-edb7-6a93a24d1ecb" testName="BdoGrindTracker.Core.Tests.CompanionRareFrameReconcilerTests.ShorterSuffixAliasDoesNotReplaceLongerObservation" computerName="MARKUSPC" duration="00:00:00.0537314" startTime="2026-09-10T09:07:42.6945245+02:00" endTime="2026-09-10T09:07:42.7553307+02:00" testType="13cdc9d9-ddb5-4fa4-a97d-d965ccfc6d4b" outcome="Passed" testListId="8c84fa94-04c1-424b-9868-57a2d4851a1d" relativeResultsDirectory="4965386e-83cf-4233-a44a-87ec87c41d5f" />
    <UnitTestResult executionId="dd111200-7cd1-4b2a-947e-e32a3cdaacf1" testId="638b7396-ae27-bf5e-b083-074382d00c7c" testName="BdoGrindTracker.Core.Tests.CompanionItemMatcherTests.LevenshteinUsesUtf8Bytes" computerName="MARKUSPC" duration="00:00:00.0002973" startTime="2026-09-10T09:07:42.7543658+02:00" endTime="2026-09-10T09:07:42.7545898+02:00" testType="13cdc9d9-ddb5-4fa4-a97d-d965ccfc6d4b" outcome="Passed" testListId="8c84fa94-04c1-424b-9868-57a2d4851a1d" relativeResultsDirectory="dd111200-7cd1-4b2a-947e-e32a3cdaacf1" />
    <UnitTestResult executionId="93164541-be51-4c2b-a111-92b102a46fdb" testId="40c96ce9-5e00-a457-e58d-9e9156350762" testName="BdoGrindTracker.Core.Tests.GermanItemMatcherTests.EveryGermanNameAndItsNormalizedOcrFormResolveToTheSameCanonicalItem(canonical: &quot;Apeiron Belt&quot;, german: &quot;Apeiron-Gürtel&quot;, rare: True)" computerName="MARKUSPC" duration="00:00:00.0000624" startTime="2026-09-10T09:07:42.7622177+02:00" endTime="2026-09-10T09:07:42.7622323+02:00" testType="13cdc9d9-ddb5-4fa4-a97d-d965ccfc6d4b" outcome="Passed" testListId="8c84fa94-04c1-424b-9868-57a2d4851a1d" relativeResultsDirectory="93164541-be51-4c2b-a111-92b102a46fdb" />
    <UnitTestResult executionId="1a165f56-5f04-4539-a928-e70c3f447867" testId="7eac75cf-2ed1-2b6a-a4a3-e318259c7ec6" testName="BdoGrindTracker.Core.Tests.AutomaticLootSpotLockTests.EveryGlobalDropRemainsAllowedAfterAnySpotLocksWithoutEventOptIn(trash: &quot;Scorched Belt Ornament&quot;, item: &quot;Caphras Stone&quot;)" computerName="MARKUSPC" duration="00:00:00.0000011" startTime="2026-09-10T09:07:42.7499761+02:00" endTime="2026-09-10T09:07:42.7500081+02:00" testType="13cdc9d9-ddb5-4fa4-a97d-d965ccfc6d4b" outcome="Passed" testListId="8c84fa94-04c1-424b-9868-57a2d4851a1d" relativeResultsDirectory="1a165f56-5f04-4539-a928-e70c3f447867" />
    <UnitTestResult executionId="4497905e-fe78-442b-95e4-0c038aed9aa0" testId="7bc479cf-6a28-bfcd-6ef3-685b6f58c8da" testName="BdoGrindTracker.Core.Tests.AutomaticLootSpotLockTests.EventOptInDoesNotAllowForeignRegularLoot" computerName="MARKUSPC" duration="00:00:00.0000474" startTime="2026-09-10T09:07:42.7544478+02:00" endTime="2026-09-10T09:07:42.7544702+02:00" testType="13cdc9d9-ddb5-4fa4-a97d-d965ccfc6d4b" outcome="Passed" testListId="8c84fa94-04c1-424b-9868-57a2d4851a1d" relativeResultsDirectory="4497905e-fe78-442b-95e4-0c038aed9aa0" />
    <UnitTestResult executionId="20177467-d256-4517-a899-7300539b8488" testId="9fe1d077-991a-cb63-29b3-8f7a857f2cd4" testName="BdoGrindTracker.Core.Tests.CompanionRareFrameReconcilerTests.RareEpisodeCanRestartAfterTwelveEmptyFrames" computerName="MARKUSPC" duration="00:00:00.0001672" startTime="2026-09-10T09:07:42.7623017+02:00" endTime="2026-09-10T09:07:42.7626878+02:00" testType="13cdc9d9-ddb5-4fa4-a97d-d965ccfc6d4b" outcome="Passed" testListId="8c84fa94-04c1-424b-9868-57a2d4851a1d" relativeResultsDirectory="20177467-d256-4517-a899-7300539b8488" />
    <UnitTestResult executionId="8540ad21-fc49-46e7-bc34-87a1006cf43d" testId="949a5403-cf3b-2fc4-5930-ad3551bec8bd" testName="BdoGrindTracker.Core.Tests.AutomaticLootSpotLockTests.EveryGlobalDropRemainsAllowedAfterAnySpotLocksWithoutEventOptIn(trash: &quot;Branch of Abundance&quot;, item: &quot;Caphras Stone&quot;)" computerName="MARKUSPC" duration="00:00:00.0000008" startTime="2026-09-10T09:07:42.7516301+02:00" endTime="2026-09-10T09:07:42.7516554+02:00" testType="13cdc9d9-ddb5-4fa4-a97d-d965ccfc6d4b" outcome="Passed" testListId="8c84fa94-04c1-424b-9868-57a2d4851a1d" relativeResultsDirectory="8540ad21-fc49-46e7-bc34-87a1006cf43d" />
    <UnitTestResult executionId="dd5dbf8b-fce2-4bbd-bf86-1fd9e03f0a18" testId="57efc758-47e8-fdec-3984-1135e5cb1fef" testName="BdoGrindTracker.Core.Tests.GermanItemMatcherTests.EveryGermanNameAndItsNormalizedOcrFormResolveToTheSameCanonicalItem(canonical: &quot;Broken Vestige of Ebonmere&quot;, german: &quot;Zersplittertes Überbleibsel des Trübmeers&quot;, rare: True)" computerName="MARKUSPC" duration="00:00:00.0000668" startTime="2026-09-10T09:07:42.7650389+02:00" endTime="2026-09-10T09:07:42.7651259+02:00" testType="13cdc9d9-ddb5-4fa4-a97d-d965ccfc6d4b" outcome="Passed" testListId="8c84fa94-04c1-424b-9868-57a2d4851a1d" relativeResultsDirectory="dd5dbf8b-fce2-4bbd-bf86-1fd9e03f0a18" />
    <UnitTestResult executionId="edf8b7fe-3af1-4a3c-83ce-0b3bdda385f9" testId="fe4250b6-8471-318a-ca6e-3f999e0edae9" testName="BdoGrindTracker.Core.Tests.CompanionDropQuantityBoundsTests.NeighborReadWinsBeforeFallbackAndRespectsBothBounds(rare: False, read: 6, expected: 6)" computerName="MARKUSPC" duration="00:00:00.0001163" startTime="2026-09-10T09:07:42.7628192+02:00" endTime="2026-09-10T09:07:42.7628942+02:00" testType="13cdc9d9-ddb5-4fa4-a97d-d965ccfc6d4b" outcome="Passed" testListId="8c84fa94-04c1-424b-9868-57a2d4851a1d" relativeResultsDirectory="edf8b7fe-3af1-4a3c-83ce-0b3bdda385f9" />
    <UnitTestResult executionId="eba84109-c892-4546-ba86-780c3c63fa61" testId="5c5b7e9e-6b09-f6b4-2e8b-7b867def82ec" testName="BdoGrindTracker.Core.Tests.GermanItemMatcherTests.EveryGermanNameAndItsNormalizedOcrFormResolveToTheSameCanonicalItem(canonical: &quot;Crimson Primordial Pigment - Sovereign&quot;, german: &quot;Rotes Farbmittel der Urklasse – Gebieter&quot;, rare: False)" computerName="MARKUSPC" duration="00:00:00.0000673" startTime="2026-09-10T09:07:42.7603082+02:00" endTime="2026-09-10T09:07:42.7603219+02:00" testType="13cdc9d9-ddb5-4fa4-a97d-d965ccfc6d4b" outcome="Passed" testListId="8c84fa94-04c1-424b-9868-57a2d4851a1d" relativeResultsDirectory="eba84109-c892-4546-ba86-780c3c63fa61" />
    <UnitTestResult executionId="c2233db0-d9c4-4190-bf70-d5bc30d3a38f" testId="5fbdafb3-1e02-1dce-cf3b-70317a3749c4" testName="BdoGrindTracker.Core.Tests.GermanItemMatcherTests.EveryGermanNameAndItsNormalizedOcrFormResolveToTheSameCanonicalItem(canonical: &quot;Violet Primordial Pigment - Edana&quot;, german: &quot;Violettes Farbmittel der Urklasse – Edana&quot;, rare: False)" computerName="MARKUSPC" duration="00:00:00.0000660" startTime="2026-09-10T09:07:42.7637484+02:00" endTime="2026-09-10T09:07:42.7640499+02:00" testType="13cdc9d9-ddb5-4fa4-a97d-d965ccfc6d4b" outcome="Passed" testListId="8c84fa94-04c1-424b-9868-57a2d4851a1d" relativeResultsDirectory="c2233db0-d9c4-4190-bf70-d5bc30d3a38f" />
    <UnitTestResult executionId="5de9c2c9-d49c-4732-84e3-8485724880f8" testId="260f616d-be8d-f3f4-d998-adc88132355c" testName="BdoGrindTracker.Core.Tests.AutomaticLootSpotLockTests.EveryGlobalDropRemainsAllowedAfterAnySpotLocksWithoutEventOptIn(trash: &quot;Branch of Abundance&quot;, item: &quot;Laila's Petal&quot;)" computerName="MARKUSPC" duration="00:00:00.0000007" startTime="2026-09-10T09:07:42.7501623+02:00" endTime="2026-09-10T09:07:42.7501769+02:00" testType="13cdc9d9-ddb5-4fa4-a97d-d965ccfc6d4b" outcome="Passed" testListId="8c84fa94-04c1-424b-9868-57a2d4851a1d" relativeResultsDirectory="5de9c2c9-d49c-4732-84e3-8485724880f8" />
    <UnitTestResult executionId="2548362d-17e7-4ea1-830b-35002c4dd8a4" testId="d400c52e-1a56-c39b-a7f0-16c101dab1a8" testName="BdoGrindTracker.Core.Tests.DropQuantityBoundsTests.UnverifiedMaximumStaysUnbounded" computerName="MARKUSPC" duration="00:00:00.0001062" startTime="2026-09-10T09:07:42.7748583+02:00" endTime="2026-09-10T09:07:42.7748723+02:00" testType="13cdc9d9-ddb5-4fa4-a97d-d965ccfc6d4b" outcome="Passed" testListId="8c84fa94-04c1-424b-9868-57a2d4851a1d" relativeResultsDirectory="2548362d-17e7-4ea1-830b-35002c4dd8a4" />
    <UnitTestResult executionId="cb1b26e5-6177-444a-9975-9d5010fb61cb" testId="f18e7622-b8f8-4f17-ed2c-21a6bee69b63" testName="BdoGrindTracker.Core.Tests.AutomaticLootSpotLockTests.RecognizedTrashLocksItsSpot(trash: &quot;Black Crystal Fragment&quot;, expected: &quot;hermesia&quot;)" computerName="MARKUSPC" duration="00:00:00.0000580" startTime="2026-09-10T09:07:42.7526619+02:00" endTime="2026-09-10T09:07:42.7526858+02:00" testType="13cdc9d9-ddb5-4fa4-a97d-d965ccfc6d4b" outcome="Passed" testListId="8c84fa94-04c1-424b-9868-57a2d4851a1d" relativeResultsDirectory="cb1b26e5-6177-444a-9975-9d5010fb61cb" />
    <UnitTestResult executionId="76b6eb03-3d7a-4bb3-a012-8a1eda1ad259" testId="ecb82ecd-f49c-6f1c-f27b-98f06a63765c" testName="BdoGrindTracker.Core.Tests.GermanItemMatcherTests.EveryGermanNameAndItsNormalizedOcrFormResolveToTheSameCanonicalItem(canonical: &quot;Broken Vestige of Ebonmere&quot;, german: &quot;Zersplittertes Überbleibsel des Trübmeers&quot;, rare: False)" computerName="MARKUSPC" duration="00:00:00.0000600" startTime="2026-09-10T09:07:42.7708461+02:00" endTime="2026-09-10T09:07:42.7708641+02:00" testType="13cdc9d9-ddb5-4fa4-a97d-d965ccfc6d4b" outcome="Passed" testListId="8c84fa94-04c1-424b-9868-57a2d4851a1d" relativeResultsDirectory="76b6eb03-3d7a-4bb3-a012-8a1eda1ad259" />
    <UnitTestResult executionId="b29371e8-a426-4575-9173-a164073e215b" testId="793afa56-cf32-7196-7ba2-0412e0515ab5" testName="BdoGrindTracker.Core.Tests.CompanionDropQuantityBoundsTests.SeparateDropsEachReceiveTheirOwnLimit(rare: False, maximum: 2)" computerName="MARKUSPC" duration="00:00:00.0001864" startTime="2026-09-10T09:07:42.7619884+02:00" endTime="2026-09-10T09:07:42.7623507+02:00" testType="13cdc9d9-ddb5-4fa4-a97d-d965ccfc6d4b" outcome="Passed" testListId="8c84fa94-04c1-424b-9868-57a2d4851a1d" relativeResultsDirectory="b29371e8-a426-4575-9173-a164073e215b" />
    <UnitTestResult executionId="c4013058-7d88-445d-bf46-2098c6b525c4" testId="b726eb3a-893b-3b25-1acb-d193cb4d2763" testName="BdoGrindTracker.Core.Tests.AutomaticLootSpotLockTests.EveryGlobalDropRemainsAllowedAfterAnySpotLocksWithoutEventOptIn(trash: &quot;Broken Gloves of the Void&quot;, item: &quot;Laila's Petal&quot;)" computerName="MARKUSPC" duration="00:00:00.0000009" startTime="2026-09-10T09:07:42.7501247+02:00" endTime="2026-09-10T09:07:42.7501392+02:00" testType="13cdc9d9-ddb5-4fa4-a97d-d965ccfc6d4b" outcome="Passed" testListId="8c84fa94-04c1-424b-9868-57a2d4851a1d" relativeResultsDirectory="c4013058-7d88-445d-bf46-2098c6b525c4" />
    <UnitTestResult executionId="e9b21bdf-61e0-4bf1-b3a6-340b12fff1b7" testId="5d8b6507-97c7-9353-a440-e99dd8b7fd57" testName="BdoGrindTracker.Core.Tests.CompanionMinimumQuantityTests.InvalidMinimumTableEntriesAreRejected(name: &quot;Elion Follower's Helmet&quot;, value: 4294967295)" computerName="MARKUSPC" duration="00:00:00.0000033" startTime="2026-09-10T09:07:42.7560841+02:00" endTime="2026-09-10T09:07:42.7561076+02:00" testType="13cdc9d9-ddb5-4fa4-a97d-d965ccfc6d4b" outcome="Passed" testListId="8c84fa94-04c1-424b-9868-57a2d4851a1d" relativeResultsDirectory="e9b21bdf-61e0-4bf1-b3a6-340b12fff1b7" />
    <UnitTestResult executionId="30567a09-00ba-4466-8516-babed74fa8a5" testId="16da5272-cd0f-8db1-e9fe-ad61bc35e0d1" testName="BdoGrindTracker.Core.Tests.DropQuantityCatalogTests.EveryAllowedItemAndOptionalEventHasExactlyOneEntryPerSpot" computerName="MARKUSPC" duration="00:00:00.0020420" startTime="2026-09-10T09:07:42.7749740+02:00" endTime="2026-09-10T09:07:42.7749892+02:00" testType="13cdc9d9-ddb5-4fa4-a97d-d965ccfc6d4b" outcome="Passed" testListId="8c84fa94-04c1-424b-9868-57a2d4851a1d" relativeResultsDirectory="30567a09-00ba-4466-8516-babed74fa8a5" />
    <UnitTestResult executionId="bba4d423-38bb-4e50-9a60-38d15534d9de" testId="1164e55a-2d92-e0f3-75b5-fa23ccdd89de" testName="BdoGrindTracker.Core.Tests.AutomaticLootSpotLockTests.RecognizedTrashLocksItsSpot(trash: &quot;Branch of Abundance&quot;, expected: &quot;aphrodon&quot;)" computerName="MARKUSPC" duration="00:00:00.0000008" startTime="2026-09-10T09:07:42.7533334+02:00" endTime="2026-09-10T09:07:42.7533647+02:00" testType="13cdc9d9-ddb5-4fa4-a97d-d965ccfc6d4b" outcome="Passed" testListId="8c84fa94-04c1-424b-9868-57a2d4851a1d" relativeResultsDirectory="bba4d423-38bb-4e50-9a60-38d15534d9de" />
    <UnitTestResult executionId="746dd99d-04de-41ce-8992-879a3bdf65f8" testId="8e086e9c-e464-91c5-0781-5ccf0193b318" testName="BdoGrindTracker.Core.Tests.DropQuantityCatalogTests.WorkbookValuesRetainTheirExactItemAndSpot(spot: &quot;hermesia&quot;, item: &quot;Caphras Stone&quot;, minimum: 1, maximum: 20)" computerName="MARKUSPC" duration="00:00:00.0001948" startTime="2026-09-10T09:07:42.7738690+02:00" endTime="2026-09-10T09:07:42.7738830+02:00" testType="13cdc9d9-ddb5-4fa4-a97d-d965ccfc6d4b" outcome="Passed" testListId="8c84fa94-04c1-424b-9868-57a2d4851a1d" relativeResultsDirectory="746dd99d-04de-41ce-8992-879a3bdf65f8" />
    <UnitTestResult executionId="574cf04e-14fe-492e-9eb7-2300452f368c" testId="42b2380e-ed18-8df1-65c1-54cb4d84beda" testName="BdoGrindTracker.Core.Tests.AutomaticLootSpotLockTests.EveryGlobalDropRemainsAllowedAfterAnySpotLocksWithoutEventOptIn(trash: &quot;Black Crystal Fragment&quot;, item: &quot;Caphras Stone&quot;)" computerName="MARKUSPC" duration="00:00:00.0001366" startTime="2026-09-10T09:07:42.7438087+02:00" endTime="2026-09-10T09:07:42.7441594+02:00" testType="13cdc9d9-ddb5-4fa4-a97d-d965ccfc6d4b" outcome="Passed" testListId="8c84fa94-04c1-424b-9868-57a2d4851a1d" relativeResultsDirectory="574cf04e-14fe-492e-9eb7-2300452f368c" />
    <UnitTestResult executionId="d1352dda-ea51-4e8c-a3ca-c8e2442e2aad" testId="8cbea31b-7a2c-156b-dab0-3bc311744f78" testName="BdoGrindTracker.Core.Tests.DropQuantityCatalogTests.WorkbookValuesRetainTheirExactItemAndSpot(spot: &quot;event-horizon&quot;, item: &quot;Broken Gloves of the Void&quot;, minimum: 2, maximum: 1000)" computerName="MARKUSPC" duration="00:00:00.0000009" startTime="2026-09-10T09:07:42.7742056+02:00" endTime="2026-09-10T09:07:42.7742200+02:00" testType="13cdc9d9-ddb5-4fa4-a97d-d965ccfc6d4b" outcome="Passed" testListId="8c84fa94-04c1-424b-9868-57a2d4851a1d" relativeResultsDirectory="d1352dda-ea51-4e8c-a3ca-c8e2442e2aad" />
    <UnitTestResult executionId="7c0c636d-f01f-43a5-974d-ae5651a3265e" testId="13f601df-1da2-62b5-8a66-21ab7348a840" testName="BdoGrindTracker.Core.Tests.GermanItemMatcherTests.EveryGermanNameAndItsNormalizedOcrFormResolveToTheSameCanonicalItem(canonical: &quot;Ancient Spirit Dust&quot;, german: &quot;Urgeiststaub&quot;, rare: False)" computerName="MARKUSPC" duration="00:00:00.0002490" startTime="2026-09-10T09:07:42.7551419+02:00" endTime="2026-09-10T09:07:42.7554818+02:00" testType="13cdc9d9-ddb5-4fa4-a97d-d965ccfc6d4b" outcome="Passed" testListId="8c84fa94-04c1-424b-9868-57a2d4851a1d" relativeResultsDirectory="7c0c636d-f01f-43a5-974d-ae5651a3265e" />
    <UnitTestResult executionId="7d114ca1-fab6-443d-988c-b91a585c75c4" testId="1c6acade-3f68-ce92-2826-0e4feeb1c37d" testName="BdoGrindTracker.Core.Tests.DropQuantityCatalogTests.WorkbookValuesRetainTheirExactItemAndSpot(spot: &quot;event-horizon&quot;, item: &quot;Caphras Stone&quot;, minimum: 1, maximum: 50)" computerName="MARKUSPC" duration="00:00:00.0000012" startTime="2026-09-10T09:07:42.7745091+02:00" endTime="2026-09-10T09:07:42.7745227+02:00" testType="13cdc9d9-ddb5-4fa4-a97d-d965ccfc6d4b" outcome="Passed" testListId="8c84fa94-04c1-424b-9868-57a2d4851a1d" relativeResultsDirectory="7d114ca1-fab6-443d-988c-b91a585c75c4" />
    <UnitTestResult executionId="a269d70e-782d-4d00-b096-fafc39220913" testId="8803c094-c15e-1780-45e1-b8df11e01502" testName="BdoGrindTracker.Core.Tests.AutomaticLootSpotLockTests.EveryGlobalDropRemainsAllowedAfterAnySpotLocksWithoutEventOptIn(trash: &quot;Elion Follower's Mark&quot;, item: &quot;Caphras Stone&quot;)" computerName="MARKUSPC" duration="00:00:00.0000007" startTime="2026-09-10T09:07:42.7513457+02:00" endTime="2026-09-10T09:07:42.7513770+02:00" testType="13cdc9d9-ddb5-4fa4-a97d-d965ccfc6d4b" outcome="Passed" testListId="8c84fa94-04c1-424b-9868-57a2d4851a1d" relativeResultsDirectory="a269d70e-782d-4d00-b096-fafc39220913" />
    <UnitTestResult executionId="fa7bef2b-d6a7-48ab-9440-9043f281b604" testId="9f019b3e-5fca-1502-3422-0ecb999b5b1b" testName="BdoGrindTracker.Core.Tests.CompanionDropQuantityBoundsTests.ActualReadIsClampedToTheSpotMinimum(rare: True, quantity: 1)" computerName="MARKUSPC" duration="00:00:00.0000053" startTime="2026-09-10T09:07:42.7592103+02:00" endTime="2026-09-10T09:07:42.7592576+02:00" testType="13cdc9d9-ddb5-4fa4-a97d-d965ccfc6d4b" outcome="Passed" testListId="8c84fa94-04c1-424b-9868-57a2d4851a1d" relativeResultsDirectory="fa7bef2b-d6a7-48ab-9440-9043f281b604" />
    <UnitTestResult executionId="aa52a3ed-54aa-43ef-9d5d-c8c5993d590b" testId="170c0cac-d614-4ef7-0915-2304dd775303" testName="BdoGrindTracker.Core.Tests.CompanionMinimumQuantityTests.TheConfiguredReadRepairDoesNotChangeUnconfiguredItems" computerName="MARKUSPC" duration="00:00:00.0044983" startTime="2026-09-10T09:07:42.7561672+02:00" endTime="2026-09-10T09:07:42.7628780+02:00" testType="13cdc9d9-ddb5-4fa4-a97d-d965ccfc6d4b" outcome="Passed" testListId="8c84fa94-04c1-424b-9868-57a2d4851a1d" relativeResultsDirectory="aa52a3ed-54aa-43ef-9d5d-c8c5993d590b" />
    <UnitTestResult executionId="c78e9468-b2c8-477e-b9f3-a171d293c2a0" testId="d85b4d3a-c758-5694-96c2-71f6db6ddb8e" testName="BdoGrindTracker.Core.Tests.GermanItemMatcherTests.EveryGermanNameAndItsNormalizedOcrFormResolveToTheSameCanonicalItem(canonical: &quot;Elion Follower's Mark&quot;, german: &quot;Zeichen eines Anhängers Elions&quot;, rare: False)" computerName="MARKUSPC" duration="00:00:00.0001121" startTime="2026-09-10T09:07:42.7578344+02:00" endTime="2026-09-10T09:07:42.7583164+02:00" testType="13cdc9d9-ddb5-4fa4-a97d-d965ccfc6d4b" outcome="Passed" testListId="8c84fa94-04c1-424b-9868-57a2d4851a1d" relativeResultsDirectory="c78e9468-b2c8-477e-b9f3-a171d293c2a0" />
    <UnitTestResult executionId="77f25eb8-cd4b-4c80-945b-95654ec8ccc4" testId="b10073b7-8701-358e-9c05-ed0974371cac" testName="BdoGrindTracker.Core.Tests.GermanItemMatcherTests.IncompleteRareVariantsAreNotGuessed(text: &quot;ON-Kristall des wandernden Ursprungs&quot;)" computerName="MARKUSPC" duration="00:00:00.0010925" startTime="2026-09-10T09:07:42.7728484+02:00" endTime="2026-09-10T09:07:42.7732024+02:00" testType="13cdc9d9-ddb5-4fa4-a97d-d965ccfc6d4b" outcome="Passed" testListId="8c84fa94-04c1-424b-9868-57a2d4851a1d" relativeResultsDirectory="77f25eb8-cd4b-4c80-945b-95654ec8ccc4" />
    <UnitTestResult executionId="ec7fd431-881d-4021-b3e9-16ebc3e6b56b" testId="fe47d72a-6142-7567-7473-80a29ed3efef" testName="BdoGrindTracker.Core.Tests.TrackedCompanionReconciliationTests.InteriorUnreadRowDoesNotCompressOrRecountItsNeighbors(scale: 0,75)" computerName="MARKUSPC" duration="00:00:00.0024737" startTime="2026-09-10T09:07:42.7720790+02:00" endTime="2026-09-10T09:07:42.7722218+02:00" testType="13cdc9d9-ddb5-4fa4-a97d-d965ccfc6d4b" outcome="Passed" testListId="8c84fa94-04c1-424b-9868-57a2d4851a1d" relativeResultsDirectory="ec7fd431-881d-4021-b3e9-16ebc3e6b56b" />
    <UnitTestResult executionId="e8f80020-9d49-40a5-9abd-2730a7965664" testId="b2826bee-f949-ee61-0a82-098ed6f17531" testName="BdoGrindTracker.Core.Tests.CompanionDropQuantityBoundsTests.SeparateDropsEachReceiveTheirOwnLimit(rare: False, maximum: 1)" computerName="MARKUSPC" duration="00:00:00.0000113" startTime="2026-09-10T09:07:42.7624452+02:00" endTime="2026-09-10T09:07:42.7624588+02:00" testType="13cdc9d9-ddb5-4fa4-a97d-d965ccfc6d4b" outcome="Passed" testListId="8c84fa94-04c1-424b-9868-57a2d4851a1d" relativeResultsDirectory="e8f80020-9d49-40a5-9abd-2730a7965664" />
    <UnitTestResult executionId="5c9710f8-8e30-4636-af7b-6e96f97d6fbe" testId="f7160a7b-6d04-89c9-0920-b33709813cb6" testName="BdoGrindTracker.Core.Tests.GermanItemMatcherTests.EveryGermanNameAndItsNormalizedOcrFormResolveToTheSameCanonicalItem(canonical: &quot;Black Gem Fragment&quot;, german: &quot;Schwarzjuwelsplitter&quot;, rare: False)" computerName="MARKUSPC" duration="00:00:00.0000744" startTime="2026-09-10T09:07:42.7598253+02:00" endTime="2026-09-10T09:07:42.7598948+02:00" testType="13cdc9d9-ddb5-4fa4-a97d-d965ccfc6d4b" outcome="Passed" testListId="8c84fa94-04c1-424b-9868-57a2d4851a1d" relativeResultsDirectory="5c9710f8-8e30-4636-af7b-6e96f97d6fbe" />
    <UnitTestResult executionId="6e00b679-c757-4db4-b913-e0ba9a3d1bc9" testId="e301bda4-69dc-2566-8ce5-a6e2c967d519" testName="BdoGrindTracker.Core.Tests.TrackedCompanionReconciliationTests.LateReadRevisesAnAlreadyBookedMinimumUsingTheSameDropId" computerName="MARKUSPC" duration="00:00:00.0015155" startTime="2026-09-10T09:07:42.7726863+02:00" endTime="2026-09-10T09:07:42.7728624+02:00" testType="13cdc9d9-ddb5-4fa4-a97d-d965ccfc6d4b" outcome="Passed" testListId="8c84fa94-04c1-424b-9868-57a2d4851a1d" relativeResultsDirectory="6e00b679-c757-4db4-b913-e0ba9a3d1bc9" />
    <UnitTestResult executionId="abaaab0b-c745-4296-aa10-094ece2b16e4" testId="fef1b6c4-9eb3-f6da-a889-1e8b6d31c7cb" testName="BdoGrindTracker.Core.Tests.TrackedCompanionReconciliationTests.AlignmentAnchorCannotEmitEvenAcrossFrameTagRenewals(tracked: True)" computerName="MARKUSPC" duration="00:00:00.0003041" startTime="2026-09-10T09:07:42.7715301+02:00" endTime="2026-09-10T09:07:42.7718264+02:00" testType="13cdc9d9-ddb5-4fa4-a97d-d965ccfc6d4b" outcome="Passed" testListId="8c84fa94-04c1-424b-9868-57a2d4851a1d" relativeResultsDirectory="abaaab0b-c745-4296-aa10-094ece2b16e4" />
    <UnitTestResult executionId="0ef28012-bbbb-49ba-88ae-7d80c352733d" testId="96bf8ada-1f1c-0782-d769-e6d5ec028637" testName="BdoGrindTracker.Core.Tests.GermanItemMatcherTests.EveryGermanNameAndItsNormalizedOcrFormResolveToTheSameCanonicalItem(canonical: &quot;Violet Primordial Luster - Edana&quot;, german: &quot;Violetter Glanz der Urklasse – Edana&quot;, rare: True)" computerName="MARKUSPC" duration="00:00:00.0000663" startTime="2026-09-10T09:07:42.7647009+02:00" endTime="2026-09-10T09:07:42.7650161+02:00" testType="13cdc9d9-ddb5-4fa4-a97d-d965ccfc6d4b" outcome="Passed" testListId="8c84fa94-04c1-424b-9868-57a2d4851a1d" relativeResultsDirectory="0ef28012-bbbb-49ba-88ae-7d80c352733d" />
    <UnitTestResult executionId="7f3fecbd-af47-49ed-a952-5b817f7dd8ae" testId="75670a8c-0a31-7b08-c3e3-e51621d18b15" testName="BdoGrindTracker.Core.Tests.GermanItemMatcherTests.EveryGermanNameAndItsNormalizedOcrFormResolveToTheSameCanonicalItem(canonical: &quot;Twilight of the End - Necklace&quot;, german: &quot;Dämmerung des Endes – Halskette&quot;, rare: False)" computerName="MARKUSPC" duration="00:00:00.0000656" startTime="2026-09-10T09:07:42.7603437+02:00" endTime="2026-09-10T09:07:42.7603578+02:00" testType="13cdc9d9-ddb5-4fa4-a97d-d965ccfc6d4b" outcome="Passed" testListId="8c84fa94-04c1-424b-9868-57a2d4851a1d" relativeResultsDirectory="7f3fecbd-af47-49ed-a952-5b817f7dd8ae" />
    <UnitTestResult executionId="4f56b16a-d5b7-475a-bd3b-ac038dc154f6" testId="576ffe56-fd73-bf69-f1a2-6ac8eaa11617" testName="BdoGrindTracker.Core.Tests.CompanionDropQuantityBoundsTests.LowerBoundNormalizesContinuingDropBeforeIdentityMatching(rare: True)" computerName="MARKUSPC" duration="00:00:00.0001075" startTime="2026-09-10T09:07:42.7680285+02:00" endTime="2026-09-10T09:07:42.7680805+02:00" testType="13cdc9d9-ddb5-4fa4-a97d-d965ccfc6d4b" outcome="Passed" testListId="8c84fa94-04c1-424b-9868-57a2d4851a1d" relativeResultsDirectory="4f56b16a-d5b7-475a-bd3b-ac038dc154f6" />
    <UnitTestResult executionId="337f297d-1120-495b-b050-2ef88b135a94" testId="c223f321-84c4-a11e-f3a5-15bf8a433094" testName="BdoGrindTracker.Core.Tests.GermanItemMatcherTests.EveryGermanNameAndItsNormalizedOcrFormResolveToTheSameCanonicalItem(canonical: &quot;Pure Black Stone&quot;, german: &quot;Reiner Schwarzstein&quot;, rare: True)" computerName="MARKUSPC" duration="00:00:00.0000660" startTime="2026-09-10T09:07:42.7613677+02:00" endTime="2026-09-10T09:07:42.7614075+02:00" testType="13cdc9d9-ddb5-4fa4-a97d-d965ccfc6d4b" outcome="Passed" testListId="8c84fa94-04c1-424b-9868-57a2d4851a1d" relativeResultsDirectory="337f297d-1120-495b-b050-2ef88b135a94" />
    <UnitTestResult executionId="36a336ec-ca7b-4a44-a54f-04d2ccb39580" testId="1495f808-e0c2-797d-59c4-fd7004234db6" testName="BdoGrindTracker.Core.Tests.GermanItemMatcherTests.EveryGermanNameAndItsNormalizedOcrFormResolveToTheSameCanonicalItem(canonical: &quot;Sunset Primordial Luster - Edana&quot;, german: &quot;Abendgelber Glanz der Urklasse – Edana&quot;, rare: False)" computerName="MARKUSPC" duration="00:00:00.0000628" startTime="2026-09-10T09:07:42.7676343+02:00" endTime="2026-09-10T09:07:42.7679004+02:00" testType="13cdc9d9-ddb5-4fa4-a97d-d965ccfc6d4b" outcome="Passed" testListId="8c84fa94-04c1-424b-9868-57a2d4851a1d" relativeResultsDirectory="36a336ec-ca7b-4a44-a54f-04d2ccb39580" />
    <UnitTestResult executionId="00ab3561-4621-4428-91b5-50d374a4ce37" testId="74f346c1-8440-13ee-f68d-af134cdd812b" testName="BdoGrindTracker.Core.Tests.TrackedCompanionReconciliationTests.ReappearingDifferentItemCannotReuseAnIdCarriedThroughAnUnreadSlot" computerName="MARKUSPC" duration="00:00:00.0002301" startTime="2026-09-10T09:07:42.7714701+02:00" endTime="2026-09-10T09:07:42.7714993+02:00" testType="13cdc9d9-ddb5-4fa4-a97d-d965ccfc6d4b" outcome="Passed" testListId="8c84fa94-04c1-424b-9868-57a2d4851a1d" relativeResultsDirectory="00ab3561-4621-4428-91b5-50d374a4ce37" />
    <UnitTestResult executionId="13f80529-4254-4550-8380-8425aaba3061" testId="967bec1a-0a0b-6640-c03d-df4bcc40b355" testName="BdoGrindTracker.Core.Tests.CompanionDropQuantityBoundsTests.AnIsolatedUnknownQuantityUsesTheExplicitSpotMinimumOnCompletion(rare: True)" computerName="MARKUSPC" duration="00:00:00.0000523" startTime="2026-09-10T09:07:42.7638140+02:00" endTime="2026-09-10T09:07:42.7640950+02:00" testType="13cdc9d9-ddb5-4fa4-a97d-d965ccfc6d4b" outcome="Passed" testListId="8c84fa94-04c1-424b-9868-57a2d4851a1d" relativeResultsDirectory="13f80529-4254-4550-8380-8425aaba3061" />
    <UnitTestResult executionId="543e5c38-b3cf-447a-87e4-f8ec189b0f3e" testId="3280a104-abd2-6abb-fe71-d1016a377df4" testName="BdoGrindTracker.Core.Tests.GermanItemMatcherTests.EveryGermanNameAndItsNormalizedOcrFormResolveToTheSameCanonicalItem(canonical: &quot;WON Origin Shard&quot;, german: &quot;WON-Kristall des Ursprungs&quot;, rare: False)" computerName="MARKUSPC" duration="00:00:00.0000691" startTime="2026-09-10T09:07:42.7618487+02:00" endTime="2026-09-10T09:07:42.7619006+02:00" testType="13cdc9d9-ddb5-4fa4-a97d-d965ccfc6d4b" outcome="Passed" testListId="8c84fa94-04c1-424b-9868-57a2d4851a1d" relativeResultsDirectory="543e5c38-b3cf-447a-87e4-f8ec189b0f3e" />
    <UnitTestResult executionId="1b7e9d68-6e72-4c11-8a97-b1a476f534a6" testId="448a285d-c635-63c9-77e0-9bf442b61ca7" testName="BdoGrindTracker.Core.Tests.CompanionLootLedgerTests.ResetClearsAllTotals" computerName="MARKUSPC" duration="00:00:00.0504308" startTime="2026-09-10T09:07:42.6945482+02:00" endTime="2026-09-10T09:07:42.7429777+02:00" testType="13cdc9d9-ddb5-4fa4-a97d-d965ccfc6d4b" outcome="Passed" testListId="8c84fa94-04c1-424b-9868-57a2d4851a1d" relativeResultsDirectory="1b7e9d68-6e72-4c11-8a97-b1a476f534a6" />
    <UnitTestResult executionId="6ee28ed2-3077-4a23-b2d6-3503e7874d5c" testId="fe87c1d1-94c9-0f55-fac9-a75aec712b24" testName="BdoGrindTracker.Core.Tests.GermanItemMatcherTests.EveryGermanNameAndItsNormalizedOcrFormResolveToTheSameCanonicalItem(canonical: &quot;Silent Fragment of Origin&quot;, german: &quot;Stillschweigender Splitter der Vorzeit&quot;, rare: False)" computerName="MARKUSPC" duration="00:00:00.0000632" startTime="2026-09-10T09:07:42.7679811+02:00" endTime="2026-09-10T09:07:42.7680429+02:00" testType="13cdc9d9-ddb5-4fa4-a97d-d965ccfc6d4b" outcome="Passed" testListId="8c84fa94-04c1-424b-9868-57a2d4851a1d" relativeResultsDirectory="6ee28ed2-3077-4a23-b2d6-3503e7874d5c" />
    <UnitTestResult executionId="6a200d78-10d4-4e9a-92e5-45f357075854" testId="59d7be3b-27a7-01ce-9ac0-322ef374053c" testName="BdoGrindTracker.Core.Tests.GermanItemMatcherTests.EveryGermanNameAndItsNormalizedOcrFormResolveToTheSameCanonicalItem(canonical: &quot;Embers of Ynix - Armor&quot;, german: &quot;Glut der Ynix – Rüstung&quot;, rare: True)" computerName="MARKUSPC" duration="00:00:00.0000706" startTime="2026-09-10T09:07:42.7656343+02:00" endTime="2026-09-10T09:07:42.7660985+02:00" testType="13cdc9d9-ddb5-4fa4-a97d-d965ccfc6d4b" outcome="Passed" testListId="8c84fa94-04c1-424b-9868-57a2d4851a1d" relativeResultsDirectory="6a200d78-10d4-4e9a-92e5-45f357075854" />
    <UnitTestResult executionId="466f2ee2-d175-4ec3-bec5-0c174e919540" testId="0932793b-28b3-403b-7dcd-802e4c331312" testName="BdoGrindTracker.Core.Tests.CompanionFrameReconcilerTests.MissingMiddleRowIsRepairedWithLastYProgression" computerName="MARKUSPC" duration="00:00:00.0001303" startTime="2026-09-10T09:07:42.7699633+02:00" endTime="2026-09-10T09:07:42.7702844+02:00" testType="13cdc9d9-ddb5-4fa4-a97d-d965ccfc6d4b" outcome="Passed" testListId="8c84fa94-04c1-424b-9868-57a2d4851a1d" relativeResultsDirectory="466f2ee2-d175-4ec3-bec5-0c174e919540" />
    <UnitTestResult executionId="278887d0-9b1c-4d09-afa6-9fb0475dadd7" testId="23a2e982-80b1-088f-2e2f-a06039a4295d" testName="BdoGrindTracker.Core.Tests.GermanItemMatcherTests.EveryGermanNameAndItsNormalizedOcrFormResolveToTheSameCanonicalItem(canonical: &quot;Apeiron Earring&quot;, german: &quot;Apeiron-Ohrring&quot;, rare: False)" computerName="MARKUSPC" duration="00:00:00.0000660" startTime="2026-09-10T09:07:42.7679338+02:00" endTime="2026-09-10T09:07:42.7679557+02:00" testType="13cdc9d9-ddb5-4fa4-a97d-d965ccfc6d4b" outcome="Passed" testListId="8c84fa94-04c1-424b-9868-57a2d4851a1d" relativeResultsDirectory="278887d0-9b1c-4d09-afa6-9fb0475dadd7" />
    <UnitTestResult executionId="a53d63a9-4ef2-4026-a2b1-eb1cd763c48c" testId="d0bbe3a1-b515-5a68-18a1-c47c60ec54c4" testName="BdoGrindTracker.Core.Tests.GermanItemMatcherTests.EveryGermanNameAndItsNormalizedOcrFormResolveToTheSameCanonicalItem(canonical: &quot;Black Crystal Fragment&quot;, german: &quot;Schwarzkristallfragment&quot;, rare: False)" computerName="MARKUSPC" duration="00:00:00.0000859" startTime="2026-09-10T09:07:42.7609143+02:00" endTime="2026-09-10T09:07:42.7609770+02:00" testType="13cdc9d9-ddb5-4fa4-a97d-d965ccfc6d4b" outcome="Passed" testListId="8c84fa94-04c1-424b-9868-57a2d4851a1d" relativeResultsDirectory="a53d63a9-4ef2-4026-a2b1-eb1cd763c48c" />
    <UnitTestResult executionId="3df07875-4cce-4789-a403-5ff9ac5920ae" testId="93b3a537-0cc6-8d27-8f2b-fb03c3e5fbd8" testName="BdoGrindTracker.Core.Tests.CompanionDropQuantityBoundsTests.UnknownMaximumDoesNotInventACap(rare: False)" computerName="MARKUSPC" duration="00:00:00.0000813" startTime="2026-09-10T09:07:42.7685712+02:00" endTime="2026-09-10T09:07:42.7686384+02:00" testType="13cdc9d9-ddb5-4fa4-a97d-d965ccfc6d4b" outcome="Passed" testListId="8c84fa94-04c1-424b-9868-57a2d4851a1d" relativeResultsDirectory="3df07875-4cce-4789-a403-5ff9ac5920ae" />
    <UnitTestResult executionId="de655c6b-a5ef-40d0-8818-a6d59fa07ba2" testId="594313d3-f3bb-5f48-977b-788580adbfd7" testName="BdoGrindTracker.Core.Tests.AutomaticLootSpotLockTests.RecognizedTrashLocksItsSpot(trash: &quot;Elion Follower's Mark&quot;, expected: &quot;scales-of-judgment&quot;)" computerName="MARKUSPC" duration="00:00:00.0000009" startTime="2026-09-10T09:07:42.7528465+02:00" endTime="2026-09-10T09:07:42.7528686+02:00" testType="13cdc9d9-ddb5-4fa4-a97d-d965ccfc6d4b" outcome="Passed" testListId="8c84fa94-04c1-424b-9868-57a2d4851a1d" relativeResultsDirectory="de655c6b-a5ef-40d0-8818-a6d59fa07ba2" />
    <UnitTestResult executionId="57d4b7b7-5af6-4782-bade-b485e848ad64" testId="83974672-23c0-4b9c-1daa-8a24d1c1799e" testName="BdoGrindTracker.Core.Tests.GermanItemMatcherTests.EveryGermanNameAndItsNormalizedOcrFormResolveToTheSameCanonicalItem(canonical: &quot;Sunset Primordial Pigment - Edana&quot;, german: &quot;Abendgelbes Farbmittel der Urklasse – Edana&quot;, rare: False)" computerName="MARKUSPC" duration="00:00:00.0000721" startTime="2026-09-10T09:07:42.7597544+02:00" endTime="2026-09-10T09:07:42.7597685+02:00" testType="13cdc9d9-ddb5-4fa4-a97d-d965ccfc6d4b" outcome="Passed" testListId="8c84fa94-04c1-424b-9868-57a2d4851a1d" relativeResultsDirectory="57d4b7b7-5af6-4782-bade-b485e848ad64" />
    <UnitTestResult executionId="9463a3f6-7bc1-4186-b177-2632eea03df1" testId="5506e138-1078-a1f2-a4c9-011e31720ecf" testName="BdoGrindTracker.Core.Tests.CompanionDropQuantityBoundsTests.SeparateDropsEachReceiveTheirOwnMinimum(rare: True)" computerName="MARKUSPC" duration="00:00:00.0000989" startTime="2026-09-10T09:07:42.7646645+02:00" endTime="2026-09-10T09:07:42.7650530+02:00" testType="13cdc9d9-ddb5-4fa4-a97d-d965ccfc6d4b" outcome="Passed" testListId="8c84fa94-04c1-424b-9868-57a2d4851a1d" relativeResultsDirectory="9463a3f6-7bc1-4186-b177-2632eea03df1" />
    <UnitTestResult executionId="848d3118-04cf-41e0-9c3f-251b05ca56ce" testId="ffb52885-8010-dc54-6b91-1a28b03d2247" testName="BdoGrindTracker.Core.Tests.CompanionMinimumQuantityTests.AnIsolatedOrFinalUnresolvedRowIsNotTurnedIntoANewEstimate" computerName="MARKUSPC" duration="00:00:00.0000831" startTime="2026-09-10T09:07:42.7719275+02:00" endTime="2026-09-10T09:07:42.7719695+02:00" testType="13cdc9d9-ddb5-4fa4-a97d-d965ccfc6d4b" outcome="Passed" testListId="8c84fa94-04c1-424b-9868-57a2d4851a1d" relativeResultsDirectory="848d3118-04cf-41e0-9c3f-251b05ca56ce" />
    <UnitTestResult executionId="4471c8c2-a11f-4c5a-ad35-c61880bb5245" testId="491eaac9-7da0-1011-5dc7-b3674072cd5e" testName="BdoGrindTracker.Core.Tests.GermanItemMatcherTests.EveryGermanNameAndItsNormalizedOcrFormResolveToTheSameCanonicalItem(canonical: &quot;Twilight of the End - Ring&quot;, german: &quot;Dämmerung des Endes – Ring&quot;, rare: False)" computerName="MARKUSPC" duration="00:00:00.0000708" startTime="2026-09-10T09:07:42.7608213+02:00" endTime="2026-09-10T09:07:42.7608417+02:00" testType="13cdc9d9-ddb5-4fa4-a97d-d965ccfc6d4b" outcome="Passed" testListId="8c84fa94-04c1-424b-9868-57a2d4851a1d" relativeResultsDirectory="4471c8c2-a11f-4c5a-ad35-c61880bb5245" />
    <UnitTestResult executionId="0be2cfcd-b36f-45cd-886d-45727fe95397" testId="359cc448-6505-f512-fbbb-45826ca88b94" testName="BdoGrindTracker.Core.Tests.GermanItemMatcherTests.GermanAliasesCannotIntroduceItemsOutsideTheProvidedCatalog" computerName="MARKUSPC" duration="00:00:00.0000589" startTime="2026-09-10T09:07:42.7728031+02:00" endTime="2026-09-10T09:07:42.7728175+02:00" testType="13cdc9d9-ddb5-4fa4-a97d-d965ccfc6d4b" outcome="Passed" testListId="8c84fa94-04c1-424b-9868-57a2d4851a1d" relativeResultsDirectory="0be2cfcd-b36f-45cd-886d-45727fe95397" />
    <UnitTestResult executionId="3c38f07b-6be0-4e96-89eb-5a4dbd522e01" testId="a46eb8e4-223d-18ef-e858-c2a120d417e0" testName="BdoGrindTracker.Core.Tests.CompanionFrameReconcilerTests.MissingQuantityCanBeCopiedFromAdjacentFrame" computerName="MARKUSPC" duration="00:00:00.0000572" startTime="2026-09-10T09:07:42.7660722+02:00" endTime="2026-09-10T09:07:42.7664478+02:00" testType="13cdc9d9-ddb5-4fa4-a97d-d965ccfc6d4b" outcome="Passed" testListId="8c84fa94-04c1-424b-9868-57a2d4851a1d" relativeResultsDirectory="3c38f07b-6be0-4e96-89eb-5a4dbd522e01" />
    <UnitTestResult executionId="86b01e2b-49ce-4fb5-896f-ac80afe99379" testId="ffc11606-4a8a-b868-1eb6-8f0727932ebf" testName="BdoGrindTracker.Core.Tests.GermanItemMatcherTests.EveryGermanNameAndItsNormalizedOcrFormResolveToTheSameCanonicalItem(canonical: &quot;Apeiron Ring&quot;, german: &quot;Apeiron-Ring&quot;, rare: True)" computerName="MARKUSPC" duration="00:00:00.0000675" startTime="2026-09-10T09:07:42.7690469+02:00" endTime="2026-09-10T09:07:42.7691729+02:00" testType="13cdc9d9-ddb5-4fa4-a97d-d965ccfc6d4b" outcome="Passed" testListId="8c84fa94-04c1-424b-9868-57a2d4851a1d" relativeResultsDirectory="86b01e2b-49ce-4fb5-896f-ac80afe99379" />
    <UnitTestResult executionId="8021c707-8745-4812-8fe3-1f4abbfa39cc" testId="2112e019-be85-771f-ae7c-8b14bd53afda" testName="BdoGrindTracker.Core.Tests.CompanionMinimumQuantityTests.AnExistingReadIsNotRaisedToOrReplacedByTheMinimum(quantity: 2)" computerName="MARKUSPC" duration="00:00:00.0000074" startTime="2026-09-10T09:07:42.7552210+02:00" endTime="2026-09-10T09:07:42.7552443+02:00" testType="13cdc9d9-ddb5-4fa4-a97d-d965ccfc6d4b" outcome="Passed" testListId="8c84fa94-04c1-424b-9868-57a2d4851a1d" relativeResultsDirectory="8021c707-8745-4812-8fe3-1f4abbfa39cc" />
    <UnitTestResult executionId="698be760-2114-426a-b7e5-0c39ea249cd9" testId="cd0808dd-59b9-bc34-ed28-b95a58fcb448" testName="BdoGrindTracker.Core.Tests.GermanItemMatcherTests.EveryGermanNameAndItsNormalizedOcrFormResolveToTheSameCanonicalItem(canonical: &quot;White Primordial Luster - Sovereign&quot;, german: &quot;Weißer Glanz der Urklasse – Gebieter&quot;, rare: False)" computerName="MARKUSPC" duration="00:00:00.0000676" startTime="2026-09-10T09:07:42.7655984+02:00" endTime="2026-09-10T09:07:42.7656121+02:00" testType="13cdc9d9-ddb5-4fa4-a97d-d965ccfc6d4b" outcome="Passed" testListId="8c84fa94-04c1-424b-9868-57a2d4851a1d" relativeResultsDirectory="698be760-2114-426a-b7e5-0c39ea249cd9" />
    <UnitTestResult executionId="beffafd1-db37-4e67-a3ac-908dcb71cf15" testId="17252474-549b-42e2-2508-babbf30eda36" testName="BdoGrindTracker.Core.Tests.AutomaticLootSpotLockTests.EveryGlobalDropRemainsAllowedAfterAnySpotLocksWithoutEventOptIn(trash: &quot;Elion Follower's Helmet&quot;, item: &quot;Ancient Spirit Dust&quot;)" computerName="MARKUSPC" duration="00:00:00.0000010" startTime="2026-09-10T09:07:42.7518238+02:00" endTime="2026-09-10T09:07:42.7518467+02:00" testType="13cdc9d9-ddb5-4fa4-a97d-d965ccfc6d4b" outcome="Passed" testListId="8c84fa94-04c1-424b-9868-57a2d4851a1d" relativeResultsDirectory="beffafd1-db37-4e67-a3ac-908dcb71cf15" />
    <UnitTestResult executionId="295197b2-8cd2-447c-8784-871dd3b1b01d" testId="54bf7b8c-ad8c-5baf-21f5-0a97f1baaceb" testName="BdoGrindTracker.Core.Tests.AutomaticLootSpotLockTests.EveryGlobalDropRemainsAllowedAfterAnySpotLocksWithoutEventOptIn(trash: &quot;Black Crystal Fragment&quot;, item: &quot;Laila's Petal&quot;)" computerName="MARKUSPC" duration="00:00:00.0000008" startTime="2026-09-10T09:07:42.7514998+02:00" endTime="2026-09-10T09:07:42.7515241+02:00" testType="13cdc9d9-ddb5-4fa4-a97d-d965ccfc6d4b" outcome="Passed" testListId="8c84fa94-04c1-424b-9868-57a2d4851a1d" relativeResultsDirectory="295197b2-8cd2-447c-8784-871dd3b1b01d" />
    <UnitTestResult executionId="8625c48e-13b3-463d-ae2c-d24dd4afdaa8" testId="2c5aea96-66cf-8cd7-63b7-9f463304d7b5" testName="BdoGrindTracker.Core.Tests.TrackedCompanionReconciliationTests.AlignmentAnchorCannotReviseAnAlreadyBookedEstimate" computerName="MARKUSPC" duration="00:00:00.0001099" startTime="2026-09-10T09:07:42.7730935+02:00" endTime="2026-09-10T09:07:42.7731090+02:00" testType="13cdc9d9-ddb5-4fa4-a97d-d965ccfc6d4b" outcome="Passed" testListId="8c84fa94-04c1-424b-9868-57a2d4851a1d" relativeResultsDirectory="8625c48e-13b3-463d-ae2c-d24dd4afdaa8" />
    <UnitTestResult executionId="2eebc07c-9cc1-4626-86ae-0df9deb18987" testId="1f69b501-18cc-8e4f-f985-5090f24df3d9" testName="BdoGrindTracker.Core.Tests.CompanionItemMatcherTests.ExactNamesUseNativeGlobalCatalogWithoutConfidenceGate(name: &quot;Broken Vestige of Ebonmere&quot;)" computerName="MARKUSPC" duration="00:00:00.0000162" startTime="2026-09-10T09:07:42.7542609+02:00" endTime="2026-09-10T09:07:42.7542900+02:00" testType="13cdc9d9-ddb5-4fa4-a97d-d965ccfc6d4b" outcome="Passed" testListId="8c84fa94-04c1-424b-9868-57a2d4851a1d" relativeResultsDirectory="2eebc07c-9cc1-4626-86ae-0df9deb18987" />
    <UnitTestResult executionId="6043a51c-09ee-4265-ba5f-fc667ac067b9" testId="1acb64b5-960b-4b52-b1be-76f1a775a5e0" testName="BdoGrindTracker.Core.Tests.CompanionFrameReconcilerTests.CompleteFlushesPartialBatchOnlyOnce" computerName="MARKUSPC" duration="00:00:00.0551227" startTime="2026-09-10T09:07:42.6941209+02:00" endTime="2026-09-10T09:07:42.7588578+02:00" testType="13cdc9d9-ddb5-4fa4-a97d-d965ccfc6d4b" outcome="Passed" testListId="8c84fa94-04c1-424b-9868-57a2d4851a1d" relativeResultsDirectory="6043a51c-09ee-4265-ba5f-fc667ac067b9" />
    <UnitTestResult executionId="64b6b528-9de6-4f80-849f-2fb2f7b62699" testId="e1be2a0c-9259-8584-8661-ecb718edf57c" testName="BdoGrindTracker.Core.Tests.GermanItemMatcherTests.EveryGermanNameAndItsNormalizedOcrFormResolveToTheSameCanonicalItem(canonical: &quot;Laila's Petal&quot;, german: &quot;Lailas Blütenblatt&quot;, rare: True)" computerName="MARKUSPC" duration="00:00:00.0000891" startTime="2026-09-10T09:07:42.7587441+02:00" endTime="2026-09-10T09:07:42.7587585+02:00" testType="13cdc9d9-ddb5-4fa4-a97d-d965ccfc6d4b" outcome="Passed" testListId="8c84fa94-04c1-424b-9868-57a2d4851a1d" relativeResultsDirectory="64b6b528-9de6-4f80-849f-2fb2f7b62699" />
    <UnitTestResult executionId="3075d894-2dac-4164-9dd0-112451057323" testId="aa79d5d8-4709-fbb5-3477-dff7751e8e3b" testName="BdoGrindTracker.Core.Tests.AutomaticLootSpotLockTests.EveryGlobalDropRemainsAllowedAfterAnySpotLocksWithoutEventOptIn(trash: &quot;Broken Gloves of the Void&quot;, item: &quot;Ancient Spirit Dust&quot;)" computerName="MARKUSPC" duration="00:00:00.0000017" startTime="2026-09-10T09:07:42.7487292+02:00" endTime="2026-09-10T09:07:42.7487461+02:00" testType="13cdc9d9-ddb5-4fa4-a97d-d965ccfc6d4b" outcome="Passed" testListId="8c84fa94-04c1-424b-9868-57a2d4851a1d" relativeResultsDirectory="3075d894-2dac-4164-9dd0-112451057323" />
    <UnitTestResult executionId="31847445-efee-4a32-adde-14b852f9c74d" testId="203a8329-029a-e1c4-43a6-b244cd1d4115" testName="BdoGrindTracker.Core.Tests.DropQuantityCatalogTests.WorkbookValuesRetainTheirExactItemAndSpot(spot: &quot;scales-of-judgment&quot;, item: &quot;Caphras Stone&quot;, minimum: 1, maximum: 1)" computerName="MARKUSPC" duration="00:00:00.0000011" startTime="2026-09-10T09:07:42.7739745+02:00" endTime="2026-09-10T09:07:42.7739882+02:00" testType="13cdc9d9-ddb5-4fa4-a97d-d965ccfc6d4b" outcome="Passed" testListId="8c84fa94-04c1-424b-9868-57a2d4851a1d" relativeResultsDirectory="31847445-efee-4a32-adde-14b852f9c74d" />
    <UnitTestResult executionId="14f642bb-97ea-4c7c-a4e8-fe0e3829e07a" testId="676eedf8-1341-ed43-84ae-1ce6eddf5e6e" testName="BdoGrindTracker.Core.Tests.GermanItemMatcherTests.EveryGermanNameAndItsNormalizedOcrFormResolveToTheSameCanonicalItem(canonical: &quot;Apeiron Belt&quot;, german: &quot;Apeiron-Gürtel&quot;, rare: False)" computerName="MARKUSPC" duration="00:00:00.0000613" startTime="2026-09-10T09:07:42.7692107+02:00" endTime="2026-09-10T09:07:42.7692246+02:00" testType="13cdc9d9-ddb5-4fa4-a97d-d965ccfc6d4b" outcome="Passed" testListId="8c84fa94-04c1-424b-9868-57a2d4851a1d" relativeResultsDirectory="14f642bb-97ea-4c7c-a4e8-fe0e3829e07a" />
    <UnitTestResult executionId="c696ffd8-f3a3-4a10-b6d6-9c9048ba87d9" testId="8c4c7700-a1b8-7d25-2590-4374bcd32c0c" testName="BdoGrindTracker.Core.Tests.AutomaticLootSpotLockTests.EveryGlobalDropRemainsAllowedAfterAnySpotLocksWithoutEventOptIn(trash: &quot;Branch of Abundance&quot;, item: &quot;Ancient Spirit Dust&quot;)" computerName="MARKUSPC" duration="00:00:00.0000010" startTime="2026-09-10T09:07:42.7514312+02:00" endTime="2026-09-10T09:07:42.7514554+02:00" testType="13cdc9d9-ddb5-4fa4-a97d-d965ccfc6d4b" outcome="Passed" testListId="8c84fa94-04c1-424b-9868-57a2d4851a1d" relativeResultsDirectory="c696ffd8-f3a3-4a10-b6d6-9c9048ba87d9" />
    <UnitTestResult executionId="9ac484d0-5feb-4ebc-bcfe-ccf4f24e6756" testId="c6302d25-2b2e-c688-5f62-fd60797238d8" testName="BdoGrindTracker.Core.Tests.CompanionMinimumQuantityTests.InvalidMinimumTableEntriesAreRejected(name: &quot;Elion Follower's Helmet&quot;, value: 0)" computerName="MARKUSPC" duration="00:00:00.0001173" startTime="2026-09-10T09:07:42.7553058+02:00" endTime="2026-09-10T09:07:42.7554173+02:00" testType="13cdc9d9-ddb5-4fa4-a97d-d965ccfc6d4b" outcome="Passed" testListId="8c84fa94-04c1-424b-9868-57a2d4851a1d" relativeResultsDirectory="9ac484d0-5feb-4ebc-bcfe-ccf4f24e6756" />
[...]
    <TestEntry testId="f4619772-ae58-4c61-ba68-bce00f2ff158" executionId="7aebbbea-a225-4cbc-9855-dc2f85b123eb" testListId="8c84fa94-04c1-424b-9868-57a2d4851a1d" />
    <TestEntry testId="31ac1065-78b4-e855-2be7-8e3ef281d364" executionId="faf3988f-b967-43a5-984c-b74f0f80265a" testListId="8c84fa94-04c1-424b-9868-57a2d4851a1d" />
    <TestEntry testId="03a2d0ed-804a-d664-bd2e-9d52dcba5512" executionId="a648ba2e-91d5-4cbb-8213-42e1c34b201f" testListId="8c84fa94-04c1-424b-9868-57a2d4851a1d" />
    <TestEntry testId="ed160a6d-1660-3bf1-0ddc-e6831d9ea3ea" executionId="d4550065-fcec-41ff-8749-102338055be1" testListId="8c84fa94-04c1-424b-9868-57a2d4851a1d" />
    <TestEntry testId="61431a54-c3be-4cae-35c8-2a98b5cc6014" executionId="e1d008c6-9d22-4f4c-8439-948e42a9f9c8" testListId="8c84fa94-04c1-424b-9868-57a2d4851a1d" />
    <TestEntry testId="5efe7723-1c1a-4f57-ede0-4bae26e8edb9" executionId="054bdea5-7362-4cf5-bdea-51be8c153e72" testListId="8c84fa94-04c1-424b-9868-57a2d4851a1d" />
    <TestEntry testId="4e9f010e-1a19-2729-5dc2-d89a3617c29e" executionId="813abbc8-994b-4916-ad78-cc634d7530b4" testListId="8c84fa94-04c1-424b-9868-57a2d4851a1d" />
    <TestEntry testId="cc45ce72-a65b-1d03-3560-de8bdba2b837" executionId="27ca805c-2cb6-423e-92b4-e3760f7871a2" testListId="8c84fa94-04c1-424b-9868-57a2d4851a1d" />
    <TestEntry testId="5e8151cd-5fe8-9540-0c7c-bdf27526ceb3" executionId="fcff700c-22e1-46b8-9277-c6190dbbcc88" testListId="8c84fa94-04c1-424b-9868-57a2d4851a1d" />
    <TestEntry testId="b6b54e0c-984a-b4dc-1a48-60a38222654a" executionId="942c4c3b-5cac-43a6-a04b-2716070113cd" testListId="8c84fa94-04c1-424b-9868-57a2d4851a1d" />
    <TestEntry testId="4eb69199-9f27-5cfc-efbe-3e389a4a926a" executionId="a55aa839-9fce-4a55-8edb-37ec5239563d" testListId="8c84fa94-04c1-424b-9868-57a2d4851a1d" />
    <TestEntry testId="06f0b49c-b2fb-f7ad-1eea-27061e537733" executionId="80fe5dc1-a060-4473-ba12-86fb6220cb97" testListId="8c84fa94-04c1-424b-9868-57a2d4851a1d" />
    <TestEntry testId="e7fba47a-e2d4-3ec7-21a6-40e8096b0929" executionId="ef174232-7802-4a16-8073-b71d01a9d02d" testListId="8c84fa94-04c1-424b-9868-57a2d4851a1d" />
    <TestEntry testId="94d9e1f9-637d-582d-f231-441bc8bb7d3f" executionId="81a26bf5-e236-4329-ba0c-c274ef9e5497" testListId="8c84fa94-04c1-424b-9868-57a2d4851a1d" />
    <TestEntry testId="250a825e-24e5-652d-dd0d-8c71248d49fc" executionId="777eb25c-b6d3-4b99-b70e-088aeec4a9e6" testListId="8c84fa94-04c1-424b-9868-57a2d4851a1d" />
    <TestEntry testId="294f5535-d53a-e3be-58a0-d438cfc2040d" executionId="7aa6d329-930b-41c2-af46-15a4ca46cb98" testListId="8c84fa94-04c1-424b-9868-57a2d4851a1d" />
    <TestEntry testId="9da72312-6b42-cb53-18b9-93ba9cc4531f" executionId="8ad50396-14a7-4bc9-8806-c2790d8acc68" testListId="8c84fa94-04c1-424b-9868-57a2d4851a1d" />
    <TestEntry testId="b664a940-0bfc-dedf-3506-40b58b7f74c3" executionId="60dc011c-0e45-47cd-b10f-fa94945be56f" testListId="8c84fa94-04c1-424b-9868-57a2d4851a1d" />
    <TestEntry testId="424acead-f79b-f84a-9791-779420fa42f9" executionId="718a36cd-cc55-405c-ba2e-f93982614981" testListId="8c84fa94-04c1-424b-9868-57a2d4851a1d" />
    <TestEntry testId="b90c7777-4c51-5ba0-2f98-2cce332d6f4f" executionId="98673f30-5d95-4e07-a713-7ba4b9628030" testListId="8c84fa94-04c1-424b-9868-57a2d4851a1d" />
    <TestEntry testId="12cd334e-0249-e9a0-6be3-e8cb84146a30" executionId="71a48134-fe5c-49d6-9859-71f1f64132c9" testListId="8c84fa94-04c1-424b-9868-57a2d4851a1d" />
    <TestEntry testId="d40cacf1-0ce5-13c3-1118-dda92bd4eb14" executionId="4ea1f1cd-78b7-4ea0-a68f-d7156484d1d4" testListId="8c84fa94-04c1-424b-9868-57a2d4851a1d" />
    <TestEntry testId="f30841e2-84e1-509b-ca4c-d04eec784779" executionId="303848e8-6624-470a-9314-66e6d4538d0c" testListId="8c84fa94-04c1-424b-9868-57a2d4851a1d" />
    <TestEntry testId="db5b0ff6-da24-b469-723d-8a640dc0bca7" executionId="662baf30-54d9-4e76-b656-8d050b171843" testListId="8c84fa94-04c1-424b-9868-57a2d4851a1d" />
    <TestEntry testId="e1387a9f-af3b-399c-8a9d-935782e27e4b" executionId="6b983360-e11b-4120-ba9a-e4f6255b3fe2" testListId="8c84fa94-04c1-424b-9868-57a2d4851a1d" />
    <TestEntry testId="f2f4a2c2-539d-b5dc-b612-635104dbfb67" executionId="e5a6683f-3e3c-48b5-add4-95851d9d053d" testListId="8c84fa94-04c1-424b-9868-57a2d4851a1d" />
    <TestEntry testId="85678334-f5e4-fba9-c7bb-1e1cc703a8ab" executionId="7558771b-1f3b-4144-aac6-1403d87a4e05" testListId="8c84fa94-04c1-424b-9868-57a2d4851a1d" />
    <TestEntry testId="0e6ccea9-6445-06c5-551b-577d4e868127" executionId="0672b182-147c-4d24-afd7-7b4df5b609d4" testListId="8c84fa94-04c1-424b-9868-57a2d4851a1d" />
    <TestEntry testId="ce1ea1f4-a5ce-1b6d-7d8c-70883b6ba64c" executionId="4328104e-9f5b-4ef8-a111-9bc03b8bef65" testListId="8c84fa94-04c1-424b-9868-57a2d4851a1d" />
    <TestEntry testId="888eec3f-932c-7750-4189-9efc536bede6" executionId="b64ae4db-a27d-4624-8d1b-455ca6648877" testListId="8c84fa94-04c1-424b-9868-57a2d4851a1d" />
    <TestEntry testId="32cec7aa-1ecd-cc88-0a82-b4c5cf417376" executionId="721bcb17-e933-4944-9b8d-cd310b68869c" testListId="8c84fa94-04c1-424b-9868-57a2d4851a1d" />
    <TestEntry testId="2fb4784c-ce7a-ea27-3366-a5819b83b0b4" executionId="dd9a46e6-63f2-4dc9-b0f1-920c07ba1fab" testListId="8c84fa94-04c1-424b-9868-57a2d4851a1d" />
    <TestEntry testId="bdd46a11-2d5d-551b-2956-5a83a2420d04" executionId="b4a6fe54-78d7-4a05-a4a2-41952d9e7854" testListId="8c84fa94-04c1-424b-9868-57a2d4851a1d" />
    <TestEntry testId="2340ad98-4c2e-7b32-19b2-20b68592e814" executionId="095f2ac6-5dc7-4365-929a-93b4128d3a80" testListId="8c84fa94-04c1-424b-9868-57a2d4851a1d" />
    <TestEntry testId="53f7394e-6c44-d178-566a-3875ba494e1b" executionId="e69ddfaf-2a46-4ec0-ad2f-831754afe5f1" testListId="8c84fa94-04c1-424b-9868-57a2d4851a1d" />
    <TestEntry testId="863b1640-3a0f-0202-2bff-b0fb2d8cffcc" executionId="fc3fa6e6-f00e-4877-aef7-d8ca34cc3c7c" testListId="8c84fa94-04c1-424b-9868-57a2d4851a1d" />
    <TestEntry testId="4bc36574-346c-6149-6ba8-e5c58c9d2bf3" executionId="f58539f3-6e0d-40d5-99c4-cd36e11de270" testListId="8c84fa94-04c1-424b-9868-57a2d4851a1d" />
    <TestEntry testId="311e3e84-a06f-05c1-7a6e-a78628e838ed" executionId="810a1401-6dda-4105-bfb3-014214362abd" testListId="8c84fa94-04c1-424b-9868-57a2d4851a1d" />
    <TestEntry testId="d105bb6a-78f2-8ae7-9a64-45aa848f4566" executionId="442b5069-1ce0-4848-badc-62ee9c245d3e" testListId="8c84fa94-04c1-424b-9868-57a2d4851a1d" />
    <TestEntry testId="a1c97e30-3751-c6dc-172b-f1f3bea821f0" executionId="44044df6-e4ba-410e-bb8a-45d8c8df761c" testListId="8c84fa94-04c1-424b-9868-57a2d4851a1d" />
    <TestEntry testId="9df64d99-ce65-9397-7fa9-819362b6c97a" executionId="5f24a393-97dd-40be-9e9c-941d714813fb" testListId="8c84fa94-04c1-424b-9868-57a2d4851a1d" />
    <TestEntry testId="ef22abdc-b9fd-3f14-25d3-9020476f2714" executionId="1154fb26-ce99-46e4-9098-f06b3217fc1a" testListId="8c84fa94-04c1-424b-9868-57a2d4851a1d" />
    <TestEntry testId="64d98ab9-e48b-68e6-f225-b5d8bc2325b5" executionId="2d2e444d-f771-4912-a732-fdd0bc581202" testListId="8c84fa94-04c1-424b-9868-57a2d4851a1d" />
    <TestEntry testId="4e823386-60dd-fc87-13e7-d44d38b42944" executionId="563048a1-c6b7-4a5a-add7-c2fcede111c9" testListId="8c84fa94-04c1-424b-9868-57a2d4851a1d" />
    <TestEntry testId="8270a611-1a53-7d0b-f61d-37732f7f5c77" executionId="94dea7cc-1400-4ba7-90d9-0e8b97efdd9a" testListId="8c84fa94-04c1-424b-9868-57a2d4851a1d" />
    <TestEntry testId="b75804bc-86bf-72af-31e9-72f435449127" executionId="52b90217-e557-4f25-b33d-c56ac03df8ea" testListId="8c84fa94-04c1-424b-9868-57a2d4851a1d" />
    <TestEntry testId="3881fcf1-2d69-8de3-7eae-1b1f5c276307" executionId="23bf5585-0d72-47d6-b73b-588bf3849d29" testListId="8c84fa94-04c1-424b-9868-57a2d4851a1d" />
    <TestEntry testId="a5997c7c-5124-6d6b-7915-784713e21dea" executionId="8db1db7d-8540-470a-a9b7-bb9812ca36fd" testListId="8c84fa94-04c1-424b-9868-57a2d4851a1d" />
    <TestEntry testId="17dc6851-58b9-93c5-f680-c5e9b2951f92" executionId="5f6e041f-1308-45d4-8b59-a0f3bb74f0b1" testListId="8c84fa94-04c1-424b-9868-57a2d4851a1d" />
    <TestEntry testId="927efd2a-83b9-598b-3b7a-580f85fac9c1" executionId="0e911c08-54fe-4a0a-96d0-4b0154b86898" testListId="8c84fa94-04c1-424b-9868-57a2d4851a1d" />
    <TestEntry testId="2787fb80-33d7-857f-5684-b4eb9460fcce" executionId="b482ff14-1037-48df-a45e-4025e156dc0c" testListId="8c84fa94-04c1-424b-9868-57a2d4851a1d" />
    <TestEntry testId="11946edf-6c8e-e903-2571-e1bdc74369e1" executionId="a5118de7-7014-46c5-93b2-945393da146b" testListId="8c84fa94-04c1-424b-9868-57a2d4851a1d" />
    <TestEntry testId="6639529f-7dff-f87e-2e54-49d8be07229f" executionId="41ba0e6a-4ee1-4c69-882b-589d25340bf5" testListId="8c84fa94-04c1-424b-9868-57a2d4851a1d" />
    <TestEntry testId="fc8d1b98-5f3d-2e74-a732-6cc262c8b7b2" executionId="2fe59359-eb75-4d5a-a566-7d18d7fe410c" testListId="8c84fa94-04c1-424b-9868-57a2d4851a1d" />
    <TestEntry testId="ee85f967-5900-ee13-6d75-0ab4223d49ab" executionId="c30256fe-5fc3-4ce1-b1ef-87e55d8f8767" testListId="8c84fa94-04c1-424b-9868-57a2d4851a1d" />
    <TestEntry testId="baa8d997-041f-3972-b458-f4f082b41005" executionId="dcaf60f2-0251-4706-8d8b-ca9a30010f1a" testListId="8c84fa94-04c1-424b-9868-57a2d4851a1d" />
    <TestEntry testId="07791dff-c206-ec2f-013c-6ed5f67b9bb2" executionId="72cbe583-5560-45c7-8505-c55e420dc12a" testListId="8c84fa94-04c1-424b-9868-57a2d4851a1d" />
    <TestEntry testId="95503190-3fc8-e9ab-355f-dcf59bcbe801" executionId="6404ce7c-21d7-43c1-a433-c705b96f4696" testListId="8c84fa94-04c1-424b-9868-57a2d4851a1d" />
    <TestEntry testId="436a3a78-c106-7481-cb7f-b2a687660c2f" executionId="9da80089-33a3-476f-a86d-0f987bc35c5b" testListId="8c84fa94-04c1-424b-9868-57a2d4851a1d" />
    <TestEntry testId="cb17a3a1-e18a-ec5a-a077-32b2c5d9fc36" executionId="e197c7e4-4851-4060-bc1c-14a5e89d04dc" testListId="8c84fa94-04c1-424b-9868-57a2d4851a1d" />
    <TestEntry testId="593eee1c-b555-189c-686a-5481cd4b21ac" executionId="e0483bf4-e300-484e-83f4-5a1fdb89d5f3" testListId="8c84fa94-04c1-424b-9868-57a2d4851a1d" />
    <TestEntry testId="0e964cd1-c861-1370-6ee1-db00744b73d8" executionId="102bce7c-20f4-4703-9d30-5891ea126b58" testListId="8c84fa94-04c1-424b-9868-57a2d4851a1d" />
    <TestEntry testId="44c3c3d2-947b-6aa0-66ab-a5060397597f" executionId="f4b9891f-d1c7-4ce8-8d76-5552e2faad65" testListId="8c84fa94-04c1-424b-9868-57a2d4851a1d" />
    <TestEntry testId="cc0cb1f6-41cd-6cac-da49-a7aa2b22d3fd" executionId="13b7f260-694d-4ef2-96be-f1e9d4607b0e" testListId="8c84fa94-04c1-424b-9868-57a2d4851a1d" />
    <TestEntry testId="1829bb00-ee9f-eedd-4282-27e59d94420e" executionId="12a4f9ba-32ee-4baa-ba5f-c6400dd03205" testListId="8c84fa94-04c1-424b-9868-57a2d4851a1d" />
    <TestEntry testId="5fd0cb93-2675-c3cd-87b0-81f4ca96b774" executionId="5d1e64b2-ccfc-45fb-8e44-956557ca02b1" testListId="8c84fa94-04c1-424b-9868-57a2d4851a1d" />
    <TestEntry testId="3b8208fd-9974-bbba-634b-bff23889a9ce" executionId="d318fbe5-912b-4e0c-9a26-c51d4519e038" testListId="8c84fa94-04c1-424b-9868-57a2d4851a1d" />
    <TestEntry testId="7b050624-30c2-41f0-04d3-51a6fc8fbbb7" executionId="fbc5cfb4-b534-4476-a7ec-082d6f8ea72f" testListId="8c84fa94-04c1-424b-9868-57a2d4851a1d" />
    <TestEntry testId="9fe861c8-15cd-af96-3844-29ea7fb0ad38" executionId="46206744-5325-49b9-9d53-a5eb8a731478" testListId="8c84fa94-04c1-424b-9868-57a2d4851a1d" />
    <TestEntry testId="264b1195-894a-74c1-f3da-be5b8f8eed6f" executionId="60e10fe8-9b33-492d-90ac-b9b2cd934b5c" testListId="8c84fa94-04c1-424b-9868-57a2d4851a1d" />
    <TestEntry testId="35cd244e-5b39-51a0-5d13-36f83668a0df" executionId="8208a34b-7966-49de-8ecd-dd5e26579370" testListId="8c84fa94-04c1-424b-9868-57a2d4851a1d" />
    <TestEntry testId="5b590348-7c93-fa25-4de8-3bc5f05f1fa6" executionId="b4eaa464-60a3-48f6-a8b1-812c4b719b53" testListId="8c84fa94-04c1-424b-9868-57a2d4851a1d" />
    <TestEntry testId="fb25044d-b932-4b74-d68a-aafffd325585" executionId="e7817e0a-9937-4799-a140-937c6461b80b" testListId="8c84fa94-04c1-424b-9868-57a2d4851a1d" />
    <TestEntry testId="f0d75926-f47a-adf1-13f4-27de6c6b0a41" executionId="a1916803-bda8-4ca5-88d8-08c3d81b5d01" testListId="8c84fa94-04c1-424b-9868-57a2d4851a1d" />
    <TestEntry testId="73fbca79-ce55-7db2-ab95-88e720b2c21e" executionId="bc308179-4dd0-452d-8593-bf04e7c25963" testListId="8c84fa94-04c1-424b-9868-57a2d4851a1d" />
    <TestEntry testId="fa23bc9c-2632-f41d-02f3-bbce032a4b5d" executionId="6beb5cb6-77e5-4514-9f4e-573484df72ea" testListId="8c84fa94-04c1-424b-9868-57a2d4851a1d" />
    <TestEntry testId="682c94b9-1c5d-63f1-ee35-f711e0f75fae" executionId="e4e2ff5a-61ae-468a-a5e8-e2f4377b847c" testListId="8c84fa94-04c1-424b-9868-57a2d4851a1d" />
    <TestEntry testId="1a829455-cb87-0af6-927b-7c2a5fa4499d" executionId="f6bc292c-6a44-4e43-88a6-84bddb9e82c4" testListId="8c84fa94-04c1-424b-9868-57a2d4851a1d" />
    <TestEntry testId="091eb646-fb64-a58c-9756-d0d5d2998050" executionId="e618c562-1dfc-4464-ab1c-77d92dd7f4e6" testListId="8c84fa94-04c1-424b-9868-57a2d4851a1d" />
    <TestEntry testId="6cc924c4-1752-2fc4-54fa-f510a57a6834" executionId="08b82572-db1a-49b4-ad33-1fbb0e7843d6" testListId="8c84fa94-04c1-424b-9868-57a2d4851a1d" />
    <TestEntry testId="bdafdfac-2ac2-4244-0262-e7806435c439" executionId="a4752f41-5e24-4aba-a334-e3f2673b7635" testListId="8c84fa94-04c1-424b-9868-57a2d4851a1d" />
    <TestEntry testId="9656daba-bcb3-0119-61fb-e6546205f4a7" executionId="c9677804-c604-4c63-a48f-b87f32d733f9" testListId="8c84fa94-04c1-424b-9868-57a2d4851a1d" />
    <TestEntry testId="b4076e66-4f0c-481b-4302-07cd20e4c693" executionId="40e11d1f-a53d-40bd-83a2-6a576bb852ac" testListId="8c84fa94-04c1-424b-9868-57a2d4851a1d" />
    <TestEntry testId="03ac8cb8-b2d1-5ed9-3f78-5e98d97a7b48" executionId="57a01c9b-87e1-4a30-80bd-bcaf62ae911d" testListId="8c84fa94-04c1-424b-9868-57a2d4851a1d" />
    <TestEntry testId="f5d5e22f-15a1-22dc-9e9a-34c155e2c0a6" executionId="ea4f19a7-6b63-4463-b980-b34de5652621" testListId="8c84fa94-04c1-424b-9868-57a2d4851a1d" />
    <TestEntry testId="647de6c0-cb07-0249-1ccd-8e6fb6ac7ca0" executionId="e2fbbaec-0ee2-47c8-8543-551f0485fa72" testListId="8c84fa94-04c1-424b-9868-57a2d4851a1d" />
    <TestEntry testId="f7402447-5b0b-bb8c-3d15-b3917a4f6cbc" executionId="e492cb08-96ab-4b3f-8502-8b8def6106e4" testListId="8c84fa94-04c1-424b-9868-57a2d4851a1d" />
    <TestEntry testId="ae37092e-04b2-9ad5-2010-93ebe17202ee" executionId="462016ce-be8e-43d9-97ff-db6bed36822e" testListId="8c84fa94-04c1-424b-9868-57a2d4851a1d" />
    <TestEntry testId="8df6c0a7-32ea-1612-2d6f-4ab62d44ccf4" executionId="4c98ce76-1cd9-4a91-84a4-2337b507b95c" testListId="8c84fa94-04c1-424b-9868-57a2d4851a1d" />
    <TestEntry testId="9d8b6b49-9ebc-acf1-6d62-2ed10c91a6c9" executionId="8007d075-909e-4519-b000-26e56f5fbbdc" testListId="8c84fa94-04c1-424b-9868-57a2d4851a1d" />
    <TestEntry testId="9ccf77f8-7c1d-24df-c7bc-7423f90cae3f" executionId="2cdabc45-4203-49fb-ac8e-799e9e72e3c0" testListId="8c84fa94-04c1-424b-9868-57a2d4851a1d" />
    <TestEntry testId="7454d9f0-0a3c-e21e-4f4d-c3c5952f7bb7" executionId="5b809296-1822-4ce7-90a5-ece5d215241c" testListId="8c84fa94-04c1-424b-9868-57a2d4851a1d" />
    <TestEntry testId="48951163-a07b-3834-fca4-114f697542d9" executionId="f27c99dd-7985-49dc-afb4-589266f3c4c3" testListId="8c84fa94-04c1-424b-9868-57a2d4851a1d" />
    <TestEntry testId="429fd636-ca36-eb20-ba2e-1ccc63a2fe33" executionId="773e75e0-3f0f-4b59-815f-ab6faee2f2c9" testListId="8c84fa94-04c1-424b-9868-57a2d4851a1d" />
    <TestEntry testId="0d5df732-de96-6db3-2e5d-b9a9c4504976" executionId="3f6c2c89-e17e-40ab-a110-1ad0382fc476" testListId="8c84fa94-04c1-424b-9868-57a2d4851a1d" />
    <TestEntry testId="d5d5d185-6b2a-ff6a-f9ca-36426ab962aa" executionId="01148f60-8b9a-441c-b115-c7175c811f2f" testListId="8c84fa94-04c1-424b-9868-57a2d4851a1d" />
    <TestEntry testId="49c8c636-e6e0-e248-badf-773b66159167" executionId="82e75bdf-8c95-41c8-ade5-cfe894a47936" testListId="8c84fa94-04c1-424b-9868-57a2d4851a1d" />
    <TestEntry testId="88670b26-106a-098b-c6eb-730594e1efb2" executionId="449cb047-fba1-40c2-a914-eeb724175215" testListId="8c84fa94-04c1-424b-9868-57a2d4851a1d" />
    <TestEntry testId="b3ccb234-fbae-6764-f350-4f01ec709911" executionId="b27025cb-36d5-4d15-b2b1-1dbe2c88d8ad" testListId="8c84fa94-04c1-424b-9868-57a2d4851a1d" />
    <TestEntry testId="49afa459-5842-3226-e1f2-2bea1213554d" executionId="df85959a-ef46-4b37-b35f-463fec14a411" testListId="8c84fa94-04c1-424b-9868-57a2d4851a1d" />
    <TestEntry testId="0f23441b-41c6-3007-9c8f-abf96024c1ec" executionId="38620d39-8259-46f6-9eeb-92e98e3ffad3" testListId="8c84fa94-04c1-424b-9868-57a2d4851a1d" />
    <TestEntry testId="671fee13-84d0-20e7-ca67-b441334fc0e0" executionId="c355655e-41d1-4d02-81cb-1530ae549f22" testListId="8c84fa94-04c1-424b-9868-57a2d4851a1d" />
    <TestEntry testId="ef72341f-2c85-17e4-e1e5-e97bfdd2b0e8" executionId="91239ba7-98c0-4cee-998b-f31fb40691c7" testListId="8c84fa94-04c1-424b-9868-57a2d4851a1d" />
    <TestEntry testId="34516c0f-5945-f5e3-b0f2-154e927e2135" executionId="48b33a5f-9215-4143-ae97-84f7bdecca38" testListId="8c84fa94-04c1-424b-9868-57a2d4851a1d" />
    <TestEntry testId="e63f79f1-2fe7-7678-8879-aba364da4af4" executionId="b6204fae-4592-4d5b-811b-94285118256f" testListId="8c84fa94-04c1-424b-9868-57a2d4851a1d" />
    <TestEntry testId="3d5fa6d2-9753-f782-d304-8d1ce2164571" executionId="93a8b694-ee59-48ce-8daf-05ca83030ce4" testListId="8c84fa94-04c1-424b-9868-57a2d4851a1d" />
    <TestEntry testId="76f73e64-2b2f-8eb4-ae88-c00c53b5e1e3" executionId="1b9aa145-7ae4-4f82-ae5c-3d04a05ade49" testListId="8c84fa94-04c1-424b-9868-57a2d4851a1d" />
    <TestEntry testId="a3db7b62-6a3b-ed2a-e122-e5d036e67589" executionId="4b76c395-ca9e-4413-b08c-62e48b8b37d0" testListId="8c84fa94-04c1-424b-9868-57a2d4851a1d" />
    <TestEntry testId="1b546601-0148-5028-9173-8e4eb5b03de0" executionId="6c7fd32a-2242-49ef-b77a-8077d403e1c3" testListId="8c84fa94-04c1-424b-9868-57a2d4851a1d" />
    <TestEntry testId="4b4baff3-97c5-81d0-9bbf-ca7c5e40947b" executionId="9df40ca5-388e-4aa7-a54b-e4d307271dbf" testListId="8c84fa94-04c1-424b-9868-57a2d4851a1d" />
    <TestEntry testId="b2c9851b-aabe-89bf-39d1-a3dcd57bc5ce" executionId="9a1e5e67-59a6-4cfb-bd3f-854bcb7439e2" testListId="8c84fa94-04c1-424b-9868-57a2d4851a1d" />
    <TestEntry testId="bb80ccef-47ca-3332-5ff2-8714fc86989e" executionId="3b5a2763-de36-4f6e-a105-249d72b9e39b" testListId="8c84fa94-04c1-424b-9868-57a2d4851a1d" />
    <TestEntry testId="5ca695a2-ceb6-6cbc-593b-1c4e710abd92" executionId="786cc396-b575-4d54-8755-828dc96bdf33" testListId="8c84fa94-04c1-424b-9868-57a2d4851a1d" />
    <TestEntry testId="0ce1afa2-a5ff-95b5-e18f-9df2f952efa2" executionId="28f54d09-ffff-4ff5-92a2-f90c4b361058" testListId="8c84fa94-04c1-424b-9868-57a2d4851a1d" />
    <TestEntry testId="74a6914f-e8b3-0e39-9a99-7bf236d758d8" executionId="8d9de1b9-b4f7-40a4-aeb6-644fae048680" testListId="8c84fa94-04c1-424b-9868-57a2d4851a1d" />
  </TestEntries>
  <TestLists>
    <TestList name="Ergebnisse nicht in einer Liste" id="8c84fa94-04c1-424b-9868-57a2d4851a1d" />
    <TestList name="Alle geladenen Ergebnisse" id="19431567-8539-422a-85d7-44ee4e166bda" />
  </TestLists>
  <ResultSummary outcome="Completed">
    <Counters total="319" executed="319" passed="319" failed="0" error="0" timeout="0" aborted="0" inconclusive="0" passedButRunAborted="0" notRunnable="0" notExecuted="0" disconnected="0" warning="0" completed="0" inProgress="0" pending="0" />
    <Output>
      <StdOut>[xUnit.net 00:00:00.00] xUnit.net VSTest Adapter v3.1.4+50e68bbb8b (64-bit .NET 9.0.10)&#xD;
[xUnit.net 00:00:00.16]   Discovering: BdoGrindTracker.Core.Tests&#xD;
[xUnit.net 00:00:00.27]   Discovered:  BdoGrindTracker.Core.Tests&#xD;
[xUnit.net 00:00:00.31]   Starting:    BdoGrindTracker.Core.Tests&#xD;
[xUnit.net 00:00:00.42]   Finished:    BdoGrindTracker.Core.Tests&#xD;
</StdOut>
    </Output>
  </ResultSummary>
</TestRun>